[2024-08-31T18:47:43.137+0000] {local_task_job_runner.py:123} INFO - ::group::Pre task execution logs
[2024-08-31T18:47:43.152+0000] {taskinstance.py:2603} INFO - Dependencies all met for dep_context=non-requeueable deps ti=<TaskInstance: nyc_airbnb_etl.transform_data manual__2024-08-31T18:47:26+00:00 [queued]>
[2024-08-31T18:47:43.159+0000] {taskinstance.py:2603} INFO - Dependencies all met for dep_context=requeueable deps ti=<TaskInstance: nyc_airbnb_etl.transform_data manual__2024-08-31T18:47:26+00:00 [queued]>
[2024-08-31T18:47:43.160+0000] {taskinstance.py:2856} INFO - Starting attempt 1 of 1
[2024-08-31T18:47:43.173+0000] {taskinstance.py:2879} INFO - Executing <Task(PythonOperator): transform_data> on 2024-08-31 18:47:26+00:00
[2024-08-31T18:47:43.181+0000] {warnings.py:112} WARNING - /home/***/.local/lib/python3.12/site-packages/***/task/task_runner/standard_task_runner.py:70: DeprecationWarning: This process (pid=96) is multi-threaded, use of fork() may lead to deadlocks in the child.
  pid = os.fork()

[2024-08-31T18:47:43.183+0000] {standard_task_runner.py:72} INFO - Started process 98 to run task
[2024-08-31T18:47:43.183+0000] {standard_task_runner.py:104} INFO - Running: ['***', 'tasks', 'run', 'nyc_airbnb_etl', 'transform_data', 'manual__2024-08-31T18:47:26+00:00', '--job-id', '106', '--raw', '--subdir', 'DAGS_FOLDER/nyc_airbnb_etl.py', '--cfg-path', '/tmp/tmpwm77gokq']
[2024-08-31T18:47:43.184+0000] {standard_task_runner.py:105} INFO - Job 106: Subtask transform_data
[2024-08-31T18:47:43.232+0000] {task_command.py:467} INFO - Running <TaskInstance: nyc_airbnb_etl.transform_data manual__2024-08-31T18:47:26+00:00 [running]> on host 9a3c7deb0512
[2024-08-31T18:47:43.337+0000] {taskinstance.py:3122} INFO - Exporting env vars: AIRFLOW_CTX_DAG_OWNER='***' AIRFLOW_CTX_DAG_ID='nyc_airbnb_etl' AIRFLOW_CTX_TASK_ID='transform_data' AIRFLOW_CTX_EXECUTION_DATE='2024-08-31T18:47:26+00:00' AIRFLOW_CTX_TRY_NUMBER='1' AIRFLOW_CTX_DAG_RUN_ID='manual__2024-08-31T18:47:26+00:00'
[2024-08-31T18:47:43.340+0000] {logging_mixin.py:190} INFO - Task instance is in running state
[2024-08-31T18:47:43.341+0000] {logging_mixin.py:190} INFO -  Previous state of the Task instance: queued
[2024-08-31T18:47:43.341+0000] {logging_mixin.py:190} INFO - Current task name:transform_data state:running start_date:2024-08-31 18:47:43.153175+00:00
[2024-08-31T18:47:43.342+0000] {logging_mixin.py:190} INFO - Dag name:nyc_airbnb_etl and current dag run status:running
[2024-08-31T18:47:43.343+0000] {taskinstance.py:731} INFO - ::endgroup::
[2024-08-31T18:47:46.786+0000] {python.py:240} INFO - Done. Returned value was: None
[2024-08-31T18:47:46.804+0000] {taskinstance.py:340} INFO - ::group::Post task execution logs
[2024-08-31T18:47:46.805+0000] {taskinstance.py:352} INFO - Marking task as SUCCESS. dag_id=nyc_airbnb_etl, task_id=transform_data, run_id=manual__2024-08-31T18:47:26+00:00, execution_date=20240831T184726, start_date=20240831T184743, end_date=20240831T184746
[2024-08-31T18:47:46.823+0000] {logging_mixin.py:190} INFO - Task instance in success state
[2024-08-31T18:47:46.824+0000] {logging_mixin.py:190} INFO -  Previous state of the Task instance: running
[2024-08-31T18:47:46.825+0000] {logging_mixin.py:190} INFO - Dag name:nyc_airbnb_etl queued_at:2024-08-31 18:47:29.556443+00:00
[2024-08-31T18:47:46.825+0000] {logging_mixin.py:190} INFO - Task hostname:9a3c7deb0512 operator:PythonOperator
[2024-08-31T18:47:46.857+0000] {local_task_job_runner.py:261} INFO - Task exited with return code 0
[2024-08-31T18:47:46.875+0000] {warnings.py:112} WARNING - /home/***/.local/lib/python3.12/site-packages/***/models/baseoperator.py:1378: AirflowProviderDeprecationWarning: Call to deprecated class PostgresOperator. (Please use `***.providers.common.sql.operators.sql.SQLExecuteQueryOperator`.Also, you can provide `hook_params={'schema': <database>}`.)
  result = cls.__new__(cls)

[2024-08-31T18:47:46.899+0000] {taskinstance.py:3891} INFO - 1 downstream tasks scheduled from follow-on schedule check
[2024-08-31T18:47:46.902+0000] {local_task_job_runner.py:240} INFO - ::endgroup::
