[2024-09-01T16:02:16.953+0000] {local_task_job_runner.py:123} INFO - ::group::Pre task execution logs
[2024-09-01T16:02:16.973+0000] {taskinstance.py:2603} INFO - Dependencies all met for dep_context=non-requeueable deps ti=<TaskInstance: nyc_airbnb_etl.transform_data manual__2024-09-01T16:02:09+00:00 [queued]>
[2024-09-01T16:02:16.981+0000] {taskinstance.py:2603} INFO - Dependencies all met for dep_context=requeueable deps ti=<TaskInstance: nyc_airbnb_etl.transform_data manual__2024-09-01T16:02:09+00:00 [queued]>
[2024-09-01T16:02:16.982+0000] {taskinstance.py:2856} INFO - Starting attempt 1 of 1
[2024-09-01T16:02:16.998+0000] {taskinstance.py:2879} INFO - Executing <Task(PythonOperator): transform_data> on 2024-09-01 16:02:09+00:00
[2024-09-01T16:02:17.006+0000] {warnings.py:112} WARNING - /home/***/.local/lib/python3.12/site-packages/***/task/task_runner/standard_task_runner.py:70: DeprecationWarning: This process (pid=791) is multi-threaded, use of fork() may lead to deadlocks in the child.
  pid = os.fork()

[2024-09-01T16:02:17.008+0000] {standard_task_runner.py:72} INFO - Started process 793 to run task
[2024-09-01T16:02:17.009+0000] {standard_task_runner.py:104} INFO - Running: ['***', 'tasks', 'run', 'nyc_airbnb_etl', 'transform_data', 'manual__2024-09-01T16:02:09+00:00', '--job-id', '238', '--raw', '--subdir', 'DAGS_FOLDER/nyc_airbnb_etl.py', '--cfg-path', '/tmp/tmpyr3krqwk']
[2024-09-01T16:02:17.010+0000] {standard_task_runner.py:105} INFO - Job 238: Subtask transform_data
[2024-09-01T16:02:17.059+0000] {task_command.py:467} INFO - Running <TaskInstance: nyc_airbnb_etl.transform_data manual__2024-09-01T16:02:09+00:00 [running]> on host b74353bc56c3
[2024-09-01T16:02:17.153+0000] {taskinstance.py:3122} INFO - Exporting env vars: AIRFLOW_CTX_DAG_OWNER='***' AIRFLOW_CTX_DAG_ID='nyc_airbnb_etl' AIRFLOW_CTX_TASK_ID='transform_data' AIRFLOW_CTX_EXECUTION_DATE='2024-09-01T16:02:09+00:00' AIRFLOW_CTX_TRY_NUMBER='1' AIRFLOW_CTX_DAG_RUN_ID='manual__2024-09-01T16:02:09+00:00'
[2024-09-01T16:02:17.155+0000] {logging_mixin.py:190} INFO - Task instance is in running state
[2024-09-01T16:02:17.155+0000] {logging_mixin.py:190} INFO -  Previous state of the Task instance: queued
[2024-09-01T16:02:17.156+0000] {logging_mixin.py:190} INFO - Current task name:transform_data state:running start_date:2024-09-01 16:02:16.973803+00:00
[2024-09-01T16:02:17.156+0000] {logging_mixin.py:190} INFO - Dag name:nyc_airbnb_etl and current dag run status:running
[2024-09-01T16:02:17.157+0000] {taskinstance.py:731} INFO - ::endgroup::
[2024-09-01T16:02:19.955+0000] {python.py:240} INFO - Done. Returned value was: None
[2024-09-01T16:02:19.967+0000] {taskinstance.py:340} INFO - ::group::Post task execution logs
[2024-09-01T16:02:19.968+0000] {taskinstance.py:352} INFO - Marking task as SUCCESS. dag_id=nyc_airbnb_etl, task_id=transform_data, run_id=manual__2024-09-01T16:02:09+00:00, execution_date=20240901T160209, start_date=20240901T160216, end_date=20240901T160219
[2024-09-01T16:02:19.979+0000] {logging_mixin.py:190} INFO - Task instance in success state
[2024-09-01T16:02:19.979+0000] {logging_mixin.py:190} INFO -  Previous state of the Task instance: running
[2024-09-01T16:02:19.980+0000] {logging_mixin.py:190} INFO - Dag name:nyc_airbnb_etl queued_at:2024-09-01 16:02:11.249386+00:00
[2024-09-01T16:02:19.980+0000] {logging_mixin.py:190} INFO - Task hostname:b74353bc56c3 operator:PythonOperator
[2024-09-01T16:02:19.998+0000] {local_task_job_runner.py:261} INFO - Task exited with return code 0
[2024-09-01T16:02:20.010+0000] {warnings.py:112} WARNING - /home/***/.local/lib/python3.12/site-packages/***/models/baseoperator.py:1378: AirflowProviderDeprecationWarning: Call to deprecated class PostgresOperator. (Please use `***.providers.common.sql.operators.sql.SQLExecuteQueryOperator`.Also, you can provide `hook_params={'schema': <database>}`.)
  result = cls.__new__(cls)

[2024-09-01T16:02:20.029+0000] {taskinstance.py:3891} INFO - 1 downstream tasks scheduled from follow-on schedule check
[2024-09-01T16:02:20.031+0000] {local_task_job_runner.py:240} INFO - ::endgroup::
