[2024-09-01T08:21:06.801+0000] {local_task_job_runner.py:123} INFO - ::group::Pre task execution logs
[2024-09-01T08:21:06.819+0000] {taskinstance.py:2603} INFO - Dependencies all met for dep_context=non-requeueable deps ti=<TaskInstance: nyc_airbnb_etl.transform_data manual__2024-09-01T08:20:52+00:00 [queued]>
[2024-09-01T08:21:06.827+0000] {taskinstance.py:2603} INFO - Dependencies all met for dep_context=requeueable deps ti=<TaskInstance: nyc_airbnb_etl.transform_data manual__2024-09-01T08:20:52+00:00 [queued]>
[2024-09-01T08:21:06.827+0000] {taskinstance.py:2856} INFO - Starting attempt 1 of 1
[2024-09-01T08:21:06.840+0000] {taskinstance.py:2879} INFO - Executing <Task(PythonOperator): transform_data> on 2024-09-01 08:20:52+00:00
[2024-09-01T08:21:06.851+0000] {warnings.py:112} WARNING - /home/***/.local/lib/python3.12/site-packages/***/task/task_runner/standard_task_runner.py:70: DeprecationWarning: This process (pid=145) is multi-threaded, use of fork() may lead to deadlocks in the child.
  pid = os.fork()

[2024-09-01T08:21:06.852+0000] {standard_task_runner.py:72} INFO - Started process 147 to run task
[2024-09-01T08:21:06.852+0000] {standard_task_runner.py:104} INFO - Running: ['***', 'tasks', 'run', 'nyc_airbnb_etl', 'transform_data', 'manual__2024-09-01T08:20:52+00:00', '--job-id', '187', '--raw', '--subdir', 'DAGS_FOLDER/nyc_airbnb_etl.py', '--cfg-path', '/tmp/tmpns9815ia']
[2024-09-01T08:21:06.853+0000] {standard_task_runner.py:105} INFO - Job 187: Subtask transform_data
[2024-09-01T08:21:06.904+0000] {task_command.py:467} INFO - Running <TaskInstance: nyc_airbnb_etl.transform_data manual__2024-09-01T08:20:52+00:00 [running]> on host 74484b69fff1
[2024-09-01T08:21:06.998+0000] {taskinstance.py:3122} INFO - Exporting env vars: AIRFLOW_CTX_DAG_OWNER='***' AIRFLOW_CTX_DAG_ID='nyc_airbnb_etl' AIRFLOW_CTX_TASK_ID='transform_data' AIRFLOW_CTX_EXECUTION_DATE='2024-09-01T08:20:52+00:00' AIRFLOW_CTX_TRY_NUMBER='1' AIRFLOW_CTX_DAG_RUN_ID='manual__2024-09-01T08:20:52+00:00'
[2024-09-01T08:21:07.001+0000] {logging_mixin.py:190} INFO - Task instance is in running state
[2024-09-01T08:21:07.001+0000] {logging_mixin.py:190} INFO -  Previous state of the Task instance: queued
[2024-09-01T08:21:07.002+0000] {logging_mixin.py:190} INFO - Current task name:transform_data state:running start_date:2024-09-01 08:21:06.820176+00:00
[2024-09-01T08:21:07.003+0000] {logging_mixin.py:190} INFO - Dag name:nyc_airbnb_etl and current dag run status:running
[2024-09-01T08:21:07.003+0000] {taskinstance.py:731} INFO - ::endgroup::
[2024-09-01T08:21:09.930+0000] {python.py:240} INFO - Done. Returned value was: None
[2024-09-01T08:21:09.941+0000] {taskinstance.py:340} INFO - ::group::Post task execution logs
[2024-09-01T08:21:09.941+0000] {taskinstance.py:352} INFO - Marking task as SUCCESS. dag_id=nyc_airbnb_etl, task_id=transform_data, run_id=manual__2024-09-01T08:20:52+00:00, execution_date=20240901T082052, start_date=20240901T082106, end_date=20240901T082109
[2024-09-01T08:21:09.952+0000] {logging_mixin.py:190} INFO - Task instance in success state
[2024-09-01T08:21:09.952+0000] {logging_mixin.py:190} INFO -  Previous state of the Task instance: running
[2024-09-01T08:21:09.953+0000] {logging_mixin.py:190} INFO - Dag name:nyc_airbnb_etl queued_at:2024-09-01 08:20:54.799300+00:00
[2024-09-01T08:21:09.953+0000] {logging_mixin.py:190} INFO - Task hostname:74484b69fff1 operator:PythonOperator
[2024-09-01T08:21:10.002+0000] {local_task_job_runner.py:261} INFO - Task exited with return code 0
[2024-09-01T08:21:10.014+0000] {warnings.py:112} WARNING - /home/***/.local/lib/python3.12/site-packages/***/models/baseoperator.py:1378: AirflowProviderDeprecationWarning: Call to deprecated class PostgresOperator. (Please use `***.providers.common.sql.operators.sql.SQLExecuteQueryOperator`.Also, you can provide `hook_params={'schema': <database>}`.)
  result = cls.__new__(cls)

[2024-09-01T08:21:10.039+0000] {taskinstance.py:3891} INFO - 1 downstream tasks scheduled from follow-on schedule check
[2024-09-01T08:21:10.041+0000] {local_task_job_runner.py:240} INFO - ::endgroup::
