[2024-08-31T15:17:40.327+0000] {local_task_job_runner.py:123} INFO - ::group::Pre task execution logs
[2024-08-31T15:17:40.357+0000] {taskinstance.py:2603} INFO - Dependencies all met for dep_context=non-requeueable deps ti=<TaskInstance: nyc_airbnb_etl.transform_data manual__2024-08-31T15:17:26+00:00 [queued]>
[2024-08-31T15:17:40.372+0000] {taskinstance.py:2603} INFO - Dependencies all met for dep_context=requeueable deps ti=<TaskInstance: nyc_airbnb_etl.transform_data manual__2024-08-31T15:17:26+00:00 [queued]>
[2024-08-31T15:17:40.374+0000] {taskinstance.py:2856} INFO - Starting attempt 1 of 1
[2024-08-31T15:17:40.400+0000] {taskinstance.py:2879} INFO - Executing <Task(PythonOperator): transform_data> on 2024-08-31 15:17:26+00:00
[2024-08-31T15:17:40.415+0000] {warnings.py:112} WARNING - /home/***/.local/lib/python3.12/site-packages/***/task/task_runner/standard_task_runner.py:70: DeprecationWarning: This process (pid=547) is multi-threaded, use of fork() may lead to deadlocks in the child.
  pid = os.fork()

[2024-08-31T15:17:40.418+0000] {standard_task_runner.py:72} INFO - Started process 549 to run task
[2024-08-31T15:17:40.418+0000] {standard_task_runner.py:104} INFO - Running: ['***', 'tasks', 'run', 'nyc_airbnb_etl', 'transform_data', 'manual__2024-08-31T15:17:26+00:00', '--job-id', '72', '--raw', '--subdir', 'DAGS_FOLDER/nyc_airbnb_etl.py', '--cfg-path', '/tmp/tmp7nd23xir']
[2024-08-31T15:17:40.420+0000] {standard_task_runner.py:105} INFO - Job 72: Subtask transform_data
[2024-08-31T15:17:40.504+0000] {task_command.py:467} INFO - Running <TaskInstance: nyc_airbnb_etl.transform_data manual__2024-08-31T15:17:26+00:00 [running]> on host 7177bd28bca8
[2024-08-31T15:17:40.666+0000] {taskinstance.py:3122} INFO - Exporting env vars: AIRFLOW_CTX_DAG_OWNER='***' AIRFLOW_CTX_DAG_ID='nyc_airbnb_etl' AIRFLOW_CTX_TASK_ID='transform_data' AIRFLOW_CTX_EXECUTION_DATE='2024-08-31T15:17:26+00:00' AIRFLOW_CTX_TRY_NUMBER='1' AIRFLOW_CTX_DAG_RUN_ID='manual__2024-08-31T15:17:26+00:00'
[2024-08-31T15:17:40.669+0000] {logging_mixin.py:190} INFO - Task instance is in running state
[2024-08-31T15:17:40.670+0000] {logging_mixin.py:190} INFO -  Previous state of the Task instance: queued
[2024-08-31T15:17:40.671+0000] {logging_mixin.py:190} INFO - Current task name:transform_data state:running start_date:2024-08-31 15:17:40.358946+00:00
[2024-08-31T15:17:40.672+0000] {logging_mixin.py:190} INFO - Dag name:nyc_airbnb_etl and current dag run status:running
[2024-08-31T15:17:40.673+0000] {taskinstance.py:731} INFO - ::endgroup::
[2024-08-31T15:17:42.922+0000] {logging_mixin.py:190} INFO - shape before (48895, 16)
[2024-08-31T15:17:43.046+0000] {logging_mixin.py:190} INFO -      id  ... last_review_date
0  2539  ...       2018-10-19
1  2595  ...       2019-05-21
2  3647  ...       2015-08-31
3  3831  ...       2019-07-05
4  5022  ...       2018-11-19

[5 rows x 17 columns]
[2024-08-31T15:17:43.048+0000] {logging_mixin.py:190} INFO - shape after (48884, 17)
[2024-08-31T15:17:43.079+0000] {python.py:240} INFO - Done. Returned value was: None
[2024-08-31T15:17:43.097+0000] {taskinstance.py:340} INFO - ::group::Post task execution logs
[2024-08-31T15:17:43.099+0000] {taskinstance.py:352} INFO - Marking task as SUCCESS. dag_id=nyc_airbnb_etl, task_id=transform_data, run_id=manual__2024-08-31T15:17:26+00:00, execution_date=20240831T151726, start_date=20240831T151740, end_date=20240831T151743
[2024-08-31T15:17:43.117+0000] {logging_mixin.py:190} INFO - Task instance in success state
[2024-08-31T15:17:43.118+0000] {logging_mixin.py:190} INFO -  Previous state of the Task instance: running
[2024-08-31T15:17:43.119+0000] {logging_mixin.py:190} INFO - Dag name:nyc_airbnb_etl queued_at:2024-08-31 15:17:28.470027+00:00
[2024-08-31T15:17:43.120+0000] {logging_mixin.py:190} INFO - Task hostname:7177bd28bca8 operator:PythonOperator
[2024-08-31T15:17:43.171+0000] {local_task_job_runner.py:261} INFO - Task exited with return code 0
[2024-08-31T15:17:43.201+0000] {taskinstance.py:3891} INFO - 0 downstream tasks scheduled from follow-on schedule check
[2024-08-31T15:17:43.205+0000] {local_task_job_runner.py:240} INFO - ::endgroup::
