[2024-09-01T08:34:00.866+0000] {local_task_job_runner.py:123} INFO - ::group::Pre task execution logs
[2024-09-01T08:34:00.904+0000] {taskinstance.py:2603} INFO - Dependencies all met for dep_context=non-requeueable deps ti=<TaskInstance: nyc_airbnb_etl.transform_data manual__2024-09-01T08:33:50+00:00 [queued]>
[2024-09-01T08:34:00.923+0000] {taskinstance.py:2603} INFO - Dependencies all met for dep_context=requeueable deps ti=<TaskInstance: nyc_airbnb_etl.transform_data manual__2024-09-01T08:33:50+00:00 [queued]>
[2024-09-01T08:34:00.925+0000] {taskinstance.py:2856} INFO - Starting attempt 1 of 1
[2024-09-01T08:34:00.958+0000] {taskinstance.py:2879} INFO - Executing <Task(PythonOperator): transform_data> on 2024-09-01 08:33:50+00:00
[2024-09-01T08:34:00.981+0000] {warnings.py:112} WARNING - /home/***/.local/lib/python3.12/site-packages/***/task/task_runner/standard_task_runner.py:70: DeprecationWarning: This process (pid=166) is multi-threaded, use of fork() may lead to deadlocks in the child.
  pid = os.fork()

[2024-09-01T08:34:00.984+0000] {standard_task_runner.py:72} INFO - Started process 168 to run task
[2024-09-01T08:34:00.987+0000] {standard_task_runner.py:104} INFO - Running: ['***', 'tasks', 'run', 'nyc_airbnb_etl', 'transform_data', 'manual__2024-09-01T08:33:50+00:00', '--job-id', '204', '--raw', '--subdir', 'DAGS_FOLDER/nyc_airbnb_etl.py', '--cfg-path', '/tmp/tmpf6njjwcu']
[2024-09-01T08:34:00.991+0000] {standard_task_runner.py:105} INFO - Job 204: Subtask transform_data
[2024-09-01T08:34:01.105+0000] {task_command.py:467} INFO - Running <TaskInstance: nyc_airbnb_etl.transform_data manual__2024-09-01T08:33:50+00:00 [running]> on host b74353bc56c3
[2024-09-01T08:34:01.348+0000] {taskinstance.py:3122} INFO - Exporting env vars: AIRFLOW_CTX_DAG_OWNER='***' AIRFLOW_CTX_DAG_ID='nyc_airbnb_etl' AIRFLOW_CTX_TASK_ID='transform_data' AIRFLOW_CTX_EXECUTION_DATE='2024-09-01T08:33:50+00:00' AIRFLOW_CTX_TRY_NUMBER='1' AIRFLOW_CTX_DAG_RUN_ID='manual__2024-09-01T08:33:50+00:00'
[2024-09-01T08:34:01.352+0000] {logging_mixin.py:190} INFO - Task instance is in running state
[2024-09-01T08:34:01.353+0000] {logging_mixin.py:190} INFO -  Previous state of the Task instance: queued
[2024-09-01T08:34:01.354+0000] {logging_mixin.py:190} INFO - Current task name:transform_data state:running start_date:2024-09-01 08:34:00.905620+00:00
[2024-09-01T08:34:01.355+0000] {logging_mixin.py:190} INFO - Dag name:nyc_airbnb_etl and current dag run status:running
[2024-09-01T08:34:01.356+0000] {taskinstance.py:731} INFO - ::endgroup::
[2024-09-01T08:34:04.816+0000] {python.py:240} INFO - Done. Returned value was: None
[2024-09-01T08:34:04.850+0000] {taskinstance.py:340} INFO - ::group::Post task execution logs
[2024-09-01T08:34:04.851+0000] {taskinstance.py:352} INFO - Marking task as SUCCESS. dag_id=nyc_airbnb_etl, task_id=transform_data, run_id=manual__2024-09-01T08:33:50+00:00, execution_date=20240901T083350, start_date=20240901T083400, end_date=20240901T083404
[2024-09-01T08:34:04.879+0000] {logging_mixin.py:190} INFO - Task instance in success state
[2024-09-01T08:34:04.881+0000] {logging_mixin.py:190} INFO -  Previous state of the Task instance: running
[2024-09-01T08:34:04.882+0000] {logging_mixin.py:190} INFO - Dag name:nyc_airbnb_etl queued_at:2024-09-01 08:33:51.629514+00:00
[2024-09-01T08:34:04.883+0000] {logging_mixin.py:190} INFO - Task hostname:b74353bc56c3 operator:PythonOperator
[2024-09-01T08:34:04.943+0000] {local_task_job_runner.py:261} INFO - Task exited with return code 0
[2024-09-01T08:34:04.956+0000] {warnings.py:112} WARNING - /home/***/.local/lib/python3.12/site-packages/***/models/baseoperator.py:1378: AirflowProviderDeprecationWarning: Call to deprecated class PostgresOperator. (Please use `***.providers.common.sql.operators.sql.SQLExecuteQueryOperator`.Also, you can provide `hook_params={'schema': <database>}`.)
  result = cls.__new__(cls)

[2024-09-01T08:34:04.978+0000] {taskinstance.py:3891} INFO - 1 downstream tasks scheduled from follow-on schedule check
[2024-09-01T08:34:04.981+0000] {local_task_job_runner.py:240} INFO - ::endgroup::
