[2024-09-01T15:21:19.090+0000] {local_task_job_runner.py:123} INFO - ::group::Pre task execution logs
[2024-09-01T15:21:19.108+0000] {taskinstance.py:2603} INFO - Dependencies all met for dep_context=non-requeueable deps ti=<TaskInstance: nyc_airbnb_etl.log_results manual__2024-09-01T15:20:23+00:00 [queued]>
[2024-09-01T15:21:19.121+0000] {taskinstance.py:2603} INFO - Dependencies all met for dep_context=requeueable deps ti=<TaskInstance: nyc_airbnb_etl.log_results manual__2024-09-01T15:20:23+00:00 [queued]>
[2024-09-01T15:21:19.122+0000] {taskinstance.py:2856} INFO - Starting attempt 1 of 1
[2024-09-01T15:21:19.138+0000] {taskinstance.py:2879} INFO - Executing <Task(PythonOperator): log_results> on 2024-09-01 15:20:23+00:00
[2024-09-01T15:21:19.147+0000] {warnings.py:112} WARNING - /home/***/.local/lib/python3.12/site-packages/***/task/task_runner/standard_task_runner.py:70: DeprecationWarning: This process (pid=207) is multi-threaded, use of fork() may lead to deadlocks in the child.
  pid = os.fork()

[2024-09-01T15:21:19.149+0000] {standard_task_runner.py:72} INFO - Started process 209 to run task
[2024-09-01T15:21:19.149+0000] {standard_task_runner.py:104} INFO - Running: ['***', 'tasks', 'run', 'nyc_airbnb_etl', 'log_results', 'manual__2024-09-01T15:20:23+00:00', '--job-id', '222', '--raw', '--subdir', 'DAGS_FOLDER/nyc_airbnb_etl.py', '--cfg-path', '/tmp/tmptz3w1qbp']
[2024-09-01T15:21:19.150+0000] {standard_task_runner.py:105} INFO - Job 222: Subtask log_results
[2024-09-01T15:21:19.195+0000] {task_command.py:467} INFO - Running <TaskInstance: nyc_airbnb_etl.log_results manual__2024-09-01T15:20:23+00:00 [running]> on host b74353bc56c3
[2024-09-01T15:21:19.274+0000] {taskinstance.py:3122} INFO - Exporting env vars: AIRFLOW_CTX_DAG_OWNER='***' AIRFLOW_CTX_DAG_ID='nyc_airbnb_etl' AIRFLOW_CTX_TASK_ID='log_results' AIRFLOW_CTX_EXECUTION_DATE='2024-09-01T15:20:23+00:00' AIRFLOW_CTX_TRY_NUMBER='1' AIRFLOW_CTX_DAG_RUN_ID='manual__2024-09-01T15:20:23+00:00'
[2024-09-01T15:21:19.275+0000] {logging_mixin.py:190} INFO - Task instance is in running state
[2024-09-01T15:21:19.276+0000] {logging_mixin.py:190} INFO -  Previous state of the Task instance: queued
[2024-09-01T15:21:19.276+0000] {logging_mixin.py:190} INFO - Current task name:log_results state:running start_date:2024-09-01 15:21:19.109441+00:00
[2024-09-01T15:21:19.277+0000] {logging_mixin.py:190} INFO - Dag name:nyc_airbnb_etl and current dag run status:running
[2024-09-01T15:21:19.277+0000] {taskinstance.py:731} INFO - ::endgroup::
[2024-09-01T15:21:19.289+0000] {base.py:84} INFO - Retrieving connection 'test-connection'
[2024-09-01T15:21:19.294+0000] {sql.py:509} INFO - Running statement: SELECT count(*) FROM airbnb_listings, parameters: None
[2024-09-01T15:21:19.306+0000] {sql.py:518} INFO - Rows affected: 1
[2024-09-01T15:21:19.307+0000] {logging_mixin.py:190} INFO - [(48884,)]
[2024-09-01T15:21:19.308+0000] {python.py:240} INFO - Done. Returned value was: None
[2024-09-01T15:21:19.318+0000] {taskinstance.py:340} INFO - ::group::Post task execution logs
[2024-09-01T15:21:19.318+0000] {taskinstance.py:352} INFO - Marking task as SUCCESS. dag_id=nyc_airbnb_etl, task_id=log_results, run_id=manual__2024-09-01T15:20:23+00:00, execution_date=20240901T152023, start_date=20240901T152119, end_date=20240901T152119
[2024-09-01T15:21:19.329+0000] {logging_mixin.py:190} INFO - Task instance in success state
[2024-09-01T15:21:19.329+0000] {logging_mixin.py:190} INFO -  Previous state of the Task instance: running
[2024-09-01T15:21:19.330+0000] {logging_mixin.py:190} INFO - Dag name:nyc_airbnb_etl queued_at:2024-09-01 15:21:04.781695+00:00
[2024-09-01T15:21:19.330+0000] {logging_mixin.py:190} INFO - Task hostname:b74353bc56c3 operator:PythonOperator
[2024-09-01T15:21:19.364+0000] {local_task_job_runner.py:261} INFO - Task exited with return code 0
[2024-09-01T15:21:19.383+0000] {taskinstance.py:3891} INFO - 0 downstream tasks scheduled from follow-on schedule check
[2024-09-01T15:21:19.385+0000] {local_task_job_runner.py:240} INFO - ::endgroup::
