[2024-08-31T15:16:03.802+0000] {local_task_job_runner.py:123} INFO - ::group::Pre task execution logs
[2024-08-31T15:16:03.833+0000] {taskinstance.py:2603} INFO - Dependencies all met for dep_context=non-requeueable deps ti=<TaskInstance: nyc_airbnb_etl.read_raw_data manual__2024-08-31T15:15:58+00:00 [queued]>
[2024-08-31T15:16:03.848+0000] {taskinstance.py:2603} INFO - Dependencies all met for dep_context=requeueable deps ti=<TaskInstance: nyc_airbnb_etl.read_raw_data manual__2024-08-31T15:15:58+00:00 [queued]>
[2024-08-31T15:16:03.849+0000] {taskinstance.py:2856} INFO - Starting attempt 1 of 1
[2024-08-31T15:16:03.873+0000] {taskinstance.py:2879} INFO - Executing <Task(PythonOperator): read_raw_data> on 2024-08-31 15:15:58+00:00
[2024-08-31T15:16:03.888+0000] {warnings.py:112} WARNING - /home/***/.local/lib/python3.12/site-packages/***/task/task_runner/standard_task_runner.py:70: DeprecationWarning: This process (pid=514) is multi-threaded, use of fork() may lead to deadlocks in the child.
  pid = os.fork()

[2024-08-31T15:16:03.890+0000] {standard_task_runner.py:104} INFO - Running: ['***', 'tasks', 'run', 'nyc_airbnb_etl', 'read_raw_data', 'manual__2024-08-31T15:15:58+00:00', '--job-id', '69', '--raw', '--subdir', 'DAGS_FOLDER/nyc_airbnb_etl.py', '--cfg-path', '/tmp/tmpbnkmgt43']
[2024-08-31T15:16:03.891+0000] {standard_task_runner.py:72} INFO - Started process 516 to run task
[2024-08-31T15:16:03.892+0000] {standard_task_runner.py:105} INFO - Job 69: Subtask read_raw_data
[2024-08-31T15:16:03.994+0000] {task_command.py:467} INFO - Running <TaskInstance: nyc_airbnb_etl.read_raw_data manual__2024-08-31T15:15:58+00:00 [running]> on host 7177bd28bca8
[2024-08-31T15:16:04.178+0000] {taskinstance.py:3122} INFO - Exporting env vars: AIRFLOW_CTX_DAG_OWNER='***' AIRFLOW_CTX_DAG_ID='nyc_airbnb_etl' AIRFLOW_CTX_TASK_ID='read_raw_data' AIRFLOW_CTX_EXECUTION_DATE='2024-08-31T15:15:58+00:00' AIRFLOW_CTX_TRY_NUMBER='1' AIRFLOW_CTX_DAG_RUN_ID='manual__2024-08-31T15:15:58+00:00'
[2024-08-31T15:16:04.181+0000] {logging_mixin.py:190} INFO - Task instance is in running state
[2024-08-31T15:16:04.182+0000] {logging_mixin.py:190} INFO -  Previous state of the Task instance: queued
[2024-08-31T15:16:04.183+0000] {logging_mixin.py:190} INFO - Current task name:read_raw_data state:running start_date:2024-08-31 15:16:03.834083+00:00
[2024-08-31T15:16:04.184+0000] {logging_mixin.py:190} INFO - Dag name:nyc_airbnb_etl and current dag run status:running
[2024-08-31T15:16:04.185+0000] {taskinstance.py:731} INFO - ::endgroup::
[2024-08-31T15:16:07.759+0000] {python.py:240} INFO - Done. Returned value was: None
[2024-08-31T15:16:07.778+0000] {taskinstance.py:340} INFO - ::group::Post task execution logs
[2024-08-31T15:16:07.779+0000] {taskinstance.py:352} INFO - Marking task as SUCCESS. dag_id=nyc_airbnb_etl, task_id=read_raw_data, run_id=manual__2024-08-31T15:15:58+00:00, execution_date=20240831T151558, start_date=20240831T151603, end_date=20240831T151607
[2024-08-31T15:16:07.800+0000] {logging_mixin.py:190} INFO - Task instance in success state
[2024-08-31T15:16:07.801+0000] {logging_mixin.py:190} INFO -  Previous state of the Task instance: running
[2024-08-31T15:16:07.802+0000] {logging_mixin.py:190} INFO - Dag name:nyc_airbnb_etl queued_at:2024-08-31 15:16:00.405779+00:00
[2024-08-31T15:16:07.803+0000] {logging_mixin.py:190} INFO - Task hostname:7177bd28bca8 operator:PythonOperator
[2024-08-31T15:16:07.850+0000] {local_task_job_runner.py:261} INFO - Task exited with return code 0
[2024-08-31T15:16:07.890+0000] {taskinstance.py:3891} INFO - 1 downstream tasks scheduled from follow-on schedule check
[2024-08-31T15:16:07.894+0000] {local_task_job_runner.py:240} INFO - ::endgroup::
