[2024-09-02T05:59:33.124+0000] {processor.py:186} INFO - Started process (PID=56) to work on /opt/airflow/dags/nyc_airbnb_etl.py
[2024-09-02T05:59:33.129+0000] {processor.py:914} INFO - Processing file /opt/airflow/dags/nyc_airbnb_etl.py for tasks to queue
[2024-09-02T05:59:33.137+0000] {logging_mixin.py:190} INFO - [2024-09-02T05:59:33.136+0000] {dagbag.py:587} INFO - Filling up the DagBag from /opt/airflow/dags/nyc_airbnb_etl.py
[2024-09-02T05:59:33.235+0000] {processor.py:925} INFO - DAG(s) 'nyc_airbnb_etl' retrieved from /opt/airflow/dags/nyc_airbnb_etl.py
[2024-09-02T05:59:33.627+0000] {logging_mixin.py:190} INFO - [2024-09-02T05:59:33.626+0000] {dag.py:3211} INFO - Sync 1 DAGs
[2024-09-02T05:59:33.721+0000] {logging_mixin.py:190} INFO - [2024-09-02T05:59:33.720+0000] {dag.py:4138} INFO - Setting next_dagrun for nyc_airbnb_etl to 2024-09-01 06:30:00+00:00, run_after=2024-09-02 06:30:00+00:00
[2024-09-02T05:59:33.809+0000] {processor.py:208} INFO - Processing /opt/airflow/dags/nyc_airbnb_etl.py took 0.703 seconds
[2024-09-02T06:00:04.692+0000] {processor.py:186} INFO - Started process (PID=123) to work on /opt/airflow/dags/nyc_airbnb_etl.py
[2024-09-02T06:00:04.695+0000] {processor.py:914} INFO - Processing file /opt/airflow/dags/nyc_airbnb_etl.py for tasks to queue
[2024-09-02T06:00:04.700+0000] {logging_mixin.py:190} INFO - [2024-09-02T06:00:04.699+0000] {dagbag.py:587} INFO - Filling up the DagBag from /opt/airflow/dags/nyc_airbnb_etl.py
[2024-09-02T06:00:04.770+0000] {processor.py:925} INFO - DAG(s) 'nyc_airbnb_etl' retrieved from /opt/airflow/dags/nyc_airbnb_etl.py
[2024-09-02T06:00:04.832+0000] {logging_mixin.py:190} INFO - [2024-09-02T06:00:04.831+0000] {dag.py:3211} INFO - Sync 1 DAGs
[2024-09-02T06:00:04.878+0000] {logging_mixin.py:190} INFO - [2024-09-02T06:00:04.878+0000] {dag.py:4138} INFO - Setting next_dagrun for nyc_airbnb_etl to 2024-09-01 06:30:00+00:00, run_after=2024-09-02 06:30:00+00:00
[2024-09-02T06:00:04.922+0000] {processor.py:208} INFO - Processing /opt/airflow/dags/nyc_airbnb_etl.py took 0.242 seconds
[2024-09-02T06:00:35.133+0000] {processor.py:186} INFO - Started process (PID=186) to work on /opt/airflow/dags/nyc_airbnb_etl.py
[2024-09-02T06:00:35.135+0000] {processor.py:914} INFO - Processing file /opt/airflow/dags/nyc_airbnb_etl.py for tasks to queue
[2024-09-02T06:00:35.164+0000] {logging_mixin.py:190} INFO - [2024-09-02T06:00:35.139+0000] {dagbag.py:587} INFO - Filling up the DagBag from /opt/airflow/dags/nyc_airbnb_etl.py
[2024-09-02T06:00:35.222+0000] {processor.py:925} INFO - DAG(s) 'nyc_airbnb_etl' retrieved from /opt/airflow/dags/nyc_airbnb_etl.py
[2024-09-02T06:00:35.279+0000] {logging_mixin.py:190} INFO - [2024-09-02T06:00:35.278+0000] {dag.py:3211} INFO - Sync 1 DAGs
[2024-09-02T06:00:35.331+0000] {logging_mixin.py:190} INFO - [2024-09-02T06:00:35.330+0000] {dag.py:4138} INFO - Setting next_dagrun for nyc_airbnb_etl to 2024-09-01 06:30:00+00:00, run_after=2024-09-02 06:30:00+00:00
[2024-09-02T06:00:35.366+0000] {processor.py:208} INFO - Processing /opt/airflow/dags/nyc_airbnb_etl.py took 0.247 seconds
[2024-09-02T06:01:06.017+0000] {processor.py:186} INFO - Started process (PID=249) to work on /opt/airflow/dags/nyc_airbnb_etl.py
[2024-09-02T06:01:06.018+0000] {processor.py:914} INFO - Processing file /opt/airflow/dags/nyc_airbnb_etl.py for tasks to queue
[2024-09-02T06:01:06.023+0000] {logging_mixin.py:190} INFO - [2024-09-02T06:01:06.022+0000] {dagbag.py:587} INFO - Filling up the DagBag from /opt/airflow/dags/nyc_airbnb_etl.py
[2024-09-02T06:01:06.085+0000] {processor.py:925} INFO - DAG(s) 'nyc_airbnb_etl' retrieved from /opt/airflow/dags/nyc_airbnb_etl.py
[2024-09-02T06:01:06.156+0000] {logging_mixin.py:190} INFO - [2024-09-02T06:01:06.156+0000] {dag.py:3211} INFO - Sync 1 DAGs
[2024-09-02T06:01:06.217+0000] {logging_mixin.py:190} INFO - [2024-09-02T06:01:06.216+0000] {dag.py:4138} INFO - Setting next_dagrun for nyc_airbnb_etl to 2024-09-01 06:30:00+00:00, run_after=2024-09-02 06:30:00+00:00
[2024-09-02T06:01:06.256+0000] {processor.py:208} INFO - Processing /opt/airflow/dags/nyc_airbnb_etl.py took 0.251 seconds
[2024-09-02T06:01:36.444+0000] {processor.py:186} INFO - Started process (PID=312) to work on /opt/airflow/dags/nyc_airbnb_etl.py
[2024-09-02T06:01:36.445+0000] {processor.py:914} INFO - Processing file /opt/airflow/dags/nyc_airbnb_etl.py for tasks to queue
[2024-09-02T06:01:36.450+0000] {logging_mixin.py:190} INFO - [2024-09-02T06:01:36.449+0000] {dagbag.py:587} INFO - Filling up the DagBag from /opt/airflow/dags/nyc_airbnb_etl.py
[2024-09-02T06:01:36.493+0000] {processor.py:925} INFO - DAG(s) 'nyc_airbnb_etl' retrieved from /opt/airflow/dags/nyc_airbnb_etl.py
[2024-09-02T06:01:36.542+0000] {logging_mixin.py:190} INFO - [2024-09-02T06:01:36.542+0000] {dag.py:3211} INFO - Sync 1 DAGs
[2024-09-02T06:01:36.587+0000] {logging_mixin.py:190} INFO - [2024-09-02T06:01:36.587+0000] {dag.py:4138} INFO - Setting next_dagrun for nyc_airbnb_etl to 2024-09-01 06:30:00+00:00, run_after=2024-09-02 06:30:00+00:00
[2024-09-02T06:01:36.619+0000] {processor.py:208} INFO - Processing /opt/airflow/dags/nyc_airbnb_etl.py took 0.184 seconds
[2024-09-02T06:01:52.729+0000] {processor.py:186} INFO - Started process (PID=369) to work on /opt/airflow/dags/nyc_airbnb_etl.py
[2024-09-02T06:01:52.730+0000] {processor.py:914} INFO - Processing file /opt/airflow/dags/nyc_airbnb_etl.py for tasks to queue
[2024-09-02T06:01:52.734+0000] {logging_mixin.py:190} INFO - [2024-09-02T06:01:52.734+0000] {dagbag.py:587} INFO - Filling up the DagBag from /opt/airflow/dags/nyc_airbnb_etl.py
[2024-09-02T06:01:52.793+0000] {processor.py:925} INFO - DAG(s) 'nyc_airbnb_etl' retrieved from /opt/airflow/dags/nyc_airbnb_etl.py
[2024-09-02T06:01:52.999+0000] {logging_mixin.py:190} INFO - [2024-09-02T06:01:52.998+0000] {dag.py:3211} INFO - Sync 1 DAGs
[2024-09-02T06:01:53.041+0000] {logging_mixin.py:190} INFO - [2024-09-02T06:01:53.041+0000] {dag.py:4138} INFO - Setting next_dagrun for nyc_airbnb_etl to 2024-09-01 06:30:00+00:00, run_after=2024-09-02 06:30:00+00:00
[2024-09-02T06:01:53.086+0000] {processor.py:208} INFO - Processing /opt/airflow/dags/nyc_airbnb_etl.py took 0.367 seconds
[2024-09-02T06:02:23.203+0000] {processor.py:186} INFO - Started process (PID=432) to work on /opt/airflow/dags/nyc_airbnb_etl.py
[2024-09-02T06:02:23.205+0000] {processor.py:914} INFO - Processing file /opt/airflow/dags/nyc_airbnb_etl.py for tasks to queue
[2024-09-02T06:02:23.210+0000] {logging_mixin.py:190} INFO - [2024-09-02T06:02:23.209+0000] {dagbag.py:587} INFO - Filling up the DagBag from /opt/airflow/dags/nyc_airbnb_etl.py
[2024-09-02T06:02:23.279+0000] {processor.py:925} INFO - DAG(s) 'nyc_airbnb_etl' retrieved from /opt/airflow/dags/nyc_airbnb_etl.py
[2024-09-02T06:02:23.338+0000] {logging_mixin.py:190} INFO - [2024-09-02T06:02:23.337+0000] {dag.py:3211} INFO - Sync 1 DAGs
[2024-09-02T06:02:23.382+0000] {logging_mixin.py:190} INFO - [2024-09-02T06:02:23.381+0000] {dag.py:4138} INFO - Setting next_dagrun for nyc_airbnb_etl to 2024-09-01 06:30:00+00:00, run_after=2024-09-02 06:30:00+00:00
[2024-09-02T06:02:23.414+0000] {processor.py:208} INFO - Processing /opt/airflow/dags/nyc_airbnb_etl.py took 0.221 seconds
[2024-09-02T06:02:53.909+0000] {processor.py:186} INFO - Started process (PID=495) to work on /opt/airflow/dags/nyc_airbnb_etl.py
[2024-09-02T06:02:53.911+0000] {processor.py:914} INFO - Processing file /opt/airflow/dags/nyc_airbnb_etl.py for tasks to queue
[2024-09-02T06:02:53.914+0000] {logging_mixin.py:190} INFO - [2024-09-02T06:02:53.914+0000] {dagbag.py:587} INFO - Filling up the DagBag from /opt/airflow/dags/nyc_airbnb_etl.py
[2024-09-02T06:02:53.961+0000] {processor.py:925} INFO - DAG(s) 'nyc_airbnb_etl' retrieved from /opt/airflow/dags/nyc_airbnb_etl.py
[2024-09-02T06:02:54.018+0000] {logging_mixin.py:190} INFO - [2024-09-02T06:02:54.018+0000] {dag.py:3211} INFO - Sync 1 DAGs
[2024-09-02T06:02:54.061+0000] {logging_mixin.py:190} INFO - [2024-09-02T06:02:54.060+0000] {dag.py:4138} INFO - Setting next_dagrun for nyc_airbnb_etl to 2024-09-01 06:30:00+00:00, run_after=2024-09-02 06:30:00+00:00
[2024-09-02T06:02:54.128+0000] {processor.py:208} INFO - Processing /opt/airflow/dags/nyc_airbnb_etl.py took 0.229 seconds
[2024-09-02T06:03:24.374+0000] {processor.py:186} INFO - Started process (PID=558) to work on /opt/airflow/dags/nyc_airbnb_etl.py
[2024-09-02T06:03:24.375+0000] {processor.py:914} INFO - Processing file /opt/airflow/dags/nyc_airbnb_etl.py for tasks to queue
[2024-09-02T06:03:24.379+0000] {logging_mixin.py:190} INFO - [2024-09-02T06:03:24.378+0000] {dagbag.py:587} INFO - Filling up the DagBag from /opt/airflow/dags/nyc_airbnb_etl.py
[2024-09-02T06:03:24.420+0000] {processor.py:925} INFO - DAG(s) 'nyc_airbnb_etl' retrieved from /opt/airflow/dags/nyc_airbnb_etl.py
[2024-09-02T06:03:24.470+0000] {logging_mixin.py:190} INFO - [2024-09-02T06:03:24.470+0000] {dag.py:3211} INFO - Sync 1 DAGs
[2024-09-02T06:03:24.510+0000] {logging_mixin.py:190} INFO - [2024-09-02T06:03:24.510+0000] {dag.py:4138} INFO - Setting next_dagrun for nyc_airbnb_etl to 2024-09-01 06:30:00+00:00, run_after=2024-09-02 06:30:00+00:00
[2024-09-02T06:03:24.564+0000] {processor.py:208} INFO - Processing /opt/airflow/dags/nyc_airbnb_etl.py took 0.198 seconds
[2024-09-02T06:03:54.746+0000] {processor.py:186} INFO - Started process (PID=621) to work on /opt/airflow/dags/nyc_airbnb_etl.py
[2024-09-02T06:03:54.748+0000] {processor.py:914} INFO - Processing file /opt/airflow/dags/nyc_airbnb_etl.py for tasks to queue
[2024-09-02T06:03:54.751+0000] {logging_mixin.py:190} INFO - [2024-09-02T06:03:54.751+0000] {dagbag.py:587} INFO - Filling up the DagBag from /opt/airflow/dags/nyc_airbnb_etl.py
[2024-09-02T06:03:54.795+0000] {processor.py:925} INFO - DAG(s) 'nyc_airbnb_etl' retrieved from /opt/airflow/dags/nyc_airbnb_etl.py
[2024-09-02T06:03:54.845+0000] {logging_mixin.py:190} INFO - [2024-09-02T06:03:54.844+0000] {dag.py:3211} INFO - Sync 1 DAGs
[2024-09-02T06:03:54.894+0000] {logging_mixin.py:190} INFO - [2024-09-02T06:03:54.894+0000] {dag.py:4138} INFO - Setting next_dagrun for nyc_airbnb_etl to 2024-09-01 06:30:00+00:00, run_after=2024-09-02 06:30:00+00:00
[2024-09-02T06:03:54.951+0000] {processor.py:208} INFO - Processing /opt/airflow/dags/nyc_airbnb_etl.py took 0.216 seconds
[2024-09-02T06:04:25.050+0000] {processor.py:186} INFO - Started process (PID=684) to work on /opt/airflow/dags/nyc_airbnb_etl.py
[2024-09-02T06:04:25.051+0000] {processor.py:914} INFO - Processing file /opt/airflow/dags/nyc_airbnb_etl.py for tasks to queue
[2024-09-02T06:04:25.055+0000] {logging_mixin.py:190} INFO - [2024-09-02T06:04:25.054+0000] {dagbag.py:587} INFO - Filling up the DagBag from /opt/airflow/dags/nyc_airbnb_etl.py
[2024-09-02T06:04:25.096+0000] {processor.py:925} INFO - DAG(s) 'nyc_airbnb_etl' retrieved from /opt/airflow/dags/nyc_airbnb_etl.py
[2024-09-02T06:04:25.154+0000] {logging_mixin.py:190} INFO - [2024-09-02T06:04:25.153+0000] {dag.py:3211} INFO - Sync 1 DAGs
[2024-09-02T06:04:25.202+0000] {logging_mixin.py:190} INFO - [2024-09-02T06:04:25.202+0000] {dag.py:4138} INFO - Setting next_dagrun for nyc_airbnb_etl to 2024-09-01 06:30:00+00:00, run_after=2024-09-02 06:30:00+00:00
[2024-09-02T06:04:25.247+0000] {processor.py:208} INFO - Processing /opt/airflow/dags/nyc_airbnb_etl.py took 0.206 seconds
[2024-09-02T06:04:55.597+0000] {processor.py:186} INFO - Started process (PID=747) to work on /opt/airflow/dags/nyc_airbnb_etl.py
[2024-09-02T06:04:55.598+0000] {processor.py:914} INFO - Processing file /opt/airflow/dags/nyc_airbnb_etl.py for tasks to queue
[2024-09-02T06:04:55.602+0000] {logging_mixin.py:190} INFO - [2024-09-02T06:04:55.601+0000] {dagbag.py:587} INFO - Filling up the DagBag from /opt/airflow/dags/nyc_airbnb_etl.py
[2024-09-02T06:04:55.655+0000] {processor.py:925} INFO - DAG(s) 'nyc_airbnb_etl' retrieved from /opt/airflow/dags/nyc_airbnb_etl.py
[2024-09-02T06:04:55.720+0000] {logging_mixin.py:190} INFO - [2024-09-02T06:04:55.720+0000] {dag.py:3211} INFO - Sync 1 DAGs
[2024-09-02T06:04:55.765+0000] {logging_mixin.py:190} INFO - [2024-09-02T06:04:55.764+0000] {dag.py:4138} INFO - Setting next_dagrun for nyc_airbnb_etl to 2024-09-01 06:30:00+00:00, run_after=2024-09-02 06:30:00+00:00
[2024-09-02T06:04:55.818+0000] {processor.py:208} INFO - Processing /opt/airflow/dags/nyc_airbnb_etl.py took 0.232 seconds
[2024-09-02T06:05:26.113+0000] {processor.py:186} INFO - Started process (PID=810) to work on /opt/airflow/dags/nyc_airbnb_etl.py
[2024-09-02T06:05:26.115+0000] {processor.py:914} INFO - Processing file /opt/airflow/dags/nyc_airbnb_etl.py for tasks to queue
[2024-09-02T06:05:26.119+0000] {logging_mixin.py:190} INFO - [2024-09-02T06:05:26.119+0000] {dagbag.py:587} INFO - Filling up the DagBag from /opt/airflow/dags/nyc_airbnb_etl.py
[2024-09-02T06:05:26.173+0000] {processor.py:925} INFO - DAG(s) 'nyc_airbnb_etl' retrieved from /opt/airflow/dags/nyc_airbnb_etl.py
[2024-09-02T06:05:26.231+0000] {logging_mixin.py:190} INFO - [2024-09-02T06:05:26.231+0000] {dag.py:3211} INFO - Sync 1 DAGs
[2024-09-02T06:05:26.292+0000] {logging_mixin.py:190} INFO - [2024-09-02T06:05:26.291+0000] {dag.py:4138} INFO - Setting next_dagrun for nyc_airbnb_etl to 2024-09-01 06:30:00+00:00, run_after=2024-09-02 06:30:00+00:00
[2024-09-02T06:05:26.329+0000] {processor.py:208} INFO - Processing /opt/airflow/dags/nyc_airbnb_etl.py took 0.227 seconds
[2024-09-02T06:05:56.739+0000] {processor.py:186} INFO - Started process (PID=879) to work on /opt/airflow/dags/nyc_airbnb_etl.py
[2024-09-02T06:05:56.740+0000] {processor.py:914} INFO - Processing file /opt/airflow/dags/nyc_airbnb_etl.py for tasks to queue
[2024-09-02T06:05:56.745+0000] {logging_mixin.py:190} INFO - [2024-09-02T06:05:56.744+0000] {dagbag.py:587} INFO - Filling up the DagBag from /opt/airflow/dags/nyc_airbnb_etl.py
[2024-09-02T06:05:56.789+0000] {processor.py:925} INFO - DAG(s) 'nyc_airbnb_etl' retrieved from /opt/airflow/dags/nyc_airbnb_etl.py
[2024-09-02T06:05:56.839+0000] {logging_mixin.py:190} INFO - [2024-09-02T06:05:56.839+0000] {dag.py:3211} INFO - Sync 1 DAGs
[2024-09-02T06:05:56.887+0000] {logging_mixin.py:190} INFO - [2024-09-02T06:05:56.886+0000] {dag.py:4138} INFO - Setting next_dagrun for nyc_airbnb_etl to 2024-09-01 06:30:00+00:00, run_after=2024-09-02 06:30:00+00:00
[2024-09-02T06:05:56.955+0000] {processor.py:208} INFO - Processing /opt/airflow/dags/nyc_airbnb_etl.py took 0.226 seconds
[2024-09-02T06:06:27.425+0000] {processor.py:186} INFO - Started process (PID=942) to work on /opt/airflow/dags/nyc_airbnb_etl.py
[2024-09-02T06:06:27.427+0000] {processor.py:914} INFO - Processing file /opt/airflow/dags/nyc_airbnb_etl.py for tasks to queue
[2024-09-02T06:06:27.431+0000] {logging_mixin.py:190} INFO - [2024-09-02T06:06:27.430+0000] {dagbag.py:587} INFO - Filling up the DagBag from /opt/airflow/dags/nyc_airbnb_etl.py
[2024-09-02T06:06:27.475+0000] {processor.py:925} INFO - DAG(s) 'nyc_airbnb_etl' retrieved from /opt/airflow/dags/nyc_airbnb_etl.py
[2024-09-02T06:06:27.528+0000] {logging_mixin.py:190} INFO - [2024-09-02T06:06:27.528+0000] {dag.py:3211} INFO - Sync 1 DAGs
[2024-09-02T06:06:27.573+0000] {logging_mixin.py:190} INFO - [2024-09-02T06:06:27.573+0000] {dag.py:4138} INFO - Setting next_dagrun for nyc_airbnb_etl to 2024-09-01 06:30:00+00:00, run_after=2024-09-02 06:30:00+00:00
[2024-09-02T06:06:27.629+0000] {processor.py:208} INFO - Processing /opt/airflow/dags/nyc_airbnb_etl.py took 0.215 seconds
[2024-09-02T06:06:58.060+0000] {processor.py:186} INFO - Started process (PID=1005) to work on /opt/airflow/dags/nyc_airbnb_etl.py
[2024-09-02T06:06:58.062+0000] {processor.py:914} INFO - Processing file /opt/airflow/dags/nyc_airbnb_etl.py for tasks to queue
[2024-09-02T06:06:58.066+0000] {logging_mixin.py:190} INFO - [2024-09-02T06:06:58.065+0000] {dagbag.py:587} INFO - Filling up the DagBag from /opt/airflow/dags/nyc_airbnb_etl.py
[2024-09-02T06:06:58.114+0000] {processor.py:925} INFO - DAG(s) 'nyc_airbnb_etl' retrieved from /opt/airflow/dags/nyc_airbnb_etl.py
[2024-09-02T06:06:58.180+0000] {logging_mixin.py:190} INFO - [2024-09-02T06:06:58.180+0000] {dag.py:3211} INFO - Sync 1 DAGs
[2024-09-02T06:06:58.223+0000] {logging_mixin.py:190} INFO - [2024-09-02T06:06:58.222+0000] {dag.py:4138} INFO - Setting next_dagrun for nyc_airbnb_etl to 2024-09-01 06:30:00+00:00, run_after=2024-09-02 06:30:00+00:00
[2024-09-02T06:06:58.255+0000] {processor.py:208} INFO - Processing /opt/airflow/dags/nyc_airbnb_etl.py took 0.206 seconds
[2024-09-02T06:07:28.993+0000] {processor.py:186} INFO - Started process (PID=1068) to work on /opt/airflow/dags/nyc_airbnb_etl.py
[2024-09-02T06:07:28.995+0000] {processor.py:914} INFO - Processing file /opt/airflow/dags/nyc_airbnb_etl.py for tasks to queue
[2024-09-02T06:07:28.998+0000] {logging_mixin.py:190} INFO - [2024-09-02T06:07:28.998+0000] {dagbag.py:587} INFO - Filling up the DagBag from /opt/airflow/dags/nyc_airbnb_etl.py
[2024-09-02T06:07:29.040+0000] {processor.py:925} INFO - DAG(s) 'nyc_airbnb_etl' retrieved from /opt/airflow/dags/nyc_airbnb_etl.py
[2024-09-02T06:07:29.085+0000] {logging_mixin.py:190} INFO - [2024-09-02T06:07:29.084+0000] {dag.py:3211} INFO - Sync 1 DAGs
[2024-09-02T06:07:29.134+0000] {logging_mixin.py:190} INFO - [2024-09-02T06:07:29.134+0000] {dag.py:4138} INFO - Setting next_dagrun for nyc_airbnb_etl to 2024-09-01 06:30:00+00:00, run_after=2024-09-02 06:30:00+00:00
[2024-09-02T06:07:29.187+0000] {processor.py:208} INFO - Processing /opt/airflow/dags/nyc_airbnb_etl.py took 0.202 seconds
[2024-09-02T06:07:59.977+0000] {processor.py:186} INFO - Started process (PID=1132) to work on /opt/airflow/dags/nyc_airbnb_etl.py
[2024-09-02T06:07:59.979+0000] {processor.py:914} INFO - Processing file /opt/airflow/dags/nyc_airbnb_etl.py for tasks to queue
[2024-09-02T06:07:59.982+0000] {logging_mixin.py:190} INFO - [2024-09-02T06:07:59.982+0000] {dagbag.py:587} INFO - Filling up the DagBag from /opt/airflow/dags/nyc_airbnb_etl.py
[2024-09-02T06:08:00.030+0000] {processor.py:925} INFO - DAG(s) 'nyc_airbnb_etl' retrieved from /opt/airflow/dags/nyc_airbnb_etl.py
[2024-09-02T06:08:00.086+0000] {logging_mixin.py:190} INFO - [2024-09-02T06:08:00.085+0000] {dag.py:3211} INFO - Sync 1 DAGs
[2024-09-02T06:08:00.143+0000] {logging_mixin.py:190} INFO - [2024-09-02T06:08:00.143+0000] {dag.py:4138} INFO - Setting next_dagrun for nyc_airbnb_etl to 2024-09-01 06:30:00+00:00, run_after=2024-09-02 06:30:00+00:00
[2024-09-02T06:08:00.177+0000] {processor.py:208} INFO - Processing /opt/airflow/dags/nyc_airbnb_etl.py took 0.211 seconds
[2024-09-02T06:08:30.595+0000] {processor.py:186} INFO - Started process (PID=1195) to work on /opt/airflow/dags/nyc_airbnb_etl.py
[2024-09-02T06:08:30.597+0000] {processor.py:914} INFO - Processing file /opt/airflow/dags/nyc_airbnb_etl.py for tasks to queue
[2024-09-02T06:08:30.600+0000] {logging_mixin.py:190} INFO - [2024-09-02T06:08:30.600+0000] {dagbag.py:587} INFO - Filling up the DagBag from /opt/airflow/dags/nyc_airbnb_etl.py
[2024-09-02T06:08:30.642+0000] {processor.py:925} INFO - DAG(s) 'nyc_airbnb_etl' retrieved from /opt/airflow/dags/nyc_airbnb_etl.py
[2024-09-02T06:08:30.692+0000] {logging_mixin.py:190} INFO - [2024-09-02T06:08:30.691+0000] {dag.py:3211} INFO - Sync 1 DAGs
[2024-09-02T06:08:30.733+0000] {logging_mixin.py:190} INFO - [2024-09-02T06:08:30.733+0000] {dag.py:4138} INFO - Setting next_dagrun for nyc_airbnb_etl to 2024-09-01 06:30:00+00:00, run_after=2024-09-02 06:30:00+00:00
[2024-09-02T06:08:30.787+0000] {processor.py:208} INFO - Processing /opt/airflow/dags/nyc_airbnb_etl.py took 0.201 seconds
[2024-09-02T06:09:01.429+0000] {processor.py:186} INFO - Started process (PID=1259) to work on /opt/airflow/dags/nyc_airbnb_etl.py
[2024-09-02T06:09:01.431+0000] {processor.py:914} INFO - Processing file /opt/airflow/dags/nyc_airbnb_etl.py for tasks to queue
[2024-09-02T06:09:01.435+0000] {logging_mixin.py:190} INFO - [2024-09-02T06:09:01.434+0000] {dagbag.py:587} INFO - Filling up the DagBag from /opt/airflow/dags/nyc_airbnb_etl.py
[2024-09-02T06:09:01.483+0000] {processor.py:925} INFO - DAG(s) 'nyc_airbnb_etl' retrieved from /opt/airflow/dags/nyc_airbnb_etl.py
[2024-09-02T06:09:01.529+0000] {logging_mixin.py:190} INFO - [2024-09-02T06:09:01.529+0000] {dag.py:3211} INFO - Sync 1 DAGs
[2024-09-02T06:09:01.571+0000] {logging_mixin.py:190} INFO - [2024-09-02T06:09:01.571+0000] {dag.py:4138} INFO - Setting next_dagrun for nyc_airbnb_etl to 2024-09-01 06:30:00+00:00, run_after=2024-09-02 06:30:00+00:00
[2024-09-02T06:09:01.625+0000] {processor.py:208} INFO - Processing /opt/airflow/dags/nyc_airbnb_etl.py took 0.204 seconds
[2024-09-02T06:09:32.068+0000] {processor.py:186} INFO - Started process (PID=1322) to work on /opt/airflow/dags/nyc_airbnb_etl.py
[2024-09-02T06:09:32.070+0000] {processor.py:914} INFO - Processing file /opt/airflow/dags/nyc_airbnb_etl.py for tasks to queue
[2024-09-02T06:09:32.074+0000] {logging_mixin.py:190} INFO - [2024-09-02T06:09:32.073+0000] {dagbag.py:587} INFO - Filling up the DagBag from /opt/airflow/dags/nyc_airbnb_etl.py
[2024-09-02T06:09:32.123+0000] {processor.py:925} INFO - DAG(s) 'nyc_airbnb_etl' retrieved from /opt/airflow/dags/nyc_airbnb_etl.py
[2024-09-02T06:09:32.177+0000] {logging_mixin.py:190} INFO - [2024-09-02T06:09:32.176+0000] {dag.py:3211} INFO - Sync 1 DAGs
[2024-09-02T06:09:32.221+0000] {logging_mixin.py:190} INFO - [2024-09-02T06:09:32.220+0000] {dag.py:4138} INFO - Setting next_dagrun for nyc_airbnb_etl to 2024-09-01 06:30:00+00:00, run_after=2024-09-02 06:30:00+00:00
[2024-09-02T06:09:32.275+0000] {processor.py:208} INFO - Processing /opt/airflow/dags/nyc_airbnb_etl.py took 0.217 seconds
[2024-09-02T06:10:02.801+0000] {processor.py:186} INFO - Started process (PID=1385) to work on /opt/airflow/dags/nyc_airbnb_etl.py
[2024-09-02T06:10:02.802+0000] {processor.py:914} INFO - Processing file /opt/airflow/dags/nyc_airbnb_etl.py for tasks to queue
[2024-09-02T06:10:02.806+0000] {logging_mixin.py:190} INFO - [2024-09-02T06:10:02.805+0000] {dagbag.py:587} INFO - Filling up the DagBag from /opt/airflow/dags/nyc_airbnb_etl.py
[2024-09-02T06:10:02.859+0000] {processor.py:925} INFO - DAG(s) 'nyc_airbnb_etl' retrieved from /opt/airflow/dags/nyc_airbnb_etl.py
[2024-09-02T06:10:02.913+0000] {logging_mixin.py:190} INFO - [2024-09-02T06:10:02.913+0000] {dag.py:3211} INFO - Sync 1 DAGs
[2024-09-02T06:10:02.960+0000] {logging_mixin.py:190} INFO - [2024-09-02T06:10:02.959+0000] {dag.py:4138} INFO - Setting next_dagrun for nyc_airbnb_etl to 2024-09-01 06:30:00+00:00, run_after=2024-09-02 06:30:00+00:00
[2024-09-02T06:10:02.994+0000] {processor.py:208} INFO - Processing /opt/airflow/dags/nyc_airbnb_etl.py took 0.204 seconds
[2024-09-02T06:10:33.094+0000] {processor.py:186} INFO - Started process (PID=1448) to work on /opt/airflow/dags/nyc_airbnb_etl.py
[2024-09-02T06:10:33.095+0000] {processor.py:914} INFO - Processing file /opt/airflow/dags/nyc_airbnb_etl.py for tasks to queue
[2024-09-02T06:10:33.099+0000] {logging_mixin.py:190} INFO - [2024-09-02T06:10:33.098+0000] {dagbag.py:587} INFO - Filling up the DagBag from /opt/airflow/dags/nyc_airbnb_etl.py
[2024-09-02T06:10:33.140+0000] {processor.py:925} INFO - DAG(s) 'nyc_airbnb_etl' retrieved from /opt/airflow/dags/nyc_airbnb_etl.py
[2024-09-02T06:10:33.188+0000] {logging_mixin.py:190} INFO - [2024-09-02T06:10:33.188+0000] {dag.py:3211} INFO - Sync 1 DAGs
[2024-09-02T06:10:33.243+0000] {logging_mixin.py:190} INFO - [2024-09-02T06:10:33.243+0000] {dag.py:4138} INFO - Setting next_dagrun for nyc_airbnb_etl to 2024-09-01 06:30:00+00:00, run_after=2024-09-02 06:30:00+00:00
[2024-09-02T06:10:33.303+0000] {processor.py:208} INFO - Processing /opt/airflow/dags/nyc_airbnb_etl.py took 0.219 seconds
[2024-09-02T06:11:03.812+0000] {processor.py:186} INFO - Started process (PID=1511) to work on /opt/airflow/dags/nyc_airbnb_etl.py
[2024-09-02T06:11:03.813+0000] {processor.py:914} INFO - Processing file /opt/airflow/dags/nyc_airbnb_etl.py for tasks to queue
[2024-09-02T06:11:03.817+0000] {logging_mixin.py:190} INFO - [2024-09-02T06:11:03.816+0000] {dagbag.py:587} INFO - Filling up the DagBag from /opt/airflow/dags/nyc_airbnb_etl.py
[2024-09-02T06:11:03.860+0000] {processor.py:925} INFO - DAG(s) 'nyc_airbnb_etl' retrieved from /opt/airflow/dags/nyc_airbnb_etl.py
[2024-09-02T06:11:03.909+0000] {logging_mixin.py:190} INFO - [2024-09-02T06:11:03.909+0000] {dag.py:3211} INFO - Sync 1 DAGs
[2024-09-02T06:11:03.954+0000] {logging_mixin.py:190} INFO - [2024-09-02T06:11:03.954+0000] {dag.py:4138} INFO - Setting next_dagrun for nyc_airbnb_etl to 2024-09-01 06:30:00+00:00, run_after=2024-09-02 06:30:00+00:00
[2024-09-02T06:11:04.006+0000] {processor.py:208} INFO - Processing /opt/airflow/dags/nyc_airbnb_etl.py took 0.203 seconds
[2024-09-02T08:55:25.717+0000] {processor.py:186} INFO - Started process (PID=1574) to work on /opt/airflow/dags/nyc_airbnb_etl.py
[2024-09-02T08:55:25.724+0000] {processor.py:914} INFO - Processing file /opt/airflow/dags/nyc_airbnb_etl.py for tasks to queue
[2024-09-02T08:55:25.729+0000] {logging_mixin.py:190} INFO - [2024-09-02T08:55:25.728+0000] {dagbag.py:587} INFO - Filling up the DagBag from /opt/airflow/dags/nyc_airbnb_etl.py
[2024-09-02T08:55:25.802+0000] {processor.py:925} INFO - DAG(s) 'nyc_airbnb_etl' retrieved from /opt/airflow/dags/nyc_airbnb_etl.py
[2024-09-02T08:55:25.906+0000] {logging_mixin.py:190} INFO - [2024-09-02T08:55:25.906+0000] {dag.py:3211} INFO - Sync 1 DAGs
[2024-09-02T08:55:25.995+0000] {logging_mixin.py:190} INFO - [2024-09-02T08:55:25.994+0000] {dag.py:4138} INFO - Setting next_dagrun for nyc_airbnb_etl to 2024-09-02 06:30:00+00:00, run_after=2024-09-03 06:30:00+00:00
[2024-09-02T08:55:26.075+0000] {processor.py:208} INFO - Processing /opt/airflow/dags/nyc_airbnb_etl.py took 0.377 seconds
[2024-09-02T08:55:57.015+0000] {processor.py:186} INFO - Started process (PID=1637) to work on /opt/airflow/dags/nyc_airbnb_etl.py
[2024-09-02T08:55:57.019+0000] {processor.py:914} INFO - Processing file /opt/airflow/dags/nyc_airbnb_etl.py for tasks to queue
[2024-09-02T08:55:57.024+0000] {logging_mixin.py:190} INFO - [2024-09-02T08:55:57.023+0000] {dagbag.py:587} INFO - Filling up the DagBag from /opt/airflow/dags/nyc_airbnb_etl.py
[2024-09-02T08:55:57.100+0000] {processor.py:925} INFO - DAG(s) 'nyc_airbnb_etl' retrieved from /opt/airflow/dags/nyc_airbnb_etl.py
[2024-09-02T08:55:57.198+0000] {logging_mixin.py:190} INFO - [2024-09-02T08:55:57.197+0000] {dag.py:3211} INFO - Sync 1 DAGs
[2024-09-02T08:55:57.308+0000] {logging_mixin.py:190} INFO - [2024-09-02T08:55:57.307+0000] {dag.py:4138} INFO - Setting next_dagrun for nyc_airbnb_etl to 2024-09-02 06:30:00+00:00, run_after=2024-09-03 06:30:00+00:00
[2024-09-02T08:55:57.382+0000] {processor.py:208} INFO - Processing /opt/airflow/dags/nyc_airbnb_etl.py took 0.380 seconds
[2024-09-02T08:56:27.509+0000] {processor.py:186} INFO - Started process (PID=1700) to work on /opt/airflow/dags/nyc_airbnb_etl.py
[2024-09-02T08:56:27.511+0000] {processor.py:914} INFO - Processing file /opt/airflow/dags/nyc_airbnb_etl.py for tasks to queue
[2024-09-02T08:56:27.514+0000] {logging_mixin.py:190} INFO - [2024-09-02T08:56:27.514+0000] {dagbag.py:587} INFO - Filling up the DagBag from /opt/airflow/dags/nyc_airbnb_etl.py
[2024-09-02T08:56:27.562+0000] {processor.py:925} INFO - DAG(s) 'nyc_airbnb_etl' retrieved from /opt/airflow/dags/nyc_airbnb_etl.py
[2024-09-02T08:56:27.623+0000] {logging_mixin.py:190} INFO - [2024-09-02T08:56:27.623+0000] {dag.py:3211} INFO - Sync 1 DAGs
[2024-09-02T08:56:27.675+0000] {logging_mixin.py:190} INFO - [2024-09-02T08:56:27.675+0000] {dag.py:4138} INFO - Setting next_dagrun for nyc_airbnb_etl to 2024-09-02 06:30:00+00:00, run_after=2024-09-03 06:30:00+00:00
[2024-09-02T08:56:27.737+0000] {processor.py:208} INFO - Processing /opt/airflow/dags/nyc_airbnb_etl.py took 0.239 seconds
[2024-09-02T08:56:58.190+0000] {processor.py:186} INFO - Started process (PID=1760) to work on /opt/airflow/dags/nyc_airbnb_etl.py
[2024-09-02T08:56:58.191+0000] {processor.py:914} INFO - Processing file /opt/airflow/dags/nyc_airbnb_etl.py for tasks to queue
[2024-09-02T08:56:58.195+0000] {logging_mixin.py:190} INFO - [2024-09-02T08:56:58.195+0000] {dagbag.py:587} INFO - Filling up the DagBag from /opt/airflow/dags/nyc_airbnb_etl.py
[2024-09-02T08:56:58.241+0000] {processor.py:925} INFO - DAG(s) 'nyc_airbnb_etl' retrieved from /opt/airflow/dags/nyc_airbnb_etl.py
[2024-09-02T08:56:58.292+0000] {logging_mixin.py:190} INFO - [2024-09-02T08:56:58.292+0000] {dag.py:3211} INFO - Sync 1 DAGs
[2024-09-02T08:56:58.335+0000] {logging_mixin.py:190} INFO - [2024-09-02T08:56:58.335+0000] {dag.py:4138} INFO - Setting next_dagrun for nyc_airbnb_etl to 2024-09-02 06:30:00+00:00, run_after=2024-09-03 06:30:00+00:00
[2024-09-02T08:56:58.391+0000] {processor.py:208} INFO - Processing /opt/airflow/dags/nyc_airbnb_etl.py took 0.216 seconds
[2024-09-02T08:57:28.945+0000] {processor.py:186} INFO - Started process (PID=1823) to work on /opt/airflow/dags/nyc_airbnb_etl.py
[2024-09-02T08:57:28.950+0000] {processor.py:914} INFO - Processing file /opt/airflow/dags/nyc_airbnb_etl.py for tasks to queue
[2024-09-02T08:57:28.963+0000] {logging_mixin.py:190} INFO - [2024-09-02T08:57:28.961+0000] {dagbag.py:587} INFO - Filling up the DagBag from /opt/airflow/dags/nyc_airbnb_etl.py
[2024-09-02T08:57:29.107+0000] {processor.py:925} INFO - DAG(s) 'nyc_airbnb_etl' retrieved from /opt/airflow/dags/nyc_airbnb_etl.py
[2024-09-02T08:57:29.279+0000] {logging_mixin.py:190} INFO - [2024-09-02T08:57:29.277+0000] {dag.py:3211} INFO - Sync 1 DAGs
[2024-09-02T08:57:29.505+0000] {logging_mixin.py:190} INFO - [2024-09-02T08:57:29.502+0000] {dag.py:4138} INFO - Setting next_dagrun for nyc_airbnb_etl to 2024-09-02 06:30:00+00:00, run_after=2024-09-03 06:30:00+00:00
[2024-09-02T08:57:29.663+0000] {processor.py:208} INFO - Processing /opt/airflow/dags/nyc_airbnb_etl.py took 0.749 seconds
[2024-09-02T08:58:00.239+0000] {processor.py:186} INFO - Started process (PID=1886) to work on /opt/airflow/dags/nyc_airbnb_etl.py
[2024-09-02T08:58:00.240+0000] {processor.py:914} INFO - Processing file /opt/airflow/dags/nyc_airbnb_etl.py for tasks to queue
[2024-09-02T08:58:00.245+0000] {logging_mixin.py:190} INFO - [2024-09-02T08:58:00.245+0000] {dagbag.py:587} INFO - Filling up the DagBag from /opt/airflow/dags/nyc_airbnb_etl.py
[2024-09-02T08:58:00.295+0000] {processor.py:925} INFO - DAG(s) 'nyc_airbnb_etl' retrieved from /opt/airflow/dags/nyc_airbnb_etl.py
[2024-09-02T08:58:00.351+0000] {logging_mixin.py:190} INFO - [2024-09-02T08:58:00.350+0000] {dag.py:3211} INFO - Sync 1 DAGs
[2024-09-02T08:58:00.402+0000] {logging_mixin.py:190} INFO - [2024-09-02T08:58:00.401+0000] {dag.py:4138} INFO - Setting next_dagrun for nyc_airbnb_etl to 2024-09-02 06:30:00+00:00, run_after=2024-09-03 06:30:00+00:00
[2024-09-02T08:58:00.439+0000] {processor.py:208} INFO - Processing /opt/airflow/dags/nyc_airbnb_etl.py took 0.212 seconds
[2024-09-02T08:58:30.796+0000] {processor.py:186} INFO - Started process (PID=1949) to work on /opt/airflow/dags/nyc_airbnb_etl.py
[2024-09-02T08:58:30.798+0000] {processor.py:914} INFO - Processing file /opt/airflow/dags/nyc_airbnb_etl.py for tasks to queue
[2024-09-02T08:58:30.808+0000] {logging_mixin.py:190} INFO - [2024-09-02T08:58:30.807+0000] {dagbag.py:587} INFO - Filling up the DagBag from /opt/airflow/dags/nyc_airbnb_etl.py
[2024-09-02T08:58:30.874+0000] {processor.py:925} INFO - DAG(s) 'nyc_airbnb_etl' retrieved from /opt/airflow/dags/nyc_airbnb_etl.py
[2024-09-02T08:58:30.941+0000] {logging_mixin.py:190} INFO - [2024-09-02T08:58:30.940+0000] {dag.py:3211} INFO - Sync 1 DAGs
[2024-09-02T08:58:31.000+0000] {logging_mixin.py:190} INFO - [2024-09-02T08:58:30.999+0000] {dag.py:4138} INFO - Setting next_dagrun for nyc_airbnb_etl to 2024-09-02 06:30:00+00:00, run_after=2024-09-03 06:30:00+00:00
[2024-09-02T08:58:31.052+0000] {processor.py:208} INFO - Processing /opt/airflow/dags/nyc_airbnb_etl.py took 0.273 seconds
[2024-09-02T08:59:01.225+0000] {processor.py:186} INFO - Started process (PID=2012) to work on /opt/airflow/dags/nyc_airbnb_etl.py
[2024-09-02T08:59:01.228+0000] {processor.py:914} INFO - Processing file /opt/airflow/dags/nyc_airbnb_etl.py for tasks to queue
[2024-09-02T08:59:01.232+0000] {logging_mixin.py:190} INFO - [2024-09-02T08:59:01.231+0000] {dagbag.py:587} INFO - Filling up the DagBag from /opt/airflow/dags/nyc_airbnb_etl.py
[2024-09-02T08:59:01.281+0000] {processor.py:925} INFO - DAG(s) 'nyc_airbnb_etl' retrieved from /opt/airflow/dags/nyc_airbnb_etl.py
[2024-09-02T08:59:01.338+0000] {logging_mixin.py:190} INFO - [2024-09-02T08:59:01.338+0000] {dag.py:3211} INFO - Sync 1 DAGs
[2024-09-02T08:59:01.393+0000] {logging_mixin.py:190} INFO - [2024-09-02T08:59:01.393+0000] {dag.py:4138} INFO - Setting next_dagrun for nyc_airbnb_etl to 2024-09-02 06:30:00+00:00, run_after=2024-09-03 06:30:00+00:00
[2024-09-02T08:59:01.427+0000] {processor.py:208} INFO - Processing /opt/airflow/dags/nyc_airbnb_etl.py took 0.214 seconds
[2024-09-02T08:59:31.790+0000] {processor.py:186} INFO - Started process (PID=2075) to work on /opt/airflow/dags/nyc_airbnb_etl.py
[2024-09-02T08:59:31.792+0000] {processor.py:914} INFO - Processing file /opt/airflow/dags/nyc_airbnb_etl.py for tasks to queue
[2024-09-02T08:59:31.797+0000] {logging_mixin.py:190} INFO - [2024-09-02T08:59:31.796+0000] {dagbag.py:587} INFO - Filling up the DagBag from /opt/airflow/dags/nyc_airbnb_etl.py
[2024-09-02T08:59:31.889+0000] {processor.py:925} INFO - DAG(s) 'nyc_airbnb_etl' retrieved from /opt/airflow/dags/nyc_airbnb_etl.py
[2024-09-02T08:59:32.046+0000] {logging_mixin.py:190} INFO - [2024-09-02T08:59:32.044+0000] {dag.py:3211} INFO - Sync 1 DAGs
[2024-09-02T08:59:32.175+0000] {logging_mixin.py:190} INFO - [2024-09-02T08:59:32.174+0000] {dag.py:4138} INFO - Setting next_dagrun for nyc_airbnb_etl to 2024-09-02 06:30:00+00:00, run_after=2024-09-03 06:30:00+00:00
[2024-09-02T08:59:32.261+0000] {processor.py:208} INFO - Processing /opt/airflow/dags/nyc_airbnb_etl.py took 0.496 seconds
[2024-09-02T09:00:02.769+0000] {processor.py:186} INFO - Started process (PID=2138) to work on /opt/airflow/dags/nyc_airbnb_etl.py
[2024-09-02T09:00:02.770+0000] {processor.py:914} INFO - Processing file /opt/airflow/dags/nyc_airbnb_etl.py for tasks to queue
[2024-09-02T09:00:02.775+0000] {logging_mixin.py:190} INFO - [2024-09-02T09:00:02.774+0000] {dagbag.py:587} INFO - Filling up the DagBag from /opt/airflow/dags/nyc_airbnb_etl.py
[2024-09-02T09:00:02.826+0000] {processor.py:925} INFO - DAG(s) 'nyc_airbnb_etl' retrieved from /opt/airflow/dags/nyc_airbnb_etl.py
[2024-09-02T09:00:02.886+0000] {logging_mixin.py:190} INFO - [2024-09-02T09:00:02.886+0000] {dag.py:3211} INFO - Sync 1 DAGs
[2024-09-02T09:00:02.936+0000] {logging_mixin.py:190} INFO - [2024-09-02T09:00:02.935+0000] {dag.py:4138} INFO - Setting next_dagrun for nyc_airbnb_etl to 2024-09-02 06:30:00+00:00, run_after=2024-09-03 06:30:00+00:00
[2024-09-02T09:00:02.972+0000] {processor.py:208} INFO - Processing /opt/airflow/dags/nyc_airbnb_etl.py took 0.217 seconds
[2024-09-02T09:00:34.011+0000] {processor.py:186} INFO - Started process (PID=2201) to work on /opt/airflow/dags/nyc_airbnb_etl.py
[2024-09-02T09:00:34.013+0000] {processor.py:914} INFO - Processing file /opt/airflow/dags/nyc_airbnb_etl.py for tasks to queue
[2024-09-02T09:00:34.017+0000] {logging_mixin.py:190} INFO - [2024-09-02T09:00:34.016+0000] {dagbag.py:587} INFO - Filling up the DagBag from /opt/airflow/dags/nyc_airbnb_etl.py
[2024-09-02T09:00:34.067+0000] {processor.py:925} INFO - DAG(s) 'nyc_airbnb_etl' retrieved from /opt/airflow/dags/nyc_airbnb_etl.py
[2024-09-02T09:00:34.136+0000] {logging_mixin.py:190} INFO - [2024-09-02T09:00:34.136+0000] {dag.py:3211} INFO - Sync 1 DAGs
[2024-09-02T09:00:34.196+0000] {logging_mixin.py:190} INFO - [2024-09-02T09:00:34.195+0000] {dag.py:4138} INFO - Setting next_dagrun for nyc_airbnb_etl to 2024-09-02 06:30:00+00:00, run_after=2024-09-03 06:30:00+00:00
[2024-09-02T09:00:34.240+0000] {processor.py:208} INFO - Processing /opt/airflow/dags/nyc_airbnb_etl.py took 0.246 seconds
[2024-09-02T09:01:05.125+0000] {processor.py:186} INFO - Started process (PID=2265) to work on /opt/airflow/dags/nyc_airbnb_etl.py
[2024-09-02T09:01:05.127+0000] {processor.py:914} INFO - Processing file /opt/airflow/dags/nyc_airbnb_etl.py for tasks to queue
[2024-09-02T09:01:05.130+0000] {logging_mixin.py:190} INFO - [2024-09-02T09:01:05.130+0000] {dagbag.py:587} INFO - Filling up the DagBag from /opt/airflow/dags/nyc_airbnb_etl.py
[2024-09-02T09:01:05.176+0000] {processor.py:925} INFO - DAG(s) 'nyc_airbnb_etl' retrieved from /opt/airflow/dags/nyc_airbnb_etl.py
[2024-09-02T09:01:05.232+0000] {logging_mixin.py:190} INFO - [2024-09-02T09:01:05.231+0000] {dag.py:3211} INFO - Sync 1 DAGs
[2024-09-02T09:01:05.283+0000] {logging_mixin.py:190} INFO - [2024-09-02T09:01:05.282+0000] {dag.py:4138} INFO - Setting next_dagrun for nyc_airbnb_etl to 2024-09-02 06:30:00+00:00, run_after=2024-09-03 06:30:00+00:00
[2024-09-02T09:01:05.320+0000] {processor.py:208} INFO - Processing /opt/airflow/dags/nyc_airbnb_etl.py took 0.205 seconds
[2024-09-02T09:01:35.614+0000] {processor.py:186} INFO - Started process (PID=2328) to work on /opt/airflow/dags/nyc_airbnb_etl.py
[2024-09-02T09:01:35.616+0000] {processor.py:914} INFO - Processing file /opt/airflow/dags/nyc_airbnb_etl.py for tasks to queue
[2024-09-02T09:01:35.622+0000] {logging_mixin.py:190} INFO - [2024-09-02T09:01:35.621+0000] {dagbag.py:587} INFO - Filling up the DagBag from /opt/airflow/dags/nyc_airbnb_etl.py
[2024-09-02T09:01:35.675+0000] {processor.py:925} INFO - DAG(s) 'nyc_airbnb_etl' retrieved from /opt/airflow/dags/nyc_airbnb_etl.py
[2024-09-02T09:01:35.741+0000] {logging_mixin.py:190} INFO - [2024-09-02T09:01:35.740+0000] {dag.py:3211} INFO - Sync 1 DAGs
[2024-09-02T09:01:35.811+0000] {logging_mixin.py:190} INFO - [2024-09-02T09:01:35.810+0000] {dag.py:4138} INFO - Setting next_dagrun for nyc_airbnb_etl to 2024-09-02 06:30:00+00:00, run_after=2024-09-03 06:30:00+00:00
[2024-09-02T09:01:35.869+0000] {processor.py:208} INFO - Processing /opt/airflow/dags/nyc_airbnb_etl.py took 0.274 seconds
[2024-09-02T09:02:06.435+0000] {processor.py:186} INFO - Started process (PID=2392) to work on /opt/airflow/dags/nyc_airbnb_etl.py
[2024-09-02T09:02:06.437+0000] {processor.py:914} INFO - Processing file /opt/airflow/dags/nyc_airbnb_etl.py for tasks to queue
[2024-09-02T09:02:06.443+0000] {logging_mixin.py:190} INFO - [2024-09-02T09:02:06.442+0000] {dagbag.py:587} INFO - Filling up the DagBag from /opt/airflow/dags/nyc_airbnb_etl.py
[2024-09-02T09:02:06.508+0000] {processor.py:925} INFO - DAG(s) 'nyc_airbnb_etl' retrieved from /opt/airflow/dags/nyc_airbnb_etl.py
[2024-09-02T09:02:06.612+0000] {logging_mixin.py:190} INFO - [2024-09-02T09:02:06.611+0000] {dag.py:3211} INFO - Sync 1 DAGs
[2024-09-02T09:02:06.694+0000] {logging_mixin.py:190} INFO - [2024-09-02T09:02:06.693+0000] {dag.py:4138} INFO - Setting next_dagrun for nyc_airbnb_etl to 2024-09-02 06:30:00+00:00, run_after=2024-09-03 06:30:00+00:00
[2024-09-02T09:02:06.758+0000] {processor.py:208} INFO - Processing /opt/airflow/dags/nyc_airbnb_etl.py took 0.334 seconds
[2024-09-02T09:02:37.598+0000] {processor.py:186} INFO - Started process (PID=2455) to work on /opt/airflow/dags/nyc_airbnb_etl.py
[2024-09-02T09:02:37.600+0000] {processor.py:914} INFO - Processing file /opt/airflow/dags/nyc_airbnb_etl.py for tasks to queue
[2024-09-02T09:02:37.603+0000] {logging_mixin.py:190} INFO - [2024-09-02T09:02:37.603+0000] {dagbag.py:587} INFO - Filling up the DagBag from /opt/airflow/dags/nyc_airbnb_etl.py
[2024-09-02T09:02:37.652+0000] {processor.py:925} INFO - DAG(s) 'nyc_airbnb_etl' retrieved from /opt/airflow/dags/nyc_airbnb_etl.py
[2024-09-02T09:02:37.708+0000] {logging_mixin.py:190} INFO - [2024-09-02T09:02:37.708+0000] {dag.py:3211} INFO - Sync 1 DAGs
[2024-09-02T09:02:37.762+0000] {logging_mixin.py:190} INFO - [2024-09-02T09:02:37.762+0000] {dag.py:4138} INFO - Setting next_dagrun for nyc_airbnb_etl to 2024-09-02 06:30:00+00:00, run_after=2024-09-03 06:30:00+00:00
[2024-09-02T09:02:37.820+0000] {processor.py:208} INFO - Processing /opt/airflow/dags/nyc_airbnb_etl.py took 0.234 seconds
[2024-09-02T09:03:08.382+0000] {processor.py:186} INFO - Started process (PID=2518) to work on /opt/airflow/dags/nyc_airbnb_etl.py
[2024-09-02T09:03:08.384+0000] {processor.py:914} INFO - Processing file /opt/airflow/dags/nyc_airbnb_etl.py for tasks to queue
[2024-09-02T09:03:08.389+0000] {logging_mixin.py:190} INFO - [2024-09-02T09:03:08.388+0000] {dagbag.py:587} INFO - Filling up the DagBag from /opt/airflow/dags/nyc_airbnb_etl.py
[2024-09-02T09:03:08.437+0000] {processor.py:925} INFO - DAG(s) 'nyc_airbnb_etl' retrieved from /opt/airflow/dags/nyc_airbnb_etl.py
[2024-09-02T09:03:08.493+0000] {logging_mixin.py:190} INFO - [2024-09-02T09:03:08.492+0000] {dag.py:3211} INFO - Sync 1 DAGs
[2024-09-02T09:03:08.547+0000] {logging_mixin.py:190} INFO - [2024-09-02T09:03:08.546+0000] {dag.py:4138} INFO - Setting next_dagrun for nyc_airbnb_etl to 2024-09-02 06:30:00+00:00, run_after=2024-09-03 06:30:00+00:00
[2024-09-02T09:03:08.588+0000] {processor.py:208} INFO - Processing /opt/airflow/dags/nyc_airbnb_etl.py took 0.218 seconds
[2024-09-02T09:03:38.893+0000] {processor.py:186} INFO - Started process (PID=2581) to work on /opt/airflow/dags/nyc_airbnb_etl.py
[2024-09-02T09:03:38.895+0000] {processor.py:914} INFO - Processing file /opt/airflow/dags/nyc_airbnb_etl.py for tasks to queue
[2024-09-02T09:03:38.899+0000] {logging_mixin.py:190} INFO - [2024-09-02T09:03:38.899+0000] {dagbag.py:587} INFO - Filling up the DagBag from /opt/airflow/dags/nyc_airbnb_etl.py
[2024-09-02T09:03:38.947+0000] {processor.py:925} INFO - DAG(s) 'nyc_airbnb_etl' retrieved from /opt/airflow/dags/nyc_airbnb_etl.py
[2024-09-02T09:03:39.009+0000] {logging_mixin.py:190} INFO - [2024-09-02T09:03:39.009+0000] {dag.py:3211} INFO - Sync 1 DAGs
[2024-09-02T09:03:39.063+0000] {logging_mixin.py:190} INFO - [2024-09-02T09:03:39.063+0000] {dag.py:4138} INFO - Setting next_dagrun for nyc_airbnb_etl to 2024-09-02 06:30:00+00:00, run_after=2024-09-03 06:30:00+00:00
[2024-09-02T09:03:39.124+0000] {processor.py:208} INFO - Processing /opt/airflow/dags/nyc_airbnb_etl.py took 0.242 seconds
[2024-09-02T09:04:09.284+0000] {processor.py:186} INFO - Started process (PID=2644) to work on /opt/airflow/dags/nyc_airbnb_etl.py
[2024-09-02T09:04:09.287+0000] {processor.py:914} INFO - Processing file /opt/airflow/dags/nyc_airbnb_etl.py for tasks to queue
[2024-09-02T09:04:09.291+0000] {logging_mixin.py:190} INFO - [2024-09-02T09:04:09.291+0000] {dagbag.py:587} INFO - Filling up the DagBag from /opt/airflow/dags/nyc_airbnb_etl.py
[2024-09-02T09:04:09.342+0000] {processor.py:925} INFO - DAG(s) 'nyc_airbnb_etl' retrieved from /opt/airflow/dags/nyc_airbnb_etl.py
[2024-09-02T09:04:09.414+0000] {logging_mixin.py:190} INFO - [2024-09-02T09:04:09.414+0000] {dag.py:3211} INFO - Sync 1 DAGs
[2024-09-02T09:04:09.484+0000] {logging_mixin.py:190} INFO - [2024-09-02T09:04:09.484+0000] {dag.py:4138} INFO - Setting next_dagrun for nyc_airbnb_etl to 2024-09-02 06:30:00+00:00, run_after=2024-09-03 06:30:00+00:00
[2024-09-02T09:04:09.548+0000] {processor.py:208} INFO - Processing /opt/airflow/dags/nyc_airbnb_etl.py took 0.273 seconds
[2024-09-02T09:04:40.300+0000] {processor.py:186} INFO - Started process (PID=2708) to work on /opt/airflow/dags/nyc_airbnb_etl.py
[2024-09-02T09:04:40.302+0000] {processor.py:914} INFO - Processing file /opt/airflow/dags/nyc_airbnb_etl.py for tasks to queue
[2024-09-02T09:04:40.307+0000] {logging_mixin.py:190} INFO - [2024-09-02T09:04:40.306+0000] {dagbag.py:587} INFO - Filling up the DagBag from /opt/airflow/dags/nyc_airbnb_etl.py
[2024-09-02T09:04:40.361+0000] {processor.py:925} INFO - DAG(s) 'nyc_airbnb_etl' retrieved from /opt/airflow/dags/nyc_airbnb_etl.py
[2024-09-02T09:04:40.426+0000] {logging_mixin.py:190} INFO - [2024-09-02T09:04:40.426+0000] {dag.py:3211} INFO - Sync 1 DAGs
[2024-09-02T09:04:40.487+0000] {logging_mixin.py:190} INFO - [2024-09-02T09:04:40.486+0000] {dag.py:4138} INFO - Setting next_dagrun for nyc_airbnb_etl to 2024-09-02 06:30:00+00:00, run_after=2024-09-03 06:30:00+00:00
[2024-09-02T09:04:40.527+0000] {processor.py:208} INFO - Processing /opt/airflow/dags/nyc_airbnb_etl.py took 0.236 seconds
[2024-09-02T09:05:10.642+0000] {processor.py:186} INFO - Started process (PID=2771) to work on /opt/airflow/dags/nyc_airbnb_etl.py
[2024-09-02T09:05:10.644+0000] {processor.py:914} INFO - Processing file /opt/airflow/dags/nyc_airbnb_etl.py for tasks to queue
[2024-09-02T09:05:10.648+0000] {logging_mixin.py:190} INFO - [2024-09-02T09:05:10.647+0000] {dagbag.py:587} INFO - Filling up the DagBag from /opt/airflow/dags/nyc_airbnb_etl.py
[2024-09-02T09:05:10.697+0000] {processor.py:925} INFO - DAG(s) 'nyc_airbnb_etl' retrieved from /opt/airflow/dags/nyc_airbnb_etl.py
[2024-09-02T09:05:10.755+0000] {logging_mixin.py:190} INFO - [2024-09-02T09:05:10.754+0000] {dag.py:3211} INFO - Sync 1 DAGs
[2024-09-02T09:05:10.808+0000] {logging_mixin.py:190} INFO - [2024-09-02T09:05:10.808+0000] {dag.py:4138} INFO - Setting next_dagrun for nyc_airbnb_etl to 2024-09-02 06:30:00+00:00, run_after=2024-09-03 06:30:00+00:00
[2024-09-02T09:05:10.871+0000] {processor.py:208} INFO - Processing /opt/airflow/dags/nyc_airbnb_etl.py took 0.240 seconds
[2024-09-02T09:05:41.360+0000] {processor.py:186} INFO - Started process (PID=2834) to work on /opt/airflow/dags/nyc_airbnb_etl.py
[2024-09-02T09:05:41.363+0000] {processor.py:914} INFO - Processing file /opt/airflow/dags/nyc_airbnb_etl.py for tasks to queue
[2024-09-02T09:05:41.370+0000] {logging_mixin.py:190} INFO - [2024-09-02T09:05:41.369+0000] {dagbag.py:587} INFO - Filling up the DagBag from /opt/airflow/dags/nyc_airbnb_etl.py
[2024-09-02T09:05:41.422+0000] {processor.py:925} INFO - DAG(s) 'nyc_airbnb_etl' retrieved from /opt/airflow/dags/nyc_airbnb_etl.py
[2024-09-02T09:05:41.482+0000] {logging_mixin.py:190} INFO - [2024-09-02T09:05:41.481+0000] {dag.py:3211} INFO - Sync 1 DAGs
[2024-09-02T09:05:41.539+0000] {logging_mixin.py:190} INFO - [2024-09-02T09:05:41.538+0000] {dag.py:4138} INFO - Setting next_dagrun for nyc_airbnb_etl to 2024-09-02 06:30:00+00:00, run_after=2024-09-03 06:30:00+00:00
[2024-09-02T09:05:41.581+0000] {processor.py:208} INFO - Processing /opt/airflow/dags/nyc_airbnb_etl.py took 0.237 seconds
[2024-09-02T09:06:12.125+0000] {processor.py:186} INFO - Started process (PID=2897) to work on /opt/airflow/dags/nyc_airbnb_etl.py
[2024-09-02T09:06:12.127+0000] {processor.py:914} INFO - Processing file /opt/airflow/dags/nyc_airbnb_etl.py for tasks to queue
[2024-09-02T09:06:12.132+0000] {logging_mixin.py:190} INFO - [2024-09-02T09:06:12.131+0000] {dagbag.py:587} INFO - Filling up the DagBag from /opt/airflow/dags/nyc_airbnb_etl.py
[2024-09-02T09:06:12.194+0000] {processor.py:925} INFO - DAG(s) 'nyc_airbnb_etl' retrieved from /opt/airflow/dags/nyc_airbnb_etl.py
[2024-09-02T09:06:12.258+0000] {logging_mixin.py:190} INFO - [2024-09-02T09:06:12.257+0000] {dag.py:3211} INFO - Sync 1 DAGs
[2024-09-02T09:06:12.320+0000] {logging_mixin.py:190} INFO - [2024-09-02T09:06:12.319+0000] {dag.py:4138} INFO - Setting next_dagrun for nyc_airbnb_etl to 2024-09-02 06:30:00+00:00, run_after=2024-09-03 06:30:00+00:00
[2024-09-02T09:06:12.363+0000] {processor.py:208} INFO - Processing /opt/airflow/dags/nyc_airbnb_etl.py took 0.253 seconds
[2024-09-02T09:06:42.450+0000] {processor.py:186} INFO - Started process (PID=2960) to work on /opt/airflow/dags/nyc_airbnb_etl.py
[2024-09-02T09:06:42.452+0000] {processor.py:914} INFO - Processing file /opt/airflow/dags/nyc_airbnb_etl.py for tasks to queue
[2024-09-02T09:06:42.455+0000] {logging_mixin.py:190} INFO - [2024-09-02T09:06:42.455+0000] {dagbag.py:587} INFO - Filling up the DagBag from /opt/airflow/dags/nyc_airbnb_etl.py
[2024-09-02T09:06:42.504+0000] {processor.py:925} INFO - DAG(s) 'nyc_airbnb_etl' retrieved from /opt/airflow/dags/nyc_airbnb_etl.py
[2024-09-02T09:06:42.559+0000] {logging_mixin.py:190} INFO - [2024-09-02T09:06:42.558+0000] {dag.py:3211} INFO - Sync 1 DAGs
[2024-09-02T09:06:42.613+0000] {logging_mixin.py:190} INFO - [2024-09-02T09:06:42.612+0000] {dag.py:4138} INFO - Setting next_dagrun for nyc_airbnb_etl to 2024-09-02 06:30:00+00:00, run_after=2024-09-03 06:30:00+00:00
[2024-09-02T09:06:42.671+0000] {processor.py:208} INFO - Processing /opt/airflow/dags/nyc_airbnb_etl.py took 0.231 seconds
[2024-09-02T09:07:13.425+0000] {processor.py:186} INFO - Started process (PID=3023) to work on /opt/airflow/dags/nyc_airbnb_etl.py
[2024-09-02T09:07:13.426+0000] {processor.py:914} INFO - Processing file /opt/airflow/dags/nyc_airbnb_etl.py for tasks to queue
[2024-09-02T09:07:13.430+0000] {logging_mixin.py:190} INFO - [2024-09-02T09:07:13.430+0000] {dagbag.py:587} INFO - Filling up the DagBag from /opt/airflow/dags/nyc_airbnb_etl.py
[2024-09-02T09:07:13.485+0000] {processor.py:925} INFO - DAG(s) 'nyc_airbnb_etl' retrieved from /opt/airflow/dags/nyc_airbnb_etl.py
[2024-09-02T09:07:13.551+0000] {logging_mixin.py:190} INFO - [2024-09-02T09:07:13.551+0000] {dag.py:3211} INFO - Sync 1 DAGs
[2024-09-02T09:07:13.607+0000] {logging_mixin.py:190} INFO - [2024-09-02T09:07:13.606+0000] {dag.py:4138} INFO - Setting next_dagrun for nyc_airbnb_etl to 2024-09-02 06:30:00+00:00, run_after=2024-09-03 06:30:00+00:00
[2024-09-02T09:07:13.671+0000] {processor.py:208} INFO - Processing /opt/airflow/dags/nyc_airbnb_etl.py took 0.257 seconds
[2024-09-02T09:07:44.016+0000] {processor.py:186} INFO - Started process (PID=3086) to work on /opt/airflow/dags/nyc_airbnb_etl.py
[2024-09-02T09:07:44.018+0000] {processor.py:914} INFO - Processing file /opt/airflow/dags/nyc_airbnb_etl.py for tasks to queue
[2024-09-02T09:07:44.028+0000] {logging_mixin.py:190} INFO - [2024-09-02T09:07:44.026+0000] {dagbag.py:587} INFO - Filling up the DagBag from /opt/airflow/dags/nyc_airbnb_etl.py
[2024-09-02T09:07:44.091+0000] {processor.py:925} INFO - DAG(s) 'nyc_airbnb_etl' retrieved from /opt/airflow/dags/nyc_airbnb_etl.py
[2024-09-02T09:07:44.152+0000] {logging_mixin.py:190} INFO - [2024-09-02T09:07:44.151+0000] {dag.py:3211} INFO - Sync 1 DAGs
[2024-09-02T09:07:44.201+0000] {logging_mixin.py:190} INFO - [2024-09-02T09:07:44.200+0000] {dag.py:4138} INFO - Setting next_dagrun for nyc_airbnb_etl to 2024-09-02 06:30:00+00:00, run_after=2024-09-03 06:30:00+00:00
[2024-09-02T09:07:44.515+0000] {processor.py:208} INFO - Processing /opt/airflow/dags/nyc_airbnb_etl.py took 0.518 seconds
[2024-09-02T09:08:14.944+0000] {processor.py:186} INFO - Started process (PID=3149) to work on /opt/airflow/dags/nyc_airbnb_etl.py
[2024-09-02T09:08:14.946+0000] {processor.py:914} INFO - Processing file /opt/airflow/dags/nyc_airbnb_etl.py for tasks to queue
[2024-09-02T09:08:14.951+0000] {logging_mixin.py:190} INFO - [2024-09-02T09:08:14.950+0000] {dagbag.py:587} INFO - Filling up the DagBag from /opt/airflow/dags/nyc_airbnb_etl.py
[2024-09-02T09:08:15.012+0000] {processor.py:925} INFO - DAG(s) 'nyc_airbnb_etl' retrieved from /opt/airflow/dags/nyc_airbnb_etl.py
[2024-09-02T09:08:15.066+0000] {logging_mixin.py:190} INFO - [2024-09-02T09:08:15.065+0000] {dag.py:3211} INFO - Sync 1 DAGs
[2024-09-02T09:08:15.131+0000] {logging_mixin.py:190} INFO - [2024-09-02T09:08:15.130+0000] {dag.py:4138} INFO - Setting next_dagrun for nyc_airbnb_etl to 2024-09-02 06:30:00+00:00, run_after=2024-09-03 06:30:00+00:00
[2024-09-02T09:08:15.174+0000] {processor.py:208} INFO - Processing /opt/airflow/dags/nyc_airbnb_etl.py took 0.242 seconds
[2024-09-02T09:08:45.819+0000] {processor.py:186} INFO - Started process (PID=3212) to work on /opt/airflow/dags/nyc_airbnb_etl.py
[2024-09-02T09:08:45.821+0000] {processor.py:914} INFO - Processing file /opt/airflow/dags/nyc_airbnb_etl.py for tasks to queue
[2024-09-02T09:08:45.824+0000] {logging_mixin.py:190} INFO - [2024-09-02T09:08:45.824+0000] {dagbag.py:587} INFO - Filling up the DagBag from /opt/airflow/dags/nyc_airbnb_etl.py
[2024-09-02T09:08:45.872+0000] {processor.py:925} INFO - DAG(s) 'nyc_airbnb_etl' retrieved from /opt/airflow/dags/nyc_airbnb_etl.py
[2024-09-02T09:08:45.930+0000] {logging_mixin.py:190} INFO - [2024-09-02T09:08:45.929+0000] {dag.py:3211} INFO - Sync 1 DAGs
[2024-09-02T09:08:45.992+0000] {logging_mixin.py:190} INFO - [2024-09-02T09:08:45.991+0000] {dag.py:4138} INFO - Setting next_dagrun for nyc_airbnb_etl to 2024-09-02 06:30:00+00:00, run_after=2024-09-03 06:30:00+00:00
[2024-09-02T09:08:46.049+0000] {processor.py:208} INFO - Processing /opt/airflow/dags/nyc_airbnb_etl.py took 0.241 seconds
[2024-09-02T09:09:16.735+0000] {processor.py:186} INFO - Started process (PID=3276) to work on /opt/airflow/dags/nyc_airbnb_etl.py
[2024-09-02T09:09:16.737+0000] {processor.py:914} INFO - Processing file /opt/airflow/dags/nyc_airbnb_etl.py for tasks to queue
[2024-09-02T09:09:16.743+0000] {logging_mixin.py:190} INFO - [2024-09-02T09:09:16.742+0000] {dagbag.py:587} INFO - Filling up the DagBag from /opt/airflow/dags/nyc_airbnb_etl.py
[2024-09-02T09:09:16.794+0000] {processor.py:925} INFO - DAG(s) 'nyc_airbnb_etl' retrieved from /opt/airflow/dags/nyc_airbnb_etl.py
[2024-09-02T09:09:16.853+0000] {logging_mixin.py:190} INFO - [2024-09-02T09:09:16.853+0000] {dag.py:3211} INFO - Sync 1 DAGs
[2024-09-02T09:09:17.164+0000] {logging_mixin.py:190} INFO - [2024-09-02T09:09:17.163+0000] {dag.py:4138} INFO - Setting next_dagrun for nyc_airbnb_etl to 2024-09-02 06:30:00+00:00, run_after=2024-09-03 06:30:00+00:00
[2024-09-02T09:09:17.199+0000] {processor.py:208} INFO - Processing /opt/airflow/dags/nyc_airbnb_etl.py took 0.478 seconds
[2024-09-02T09:09:47.679+0000] {processor.py:186} INFO - Started process (PID=3340) to work on /opt/airflow/dags/nyc_airbnb_etl.py
[2024-09-02T09:09:47.680+0000] {processor.py:914} INFO - Processing file /opt/airflow/dags/nyc_airbnb_etl.py for tasks to queue
[2024-09-02T09:09:47.684+0000] {logging_mixin.py:190} INFO - [2024-09-02T09:09:47.684+0000] {dagbag.py:587} INFO - Filling up the DagBag from /opt/airflow/dags/nyc_airbnb_etl.py
[2024-09-02T09:09:47.742+0000] {processor.py:925} INFO - DAG(s) 'nyc_airbnb_etl' retrieved from /opt/airflow/dags/nyc_airbnb_etl.py
[2024-09-02T09:09:47.798+0000] {logging_mixin.py:190} INFO - [2024-09-02T09:09:47.797+0000] {dag.py:3211} INFO - Sync 1 DAGs
[2024-09-02T09:09:47.851+0000] {logging_mixin.py:190} INFO - [2024-09-02T09:09:47.851+0000] {dag.py:4138} INFO - Setting next_dagrun for nyc_airbnb_etl to 2024-09-02 06:30:00+00:00, run_after=2024-09-03 06:30:00+00:00
[2024-09-02T09:09:48.152+0000] {processor.py:208} INFO - Processing /opt/airflow/dags/nyc_airbnb_etl.py took 0.484 seconds
[2024-09-02T09:10:18.248+0000] {processor.py:186} INFO - Started process (PID=3403) to work on /opt/airflow/dags/nyc_airbnb_etl.py
[2024-09-02T09:10:18.249+0000] {processor.py:914} INFO - Processing file /opt/airflow/dags/nyc_airbnb_etl.py for tasks to queue
[2024-09-02T09:10:18.253+0000] {logging_mixin.py:190} INFO - [2024-09-02T09:10:18.252+0000] {dagbag.py:587} INFO - Filling up the DagBag from /opt/airflow/dags/nyc_airbnb_etl.py
[2024-09-02T09:10:18.302+0000] {processor.py:925} INFO - DAG(s) 'nyc_airbnb_etl' retrieved from /opt/airflow/dags/nyc_airbnb_etl.py
[2024-09-02T09:10:18.357+0000] {logging_mixin.py:190} INFO - [2024-09-02T09:10:18.357+0000] {dag.py:3211} INFO - Sync 1 DAGs
[2024-09-02T09:10:18.404+0000] {logging_mixin.py:190} INFO - [2024-09-02T09:10:18.403+0000] {dag.py:4138} INFO - Setting next_dagrun for nyc_airbnb_etl to 2024-09-02 06:30:00+00:00, run_after=2024-09-03 06:30:00+00:00
[2024-09-02T09:10:18.439+0000] {processor.py:208} INFO - Processing /opt/airflow/dags/nyc_airbnb_etl.py took 0.201 seconds
[2024-09-02T09:10:48.725+0000] {processor.py:186} INFO - Started process (PID=3466) to work on /opt/airflow/dags/nyc_airbnb_etl.py
[2024-09-02T09:10:48.727+0000] {processor.py:914} INFO - Processing file /opt/airflow/dags/nyc_airbnb_etl.py for tasks to queue
[2024-09-02T09:10:48.732+0000] {logging_mixin.py:190} INFO - [2024-09-02T09:10:48.732+0000] {dagbag.py:587} INFO - Filling up the DagBag from /opt/airflow/dags/nyc_airbnb_etl.py
[2024-09-02T09:10:48.785+0000] {processor.py:925} INFO - DAG(s) 'nyc_airbnb_etl' retrieved from /opt/airflow/dags/nyc_airbnb_etl.py
[2024-09-02T09:10:49.088+0000] {logging_mixin.py:190} INFO - [2024-09-02T09:10:49.088+0000] {dag.py:3211} INFO - Sync 1 DAGs
[2024-09-02T09:10:49.137+0000] {logging_mixin.py:190} INFO - [2024-09-02T09:10:49.137+0000] {dag.py:4138} INFO - Setting next_dagrun for nyc_airbnb_etl to 2024-09-02 06:30:00+00:00, run_after=2024-09-03 06:30:00+00:00
[2024-09-02T09:10:49.184+0000] {processor.py:208} INFO - Processing /opt/airflow/dags/nyc_airbnb_etl.py took 0.470 seconds
[2024-09-02T09:11:19.719+0000] {processor.py:186} INFO - Started process (PID=3529) to work on /opt/airflow/dags/nyc_airbnb_etl.py
[2024-09-02T09:11:19.720+0000] {processor.py:914} INFO - Processing file /opt/airflow/dags/nyc_airbnb_etl.py for tasks to queue
[2024-09-02T09:11:19.725+0000] {logging_mixin.py:190} INFO - [2024-09-02T09:11:19.724+0000] {dagbag.py:587} INFO - Filling up the DagBag from /opt/airflow/dags/nyc_airbnb_etl.py
[2024-09-02T09:11:19.772+0000] {processor.py:925} INFO - DAG(s) 'nyc_airbnb_etl' retrieved from /opt/airflow/dags/nyc_airbnb_etl.py
[2024-09-02T09:11:19.826+0000] {logging_mixin.py:190} INFO - [2024-09-02T09:11:19.825+0000] {dag.py:3211} INFO - Sync 1 DAGs
[2024-09-02T09:11:20.170+0000] {logging_mixin.py:190} INFO - [2024-09-02T09:11:20.170+0000] {dag.py:4138} INFO - Setting next_dagrun for nyc_airbnb_etl to 2024-09-02 06:30:00+00:00, run_after=2024-09-03 06:30:00+00:00
[2024-09-02T09:11:20.209+0000] {processor.py:208} INFO - Processing /opt/airflow/dags/nyc_airbnb_etl.py took 0.502 seconds
[2024-09-02T09:11:50.870+0000] {processor.py:186} INFO - Started process (PID=3599) to work on /opt/airflow/dags/nyc_airbnb_etl.py
[2024-09-02T09:11:50.871+0000] {processor.py:914} INFO - Processing file /opt/airflow/dags/nyc_airbnb_etl.py for tasks to queue
[2024-09-02T09:11:50.875+0000] {logging_mixin.py:190} INFO - [2024-09-02T09:11:50.874+0000] {dagbag.py:587} INFO - Filling up the DagBag from /opt/airflow/dags/nyc_airbnb_etl.py
[2024-09-02T09:11:50.927+0000] {processor.py:925} INFO - DAG(s) 'nyc_airbnb_etl' retrieved from /opt/airflow/dags/nyc_airbnb_etl.py
[2024-09-02T09:11:50.983+0000] {logging_mixin.py:190} INFO - [2024-09-02T09:11:50.982+0000] {dag.py:3211} INFO - Sync 1 DAGs
[2024-09-02T09:11:51.033+0000] {logging_mixin.py:190} INFO - [2024-09-02T09:11:51.032+0000] {dag.py:4138} INFO - Setting next_dagrun for nyc_airbnb_etl to 2024-09-02 06:30:00+00:00, run_after=2024-09-03 06:30:00+00:00
[2024-09-02T09:11:51.076+0000] {processor.py:208} INFO - Processing /opt/airflow/dags/nyc_airbnb_etl.py took 0.215 seconds
[2024-09-02T09:12:21.767+0000] {processor.py:186} INFO - Started process (PID=3662) to work on /opt/airflow/dags/nyc_airbnb_etl.py
[2024-09-02T09:12:21.770+0000] {processor.py:914} INFO - Processing file /opt/airflow/dags/nyc_airbnb_etl.py for tasks to queue
[2024-09-02T09:12:21.775+0000] {logging_mixin.py:190} INFO - [2024-09-02T09:12:21.775+0000] {dagbag.py:587} INFO - Filling up the DagBag from /opt/airflow/dags/nyc_airbnb_etl.py
[2024-09-02T09:12:21.831+0000] {processor.py:925} INFO - DAG(s) 'nyc_airbnb_etl' retrieved from /opt/airflow/dags/nyc_airbnb_etl.py
[2024-09-02T09:12:21.892+0000] {logging_mixin.py:190} INFO - [2024-09-02T09:12:21.891+0000] {dag.py:3211} INFO - Sync 1 DAGs
[2024-09-02T09:12:21.949+0000] {logging_mixin.py:190} INFO - [2024-09-02T09:12:21.948+0000] {dag.py:4138} INFO - Setting next_dagrun for nyc_airbnb_etl to 2024-09-02 06:30:00+00:00, run_after=2024-09-03 06:30:00+00:00
[2024-09-02T09:12:22.007+0000] {processor.py:208} INFO - Processing /opt/airflow/dags/nyc_airbnb_etl.py took 0.257 seconds
[2024-09-02T09:12:52.713+0000] {processor.py:186} INFO - Started process (PID=3725) to work on /opt/airflow/dags/nyc_airbnb_etl.py
[2024-09-02T09:12:52.715+0000] {processor.py:914} INFO - Processing file /opt/airflow/dags/nyc_airbnb_etl.py for tasks to queue
[2024-09-02T09:12:52.720+0000] {logging_mixin.py:190} INFO - [2024-09-02T09:12:52.719+0000] {dagbag.py:587} INFO - Filling up the DagBag from /opt/airflow/dags/nyc_airbnb_etl.py
[2024-09-02T09:12:52.773+0000] {processor.py:925} INFO - DAG(s) 'nyc_airbnb_etl' retrieved from /opt/airflow/dags/nyc_airbnb_etl.py
[2024-09-02T09:12:52.834+0000] {logging_mixin.py:190} INFO - [2024-09-02T09:12:52.833+0000] {dag.py:3211} INFO - Sync 1 DAGs
[2024-09-02T09:12:52.911+0000] {logging_mixin.py:190} INFO - [2024-09-02T09:12:52.911+0000] {dag.py:4138} INFO - Setting next_dagrun for nyc_airbnb_etl to 2024-09-02 06:30:00+00:00, run_after=2024-09-03 06:30:00+00:00
[2024-09-02T09:12:52.986+0000] {processor.py:208} INFO - Processing /opt/airflow/dags/nyc_airbnb_etl.py took 0.285 seconds
[2024-09-02T09:13:23.628+0000] {processor.py:186} INFO - Started process (PID=3788) to work on /opt/airflow/dags/nyc_airbnb_etl.py
[2024-09-02T09:13:23.630+0000] {processor.py:914} INFO - Processing file /opt/airflow/dags/nyc_airbnb_etl.py for tasks to queue
[2024-09-02T09:13:23.635+0000] {logging_mixin.py:190} INFO - [2024-09-02T09:13:23.635+0000] {dagbag.py:587} INFO - Filling up the DagBag from /opt/airflow/dags/nyc_airbnb_etl.py
[2024-09-02T09:13:23.687+0000] {processor.py:925} INFO - DAG(s) 'nyc_airbnb_etl' retrieved from /opt/airflow/dags/nyc_airbnb_etl.py
[2024-09-02T09:13:23.748+0000] {logging_mixin.py:190} INFO - [2024-09-02T09:13:23.747+0000] {dag.py:3211} INFO - Sync 1 DAGs
[2024-09-02T09:13:23.802+0000] {logging_mixin.py:190} INFO - [2024-09-02T09:13:23.801+0000] {dag.py:4138} INFO - Setting next_dagrun for nyc_airbnb_etl to 2024-09-02 06:30:00+00:00, run_after=2024-09-03 06:30:00+00:00
[2024-09-02T09:13:23.842+0000] {processor.py:208} INFO - Processing /opt/airflow/dags/nyc_airbnb_etl.py took 0.230 seconds
[2024-09-02T09:13:54.601+0000] {processor.py:186} INFO - Started process (PID=3852) to work on /opt/airflow/dags/nyc_airbnb_etl.py
[2024-09-02T09:13:54.603+0000] {processor.py:914} INFO - Processing file /opt/airflow/dags/nyc_airbnb_etl.py for tasks to queue
[2024-09-02T09:13:54.607+0000] {logging_mixin.py:190} INFO - [2024-09-02T09:13:54.607+0000] {dagbag.py:587} INFO - Filling up the DagBag from /opt/airflow/dags/nyc_airbnb_etl.py
[2024-09-02T09:13:54.653+0000] {processor.py:925} INFO - DAG(s) 'nyc_airbnb_etl' retrieved from /opt/airflow/dags/nyc_airbnb_etl.py
[2024-09-02T09:13:54.718+0000] {logging_mixin.py:190} INFO - [2024-09-02T09:13:54.717+0000] {dag.py:3211} INFO - Sync 1 DAGs
[2024-09-02T09:13:54.788+0000] {logging_mixin.py:190} INFO - [2024-09-02T09:13:54.787+0000] {dag.py:4138} INFO - Setting next_dagrun for nyc_airbnb_etl to 2024-09-02 06:30:00+00:00, run_after=2024-09-03 06:30:00+00:00
[2024-09-02T09:13:54.828+0000] {processor.py:208} INFO - Processing /opt/airflow/dags/nyc_airbnb_etl.py took 0.240 seconds
[2024-09-02T09:14:25.635+0000] {processor.py:186} INFO - Started process (PID=3915) to work on /opt/airflow/dags/nyc_airbnb_etl.py
[2024-09-02T09:14:25.636+0000] {processor.py:914} INFO - Processing file /opt/airflow/dags/nyc_airbnb_etl.py for tasks to queue
[2024-09-02T09:14:25.641+0000] {logging_mixin.py:190} INFO - [2024-09-02T09:14:25.640+0000] {dagbag.py:587} INFO - Filling up the DagBag from /opt/airflow/dags/nyc_airbnb_etl.py
[2024-09-02T09:14:25.692+0000] {processor.py:925} INFO - DAG(s) 'nyc_airbnb_etl' retrieved from /opt/airflow/dags/nyc_airbnb_etl.py
[2024-09-02T09:14:25.747+0000] {logging_mixin.py:190} INFO - [2024-09-02T09:14:25.746+0000] {dag.py:3211} INFO - Sync 1 DAGs
[2024-09-02T09:14:25.796+0000] {logging_mixin.py:190} INFO - [2024-09-02T09:14:25.796+0000] {dag.py:4138} INFO - Setting next_dagrun for nyc_airbnb_etl to 2024-09-02 06:30:00+00:00, run_after=2024-09-03 06:30:00+00:00
[2024-09-02T09:14:25.855+0000] {processor.py:208} INFO - Processing /opt/airflow/dags/nyc_airbnb_etl.py took 0.234 seconds
[2024-09-02T09:14:56.667+0000] {processor.py:186} INFO - Started process (PID=3978) to work on /opt/airflow/dags/nyc_airbnb_etl.py
[2024-09-02T09:14:56.669+0000] {processor.py:914} INFO - Processing file /opt/airflow/dags/nyc_airbnb_etl.py for tasks to queue
[2024-09-02T09:14:56.675+0000] {logging_mixin.py:190} INFO - [2024-09-02T09:14:56.674+0000] {dagbag.py:587} INFO - Filling up the DagBag from /opt/airflow/dags/nyc_airbnb_etl.py
[2024-09-02T09:14:56.730+0000] {processor.py:925} INFO - DAG(s) 'nyc_airbnb_etl' retrieved from /opt/airflow/dags/nyc_airbnb_etl.py
[2024-09-02T09:14:56.787+0000] {logging_mixin.py:190} INFO - [2024-09-02T09:14:56.787+0000] {dag.py:3211} INFO - Sync 1 DAGs
[2024-09-02T09:14:56.836+0000] {logging_mixin.py:190} INFO - [2024-09-02T09:14:56.836+0000] {dag.py:4138} INFO - Setting next_dagrun for nyc_airbnb_etl to 2024-09-02 06:30:00+00:00, run_after=2024-09-03 06:30:00+00:00
[2024-09-02T09:14:56.892+0000] {processor.py:208} INFO - Processing /opt/airflow/dags/nyc_airbnb_etl.py took 0.238 seconds
