[2024-09-01T08:17:05.204+0000] {local_task_job_runner.py:123} INFO - ::group::Pre task execution logs
[2024-09-01T08:17:05.220+0000] {taskinstance.py:2603} INFO - Dependencies all met for dep_context=non-requeueable deps ti=<TaskInstance: nyc_airbnb_etl.read_raw_data manual__2024-09-01T08:16:58+00:00 [queued]>
[2024-09-01T08:17:05.228+0000] {taskinstance.py:2603} INFO - Dependencies all met for dep_context=requeueable deps ti=<TaskInstance: nyc_airbnb_etl.read_raw_data manual__2024-09-01T08:16:58+00:00 [queued]>
[2024-09-01T08:17:05.229+0000] {taskinstance.py:2856} INFO - Starting attempt 1 of 1
[2024-09-01T08:17:05.243+0000] {taskinstance.py:2879} INFO - Executing <Task(PythonOperator): read_raw_data> on 2024-09-01 08:16:58+00:00
[2024-09-01T08:17:05.252+0000] {warnings.py:112} WARNING - /home/***/.local/lib/python3.12/site-packages/***/task/task_runner/standard_task_runner.py:70: DeprecationWarning: This process (pid=73) is multi-threaded, use of fork() may lead to deadlocks in the child.
  pid = os.fork()

[2024-09-01T08:17:05.253+0000] {standard_task_runner.py:72} INFO - Started process 75 to run task
[2024-09-01T08:17:05.253+0000] {standard_task_runner.py:104} INFO - Running: ['***', 'tasks', 'run', 'nyc_airbnb_etl', 'read_raw_data', 'manual__2024-09-01T08:16:58+00:00', '--job-id', '182', '--raw', '--subdir', 'DAGS_FOLDER/nyc_airbnb_etl.py', '--cfg-path', '/tmp/tmpevxeceyr']
[2024-09-01T08:17:05.254+0000] {standard_task_runner.py:105} INFO - Job 182: Subtask read_raw_data
[2024-09-01T08:17:05.301+0000] {task_command.py:467} INFO - Running <TaskInstance: nyc_airbnb_etl.read_raw_data manual__2024-09-01T08:16:58+00:00 [running]> on host 74484b69fff1
[2024-09-01T08:17:05.385+0000] {taskinstance.py:3122} INFO - Exporting env vars: AIRFLOW_CTX_DAG_OWNER='***' AIRFLOW_CTX_DAG_ID='nyc_airbnb_etl' AIRFLOW_CTX_TASK_ID='read_raw_data' AIRFLOW_CTX_EXECUTION_DATE='2024-09-01T08:16:58+00:00' AIRFLOW_CTX_TRY_NUMBER='1' AIRFLOW_CTX_DAG_RUN_ID='manual__2024-09-01T08:16:58+00:00'
[2024-09-01T08:17:05.387+0000] {logging_mixin.py:190} INFO - Task instance is in running state
[2024-09-01T08:17:05.388+0000] {logging_mixin.py:190} INFO -  Previous state of the Task instance: queued
[2024-09-01T08:17:05.389+0000] {logging_mixin.py:190} INFO - Current task name:read_raw_data state:running start_date:2024-09-01 08:17:05.221206+00:00
[2024-09-01T08:17:05.389+0000] {logging_mixin.py:190} INFO - Dag name:nyc_airbnb_etl and current dag run status:running
[2024-09-01T08:17:05.390+0000] {taskinstance.py:731} INFO - ::endgroup::
[2024-09-01T08:17:07.166+0000] {python.py:240} INFO - Done. Returned value was: None
[2024-09-01T08:17:07.176+0000] {taskinstance.py:340} INFO - ::group::Post task execution logs
[2024-09-01T08:17:07.176+0000] {taskinstance.py:352} INFO - Marking task as SUCCESS. dag_id=nyc_airbnb_etl, task_id=read_raw_data, run_id=manual__2024-09-01T08:16:58+00:00, execution_date=20240901T081658, start_date=20240901T081705, end_date=20240901T081707
[2024-09-01T08:17:07.189+0000] {logging_mixin.py:190} INFO - Task instance in success state
[2024-09-01T08:17:07.190+0000] {logging_mixin.py:190} INFO -  Previous state of the Task instance: running
[2024-09-01T08:17:07.190+0000] {logging_mixin.py:190} INFO - Dag name:nyc_airbnb_etl queued_at:2024-09-01 08:17:00.285923+00:00
[2024-09-01T08:17:07.191+0000] {logging_mixin.py:190} INFO - Task hostname:74484b69fff1 operator:PythonOperator
[2024-09-01T08:17:07.241+0000] {local_task_job_runner.py:261} INFO - Task exited with return code 0
[2024-09-01T08:17:07.254+0000] {warnings.py:112} WARNING - /home/***/.local/lib/python3.12/site-packages/***/models/baseoperator.py:1378: AirflowProviderDeprecationWarning: Call to deprecated class PostgresOperator. (Please use `***.providers.common.sql.operators.sql.SQLExecuteQueryOperator`.Also, you can provide `hook_params={'schema': <database>}`.)
  result = cls.__new__(cls)

[2024-09-01T08:17:07.271+0000] {taskinstance.py:3891} INFO - 1 downstream tasks scheduled from follow-on schedule check
[2024-09-01T08:17:07.273+0000] {local_task_job_runner.py:240} INFO - ::endgroup::
