[2024-09-01T08:33:12.678+0000] {local_task_job_runner.py:123} INFO - ::group::Pre task execution logs
[2024-09-01T08:33:12.715+0000] {taskinstance.py:2603} INFO - Dependencies all met for dep_context=non-requeueable deps ti=<TaskInstance: nyc_airbnb_etl.transform_data manual__2024-09-01T08:33:01+00:00 [queued]>
[2024-09-01T08:33:12.730+0000] {taskinstance.py:2603} INFO - Dependencies all met for dep_context=requeueable deps ti=<TaskInstance: nyc_airbnb_etl.transform_data manual__2024-09-01T08:33:01+00:00 [queued]>
[2024-09-01T08:33:12.731+0000] {taskinstance.py:2856} INFO - Starting attempt 1 of 1
[2024-09-01T08:33:12.756+0000] {taskinstance.py:2879} INFO - Executing <Task(PythonOperator): transform_data> on 2024-09-01 08:33:01+00:00
[2024-09-01T08:33:12.776+0000] {warnings.py:112} WARNING - /home/***/.local/lib/python3.12/site-packages/***/task/task_runner/standard_task_runner.py:70: DeprecationWarning: This process (pid=139) is multi-threaded, use of fork() may lead to deadlocks in the child.
  pid = os.fork()

[2024-09-01T08:33:12.778+0000] {standard_task_runner.py:104} INFO - Running: ['***', 'tasks', 'run', 'nyc_airbnb_etl', 'transform_data', 'manual__2024-09-01T08:33:01+00:00', '--job-id', '199', '--raw', '--subdir', 'DAGS_FOLDER/nyc_airbnb_etl.py', '--cfg-path', '/tmp/tmp92yffs_g']
[2024-09-01T08:33:12.779+0000] {standard_task_runner.py:72} INFO - Started process 141 to run task
[2024-09-01T08:33:12.780+0000] {standard_task_runner.py:105} INFO - Job 199: Subtask transform_data
[2024-09-01T08:33:12.876+0000] {task_command.py:467} INFO - Running <TaskInstance: nyc_airbnb_etl.transform_data manual__2024-09-01T08:33:01+00:00 [running]> on host b74353bc56c3
[2024-09-01T08:33:13.063+0000] {taskinstance.py:3122} INFO - Exporting env vars: AIRFLOW_CTX_DAG_OWNER='***' AIRFLOW_CTX_DAG_ID='nyc_airbnb_etl' AIRFLOW_CTX_TASK_ID='transform_data' AIRFLOW_CTX_EXECUTION_DATE='2024-09-01T08:33:01+00:00' AIRFLOW_CTX_TRY_NUMBER='1' AIRFLOW_CTX_DAG_RUN_ID='manual__2024-09-01T08:33:01+00:00'
[2024-09-01T08:33:13.066+0000] {logging_mixin.py:190} INFO - Task instance is in running state
[2024-09-01T08:33:13.066+0000] {logging_mixin.py:190} INFO -  Previous state of the Task instance: queued
[2024-09-01T08:33:13.067+0000] {logging_mixin.py:190} INFO - Current task name:transform_data state:running start_date:2024-09-01 08:33:12.716851+00:00
[2024-09-01T08:33:13.068+0000] {logging_mixin.py:190} INFO - Dag name:nyc_airbnb_etl and current dag run status:running
[2024-09-01T08:33:13.069+0000] {taskinstance.py:731} INFO - ::endgroup::
[2024-09-01T08:33:15.720+0000] {python.py:240} INFO - Done. Returned value was: None
[2024-09-01T08:33:15.732+0000] {taskinstance.py:340} INFO - ::group::Post task execution logs
[2024-09-01T08:33:15.733+0000] {taskinstance.py:352} INFO - Marking task as SUCCESS. dag_id=nyc_airbnb_etl, task_id=transform_data, run_id=manual__2024-09-01T08:33:01+00:00, execution_date=20240901T083301, start_date=20240901T083312, end_date=20240901T083315
[2024-09-01T08:33:15.743+0000] {logging_mixin.py:190} INFO - Task instance in success state
[2024-09-01T08:33:15.743+0000] {logging_mixin.py:190} INFO -  Previous state of the Task instance: running
[2024-09-01T08:33:15.744+0000] {logging_mixin.py:190} INFO - Dag name:nyc_airbnb_etl queued_at:2024-09-01 08:33:03.708025+00:00
[2024-09-01T08:33:15.744+0000] {logging_mixin.py:190} INFO - Task hostname:b74353bc56c3 operator:PythonOperator
[2024-09-01T08:33:15.771+0000] {local_task_job_runner.py:261} INFO - Task exited with return code 0
[2024-09-01T08:33:15.785+0000] {warnings.py:112} WARNING - /home/***/.local/lib/python3.12/site-packages/***/models/baseoperator.py:1378: AirflowProviderDeprecationWarning: Call to deprecated class PostgresOperator. (Please use `***.providers.common.sql.operators.sql.SQLExecuteQueryOperator`.Also, you can provide `hook_params={'schema': <database>}`.)
  result = cls.__new__(cls)

[2024-09-01T08:33:15.807+0000] {taskinstance.py:3891} INFO - 1 downstream tasks scheduled from follow-on schedule check
[2024-09-01T08:33:15.810+0000] {local_task_job_runner.py:240} INFO - ::endgroup::
