[2024-09-02T08:55:31.754+0000] {local_task_job_runner.py:123} INFO - ::group::Pre task execution logs
[2024-09-02T08:55:31.799+0000] {taskinstance.py:2603} INFO - Dependencies all met for dep_context=non-requeueable deps ti=<TaskInstance: nyc_airbnb_etl.read_raw_data scheduled__2024-09-01T06:30:00+00:00 [queued]>
[2024-09-02T08:55:31.827+0000] {taskinstance.py:2603} INFO - Dependencies all met for dep_context=requeueable deps ti=<TaskInstance: nyc_airbnb_etl.read_raw_data scheduled__2024-09-01T06:30:00+00:00 [queued]>
[2024-09-02T08:55:31.829+0000] {taskinstance.py:2856} INFO - Starting attempt 1 of 1
[2024-09-02T08:55:31.887+0000] {taskinstance.py:2879} INFO - Executing <Task(PythonOperator): read_raw_data> on 2024-09-01 06:30:00+00:00
[2024-09-02T08:55:31.905+0000] {warnings.py:112} WARNING - /home/***/.local/lib/python3.12/site-packages/***/task/task_runner/standard_task_runner.py:70: DeprecationWarning: This process (pid=228) is multi-threaded, use of fork() may lead to deadlocks in the child.
  pid = os.fork()

[2024-09-02T08:55:31.908+0000] {standard_task_runner.py:104} INFO - Running: ['***', 'tasks', 'run', 'nyc_airbnb_etl', 'read_raw_data', 'scheduled__2024-09-01T06:30:00+00:00', '--job-id', '266', '--raw', '--subdir', 'DAGS_FOLDER/nyc_airbnb_etl.py', '--cfg-path', '/tmp/tmphhvelpz0']
[2024-09-02T08:55:31.911+0000] {standard_task_runner.py:105} INFO - Job 266: Subtask read_raw_data
[2024-09-02T08:55:31.911+0000] {standard_task_runner.py:72} INFO - Started process 230 to run task
[2024-09-02T08:55:32.057+0000] {task_command.py:467} INFO - Running <TaskInstance: nyc_airbnb_etl.read_raw_data scheduled__2024-09-01T06:30:00+00:00 [running]> on host b74353bc56c3
[2024-09-02T08:55:32.368+0000] {taskinstance.py:3122} INFO - Exporting env vars: AIRFLOW_CTX_DAG_OWNER='***' AIRFLOW_CTX_DAG_ID='nyc_airbnb_etl' AIRFLOW_CTX_TASK_ID='read_raw_data' AIRFLOW_CTX_EXECUTION_DATE='2024-09-01T06:30:00+00:00' AIRFLOW_CTX_TRY_NUMBER='1' AIRFLOW_CTX_DAG_RUN_ID='scheduled__2024-09-01T06:30:00+00:00'
[2024-09-02T08:55:32.374+0000] {logging_mixin.py:190} INFO - Task instance is in running state
[2024-09-02T08:55:32.375+0000] {logging_mixin.py:190} INFO -  Previous state of the Task instance: queued
[2024-09-02T08:55:32.377+0000] {logging_mixin.py:190} INFO - Current task name:read_raw_data state:running start_date:2024-09-02 08:55:31.801557+00:00
[2024-09-02T08:55:32.378+0000] {logging_mixin.py:190} INFO - Dag name:nyc_airbnb_etl and current dag run status:running
[2024-09-02T08:55:32.379+0000] {taskinstance.py:731} INFO - ::endgroup::
[2024-09-02T08:55:38.680+0000] {python.py:240} INFO - Done. Returned value was: None
[2024-09-02T08:55:38.719+0000] {taskinstance.py:340} INFO - ::group::Post task execution logs
[2024-09-02T08:55:38.721+0000] {taskinstance.py:352} INFO - Marking task as SUCCESS. dag_id=nyc_airbnb_etl, task_id=read_raw_data, run_id=scheduled__2024-09-01T06:30:00+00:00, execution_date=20240901T063000, start_date=20240902T085531, end_date=20240902T085538
[2024-09-02T08:55:38.769+0000] {logging_mixin.py:190} INFO - Task instance in success state
[2024-09-02T08:55:38.776+0000] {logging_mixin.py:190} INFO -  Previous state of the Task instance: running
[2024-09-02T08:55:38.777+0000] {logging_mixin.py:190} INFO - Dag name:nyc_airbnb_etl queued_at:2024-09-02 08:55:25.320024+00:00
[2024-09-02T08:55:38.779+0000] {logging_mixin.py:190} INFO - Task hostname:b74353bc56c3 operator:PythonOperator
[2024-09-02T08:55:38.849+0000] {local_task_job_runner.py:261} INFO - Task exited with return code 0
[2024-09-02T08:55:38.884+0000] {warnings.py:112} WARNING - /home/***/.local/lib/python3.12/site-packages/***/models/baseoperator.py:1378: AirflowProviderDeprecationWarning: Call to deprecated class PostgresOperator. (Please use `***.providers.common.sql.operators.sql.SQLExecuteQueryOperator`.Also, you can provide `hook_params={'schema': <database>}`.)
  result = cls.__new__(cls)

[2024-09-02T08:55:38.964+0000] {taskinstance.py:3891} INFO - 1 downstream tasks scheduled from follow-on schedule check
[2024-09-02T08:55:38.969+0000] {local_task_job_runner.py:240} INFO - ::endgroup::
