[2024-08-31T18:55:57.416+0000] {local_task_job_runner.py:123} INFO - ::group::Pre task execution logs
[2024-08-31T18:55:57.438+0000] {taskinstance.py:2603} INFO - Dependencies all met for dep_context=non-requeueable deps ti=<TaskInstance: nyc_airbnb_etl.transform_data manual__2024-08-31T18:55:46+00:00 [queued]>
[2024-08-31T18:55:57.449+0000] {taskinstance.py:2603} INFO - Dependencies all met for dep_context=requeueable deps ti=<TaskInstance: nyc_airbnb_etl.transform_data manual__2024-08-31T18:55:46+00:00 [queued]>
[2024-08-31T18:55:57.450+0000] {taskinstance.py:2856} INFO - Starting attempt 1 of 1
[2024-08-31T18:55:57.467+0000] {taskinstance.py:2879} INFO - Executing <Task(PythonOperator): transform_data> on 2024-08-31 18:55:46+00:00
[2024-08-31T18:55:57.477+0000] {warnings.py:112} WARNING - /home/***/.local/lib/python3.12/site-packages/***/task/task_runner/standard_task_runner.py:70: DeprecationWarning: This process (pid=126) is multi-threaded, use of fork() may lead to deadlocks in the child.
  pid = os.fork()

[2024-08-31T18:55:57.479+0000] {standard_task_runner.py:72} INFO - Started process 135 to run task
[2024-08-31T18:55:57.479+0000] {standard_task_runner.py:104} INFO - Running: ['***', 'tasks', 'run', 'nyc_airbnb_etl', 'transform_data', 'manual__2024-08-31T18:55:46+00:00', '--job-id', '117', '--raw', '--subdir', 'DAGS_FOLDER/nyc_airbnb_etl.py', '--cfg-path', '/tmp/tmpocbkmwec']
[2024-08-31T18:55:57.481+0000] {standard_task_runner.py:105} INFO - Job 117: Subtask transform_data
[2024-08-31T18:55:57.538+0000] {task_command.py:467} INFO - Running <TaskInstance: nyc_airbnb_etl.transform_data manual__2024-08-31T18:55:46+00:00 [running]> on host 012ccbd6193e
[2024-08-31T18:55:57.639+0000] {taskinstance.py:3122} INFO - Exporting env vars: AIRFLOW_CTX_DAG_OWNER='***' AIRFLOW_CTX_DAG_ID='nyc_airbnb_etl' AIRFLOW_CTX_TASK_ID='transform_data' AIRFLOW_CTX_EXECUTION_DATE='2024-08-31T18:55:46+00:00' AIRFLOW_CTX_TRY_NUMBER='1' AIRFLOW_CTX_DAG_RUN_ID='manual__2024-08-31T18:55:46+00:00'
[2024-08-31T18:55:57.640+0000] {logging_mixin.py:190} INFO - Task instance is in running state
[2024-08-31T18:55:57.641+0000] {logging_mixin.py:190} INFO -  Previous state of the Task instance: queued
[2024-08-31T18:55:57.641+0000] {logging_mixin.py:190} INFO - Current task name:transform_data state:running start_date:2024-08-31 18:55:57.439091+00:00
[2024-08-31T18:55:57.642+0000] {logging_mixin.py:190} INFO - Dag name:nyc_airbnb_etl and current dag run status:running
[2024-08-31T18:55:57.642+0000] {taskinstance.py:731} INFO - ::endgroup::
[2024-08-31T18:56:00.780+0000] {python.py:240} INFO - Done. Returned value was: None
[2024-08-31T18:56:00.791+0000] {taskinstance.py:340} INFO - ::group::Post task execution logs
[2024-08-31T18:56:00.791+0000] {taskinstance.py:352} INFO - Marking task as SUCCESS. dag_id=nyc_airbnb_etl, task_id=transform_data, run_id=manual__2024-08-31T18:55:46+00:00, execution_date=20240831T185546, start_date=20240831T185557, end_date=20240831T185600
[2024-08-31T18:56:00.801+0000] {logging_mixin.py:190} INFO - Task instance in success state
[2024-08-31T18:56:00.802+0000] {logging_mixin.py:190} INFO -  Previous state of the Task instance: running
[2024-08-31T18:56:00.802+0000] {logging_mixin.py:190} INFO - Dag name:nyc_airbnb_etl queued_at:2024-08-31 18:55:48.015681+00:00
[2024-08-31T18:56:00.803+0000] {logging_mixin.py:190} INFO - Task hostname:012ccbd6193e operator:PythonOperator
[2024-08-31T18:56:00.831+0000] {local_task_job_runner.py:261} INFO - Task exited with return code 0
[2024-08-31T18:56:00.841+0000] {warnings.py:112} WARNING - /home/***/.local/lib/python3.12/site-packages/***/models/baseoperator.py:1378: AirflowProviderDeprecationWarning: Call to deprecated class PostgresOperator. (Please use `***.providers.common.sql.operators.sql.SQLExecuteQueryOperator`.Also, you can provide `hook_params={'schema': <database>}`.)
  result = cls.__new__(cls)

[2024-08-31T18:56:00.854+0000] {taskinstance.py:3891} INFO - 1 downstream tasks scheduled from follow-on schedule check
[2024-08-31T18:56:00.856+0000] {local_task_job_runner.py:240} INFO - ::endgroup::
