[2024-08-31T16:09:08.894+0000] {local_task_job_runner.py:123} INFO - ::group::Pre task execution logs
[2024-08-31T16:09:08.915+0000] {taskinstance.py:2603} INFO - Dependencies all met for dep_context=non-requeueable deps ti=<TaskInstance: nyc_airbnb_etl.transform_data manual__2024-08-31T16:08:45+00:00 [queued]>
[2024-08-31T16:09:08.928+0000] {taskinstance.py:2603} INFO - Dependencies all met for dep_context=requeueable deps ti=<TaskInstance: nyc_airbnb_etl.transform_data manual__2024-08-31T16:08:45+00:00 [queued]>
[2024-08-31T16:09:08.929+0000] {taskinstance.py:2856} INFO - Starting attempt 1 of 1
[2024-08-31T16:09:08.948+0000] {taskinstance.py:2879} INFO - Executing <Task(PythonOperator): transform_data> on 2024-08-31 16:08:45+00:00
[2024-08-31T16:09:08.958+0000] {warnings.py:112} WARNING - /home/***/.local/lib/python3.12/site-packages/***/task/task_runner/standard_task_runner.py:70: DeprecationWarning: This process (pid=84) is multi-threaded, use of fork() may lead to deadlocks in the child.
  pid = os.fork()

[2024-08-31T16:09:08.960+0000] {standard_task_runner.py:72} INFO - Started process 86 to run task
[2024-08-31T16:09:08.960+0000] {standard_task_runner.py:104} INFO - Running: ['***', 'tasks', 'run', 'nyc_airbnb_etl', 'transform_data', 'manual__2024-08-31T16:08:45+00:00', '--job-id', '78', '--raw', '--subdir', 'DAGS_FOLDER/nyc_airbnb_etl.py', '--cfg-path', '/tmp/tmpasmi71bh']
[2024-08-31T16:09:08.962+0000] {standard_task_runner.py:105} INFO - Job 78: Subtask transform_data
[2024-08-31T16:09:09.012+0000] {task_command.py:467} INFO - Running <TaskInstance: nyc_airbnb_etl.transform_data manual__2024-08-31T16:08:45+00:00 [running]> on host 8d42c25b94d7
[2024-08-31T16:09:09.086+0000] {taskinstance.py:3122} INFO - Exporting env vars: AIRFLOW_CTX_DAG_OWNER='***' AIRFLOW_CTX_DAG_ID='nyc_airbnb_etl' AIRFLOW_CTX_TASK_ID='transform_data' AIRFLOW_CTX_EXECUTION_DATE='2024-08-31T16:08:45+00:00' AIRFLOW_CTX_TRY_NUMBER='1' AIRFLOW_CTX_DAG_RUN_ID='manual__2024-08-31T16:08:45+00:00'
[2024-08-31T16:09:09.087+0000] {logging_mixin.py:190} INFO - Task instance is in running state
[2024-08-31T16:09:09.088+0000] {logging_mixin.py:190} INFO -  Previous state of the Task instance: queued
[2024-08-31T16:09:09.088+0000] {logging_mixin.py:190} INFO - Current task name:transform_data state:running start_date:2024-08-31 16:09:08.916683+00:00
[2024-08-31T16:09:09.089+0000] {logging_mixin.py:190} INFO - Dag name:nyc_airbnb_etl and current dag run status:running
[2024-08-31T16:09:09.089+0000] {taskinstance.py:731} INFO - ::endgroup::
[2024-08-31T16:09:10.714+0000] {python.py:240} INFO - Done. Returned value was: None
[2024-08-31T16:09:10.729+0000] {taskinstance.py:340} INFO - ::group::Post task execution logs
[2024-08-31T16:09:10.729+0000] {taskinstance.py:352} INFO - Marking task as SUCCESS. dag_id=nyc_airbnb_etl, task_id=transform_data, run_id=manual__2024-08-31T16:08:45+00:00, execution_date=20240831T160845, start_date=20240831T160908, end_date=20240831T160910
[2024-08-31T16:09:10.744+0000] {logging_mixin.py:190} INFO - Task instance in success state
[2024-08-31T16:09:10.745+0000] {logging_mixin.py:190} INFO -  Previous state of the Task instance: running
[2024-08-31T16:09:10.746+0000] {logging_mixin.py:190} INFO - Dag name:nyc_airbnb_etl queued_at:2024-08-31 16:08:59.216187+00:00
[2024-08-31T16:09:10.746+0000] {logging_mixin.py:190} INFO - Task hostname:8d42c25b94d7 operator:PythonOperator
[2024-08-31T16:09:10.782+0000] {local_task_job_runner.py:261} INFO - Task exited with return code 0
[2024-08-31T16:09:10.797+0000] {taskinstance.py:3891} INFO - 0 downstream tasks scheduled from follow-on schedule check
[2024-08-31T16:09:10.800+0000] {local_task_job_runner.py:240} INFO - ::endgroup::
