[2024-09-01T08:33:21.496+0000] {local_task_job_runner.py:123} INFO - ::group::Pre task execution logs
[2024-09-01T08:33:21.530+0000] {taskinstance.py:2603} INFO - Dependencies all met for dep_context=non-requeueable deps ti=<TaskInstance: nyc_airbnb_etl.log_results manual__2024-09-01T08:33:01+00:00 [queued]>
[2024-09-01T08:33:21.542+0000] {taskinstance.py:2603} INFO - Dependencies all met for dep_context=requeueable deps ti=<TaskInstance: nyc_airbnb_etl.log_results manual__2024-09-01T08:33:01+00:00 [queued]>
[2024-09-01T08:33:21.543+0000] {taskinstance.py:2856} INFO - Starting attempt 1 of 1
[2024-09-01T08:33:21.556+0000] {taskinstance.py:2879} INFO - Executing <Task(PythonOperator): log_results> on 2024-09-01 08:33:01+00:00
[2024-09-01T08:33:21.565+0000] {warnings.py:112} WARNING - /home/***/.local/lib/python3.12/site-packages/***/task/task_runner/standard_task_runner.py:70: DeprecationWarning: This process (pid=147) is multi-threaded, use of fork() may lead to deadlocks in the child.
  pid = os.fork()

[2024-09-01T08:33:21.566+0000] {standard_task_runner.py:72} INFO - Started process 149 to run task
[2024-09-01T08:33:21.567+0000] {standard_task_runner.py:104} INFO - Running: ['***', 'tasks', 'run', 'nyc_airbnb_etl', 'log_results', 'manual__2024-09-01T08:33:01+00:00', '--job-id', '201', '--raw', '--subdir', 'DAGS_FOLDER/nyc_airbnb_etl.py', '--cfg-path', '/tmp/tmpvb4c1ihn']
[2024-09-01T08:33:21.568+0000] {standard_task_runner.py:105} INFO - Job 201: Subtask log_results
[2024-09-01T08:33:21.612+0000] {task_command.py:467} INFO - Running <TaskInstance: nyc_airbnb_etl.log_results manual__2024-09-01T08:33:01+00:00 [running]> on host b74353bc56c3
[2024-09-01T08:33:21.691+0000] {taskinstance.py:3122} INFO - Exporting env vars: AIRFLOW_CTX_DAG_OWNER='***' AIRFLOW_CTX_DAG_ID='nyc_airbnb_etl' AIRFLOW_CTX_TASK_ID='log_results' AIRFLOW_CTX_EXECUTION_DATE='2024-09-01T08:33:01+00:00' AIRFLOW_CTX_TRY_NUMBER='1' AIRFLOW_CTX_DAG_RUN_ID='manual__2024-09-01T08:33:01+00:00'
[2024-09-01T08:33:21.692+0000] {logging_mixin.py:190} INFO - Task instance is in running state
[2024-09-01T08:33:21.693+0000] {logging_mixin.py:190} INFO -  Previous state of the Task instance: queued
[2024-09-01T08:33:21.693+0000] {logging_mixin.py:190} INFO - Current task name:log_results state:running start_date:2024-09-01 08:33:21.531437+00:00
[2024-09-01T08:33:21.693+0000] {logging_mixin.py:190} INFO - Dag name:nyc_airbnb_etl and current dag run status:running
[2024-09-01T08:33:21.694+0000] {taskinstance.py:731} INFO - ::endgroup::
[2024-09-01T08:33:21.704+0000] {base.py:84} INFO - Retrieving connection 'test-connection'
[2024-09-01T08:33:21.708+0000] {sql.py:509} INFO - Running statement: SELECT * FROM information_schema.tables, parameters: None
[2024-09-01T08:33:21.725+0000] {sql.py:518} INFO - Rows affected: 243
[2024-09-01T08:33:21.726+0000] {logging_mixin.py:190} INFO - ('***_etl', 'public', 'airbnb_listings', 'BASE TABLE', None, None, None, None, None, 'YES', 'NO', None)
[2024-09-01T08:33:21.727+0000] {logging_mixin.py:190} INFO - ('***_etl', 'public', 'log', 'BASE TABLE', None, None, None, None, None, 'YES', 'NO', None)
[2024-09-01T08:33:21.727+0000] {logging_mixin.py:190} INFO - ('***_etl', 'public', 'dag_priority_parsing_request', 'BASE TABLE', None, None, None, None, None, 'YES', 'NO', None)
[2024-09-01T08:33:21.728+0000] {logging_mixin.py:190} INFO - ('***_etl', 'pg_catalog', 'pg_statistic', 'BASE TABLE', None, None, None, None, None, 'YES', 'NO', None)
[2024-09-01T08:33:21.728+0000] {logging_mixin.py:190} INFO - ('***_etl', 'pg_catalog', 'pg_type', 'BASE TABLE', None, None, None, None, None, 'YES', 'NO', None)
[2024-09-01T08:33:21.729+0000] {logging_mixin.py:190} INFO - ('***_etl', 'public', 'job', 'BASE TABLE', None, None, None, None, None, 'YES', 'NO', None)
[2024-09-01T08:33:21.729+0000] {logging_mixin.py:190} INFO - ('***_etl', 'public', 'slot_pool', 'BASE TABLE', None, None, None, None, None, 'YES', 'NO', None)
[2024-09-01T08:33:21.730+0000] {logging_mixin.py:190} INFO - ('***_etl', 'pg_catalog', 'pg_foreign_table', 'BASE TABLE', None, None, None, None, None, 'YES', 'NO', None)
[2024-09-01T08:33:21.730+0000] {logging_mixin.py:190} INFO - ('***_etl', 'pg_catalog', 'pg_authid', 'BASE TABLE', None, None, None, None, None, 'YES', 'NO', None)
[2024-09-01T08:33:21.730+0000] {logging_mixin.py:190} INFO - ('***_etl', 'pg_catalog', 'pg_shadow', 'VIEW', None, None, None, None, None, 'NO', 'NO', None)
[2024-09-01T08:33:21.731+0000] {logging_mixin.py:190} INFO - ('***_etl', 'public', 'callback_request', 'BASE TABLE', None, None, None, None, None, 'YES', 'NO', None)
[2024-09-01T08:33:21.731+0000] {logging_mixin.py:190} INFO - ('***_etl', 'public', 'dag_code', 'BASE TABLE', None, None, None, None, None, 'YES', 'NO', None)
[2024-09-01T08:33:21.732+0000] {logging_mixin.py:190} INFO - ('***_etl', 'pg_catalog', 'pg_statistic_ext_data', 'BASE TABLE', None, None, None, None, None, 'YES', 'NO', None)
[2024-09-01T08:33:21.732+0000] {logging_mixin.py:190} INFO - ('***_etl', 'pg_catalog', 'pg_roles', 'VIEW', None, None, None, None, None, 'NO', 'NO', None)
[2024-09-01T08:33:21.733+0000] {logging_mixin.py:190} INFO - ('***_etl', 'public', 'dag_pickle', 'BASE TABLE', None, None, None, None, None, 'YES', 'NO', None)
[2024-09-01T08:33:21.733+0000] {logging_mixin.py:190} INFO - ('***_etl', 'pg_catalog', 'pg_settings', 'VIEW', None, None, None, None, None, 'NO', 'NO', None)
[2024-09-01T08:33:21.733+0000] {logging_mixin.py:190} INFO - ('***_etl', 'pg_catalog', 'pg_file_settings', 'VIEW', None, None, None, None, None, 'NO', 'NO', None)
[2024-09-01T08:33:21.734+0000] {logging_mixin.py:190} INFO - ('***_etl', 'pg_catalog', 'pg_hba_file_rules', 'VIEW', None, None, None, None, None, 'NO', 'NO', None)
[2024-09-01T08:33:21.734+0000] {logging_mixin.py:190} INFO - ('***_etl', 'pg_catalog', 'pg_config', 'VIEW', None, None, None, None, None, 'NO', 'NO', None)
[2024-09-01T08:33:21.735+0000] {logging_mixin.py:190} INFO - ('***_etl', 'pg_catalog', 'pg_shmem_allocations', 'VIEW', None, None, None, None, None, 'NO', 'NO', None)
[2024-09-01T08:33:21.735+0000] {logging_mixin.py:190} INFO - ('***_etl', 'public', 'ab_user', 'BASE TABLE', None, None, None, None, None, 'YES', 'NO', None)
[2024-09-01T08:33:21.735+0000] {logging_mixin.py:190} INFO - ('***_etl', 'public', 'ab_register_user', 'BASE TABLE', None, None, None, None, None, 'YES', 'NO', None)
[2024-09-01T08:33:21.736+0000] {logging_mixin.py:190} INFO - ('***_etl', 'pg_catalog', 'pg_prepared_statements', 'VIEW', None, None, None, None, None, 'NO', 'NO', None)
[2024-09-01T08:33:21.736+0000] {logging_mixin.py:190} INFO - ('***_etl', 'pg_catalog', 'pg_largeobject', 'BASE TABLE', None, None, None, None, None, 'YES', 'NO', None)
[2024-09-01T08:33:21.736+0000] {logging_mixin.py:190} INFO - ('***_etl', 'pg_catalog', 'pg_user_mapping', 'BASE TABLE', None, None, None, None, None, 'YES', 'NO', None)
[2024-09-01T08:33:21.737+0000] {logging_mixin.py:190} INFO - ('***_etl', 'pg_catalog', 'pg_stat_progress_vacuum', 'VIEW', None, None, None, None, None, 'NO', 'NO', None)
[2024-09-01T08:33:21.737+0000] {logging_mixin.py:190} INFO - ('***_etl', 'pg_catalog', 'pg_replication_origin_status', 'VIEW', None, None, None, None, None, 'NO', 'NO', None)
[2024-09-01T08:33:21.738+0000] {logging_mixin.py:190} INFO - ('***_etl', 'pg_catalog', 'pg_subscription', 'BASE TABLE', None, None, None, None, None, 'YES', 'NO', None)
[2024-09-01T08:33:21.738+0000] {logging_mixin.py:190} INFO - ('***_etl', 'pg_catalog', 'pg_attribute', 'BASE TABLE', None, None, None, None, None, 'YES', 'NO', None)
[2024-09-01T08:33:21.738+0000] {logging_mixin.py:190} INFO - ('***_etl', 'pg_catalog', 'pg_proc', 'BASE TABLE', None, None, None, None, None, 'YES', 'NO', None)
[2024-09-01T08:33:21.739+0000] {logging_mixin.py:190} INFO - ('***_etl', 'pg_catalog', 'pg_class', 'BASE TABLE', None, None, None, None, None, 'YES', 'NO', None)
[2024-09-01T08:33:21.739+0000] {logging_mixin.py:190} INFO - ('***_etl', 'pg_catalog', 'pg_attrdef', 'BASE TABLE', None, None, None, None, None, 'YES', 'NO', None)
[2024-09-01T08:33:21.740+0000] {logging_mixin.py:190} INFO - ('***_etl', 'pg_catalog', 'pg_constraint', 'BASE TABLE', None, None, None, None, None, 'YES', 'NO', None)
[2024-09-01T08:33:21.740+0000] {logging_mixin.py:190} INFO - ('***_etl', 'pg_catalog', 'pg_inherits', 'BASE TABLE', None, None, None, None, None, 'YES', 'NO', None)
[2024-09-01T08:33:21.741+0000] {logging_mixin.py:190} INFO - ('***_etl', 'pg_catalog', 'pg_index', 'BASE TABLE', None, None, None, None, None, 'YES', 'NO', None)
[2024-09-01T08:33:21.741+0000] {logging_mixin.py:190} INFO - ('***_etl', 'pg_catalog', 'pg_operator', 'BASE TABLE', None, None, None, None, None, 'YES', 'NO', None)
[2024-09-01T08:33:21.742+0000] {logging_mixin.py:190} INFO - ('***_etl', 'pg_catalog', 'pg_opfamily', 'BASE TABLE', None, None, None, None, None, 'YES', 'NO', None)
[2024-09-01T08:33:21.742+0000] {logging_mixin.py:190} INFO - ('***_etl', 'pg_catalog', 'pg_opclass', 'BASE TABLE', None, None, None, None, None, 'YES', 'NO', None)
[2024-09-01T08:33:21.743+0000] {logging_mixin.py:190} INFO - ('***_etl', 'pg_catalog', 'pg_am', 'BASE TABLE', None, None, None, None, None, 'YES', 'NO', None)
[2024-09-01T08:33:21.743+0000] {logging_mixin.py:190} INFO - ('***_etl', 'pg_catalog', 'pg_amop', 'BASE TABLE', None, None, None, None, None, 'YES', 'NO', None)
[2024-09-01T08:33:21.743+0000] {logging_mixin.py:190} INFO - ('***_etl', 'pg_catalog', 'pg_amproc', 'BASE TABLE', None, None, None, None, None, 'YES', 'NO', None)
[2024-09-01T08:33:21.744+0000] {logging_mixin.py:190} INFO - ('***_etl', 'pg_catalog', 'pg_language', 'BASE TABLE', None, None, None, None, None, 'YES', 'NO', None)
[2024-09-01T08:33:21.744+0000] {logging_mixin.py:190} INFO - ('***_etl', 'pg_catalog', 'pg_largeobject_metadata', 'BASE TABLE', None, None, None, None, None, 'YES', 'NO', None)
[2024-09-01T08:33:21.745+0000] {logging_mixin.py:190} INFO - ('***_etl', 'pg_catalog', 'pg_aggregate', 'BASE TABLE', None, None, None, None, None, 'YES', 'NO', None)
[2024-09-01T08:33:21.745+0000] {logging_mixin.py:190} INFO - ('***_etl', 'pg_catalog', 'pg_statistic_ext', 'BASE TABLE', None, None, None, None, None, 'YES', 'NO', None)
[2024-09-01T08:33:21.745+0000] {logging_mixin.py:190} INFO - ('***_etl', 'pg_catalog', 'pg_rewrite', 'BASE TABLE', None, None, None, None, None, 'YES', 'NO', None)
[2024-09-01T08:33:21.746+0000] {logging_mixin.py:190} INFO - ('***_etl', 'pg_catalog', 'pg_trigger', 'BASE TABLE', None, None, None, None, None, 'YES', 'NO', None)
[2024-09-01T08:33:21.746+0000] {logging_mixin.py:190} INFO - ('***_etl', 'pg_catalog', 'pg_event_trigger', 'BASE TABLE', None, None, None, None, None, 'YES', 'NO', None)
[2024-09-01T08:33:21.746+0000] {logging_mixin.py:190} INFO - ('***_etl', 'pg_catalog', 'pg_description', 'BASE TABLE', None, None, None, None, None, 'YES', 'NO', None)
[2024-09-01T08:33:21.747+0000] {logging_mixin.py:190} INFO - ('***_etl', 'pg_catalog', 'pg_cast', 'BASE TABLE', None, None, None, None, None, 'YES', 'NO', None)
[2024-09-01T08:33:21.747+0000] {logging_mixin.py:190} INFO - ('***_etl', 'pg_catalog', 'pg_stat_progress_cluster', 'VIEW', None, None, None, None, None, 'NO', 'NO', None)
[2024-09-01T08:33:21.748+0000] {logging_mixin.py:190} INFO - ('***_etl', 'pg_catalog', 'pg_stat_progress_create_index', 'VIEW', None, None, None, None, None, 'NO', 'NO', None)
[2024-09-01T08:33:21.748+0000] {logging_mixin.py:190} INFO - ('***_etl', 'pg_catalog', 'pg_stat_progress_basebackup', 'VIEW', None, None, None, None, None, 'NO', 'NO', None)
[2024-09-01T08:33:21.748+0000] {logging_mixin.py:190} INFO - ('***_etl', 'pg_catalog', 'pg_user_mappings', 'VIEW', None, None, None, None, None, 'NO', 'NO', None)
[2024-09-01T08:33:21.749+0000] {logging_mixin.py:190} INFO - ('***_etl', 'pg_catalog', 'pg_enum', 'BASE TABLE', None, None, None, None, None, 'YES', 'NO', None)
[2024-09-01T08:33:21.749+0000] {logging_mixin.py:190} INFO - ('***_etl', 'pg_catalog', 'pg_namespace', 'BASE TABLE', None, None, None, None, None, 'YES', 'NO', None)
[2024-09-01T08:33:21.749+0000] {logging_mixin.py:190} INFO - ('***_etl', 'pg_catalog', 'pg_conversion', 'BASE TABLE', None, None, None, None, None, 'YES', 'NO', None)
[2024-09-01T08:33:21.750+0000] {logging_mixin.py:190} INFO - ('***_etl', 'pg_catalog', 'pg_depend', 'BASE TABLE', None, None, None, None, None, 'YES', 'NO', None)
[2024-09-01T08:33:21.750+0000] {logging_mixin.py:190} INFO - ('***_etl', 'pg_catalog', 'pg_database', 'BASE TABLE', None, None, None, None, None, 'YES', 'NO', None)
[2024-09-01T08:33:21.751+0000] {logging_mixin.py:190} INFO - ('***_etl', 'pg_catalog', 'pg_db_role_setting', 'BASE TABLE', None, None, None, None, None, 'YES', 'NO', None)
[2024-09-01T08:33:21.751+0000] {logging_mixin.py:190} INFO - ('***_etl', 'pg_catalog', 'pg_tablespace', 'BASE TABLE', None, None, None, None, None, 'YES', 'NO', None)
[2024-09-01T08:33:21.751+0000] {logging_mixin.py:190} INFO - ('***_etl', 'pg_catalog', 'pg_auth_members', 'BASE TABLE', None, None, None, None, None, 'YES', 'NO', None)
[2024-09-01T08:33:21.752+0000] {logging_mixin.py:190} INFO - ('***_etl', 'pg_catalog', 'pg_shdepend', 'BASE TABLE', None, None, None, None, None, 'YES', 'NO', None)
[2024-09-01T08:33:21.752+0000] {logging_mixin.py:190} INFO - ('***_etl', 'pg_catalog', 'pg_shdescription', 'BASE TABLE', None, None, None, None, None, 'YES', 'NO', None)
[2024-09-01T08:33:21.753+0000] {logging_mixin.py:190} INFO - ('***_etl', 'pg_catalog', 'pg_ts_config', 'BASE TABLE', None, None, None, None, None, 'YES', 'NO', None)
[2024-09-01T08:33:21.753+0000] {logging_mixin.py:190} INFO - ('***_etl', 'pg_catalog', 'pg_ts_config_map', 'BASE TABLE', None, None, None, None, None, 'YES', 'NO', None)
[2024-09-01T08:33:21.753+0000] {logging_mixin.py:190} INFO - ('***_etl', 'pg_catalog', 'pg_ts_dict', 'BASE TABLE', None, None, None, None, None, 'YES', 'NO', None)
[2024-09-01T08:33:21.754+0000] {logging_mixin.py:190} INFO - ('***_etl', 'pg_catalog', 'pg_ts_parser', 'BASE TABLE', None, None, None, None, None, 'YES', 'NO', None)
[2024-09-01T08:33:21.754+0000] {logging_mixin.py:190} INFO - ('***_etl', 'pg_catalog', 'pg_ts_template', 'BASE TABLE', None, None, None, None, None, 'YES', 'NO', None)
[2024-09-01T08:33:21.754+0000] {logging_mixin.py:190} INFO - ('***_etl', 'pg_catalog', 'pg_extension', 'BASE TABLE', None, None, None, None, None, 'YES', 'NO', None)
[2024-09-01T08:33:21.755+0000] {logging_mixin.py:190} INFO - ('***_etl', 'pg_catalog', 'pg_foreign_data_wrapper', 'BASE TABLE', None, None, None, None, None, 'YES', 'NO', None)
[2024-09-01T08:33:21.755+0000] {logging_mixin.py:190} INFO - ('***_etl', 'pg_catalog', 'pg_foreign_server', 'BASE TABLE', None, None, None, None, None, 'YES', 'NO', None)
[2024-09-01T08:33:21.755+0000] {logging_mixin.py:190} INFO - ('***_etl', 'pg_catalog', 'pg_policy', 'BASE TABLE', None, None, None, None, None, 'YES', 'NO', None)
[2024-09-01T08:33:21.756+0000] {logging_mixin.py:190} INFO - ('***_etl', 'pg_catalog', 'pg_replication_origin', 'BASE TABLE', None, None, None, None, None, 'YES', 'NO', None)
[2024-09-01T08:33:21.756+0000] {logging_mixin.py:190} INFO - ('***_etl', 'pg_catalog', 'pg_default_acl', 'BASE TABLE', None, None, None, None, None, 'YES', 'NO', None)
[2024-09-01T08:33:21.757+0000] {logging_mixin.py:190} INFO - ('***_etl', 'pg_catalog', 'pg_init_privs', 'BASE TABLE', None, None, None, None, None, 'YES', 'NO', None)
[2024-09-01T08:33:21.757+0000] {logging_mixin.py:190} INFO - ('***_etl', 'pg_catalog', 'pg_seclabel', 'BASE TABLE', None, None, None, None, None, 'YES', 'NO', None)
[2024-09-01T08:33:21.757+0000] {logging_mixin.py:190} INFO - ('***_etl', 'pg_catalog', 'pg_shseclabel', 'BASE TABLE', None, None, None, None, None, 'YES', 'NO', None)
[2024-09-01T08:33:21.758+0000] {logging_mixin.py:190} INFO - ('***_etl', 'pg_catalog', 'pg_collation', 'BASE TABLE', None, None, None, None, None, 'YES', 'NO', None)
[2024-09-01T08:33:21.758+0000] {logging_mixin.py:190} INFO - ('***_etl', 'pg_catalog', 'pg_partitioned_table', 'BASE TABLE', None, None, None, None, None, 'YES', 'NO', None)
[2024-09-01T08:33:21.759+0000] {logging_mixin.py:190} INFO - ('***_etl', 'pg_catalog', 'pg_range', 'BASE TABLE', None, None, None, None, None, 'YES', 'NO', None)
[2024-09-01T08:33:21.759+0000] {logging_mixin.py:190} INFO - ('***_etl', 'pg_catalog', 'pg_transform', 'BASE TABLE', None, None, None, None, None, 'YES', 'NO', None)
[2024-09-01T08:33:21.760+0000] {logging_mixin.py:190} INFO - ('***_etl', 'pg_catalog', 'pg_sequence', 'BASE TABLE', None, None, None, None, None, 'YES', 'NO', None)
[2024-09-01T08:33:21.760+0000] {logging_mixin.py:190} INFO - ('***_etl', 'pg_catalog', 'pg_publication', 'BASE TABLE', None, None, None, None, None, 'YES', 'NO', None)
[2024-09-01T08:33:21.761+0000] {logging_mixin.py:190} INFO - ('***_etl', 'pg_catalog', 'pg_publication_rel', 'BASE TABLE', None, None, None, None, None, 'YES', 'NO', None)
[2024-09-01T08:33:21.761+0000] {logging_mixin.py:190} INFO - ('***_etl', 'pg_catalog', 'pg_subscription_rel', 'BASE TABLE', None, None, None, None, None, 'YES', 'NO', None)
[2024-09-01T08:33:21.762+0000] {logging_mixin.py:190} INFO - ('***_etl', 'pg_catalog', 'pg_group', 'VIEW', None, None, None, None, None, 'YES', 'NO', None)
[2024-09-01T08:33:21.762+0000] {logging_mixin.py:190} INFO - ('***_etl', 'pg_catalog', 'pg_user', 'VIEW', None, None, None, None, None, 'NO', 'NO', None)
[2024-09-01T08:33:21.762+0000] {logging_mixin.py:190} INFO - ('***_etl', 'pg_catalog', 'pg_policies', 'VIEW', None, None, None, None, None, 'NO', 'NO', None)
[2024-09-01T08:33:21.763+0000] {logging_mixin.py:190} INFO - ('***_etl', 'pg_catalog', 'pg_rules', 'VIEW', None, None, None, None, None, 'NO', 'NO', None)
[2024-09-01T08:33:21.763+0000] {logging_mixin.py:190} INFO - ('***_etl', 'pg_catalog', 'pg_views', 'VIEW', None, None, None, None, None, 'NO', 'NO', None)
[2024-09-01T08:33:21.764+0000] {logging_mixin.py:190} INFO - ('***_etl', 'pg_catalog', 'pg_tables', 'VIEW', None, None, None, None, None, 'NO', 'NO', None)
[2024-09-01T08:33:21.764+0000] {logging_mixin.py:190} INFO - ('***_etl', 'pg_catalog', 'pg_matviews', 'VIEW', None, None, None, None, None, 'NO', 'NO', None)
[2024-09-01T08:33:21.764+0000] {logging_mixin.py:190} INFO - ('***_etl', 'pg_catalog', 'pg_indexes', 'VIEW', None, None, None, None, None, 'NO', 'NO', None)
[2024-09-01T08:33:21.765+0000] {logging_mixin.py:190} INFO - ('***_etl', 'pg_catalog', 'pg_sequences', 'VIEW', None, None, None, None, None, 'NO', 'NO', None)
[2024-09-01T08:33:21.765+0000] {logging_mixin.py:190} INFO - ('***_etl', 'pg_catalog', 'pg_stats', 'VIEW', None, None, None, None, None, 'NO', 'NO', None)
[2024-09-01T08:33:21.766+0000] {logging_mixin.py:190} INFO - ('***_etl', 'pg_catalog', 'pg_stats_ext', 'VIEW', None, None, None, None, None, 'NO', 'NO', None)
[2024-09-01T08:33:21.766+0000] {logging_mixin.py:190} INFO - ('***_etl', 'pg_catalog', 'pg_publication_tables', 'VIEW', None, None, None, None, None, 'NO', 'NO', None)
[2024-09-01T08:33:21.766+0000] {logging_mixin.py:190} INFO - ('***_etl', 'pg_catalog', 'pg_locks', 'VIEW', None, None, None, None, None, 'NO', 'NO', None)
[2024-09-01T08:33:21.767+0000] {logging_mixin.py:190} INFO - ('***_etl', 'pg_catalog', 'pg_cursors', 'VIEW', None, None, None, None, None, 'NO', 'NO', None)
[2024-09-01T08:33:21.767+0000] {logging_mixin.py:190} INFO - ('***_etl', 'pg_catalog', 'pg_available_extensions', 'VIEW', None, None, None, None, None, 'NO', 'NO', None)
[2024-09-01T08:33:21.768+0000] {logging_mixin.py:190} INFO - ('***_etl', 'pg_catalog', 'pg_available_extension_versions', 'VIEW', None, None, None, None, None, 'NO', 'NO', None)
[2024-09-01T08:33:21.768+0000] {logging_mixin.py:190} INFO - ('***_etl', 'pg_catalog', 'pg_prepared_xacts', 'VIEW', None, None, None, None, None, 'NO', 'NO', None)
[2024-09-01T08:33:21.768+0000] {logging_mixin.py:190} INFO - ('***_etl', 'pg_catalog', 'pg_seclabels', 'VIEW', None, None, None, None, None, 'NO', 'NO', None)
[2024-09-01T08:33:21.769+0000] {logging_mixin.py:190} INFO - ('***_etl', 'pg_catalog', 'pg_statio_user_tables', 'VIEW', None, None, None, None, None, 'NO', 'NO', None)
[2024-09-01T08:33:21.769+0000] {logging_mixin.py:190} INFO - ('***_etl', 'pg_catalog', 'pg_stat_all_indexes', 'VIEW', None, None, None, None, None, 'NO', 'NO', None)
[2024-09-01T08:33:21.770+0000] {logging_mixin.py:190} INFO - ('***_etl', 'pg_catalog', 'pg_timezone_abbrevs', 'VIEW', None, None, None, None, None, 'NO', 'NO', None)
[2024-09-01T08:33:21.770+0000] {logging_mixin.py:190} INFO - ('***_etl', 'pg_catalog', 'pg_timezone_names', 'VIEW', None, None, None, None, None, 'NO', 'NO', None)
[2024-09-01T08:33:21.770+0000] {logging_mixin.py:190} INFO - ('***_etl', 'pg_catalog', 'pg_stat_sys_indexes', 'VIEW', None, None, None, None, None, 'NO', 'NO', None)
[2024-09-01T08:33:21.771+0000] {logging_mixin.py:190} INFO - ('***_etl', 'pg_catalog', 'pg_stat_all_tables', 'VIEW', None, None, None, None, None, 'NO', 'NO', None)
[2024-09-01T08:33:21.771+0000] {logging_mixin.py:190} INFO - ('***_etl', 'pg_catalog', 'pg_stat_xact_all_tables', 'VIEW', None, None, None, None, None, 'NO', 'NO', None)
[2024-09-01T08:33:21.772+0000] {logging_mixin.py:190} INFO - ('***_etl', 'pg_catalog', 'pg_stat_sys_tables', 'VIEW', None, None, None, None, None, 'NO', 'NO', None)
[2024-09-01T08:33:21.772+0000] {logging_mixin.py:190} INFO - ('***_etl', 'pg_catalog', 'pg_stat_xact_sys_tables', 'VIEW', None, None, None, None, None, 'NO', 'NO', None)
[2024-09-01T08:33:21.773+0000] {logging_mixin.py:190} INFO - ('***_etl', 'pg_catalog', 'pg_stat_user_tables', 'VIEW', None, None, None, None, None, 'NO', 'NO', None)
[2024-09-01T08:33:21.773+0000] {logging_mixin.py:190} INFO - ('***_etl', 'pg_catalog', 'pg_stat_xact_user_tables', 'VIEW', None, None, None, None, None, 'NO', 'NO', None)
[2024-09-01T08:33:21.774+0000] {logging_mixin.py:190} INFO - ('***_etl', 'pg_catalog', 'pg_statio_all_tables', 'VIEW', None, None, None, None, None, 'NO', 'NO', None)
[2024-09-01T08:33:21.775+0000] {logging_mixin.py:190} INFO - ('***_etl', 'pg_catalog', 'pg_statio_sys_tables', 'VIEW', None, None, None, None, None, 'NO', 'NO', None)
[2024-09-01T08:33:21.775+0000] {logging_mixin.py:190} INFO - ('***_etl', 'pg_catalog', 'pg_stat_user_indexes', 'VIEW', None, None, None, None, None, 'NO', 'NO', None)
[2024-09-01T08:33:21.776+0000] {logging_mixin.py:190} INFO - ('***_etl', 'pg_catalog', 'pg_statio_all_indexes', 'VIEW', None, None, None, None, None, 'NO', 'NO', None)
[2024-09-01T08:33:21.776+0000] {logging_mixin.py:190} INFO - ('***_etl', 'pg_catalog', 'pg_statio_sys_indexes', 'VIEW', None, None, None, None, None, 'NO', 'NO', None)
[2024-09-01T08:33:21.777+0000] {logging_mixin.py:190} INFO - ('***_etl', 'pg_catalog', 'pg_statio_user_indexes', 'VIEW', None, None, None, None, None, 'NO', 'NO', None)
[2024-09-01T08:33:21.777+0000] {logging_mixin.py:190} INFO - ('***_etl', 'pg_catalog', 'pg_statio_all_sequences', 'VIEW', None, None, None, None, None, 'NO', 'NO', None)
[2024-09-01T08:33:21.777+0000] {logging_mixin.py:190} INFO - ('***_etl', 'pg_catalog', 'pg_statio_sys_sequences', 'VIEW', None, None, None, None, None, 'NO', 'NO', None)
[2024-09-01T08:33:21.778+0000] {logging_mixin.py:190} INFO - ('***_etl', 'pg_catalog', 'pg_statio_user_sequences', 'VIEW', None, None, None, None, None, 'NO', 'NO', None)
[2024-09-01T08:33:21.778+0000] {logging_mixin.py:190} INFO - ('***_etl', 'pg_catalog', 'pg_stat_activity', 'VIEW', None, None, None, None, None, 'NO', 'NO', None)
[2024-09-01T08:33:21.779+0000] {logging_mixin.py:190} INFO - ('***_etl', 'pg_catalog', 'pg_stat_replication', 'VIEW', None, None, None, None, None, 'NO', 'NO', None)
[2024-09-01T08:33:21.779+0000] {logging_mixin.py:190} INFO - ('***_etl', 'pg_catalog', 'pg_stat_slru', 'VIEW', None, None, None, None, None, 'NO', 'NO', None)
[2024-09-01T08:33:21.779+0000] {logging_mixin.py:190} INFO - ('***_etl', 'pg_catalog', 'pg_stat_wal_receiver', 'VIEW', None, None, None, None, None, 'NO', 'NO', None)
[2024-09-01T08:33:21.780+0000] {logging_mixin.py:190} INFO - ('***_etl', 'pg_catalog', 'pg_stat_subscription', 'VIEW', None, None, None, None, None, 'NO', 'NO', None)
[2024-09-01T08:33:21.780+0000] {logging_mixin.py:190} INFO - ('***_etl', 'pg_catalog', 'pg_stat_ssl', 'VIEW', None, None, None, None, None, 'NO', 'NO', None)
[2024-09-01T08:33:21.781+0000] {logging_mixin.py:190} INFO - ('***_etl', 'pg_catalog', 'pg_stat_gssapi', 'VIEW', None, None, None, None, None, 'NO', 'NO', None)
[2024-09-01T08:33:21.781+0000] {logging_mixin.py:190} INFO - ('***_etl', 'pg_catalog', 'pg_replication_slots', 'VIEW', None, None, None, None, None, 'NO', 'NO', None)
[2024-09-01T08:33:21.782+0000] {logging_mixin.py:190} INFO - ('***_etl', 'pg_catalog', 'pg_stat_database', 'VIEW', None, None, None, None, None, 'NO', 'NO', None)
[2024-09-01T08:33:21.782+0000] {logging_mixin.py:190} INFO - ('***_etl', 'pg_catalog', 'pg_stat_database_conflicts', 'VIEW', None, None, None, None, None, 'YES', 'NO', None)
[2024-09-01T08:33:21.782+0000] {logging_mixin.py:190} INFO - ('***_etl', 'pg_catalog', 'pg_stat_user_functions', 'VIEW', None, None, None, None, None, 'NO', 'NO', None)
[2024-09-01T08:33:21.783+0000] {logging_mixin.py:190} INFO - ('***_etl', 'pg_catalog', 'pg_stat_xact_user_functions', 'VIEW', None, None, None, None, None, 'NO', 'NO', None)
[2024-09-01T08:33:21.783+0000] {logging_mixin.py:190} INFO - ('***_etl', 'pg_catalog', 'pg_stat_archiver', 'VIEW', None, None, None, None, None, 'NO', 'NO', None)
[2024-09-01T08:33:21.784+0000] {logging_mixin.py:190} INFO - ('***_etl', 'pg_catalog', 'pg_stat_bgwriter', 'VIEW', None, None, None, None, None, 'NO', 'NO', None)
[2024-09-01T08:33:21.784+0000] {logging_mixin.py:190} INFO - ('***_etl', 'pg_catalog', 'pg_stat_progress_analyze', 'VIEW', None, None, None, None, None, 'NO', 'NO', None)
[2024-09-01T08:33:21.785+0000] {logging_mixin.py:190} INFO - ('***_etl', 'information_schema', 'columns', 'VIEW', None, None, None, None, None, 'NO', 'NO', None)
[2024-09-01T08:33:21.785+0000] {logging_mixin.py:190} INFO - ('***_etl', 'information_schema', 'information_schema_catalog_name', 'VIEW', None, None, None, None, None, 'NO', 'NO', None)
[2024-09-01T08:33:21.786+0000] {logging_mixin.py:190} INFO - ('***_etl', 'information_schema', 'collations', 'VIEW', None, None, None, None, None, 'NO', 'NO', None)
[2024-09-01T08:33:21.786+0000] {logging_mixin.py:190} INFO - ('***_etl', 'information_schema', 'applicable_roles', 'VIEW', None, None, None, None, None, 'NO', 'NO', None)
[2024-09-01T08:33:21.786+0000] {logging_mixin.py:190} INFO - ('***_etl', 'information_schema', 'administrable_role_authorizations', 'VIEW', None, None, None, None, None, 'NO', 'NO', None)
[2024-09-01T08:33:21.787+0000] {logging_mixin.py:190} INFO - ('***_etl', 'information_schema', 'column_privileges', 'VIEW', None, None, None, None, None, 'NO', 'NO', None)
[2024-09-01T08:33:21.787+0000] {logging_mixin.py:190} INFO - ('***_etl', 'information_schema', 'attributes', 'VIEW', None, None, None, None, None, 'NO', 'NO', None)
[2024-09-01T08:33:21.788+0000] {logging_mixin.py:190} INFO - ('***_etl', 'information_schema', 'collation_character_set_applicability', 'VIEW', None, None, None, None, None, 'NO', 'NO', None)
[2024-09-01T08:33:21.788+0000] {logging_mixin.py:190} INFO - ('***_etl', 'information_schema', 'character_sets', 'VIEW', None, None, None, None, None, 'NO', 'NO', None)
[2024-09-01T08:33:21.788+0000] {logging_mixin.py:190} INFO - ('***_etl', 'information_schema', 'check_constraint_routine_usage', 'VIEW', None, None, None, None, None, 'NO', 'NO', None)
[2024-09-01T08:33:21.789+0000] {logging_mixin.py:190} INFO - ('***_etl', 'information_schema', 'check_constraints', 'VIEW', None, None, None, None, None, 'NO', 'NO', None)
[2024-09-01T08:33:21.789+0000] {logging_mixin.py:190} INFO - ('***_etl', 'information_schema', 'column_column_usage', 'VIEW', None, None, None, None, None, 'NO', 'NO', None)
[2024-09-01T08:33:21.790+0000] {logging_mixin.py:190} INFO - ('***_etl', 'information_schema', 'column_domain_usage', 'VIEW', None, None, None, None, None, 'NO', 'NO', None)
[2024-09-01T08:33:21.790+0000] {logging_mixin.py:190} INFO - ('***_etl', 'information_schema', 'column_udt_usage', 'VIEW', None, None, None, None, None, 'NO', 'NO', None)
[2024-09-01T08:33:21.791+0000] {logging_mixin.py:190} INFO - ('***_etl', 'information_schema', 'constraint_column_usage', 'VIEW', None, None, None, None, None, 'NO', 'NO', None)
[2024-09-01T08:33:21.791+0000] {logging_mixin.py:190} INFO - ('***_etl', 'information_schema', 'constraint_table_usage', 'VIEW', None, None, None, None, None, 'NO', 'NO', None)
[2024-09-01T08:33:21.792+0000] {logging_mixin.py:190} INFO - ('***_etl', 'information_schema', 'domain_constraints', 'VIEW', None, None, None, None, None, 'NO', 'NO', None)
[2024-09-01T08:33:21.792+0000] {logging_mixin.py:190} INFO - ('***_etl', 'information_schema', 'domain_udt_usage', 'VIEW', None, None, None, None, None, 'NO', 'NO', None)
[2024-09-01T08:33:21.793+0000] {logging_mixin.py:190} INFO - ('***_etl', 'information_schema', 'domains', 'VIEW', None, None, None, None, None, 'NO', 'NO', None)
[2024-09-01T08:33:21.793+0000] {logging_mixin.py:190} INFO - ('***_etl', 'public', 'connection', 'BASE TABLE', None, None, None, None, None, 'YES', 'NO', None)
[2024-09-01T08:33:21.793+0000] {logging_mixin.py:190} INFO - ('***_etl', 'information_schema', 'enabled_roles', 'VIEW', None, None, None, None, None, 'NO', 'NO', None)
[2024-09-01T08:33:21.794+0000] {logging_mixin.py:190} INFO - ('***_etl', 'information_schema', 'sql_implementation_info', 'BASE TABLE', None, None, None, None, None, 'YES', 'NO', None)
[2024-09-01T08:33:21.794+0000] {logging_mixin.py:190} INFO - ('***_etl', 'information_schema', 'key_column_usage', 'VIEW', None, None, None, None, None, 'NO', 'NO', None)
[2024-09-01T08:33:21.795+0000] {logging_mixin.py:190} INFO - ('***_etl', 'information_schema', 'parameters', 'VIEW', None, None, None, None, None, 'NO', 'NO', None)
[2024-09-01T08:33:21.795+0000] {logging_mixin.py:190} INFO - ('***_etl', 'information_schema', 'referential_constraints', 'VIEW', None, None, None, None, None, 'NO', 'NO', None)
[2024-09-01T08:33:21.795+0000] {logging_mixin.py:190} INFO - ('***_etl', 'information_schema', 'role_column_grants', 'VIEW', None, None, None, None, None, 'NO', 'NO', None)
[2024-09-01T08:33:21.796+0000] {logging_mixin.py:190} INFO - ('***_etl', 'information_schema', 'sql_parts', 'BASE TABLE', None, None, None, None, None, 'YES', 'NO', None)
[2024-09-01T08:33:21.796+0000] {logging_mixin.py:190} INFO - ('***_etl', 'information_schema', 'routine_privileges', 'VIEW', None, None, None, None, None, 'NO', 'NO', None)
[2024-09-01T08:33:21.797+0000] {logging_mixin.py:190} INFO - ('***_etl', 'information_schema', 'role_routine_grants', 'VIEW', None, None, None, None, None, 'NO', 'NO', None)
[2024-09-01T08:33:21.797+0000] {logging_mixin.py:190} INFO - ('***_etl', 'information_schema', 'routines', 'VIEW', None, None, None, None, None, 'NO', 'NO', None)
[2024-09-01T08:33:21.797+0000] {logging_mixin.py:190} INFO - ('***_etl', 'information_schema', 'schemata', 'VIEW', None, None, None, None, None, 'NO', 'NO', None)
[2024-09-01T08:33:21.798+0000] {logging_mixin.py:190} INFO - ('***_etl', 'information_schema', 'tables', 'VIEW', None, None, None, None, None, 'NO', 'NO', None)
[2024-09-01T08:33:21.798+0000] {logging_mixin.py:190} INFO - ('***_etl', 'information_schema', 'sequences', 'VIEW', None, None, None, None, None, 'NO', 'NO', None)
[2024-09-01T08:33:21.798+0000] {logging_mixin.py:190} INFO - ('***_etl', 'information_schema', 'sql_sizing', 'BASE TABLE', None, None, None, None, None, 'YES', 'NO', None)
[2024-09-01T08:33:21.799+0000] {logging_mixin.py:190} INFO - ('***_etl', 'information_schema', 'sql_features', 'BASE TABLE', None, None, None, None, None, 'YES', 'NO', None)
[2024-09-01T08:33:21.799+0000] {logging_mixin.py:190} INFO - ('***_etl', 'information_schema', 'table_constraints', 'VIEW', None, None, None, None, None, 'NO', 'NO', None)
[2024-09-01T08:33:21.800+0000] {logging_mixin.py:190} INFO - ('***_etl', 'information_schema', 'transforms', 'VIEW', None, None, None, None, None, 'NO', 'NO', None)
[2024-09-01T08:33:21.800+0000] {logging_mixin.py:190} INFO - ('***_etl', 'information_schema', 'table_privileges', 'VIEW', None, None, None, None, None, 'NO', 'NO', None)
[2024-09-01T08:33:21.801+0000] {logging_mixin.py:190} INFO - ('***_etl', 'information_schema', 'role_table_grants', 'VIEW', None, None, None, None, None, 'NO', 'NO', None)
[2024-09-01T08:33:21.801+0000] {logging_mixin.py:190} INFO - ('***_etl', 'information_schema', 'udt_privileges', 'VIEW', None, None, None, None, None, 'NO', 'NO', None)
[2024-09-01T08:33:21.801+0000] {logging_mixin.py:190} INFO - ('***_etl', 'information_schema', 'triggered_update_columns', 'VIEW', None, None, None, None, None, 'NO', 'NO', None)
[2024-09-01T08:33:21.802+0000] {logging_mixin.py:190} INFO - ('***_etl', 'information_schema', 'triggers', 'VIEW', None, None, None, None, None, 'NO', 'NO', None)
[2024-09-01T08:33:21.802+0000] {logging_mixin.py:190} INFO - ('***_etl', 'information_schema', 'usage_privileges', 'VIEW', None, None, None, None, None, 'NO', 'NO', None)
[2024-09-01T08:33:21.803+0000] {logging_mixin.py:190} INFO - ('***_etl', 'information_schema', 'role_udt_grants', 'VIEW', None, None, None, None, None, 'NO', 'NO', None)
[2024-09-01T08:33:21.803+0000] {logging_mixin.py:190} INFO - ('***_etl', 'information_schema', 'role_usage_grants', 'VIEW', None, None, None, None, None, 'NO', 'NO', None)
[2024-09-01T08:33:21.803+0000] {logging_mixin.py:190} INFO - ('***_etl', 'information_schema', 'user_defined_types', 'VIEW', None, None, None, None, None, 'NO', 'NO', None)
[2024-09-01T08:33:21.804+0000] {logging_mixin.py:190} INFO - ('***_etl', 'information_schema', 'view_column_usage', 'VIEW', None, None, None, None, None, 'NO', 'NO', None)
[2024-09-01T08:33:21.804+0000] {logging_mixin.py:190} INFO - ('***_etl', 'information_schema', 'view_routine_usage', 'VIEW', None, None, None, None, None, 'NO', 'NO', None)
[2024-09-01T08:33:21.805+0000] {logging_mixin.py:190} INFO - ('***_etl', 'information_schema', 'view_table_usage', 'VIEW', None, None, None, None, None, 'NO', 'NO', None)
[2024-09-01T08:33:21.805+0000] {logging_mixin.py:190} INFO - ('***_etl', 'information_schema', 'foreign_tables', 'VIEW', None, None, None, None, None, 'NO', 'NO', None)
[2024-09-01T08:33:21.806+0000] {logging_mixin.py:190} INFO - ('***_etl', 'information_schema', 'views', 'VIEW', None, None, None, None, None, 'NO', 'NO', None)
[2024-09-01T08:33:21.806+0000] {logging_mixin.py:190} INFO - ('***_etl', 'information_schema', 'data_type_privileges', 'VIEW', None, None, None, None, None, 'NO', 'NO', None)
[2024-09-01T08:33:21.806+0000] {logging_mixin.py:190} INFO - ('***_etl', 'information_schema', '_pg_user_mappings', 'VIEW', None, None, None, None, None, 'NO', 'NO', None)
[2024-09-01T08:33:21.807+0000] {logging_mixin.py:190} INFO - ('***_etl', 'information_schema', 'element_types', 'VIEW', None, None, None, None, None, 'NO', 'NO', None)
[2024-09-01T08:33:21.807+0000] {logging_mixin.py:190} INFO - ('***_etl', 'information_schema', '_pg_foreign_table_columns', 'VIEW', None, None, None, None, None, 'NO', 'NO', None)
[2024-09-01T08:33:21.808+0000] {logging_mixin.py:190} INFO - ('***_etl', 'information_schema', 'column_options', 'VIEW', None, None, None, None, None, 'NO', 'NO', None)
[2024-09-01T08:33:21.808+0000] {logging_mixin.py:190} INFO - ('***_etl', 'information_schema', '_pg_foreign_data_wrappers', 'VIEW', None, None, None, None, None, 'NO', 'NO', None)
[2024-09-01T08:33:21.809+0000] {logging_mixin.py:190} INFO - ('***_etl', 'information_schema', 'foreign_data_wrapper_options', 'VIEW', None, None, None, None, None, 'NO', 'NO', None)
[2024-09-01T08:33:21.809+0000] {logging_mixin.py:190} INFO - ('***_etl', 'information_schema', 'user_mapping_options', 'VIEW', None, None, None, None, None, 'NO', 'NO', None)
[2024-09-01T08:33:21.810+0000] {logging_mixin.py:190} INFO - ('***_etl', 'information_schema', 'foreign_data_wrappers', 'VIEW', None, None, None, None, None, 'NO', 'NO', None)
[2024-09-01T08:33:21.810+0000] {logging_mixin.py:190} INFO - ('***_etl', 'information_schema', '_pg_foreign_servers', 'VIEW', None, None, None, None, None, 'NO', 'NO', None)
[2024-09-01T08:33:21.811+0000] {logging_mixin.py:190} INFO - ('***_etl', 'information_schema', 'foreign_server_options', 'VIEW', None, None, None, None, None, 'NO', 'NO', None)
[2024-09-01T08:33:21.811+0000] {logging_mixin.py:190} INFO - ('***_etl', 'information_schema', 'foreign_servers', 'VIEW', None, None, None, None, None, 'NO', 'NO', None)
[2024-09-01T08:33:21.812+0000] {logging_mixin.py:190} INFO - ('***_etl', 'information_schema', '_pg_foreign_tables', 'VIEW', None, None, None, None, None, 'NO', 'NO', None)
[2024-09-01T08:33:21.812+0000] {logging_mixin.py:190} INFO - ('***_etl', 'information_schema', 'user_mappings', 'VIEW', None, None, None, None, None, 'NO', 'NO', None)
[2024-09-01T08:33:21.813+0000] {logging_mixin.py:190} INFO - ('***_etl', 'information_schema', 'foreign_table_options', 'VIEW', None, None, None, None, None, 'NO', 'NO', None)
[2024-09-01T08:33:21.813+0000] {logging_mixin.py:190} INFO - ('***_etl', 'public', 'sla_miss', 'BASE TABLE', None, None, None, None, None, 'YES', 'NO', None)
[2024-09-01T08:33:21.813+0000] {logging_mixin.py:190} INFO - ('***_etl', 'public', 'variable', 'BASE TABLE', None, None, None, None, None, 'YES', 'NO', None)
[2024-09-01T08:33:21.814+0000] {logging_mixin.py:190} INFO - ('***_etl', 'public', 'import_error', 'BASE TABLE', None, None, None, None, None, 'YES', 'NO', None)
[2024-09-01T08:33:21.814+0000] {logging_mixin.py:190} INFO - ('***_etl', 'public', 'serialized_dag', 'BASE TABLE', None, None, None, None, None, 'YES', 'NO', None)
[2024-09-01T08:33:21.815+0000] {logging_mixin.py:190} INFO - ('***_etl', 'public', 'dataset_alias', 'BASE TABLE', None, None, None, None, None, 'YES', 'NO', None)
[2024-09-01T08:33:21.815+0000] {logging_mixin.py:190} INFO - ('***_etl', 'public', 'dataset_alias_dataset', 'BASE TABLE', None, None, None, None, None, 'YES', 'NO', None)
[2024-09-01T08:33:21.816+0000] {logging_mixin.py:190} INFO - ('***_etl', 'public', 'dataset', 'BASE TABLE', None, None, None, None, None, 'YES', 'NO', None)
[2024-09-01T08:33:21.816+0000] {logging_mixin.py:190} INFO - ('***_etl', 'public', 'dataset_alias_dataset_event', 'BASE TABLE', None, None, None, None, None, 'YES', 'NO', None)
[2024-09-01T08:33:21.816+0000] {logging_mixin.py:190} INFO - ('***_etl', 'public', 'dataset_event', 'BASE TABLE', None, None, None, None, None, 'YES', 'NO', None)
[2024-09-01T08:33:21.817+0000] {logging_mixin.py:190} INFO - ('***_etl', 'public', 'dag_schedule_dataset_alias_reference', 'BASE TABLE', None, None, None, None, None, 'YES', 'NO', None)
[2024-09-01T08:33:21.817+0000] {logging_mixin.py:190} INFO - ('***_etl', 'public', 'dag', 'BASE TABLE', None, None, None, None, None, 'YES', 'NO', None)
[2024-09-01T08:33:21.818+0000] {logging_mixin.py:190} INFO - ('***_etl', 'public', 'dag_schedule_dataset_reference', 'BASE TABLE', None, None, None, None, None, 'YES', 'NO', None)
[2024-09-01T08:33:21.818+0000] {logging_mixin.py:190} INFO - ('***_etl', 'public', 'task_outlet_dataset_reference', 'BASE TABLE', None, None, None, None, None, 'YES', 'NO', None)
[2024-09-01T08:33:21.818+0000] {logging_mixin.py:190} INFO - ('***_etl', 'public', 'dataset_dag_run_queue', 'BASE TABLE', None, None, None, None, None, 'YES', 'NO', None)
[2024-09-01T08:33:21.819+0000] {logging_mixin.py:190} INFO - ('***_etl', 'public', 'log_template', 'BASE TABLE', None, None, None, None, None, 'YES', 'NO', None)
[2024-09-01T08:33:21.819+0000] {logging_mixin.py:190} INFO - ('***_etl', 'public', 'dag_run', 'BASE TABLE', None, None, None, None, None, 'YES', 'NO', None)
[2024-09-01T08:33:21.820+0000] {logging_mixin.py:190} INFO - ('***_etl', 'public', 'dag_tag', 'BASE TABLE', None, None, None, None, None, 'YES', 'NO', None)
[2024-09-01T08:33:21.820+0000] {logging_mixin.py:190} INFO - ('***_etl', 'public', 'dag_owner_attributes', 'BASE TABLE', None, None, None, None, None, 'YES', 'NO', None)
[2024-09-01T08:33:21.821+0000] {logging_mixin.py:190} INFO - ('***_etl', 'public', 'ab_permission', 'BASE TABLE', None, None, None, None, None, 'YES', 'NO', None)
[2024-09-01T08:33:21.821+0000] {logging_mixin.py:190} INFO - ('***_etl', 'public', 'ab_permission_view', 'BASE TABLE', None, None, None, None, None, 'YES', 'NO', None)
[2024-09-01T08:33:21.822+0000] {logging_mixin.py:190} INFO - ('***_etl', 'public', 'ab_view_menu', 'BASE TABLE', None, None, None, None, None, 'YES', 'NO', None)
[2024-09-01T08:33:21.822+0000] {logging_mixin.py:190} INFO - ('***_etl', 'public', 'ab_user_role', 'BASE TABLE', None, None, None, None, None, 'YES', 'NO', None)
[2024-09-01T08:33:21.823+0000] {logging_mixin.py:190} INFO - ('***_etl', 'public', 'ab_role', 'BASE TABLE', None, None, None, None, None, 'YES', 'NO', None)
[2024-09-01T08:33:21.823+0000] {logging_mixin.py:190} INFO - ('***_etl', 'public', 'dag_warning', 'BASE TABLE', None, None, None, None, None, 'YES', 'NO', None)
[2024-09-01T08:33:21.824+0000] {logging_mixin.py:190} INFO - ('***_etl', 'public', 'dagrun_dataset_event', 'BASE TABLE', None, None, None, None, None, 'YES', 'NO', None)
[2024-09-01T08:33:21.825+0000] {logging_mixin.py:190} INFO - ('***_etl', 'public', 'trigger', 'BASE TABLE', None, None, None, None, None, 'YES', 'NO', None)
[2024-09-01T08:33:21.825+0000] {logging_mixin.py:190} INFO - ('***_etl', 'public', 'task_instance', 'BASE TABLE', None, None, None, None, None, 'YES', 'NO', None)
[2024-09-01T08:33:21.826+0000] {logging_mixin.py:190} INFO - ('***_etl', 'public', 'dag_run_note', 'BASE TABLE', None, None, None, None, None, 'YES', 'NO', None)
[2024-09-01T08:33:21.826+0000] {logging_mixin.py:190} INFO - ('***_etl', 'public', 'ab_permission_view_role', 'BASE TABLE', None, None, None, None, None, 'YES', 'NO', None)
[2024-09-01T08:33:21.826+0000] {logging_mixin.py:190} INFO - ('***_etl', 'public', 'rendered_task_instance_fields', 'BASE TABLE', None, None, None, None, None, 'YES', 'NO', None)
[2024-09-01T08:33:21.827+0000] {logging_mixin.py:190} INFO - ('***_etl', 'public', 'task_fail', 'BASE TABLE', None, None, None, None, None, 'YES', 'NO', None)
[2024-09-01T08:33:21.827+0000] {logging_mixin.py:190} INFO - ('***_etl', 'public', 'task_map', 'BASE TABLE', None, None, None, None, None, 'YES', 'NO', None)
[2024-09-01T08:33:21.828+0000] {logging_mixin.py:190} INFO - ('***_etl', 'public', 'alembic_version', 'BASE TABLE', None, None, None, None, None, 'YES', 'NO', None)
[2024-09-01T08:33:21.828+0000] {logging_mixin.py:190} INFO - ('***_etl', 'public', 'task_reschedule', 'BASE TABLE', None, None, None, None, None, 'YES', 'NO', None)
[2024-09-01T08:33:21.828+0000] {logging_mixin.py:190} INFO - ('***_etl', 'public', 'xcom', 'BASE TABLE', None, None, None, None, None, 'YES', 'NO', None)
[2024-09-01T08:33:21.829+0000] {logging_mixin.py:190} INFO - ('***_etl', 'public', 'task_instance_note', 'BASE TABLE', None, None, None, None, None, 'YES', 'NO', None)
[2024-09-01T08:33:21.829+0000] {logging_mixin.py:190} INFO - ('***_etl', 'public', 'task_instance_history', 'BASE TABLE', None, None, None, None, None, 'YES', 'NO', None)
[2024-09-01T08:33:21.830+0000] {logging_mixin.py:190} INFO - ('***_etl', 'public', 'session', 'BASE TABLE', None, None, None, None, None, 'YES', 'NO', None)
[2024-09-01T08:33:21.830+0000] {python.py:240} INFO - Done. Returned value was: None
[2024-09-01T08:33:21.841+0000] {taskinstance.py:340} INFO - ::group::Post task execution logs
[2024-09-01T08:33:21.842+0000] {taskinstance.py:352} INFO - Marking task as SUCCESS. dag_id=nyc_airbnb_etl, task_id=log_results, run_id=manual__2024-09-01T08:33:01+00:00, execution_date=20240901T083301, start_date=20240901T083321, end_date=20240901T083321
[2024-09-01T08:33:21.851+0000] {logging_mixin.py:190} INFO - Task instance in success state
[2024-09-01T08:33:21.851+0000] {logging_mixin.py:190} INFO -  Previous state of the Task instance: running
[2024-09-01T08:33:21.852+0000] {logging_mixin.py:190} INFO - Dag name:nyc_airbnb_etl queued_at:2024-09-01 08:33:03.708025+00:00
[2024-09-01T08:33:21.852+0000] {logging_mixin.py:190} INFO - Task hostname:b74353bc56c3 operator:PythonOperator
[2024-09-01T08:33:21.901+0000] {local_task_job_runner.py:261} INFO - Task exited with return code 0
[2024-09-01T08:33:21.914+0000] {warnings.py:112} WARNING - /home/***/.local/lib/python3.12/site-packages/***/models/baseoperator.py:1378: AirflowProviderDeprecationWarning: Call to deprecated class PostgresOperator. (Please use `***.providers.common.sql.operators.sql.SQLExecuteQueryOperator`.Also, you can provide `hook_params={'schema': <database>}`.)
  result = cls.__new__(cls)

[2024-09-01T08:33:21.928+0000] {taskinstance.py:3891} INFO - 1 downstream tasks scheduled from follow-on schedule check
[2024-09-01T08:33:21.930+0000] {local_task_job_runner.py:240} INFO - ::endgroup::
