[2024-09-01T17:37:18.735+0000] {local_task_job_runner.py:123} INFO - ::group::Pre task execution logs
[2024-09-01T17:37:18.777+0000] {taskinstance.py:2603} INFO - Dependencies all met for dep_context=non-requeueable deps ti=<TaskInstance: nyc_airbnb_etl.log_error_task manual__2024-09-01T17:36:49+00:00 [queued]>
[2024-09-01T17:37:18.801+0000] {taskinstance.py:2603} INFO - Dependencies all met for dep_context=requeueable deps ti=<TaskInstance: nyc_airbnb_etl.log_error_task manual__2024-09-01T17:36:49+00:00 [queued]>
[2024-09-01T17:37:18.806+0000] {taskinstance.py:2856} INFO - Starting attempt 1 of 1
[2024-09-01T17:37:18.832+0000] {taskinstance.py:2879} INFO - Executing <Task(PythonOperator): log_error_task> on 2024-09-01 17:36:49+00:00
[2024-09-01T17:37:18.845+0000] {warnings.py:112} WARNING - /home/***/.local/lib/python3.12/site-packages/***/task/task_runner/standard_task_runner.py:70: DeprecationWarning: This process (pid=1480) is multi-threaded, use of fork() may lead to deadlocks in the child.
  pid = os.fork()

[2024-09-01T17:37:18.848+0000] {standard_task_runner.py:104} INFO - Running: ['***', 'tasks', 'run', 'nyc_airbnb_etl', 'log_error_task', 'manual__2024-09-01T17:36:49+00:00', '--job-id', '260', '--raw', '--subdir', 'DAGS_FOLDER/nyc_airbnb_etl.py', '--cfg-path', '/tmp/tmpihjn9lv2']
[2024-09-01T17:37:18.849+0000] {standard_task_runner.py:72} INFO - Started process 1482 to run task
[2024-09-01T17:37:18.850+0000] {standard_task_runner.py:105} INFO - Job 260: Subtask log_error_task
[2024-09-01T17:37:18.934+0000] {task_command.py:467} INFO - Running <TaskInstance: nyc_airbnb_etl.log_error_task manual__2024-09-01T17:36:49+00:00 [running]> on host b74353bc56c3
[2024-09-01T17:37:19.116+0000] {taskinstance.py:3122} INFO - Exporting env vars: AIRFLOW_CTX_DAG_OWNER='***' AIRFLOW_CTX_DAG_ID='nyc_airbnb_etl' AIRFLOW_CTX_TASK_ID='log_error_task' AIRFLOW_CTX_EXECUTION_DATE='2024-09-01T17:36:49+00:00' AIRFLOW_CTX_TRY_NUMBER='1' AIRFLOW_CTX_DAG_RUN_ID='manual__2024-09-01T17:36:49+00:00'
[2024-09-01T17:37:19.119+0000] {logging_mixin.py:190} INFO - Task instance is in running state
[2024-09-01T17:37:19.120+0000] {logging_mixin.py:190} INFO -  Previous state of the Task instance: queued
[2024-09-01T17:37:19.121+0000] {logging_mixin.py:190} INFO - Current task name:log_error_task state:running start_date:2024-09-01 17:37:18.778748+00:00
[2024-09-01T17:37:19.122+0000] {logging_mixin.py:190} INFO - Dag name:nyc_airbnb_etl and current dag run status:running
[2024-09-01T17:37:19.123+0000] {taskinstance.py:731} INFO - ::endgroup::
[2024-09-01T17:37:19.142+0000] {nyc_airbnb_etl.py:70} ERROR - Error: Row count mismatch between CSV and database table
[2024-09-01T17:37:19.143+0000] {python.py:240} INFO - Done. Returned value was: None
[2024-09-01T17:37:19.162+0000] {taskinstance.py:340} INFO - ::group::Post task execution logs
[2024-09-01T17:37:19.163+0000] {taskinstance.py:352} INFO - Marking task as SUCCESS. dag_id=nyc_airbnb_etl, task_id=log_error_task, run_id=manual__2024-09-01T17:36:49+00:00, execution_date=20240901T173649, start_date=20240901T173718, end_date=20240901T173719
[2024-09-01T17:37:19.184+0000] {logging_mixin.py:190} INFO - Task instance in success state
[2024-09-01T17:37:19.185+0000] {logging_mixin.py:190} INFO -  Previous state of the Task instance: running
[2024-09-01T17:37:19.186+0000] {logging_mixin.py:190} INFO - Dag name:nyc_airbnb_etl queued_at:2024-09-01 17:36:51.455139+00:00
[2024-09-01T17:37:19.187+0000] {logging_mixin.py:190} INFO - Task hostname:b74353bc56c3 operator:PythonOperator
[2024-09-01T17:37:19.229+0000] {local_task_job_runner.py:261} INFO - Task exited with return code 0
[2024-09-01T17:37:19.260+0000] {taskinstance.py:3891} INFO - 0 downstream tasks scheduled from follow-on schedule check
[2024-09-01T17:37:19.264+0000] {local_task_job_runner.py:240} INFO - ::endgroup::
