[2024-08-31T15:09:37.739+0000] {local_task_job_runner.py:123} INFO - ::group::Pre task execution logs
[2024-08-31T15:09:37.769+0000] {taskinstance.py:2603} INFO - Dependencies all met for dep_context=non-requeueable deps ti=<TaskInstance: nyc_airbnb_etl.transform_data manual__2024-08-31T15:09:21+00:00 [queued]>
[2024-08-31T15:09:37.784+0000] {taskinstance.py:2603} INFO - Dependencies all met for dep_context=requeueable deps ti=<TaskInstance: nyc_airbnb_etl.transform_data manual__2024-08-31T15:09:21+00:00 [queued]>
[2024-08-31T15:09:37.786+0000] {taskinstance.py:2856} INFO - Starting attempt 1 of 1
[2024-08-31T15:09:37.811+0000] {taskinstance.py:2879} INFO - Executing <Task(PythonOperator): transform_data> on 2024-08-31 15:09:21+00:00
[2024-08-31T15:09:37.824+0000] {warnings.py:112} WARNING - /home/***/.local/lib/python3.12/site-packages/***/task/task_runner/standard_task_runner.py:70: DeprecationWarning: This process (pid=439) is multi-threaded, use of fork() may lead to deadlocks in the child.
  pid = os.fork()

[2024-08-31T15:09:37.827+0000] {standard_task_runner.py:72} INFO - Started process 441 to run task
[2024-08-31T15:09:37.827+0000] {standard_task_runner.py:104} INFO - Running: ['***', 'tasks', 'run', 'nyc_airbnb_etl', 'transform_data', 'manual__2024-08-31T15:09:21+00:00', '--job-id', '68', '--raw', '--subdir', 'DAGS_FOLDER/nyc_airbnb_etl.py', '--cfg-path', '/tmp/tmpucjxr8xp']
[2024-08-31T15:09:37.829+0000] {standard_task_runner.py:105} INFO - Job 68: Subtask transform_data
[2024-08-31T15:09:37.912+0000] {task_command.py:467} INFO - Running <TaskInstance: nyc_airbnb_etl.transform_data manual__2024-08-31T15:09:21+00:00 [running]> on host 7177bd28bca8
[2024-08-31T15:09:38.076+0000] {taskinstance.py:3122} INFO - Exporting env vars: AIRFLOW_CTX_DAG_OWNER='***' AIRFLOW_CTX_DAG_ID='nyc_airbnb_etl' AIRFLOW_CTX_TASK_ID='transform_data' AIRFLOW_CTX_EXECUTION_DATE='2024-08-31T15:09:21+00:00' AIRFLOW_CTX_TRY_NUMBER='1' AIRFLOW_CTX_DAG_RUN_ID='manual__2024-08-31T15:09:21+00:00'
[2024-08-31T15:09:38.078+0000] {logging_mixin.py:190} INFO - Task instance is in running state
[2024-08-31T15:09:38.079+0000] {logging_mixin.py:190} INFO -  Previous state of the Task instance: queued
[2024-08-31T15:09:38.080+0000] {logging_mixin.py:190} INFO - Current task name:transform_data state:running start_date:2024-08-31 15:09:37.770985+00:00
[2024-08-31T15:09:38.081+0000] {logging_mixin.py:190} INFO - Dag name:nyc_airbnb_etl and current dag run status:running
[2024-08-31T15:09:38.082+0000] {taskinstance.py:731} INFO - ::endgroup::
[2024-08-31T15:09:40.890+0000] {logging_mixin.py:190} INFO -      id  ... availability_365
0  2539  ...              365
1  2595  ...              355
2  3647  ...              365
3  3831  ...              194
4  5022  ...                0

[5 rows x 16 columns]
[2024-08-31T15:09:40.927+0000] {python.py:240} INFO - Done. Returned value was: None
[2024-08-31T15:09:40.947+0000] {taskinstance.py:340} INFO - ::group::Post task execution logs
[2024-08-31T15:09:40.949+0000] {taskinstance.py:352} INFO - Marking task as SUCCESS. dag_id=nyc_airbnb_etl, task_id=transform_data, run_id=manual__2024-08-31T15:09:21+00:00, execution_date=20240831T150921, start_date=20240831T150937, end_date=20240831T150940
[2024-08-31T15:09:40.967+0000] {logging_mixin.py:190} INFO - Task instance in success state
[2024-08-31T15:09:40.968+0000] {logging_mixin.py:190} INFO -  Previous state of the Task instance: running
[2024-08-31T15:09:40.969+0000] {logging_mixin.py:190} INFO - Dag name:nyc_airbnb_etl queued_at:2024-08-31 15:09:24.095411+00:00
[2024-08-31T15:09:40.970+0000] {logging_mixin.py:190} INFO - Task hostname:7177bd28bca8 operator:PythonOperator
[2024-08-31T15:09:41.018+0000] {local_task_job_runner.py:261} INFO - Task exited with return code 0
[2024-08-31T15:09:41.052+0000] {taskinstance.py:3891} INFO - 0 downstream tasks scheduled from follow-on schedule check
[2024-08-31T15:09:41.055+0000] {local_task_job_runner.py:240} INFO - ::endgroup::
