[2024-08-31T15:19:41.656+0000] {local_task_job_runner.py:123} INFO - ::group::Pre task execution logs
[2024-08-31T15:19:41.691+0000] {taskinstance.py:2603} INFO - Dependencies all met for dep_context=non-requeueable deps ti=<TaskInstance: nyc_airbnb_etl.transform_data manual__2024-08-31T15:19:26+00:00 [queued]>
[2024-08-31T15:19:41.708+0000] {taskinstance.py:2603} INFO - Dependencies all met for dep_context=requeueable deps ti=<TaskInstance: nyc_airbnb_etl.transform_data manual__2024-08-31T15:19:26+00:00 [queued]>
[2024-08-31T15:19:41.712+0000] {taskinstance.py:2856} INFO - Starting attempt 1 of 1
[2024-08-31T15:19:41.738+0000] {taskinstance.py:2879} INFO - Executing <Task(PythonOperator): transform_data> on 2024-08-31 15:19:26+00:00
[2024-08-31T15:19:41.751+0000] {warnings.py:112} WARNING - /home/***/.local/lib/python3.12/site-packages/***/task/task_runner/standard_task_runner.py:70: DeprecationWarning: This process (pid=575) is multi-threaded, use of fork() may lead to deadlocks in the child.
  pid = os.fork()

[2024-08-31T15:19:41.754+0000] {standard_task_runner.py:72} INFO - Started process 577 to run task
[2024-08-31T15:19:41.754+0000] {standard_task_runner.py:104} INFO - Running: ['***', 'tasks', 'run', 'nyc_airbnb_etl', 'transform_data', 'manual__2024-08-31T15:19:26+00:00', '--job-id', '74', '--raw', '--subdir', 'DAGS_FOLDER/nyc_airbnb_etl.py', '--cfg-path', '/tmp/tmpjtkueyoi']
[2024-08-31T15:19:41.756+0000] {standard_task_runner.py:105} INFO - Job 74: Subtask transform_data
[2024-08-31T15:19:41.843+0000] {task_command.py:467} INFO - Running <TaskInstance: nyc_airbnb_etl.transform_data manual__2024-08-31T15:19:26+00:00 [running]> on host 7177bd28bca8
[2024-08-31T15:19:42.013+0000] {taskinstance.py:3122} INFO - Exporting env vars: AIRFLOW_CTX_DAG_OWNER='***' AIRFLOW_CTX_DAG_ID='nyc_airbnb_etl' AIRFLOW_CTX_TASK_ID='transform_data' AIRFLOW_CTX_EXECUTION_DATE='2024-08-31T15:19:26+00:00' AIRFLOW_CTX_TRY_NUMBER='1' AIRFLOW_CTX_DAG_RUN_ID='manual__2024-08-31T15:19:26+00:00'
[2024-08-31T15:19:42.015+0000] {logging_mixin.py:190} INFO - Task instance is in running state
[2024-08-31T15:19:42.016+0000] {logging_mixin.py:190} INFO -  Previous state of the Task instance: queued
[2024-08-31T15:19:42.017+0000] {logging_mixin.py:190} INFO - Current task name:transform_data state:running start_date:2024-08-31 15:19:41.692736+00:00
[2024-08-31T15:19:42.018+0000] {logging_mixin.py:190} INFO - Dag name:nyc_airbnb_etl and current dag run status:running
[2024-08-31T15:19:42.019+0000] {taskinstance.py:731} INFO - ::endgroup::
[2024-08-31T15:19:44.208+0000] {logging_mixin.py:190} INFO - shape before (48895, 16)
[2024-08-31T15:19:44.381+0000] {logging_mixin.py:190} INFO -      id  ... last_review_date
0  2539  ...       2018-10-19
1  2595  ...       2019-05-21
2  3647  ...       2015-08-31
3  3831  ...       2019-07-05
4  5022  ...       2018-11-19

[5 rows x 17 columns]
[2024-08-31T15:19:44.382+0000] {logging_mixin.py:190} INFO - shape after (48884, 17)
[2024-08-31T15:19:44.416+0000] {python.py:240} INFO - Done. Returned value was: None
[2024-08-31T15:19:44.440+0000] {taskinstance.py:340} INFO - ::group::Post task execution logs
[2024-08-31T15:19:44.442+0000] {taskinstance.py:352} INFO - Marking task as SUCCESS. dag_id=nyc_airbnb_etl, task_id=transform_data, run_id=manual__2024-08-31T15:19:26+00:00, execution_date=20240831T151926, start_date=20240831T151941, end_date=20240831T151944
[2024-08-31T15:19:44.483+0000] {logging_mixin.py:190} INFO - Task instance in success state
[2024-08-31T15:19:44.484+0000] {logging_mixin.py:190} INFO -  Previous state of the Task instance: running
[2024-08-31T15:19:44.485+0000] {logging_mixin.py:190} INFO - Dag name:nyc_airbnb_etl queued_at:2024-08-31 15:19:29.205809+00:00
[2024-08-31T15:19:44.485+0000] {logging_mixin.py:190} INFO - Task hostname:7177bd28bca8 operator:PythonOperator
[2024-08-31T15:19:44.547+0000] {local_task_job_runner.py:261} INFO - Task exited with return code 0
[2024-08-31T15:19:44.577+0000] {taskinstance.py:3891} INFO - 0 downstream tasks scheduled from follow-on schedule check
[2024-08-31T15:19:44.581+0000] {local_task_job_runner.py:240} INFO - ::endgroup::
