[2024-09-01T15:59:35.875+0000] {local_task_job_runner.py:123} INFO - ::group::Pre task execution logs
[2024-09-01T15:59:35.890+0000] {taskinstance.py:2603} INFO - Dependencies all met for dep_context=non-requeueable deps ti=<TaskInstance: nyc_airbnb_etl.transform_data manual__2024-09-01T15:59:21+00:00 [queued]>
[2024-09-01T15:59:35.897+0000] {taskinstance.py:2603} INFO - Dependencies all met for dep_context=requeueable deps ti=<TaskInstance: nyc_airbnb_etl.transform_data manual__2024-09-01T15:59:21+00:00 [queued]>
[2024-09-01T15:59:35.898+0000] {taskinstance.py:2856} INFO - Starting attempt 1 of 1
[2024-09-01T15:59:35.912+0000] {taskinstance.py:2879} INFO - Executing <Task(PythonOperator): transform_data> on 2024-09-01 15:59:21+00:00
[2024-09-01T15:59:35.920+0000] {warnings.py:112} WARNING - /home/***/.local/lib/python3.12/site-packages/***/task/task_runner/standard_task_runner.py:70: DeprecationWarning: This process (pid=739) is multi-threaded, use of fork() may lead to deadlocks in the child.
  pid = os.fork()

[2024-09-01T15:59:35.922+0000] {standard_task_runner.py:72} INFO - Started process 741 to run task
[2024-09-01T15:59:35.921+0000] {standard_task_runner.py:104} INFO - Running: ['***', 'tasks', 'run', 'nyc_airbnb_etl', 'transform_data', 'manual__2024-09-01T15:59:21+00:00', '--job-id', '234', '--raw', '--subdir', 'DAGS_FOLDER/nyc_airbnb_etl.py', '--cfg-path', '/tmp/tmp3j2ea90h']
[2024-09-01T15:59:35.922+0000] {standard_task_runner.py:105} INFO - Job 234: Subtask transform_data
[2024-09-01T15:59:35.963+0000] {task_command.py:467} INFO - Running <TaskInstance: nyc_airbnb_etl.transform_data manual__2024-09-01T15:59:21+00:00 [running]> on host b74353bc56c3
[2024-09-01T15:59:36.036+0000] {taskinstance.py:3122} INFO - Exporting env vars: AIRFLOW_CTX_DAG_OWNER='***' AIRFLOW_CTX_DAG_ID='nyc_airbnb_etl' AIRFLOW_CTX_TASK_ID='transform_data' AIRFLOW_CTX_EXECUTION_DATE='2024-09-01T15:59:21+00:00' AIRFLOW_CTX_TRY_NUMBER='1' AIRFLOW_CTX_DAG_RUN_ID='manual__2024-09-01T15:59:21+00:00'
[2024-09-01T15:59:36.038+0000] {logging_mixin.py:190} INFO - Task instance is in running state
[2024-09-01T15:59:36.038+0000] {logging_mixin.py:190} INFO -  Previous state of the Task instance: queued
[2024-09-01T15:59:36.039+0000] {logging_mixin.py:190} INFO - Current task name:transform_data state:running start_date:2024-09-01 15:59:35.890986+00:00
[2024-09-01T15:59:36.039+0000] {logging_mixin.py:190} INFO - Dag name:nyc_airbnb_etl and current dag run status:running
[2024-09-01T15:59:36.039+0000] {taskinstance.py:731} INFO - ::endgroup::
[2024-09-01T15:59:38.831+0000] {python.py:240} INFO - Done. Returned value was: None
[2024-09-01T15:59:38.850+0000] {taskinstance.py:340} INFO - ::group::Post task execution logs
[2024-09-01T15:59:38.851+0000] {taskinstance.py:352} INFO - Marking task as SUCCESS. dag_id=nyc_airbnb_etl, task_id=transform_data, run_id=manual__2024-09-01T15:59:21+00:00, execution_date=20240901T155921, start_date=20240901T155935, end_date=20240901T155938
[2024-09-01T15:59:38.862+0000] {logging_mixin.py:190} INFO - Task instance in success state
[2024-09-01T15:59:38.863+0000] {logging_mixin.py:190} INFO -  Previous state of the Task instance: running
[2024-09-01T15:59:38.863+0000] {logging_mixin.py:190} INFO - Dag name:nyc_airbnb_etl queued_at:2024-09-01 15:59:23.404672+00:00
[2024-09-01T15:59:38.864+0000] {logging_mixin.py:190} INFO - Task hostname:b74353bc56c3 operator:PythonOperator
[2024-09-01T15:59:38.910+0000] {local_task_job_runner.py:261} INFO - Task exited with return code 0
[2024-09-01T15:59:38.931+0000] {warnings.py:112} WARNING - /home/***/.local/lib/python3.12/site-packages/***/models/baseoperator.py:1378: AirflowProviderDeprecationWarning: Call to deprecated class PostgresOperator. (Please use `***.providers.common.sql.operators.sql.SQLExecuteQueryOperator`.Also, you can provide `hook_params={'schema': <database>}`.)
  result = cls.__new__(cls)

[2024-09-01T15:59:38.952+0000] {taskinstance.py:3891} INFO - 1 downstream tasks scheduled from follow-on schedule check
[2024-09-01T15:59:38.954+0000] {local_task_job_runner.py:240} INFO - ::endgroup::
