[2024-09-02T08:56:04.793+0000] {local_task_job_runner.py:123} INFO - ::group::Pre task execution logs
[2024-09-02T08:56:04.857+0000] {taskinstance.py:2603} INFO - Dependencies all met for dep_context=non-requeueable deps ti=<TaskInstance: nyc_airbnb_etl.log_success_task scheduled__2024-09-01T06:30:00+00:00 [queued]>
[2024-09-02T08:56:04.893+0000] {taskinstance.py:2603} INFO - Dependencies all met for dep_context=requeueable deps ti=<TaskInstance: nyc_airbnb_etl.log_success_task scheduled__2024-09-01T06:30:00+00:00 [queued]>
[2024-09-02T08:56:04.895+0000] {taskinstance.py:2856} INFO - Starting attempt 1 of 1
[2024-09-02T08:56:04.938+0000] {taskinstance.py:2879} INFO - Executing <Task(PythonOperator): log_success_task> on 2024-09-01 06:30:00+00:00
[2024-09-02T08:56:04.956+0000] {warnings.py:112} WARNING - /home/***/.local/lib/python3.12/site-packages/***/task/task_runner/standard_task_runner.py:70: DeprecationWarning: This process (pid=251) is multi-threaded, use of fork() may lead to deadlocks in the child.
  pid = os.fork()

[2024-09-02T08:56:04.959+0000] {standard_task_runner.py:72} INFO - Started process 253 to run task
[2024-09-02T08:56:04.960+0000] {standard_task_runner.py:104} INFO - Running: ['***', 'tasks', 'run', 'nyc_airbnb_etl', 'log_success_task', 'scheduled__2024-09-01T06:30:00+00:00', '--job-id', '270', '--raw', '--subdir', 'DAGS_FOLDER/nyc_airbnb_etl.py', '--cfg-path', '/tmp/tmp6m8pfhrm']
[2024-09-02T08:56:04.963+0000] {standard_task_runner.py:105} INFO - Job 270: Subtask log_success_task
[2024-09-02T08:56:05.099+0000] {task_command.py:467} INFO - Running <TaskInstance: nyc_airbnb_etl.log_success_task scheduled__2024-09-01T06:30:00+00:00 [running]> on host b74353bc56c3
[2024-09-02T08:56:05.337+0000] {taskinstance.py:3122} INFO - Exporting env vars: AIRFLOW_CTX_DAG_OWNER='***' AIRFLOW_CTX_DAG_ID='nyc_airbnb_etl' AIRFLOW_CTX_TASK_ID='log_success_task' AIRFLOW_CTX_EXECUTION_DATE='2024-09-01T06:30:00+00:00' AIRFLOW_CTX_TRY_NUMBER='1' AIRFLOW_CTX_DAG_RUN_ID='scheduled__2024-09-01T06:30:00+00:00'
[2024-09-02T08:56:05.341+0000] {logging_mixin.py:190} INFO - Task instance is in running state
[2024-09-02T08:56:05.342+0000] {logging_mixin.py:190} INFO -  Previous state of the Task instance: queued
[2024-09-02T08:56:05.343+0000] {logging_mixin.py:190} INFO - Current task name:log_success_task state:running start_date:2024-09-02 08:56:04.859148+00:00
[2024-09-02T08:56:05.344+0000] {logging_mixin.py:190} INFO - Dag name:nyc_airbnb_etl and current dag run status:running
[2024-09-02T08:56:05.345+0000] {taskinstance.py:731} INFO - ::endgroup::
[2024-09-02T08:56:05.346+0000] {nyc_airbnb_etl.py:82} INFO - all good
[2024-09-02T08:56:05.347+0000] {python.py:240} INFO - Done. Returned value was: None
[2024-09-02T08:56:05.372+0000] {taskinstance.py:340} INFO - ::group::Post task execution logs
[2024-09-02T08:56:05.374+0000] {taskinstance.py:352} INFO - Marking task as SUCCESS. dag_id=nyc_airbnb_etl, task_id=log_success_task, run_id=scheduled__2024-09-01T06:30:00+00:00, execution_date=20240901T063000, start_date=20240902T085604, end_date=20240902T085605
[2024-09-02T08:56:05.408+0000] {logging_mixin.py:190} INFO - Task instance in success state
[2024-09-02T08:56:05.409+0000] {logging_mixin.py:190} INFO -  Previous state of the Task instance: running
[2024-09-02T08:56:05.410+0000] {logging_mixin.py:190} INFO - Dag name:nyc_airbnb_etl queued_at:2024-09-02 08:55:25.320024+00:00
[2024-09-02T08:56:05.411+0000] {logging_mixin.py:190} INFO - Task hostname:b74353bc56c3 operator:PythonOperator
[2024-09-02T08:56:05.460+0000] {local_task_job_runner.py:261} INFO - Task exited with return code 0
[2024-09-02T08:56:05.497+0000] {taskinstance.py:3891} INFO - 0 downstream tasks scheduled from follow-on schedule check
[2024-09-02T08:56:05.502+0000] {local_task_job_runner.py:240} INFO - ::endgroup::
