[2024-09-01T17:37:02.676+0000] {local_task_job_runner.py:123} INFO - ::group::Pre task execution logs
[2024-09-01T17:37:02.709+0000] {taskinstance.py:2603} INFO - Dependencies all met for dep_context=non-requeueable deps ti=<TaskInstance: nyc_airbnb_etl.transform_data manual__2024-09-01T17:36:49+00:00 [queued]>
[2024-09-01T17:37:02.724+0000] {taskinstance.py:2603} INFO - Dependencies all met for dep_context=requeueable deps ti=<TaskInstance: nyc_airbnb_etl.transform_data manual__2024-09-01T17:36:49+00:00 [queued]>
[2024-09-01T17:37:02.726+0000] {taskinstance.py:2856} INFO - Starting attempt 1 of 1
[2024-09-01T17:37:02.754+0000] {taskinstance.py:2879} INFO - Executing <Task(PythonOperator): transform_data> on 2024-09-01 17:36:49+00:00
[2024-09-01T17:37:02.766+0000] {warnings.py:112} WARNING - /home/***/.local/lib/python3.12/site-packages/***/task/task_runner/standard_task_runner.py:70: DeprecationWarning: This process (pid=1461) is multi-threaded, use of fork() may lead to deadlocks in the child.
  pid = os.fork()

[2024-09-01T17:37:02.769+0000] {standard_task_runner.py:72} INFO - Started process 1463 to run task
[2024-09-01T17:37:02.770+0000] {standard_task_runner.py:104} INFO - Running: ['***', 'tasks', 'run', 'nyc_airbnb_etl', 'transform_data', 'manual__2024-09-01T17:36:49+00:00', '--job-id', '257', '--raw', '--subdir', 'DAGS_FOLDER/nyc_airbnb_etl.py', '--cfg-path', '/tmp/tmpjhfrnfoj']
[2024-09-01T17:37:02.772+0000] {standard_task_runner.py:105} INFO - Job 257: Subtask transform_data
[2024-09-01T17:37:02.854+0000] {task_command.py:467} INFO - Running <TaskInstance: nyc_airbnb_etl.transform_data manual__2024-09-01T17:36:49+00:00 [running]> on host b74353bc56c3
[2024-09-01T17:37:03.038+0000] {taskinstance.py:3122} INFO - Exporting env vars: AIRFLOW_CTX_DAG_OWNER='***' AIRFLOW_CTX_DAG_ID='nyc_airbnb_etl' AIRFLOW_CTX_TASK_ID='transform_data' AIRFLOW_CTX_EXECUTION_DATE='2024-09-01T17:36:49+00:00' AIRFLOW_CTX_TRY_NUMBER='1' AIRFLOW_CTX_DAG_RUN_ID='manual__2024-09-01T17:36:49+00:00'
[2024-09-01T17:37:03.041+0000] {logging_mixin.py:190} INFO - Task instance is in running state
[2024-09-01T17:37:03.042+0000] {logging_mixin.py:190} INFO -  Previous state of the Task instance: queued
[2024-09-01T17:37:03.042+0000] {logging_mixin.py:190} INFO - Current task name:transform_data state:running start_date:2024-09-01 17:37:02.710578+00:00
[2024-09-01T17:37:03.043+0000] {logging_mixin.py:190} INFO - Dag name:nyc_airbnb_etl and current dag run status:running
[2024-09-01T17:37:03.044+0000] {taskinstance.py:731} INFO - ::endgroup::
[2024-09-01T17:37:06.433+0000] {python.py:240} INFO - Done. Returned value was: None
[2024-09-01T17:37:06.453+0000] {taskinstance.py:340} INFO - ::group::Post task execution logs
[2024-09-01T17:37:06.455+0000] {taskinstance.py:352} INFO - Marking task as SUCCESS. dag_id=nyc_airbnb_etl, task_id=transform_data, run_id=manual__2024-09-01T17:36:49+00:00, execution_date=20240901T173649, start_date=20240901T173702, end_date=20240901T173706
[2024-09-01T17:37:06.499+0000] {logging_mixin.py:190} INFO - Task instance in success state
[2024-09-01T17:37:06.500+0000] {logging_mixin.py:190} INFO -  Previous state of the Task instance: running
[2024-09-01T17:37:06.501+0000] {logging_mixin.py:190} INFO - Dag name:nyc_airbnb_etl queued_at:2024-09-01 17:36:51.455139+00:00
[2024-09-01T17:37:06.502+0000] {logging_mixin.py:190} INFO - Task hostname:b74353bc56c3 operator:PythonOperator
[2024-09-01T17:37:06.528+0000] {local_task_job_runner.py:261} INFO - Task exited with return code 0
[2024-09-01T17:37:06.547+0000] {warnings.py:112} WARNING - /home/***/.local/lib/python3.12/site-packages/***/models/baseoperator.py:1378: AirflowProviderDeprecationWarning: Call to deprecated class PostgresOperator. (Please use `***.providers.common.sql.operators.sql.SQLExecuteQueryOperator`.Also, you can provide `hook_params={'schema': <database>}`.)
  result = cls.__new__(cls)

[2024-09-01T17:37:06.591+0000] {taskinstance.py:3891} INFO - 1 downstream tasks scheduled from follow-on schedule check
[2024-09-01T17:37:06.595+0000] {local_task_job_runner.py:240} INFO - ::endgroup::
