[2024-09-01T15:59:29.007+0000] {local_task_job_runner.py:123} INFO - ::group::Pre task execution logs
[2024-09-01T15:59:29.065+0000] {taskinstance.py:2603} INFO - Dependencies all met for dep_context=non-requeueable deps ti=<TaskInstance: nyc_airbnb_etl.log_error_task manual__2024-09-01T15:59:21+00:00 [queued]>
[2024-09-01T15:59:29.117+0000] {taskinstance.py:2603} INFO - Dependencies all met for dep_context=requeueable deps ti=<TaskInstance: nyc_airbnb_etl.log_error_task manual__2024-09-01T15:59:21+00:00 [queued]>
[2024-09-01T15:59:29.119+0000] {taskinstance.py:2856} INFO - Starting attempt 1 of 1
[2024-09-01T15:59:29.198+0000] {taskinstance.py:2879} INFO - Executing <Task(PythonOperator): log_error_task> on 2024-09-01 15:59:21+00:00
[2024-09-01T15:59:29.223+0000] {warnings.py:112} WARNING - /home/***/.local/lib/python3.12/site-packages/***/task/task_runner/standard_task_runner.py:70: DeprecationWarning: This process (pid=721) is multi-threaded, use of fork() may lead to deadlocks in the child.
  pid = os.fork()

[2024-09-01T15:59:29.229+0000] {standard_task_runner.py:72} INFO - Started process 735 to run task
[2024-09-01T15:59:29.231+0000] {standard_task_runner.py:104} INFO - Running: ['***', 'tasks', 'run', 'nyc_airbnb_etl', 'log_error_task', 'manual__2024-09-01T15:59:21+00:00', '--job-id', '232', '--raw', '--subdir', 'DAGS_FOLDER/nyc_airbnb_etl.py', '--cfg-path', '/tmp/tmpe_7kfxx_']
[2024-09-01T15:59:29.235+0000] {standard_task_runner.py:105} INFO - Job 232: Subtask log_error_task
[2024-09-01T15:59:29.397+0000] {task_command.py:467} INFO - Running <TaskInstance: nyc_airbnb_etl.log_error_task manual__2024-09-01T15:59:21+00:00 [running]> on host b74353bc56c3
[2024-09-01T15:59:29.745+0000] {taskinstance.py:3122} INFO - Exporting env vars: AIRFLOW_CTX_DAG_OWNER='***' AIRFLOW_CTX_DAG_ID='nyc_airbnb_etl' AIRFLOW_CTX_TASK_ID='log_error_task' AIRFLOW_CTX_EXECUTION_DATE='2024-09-01T15:59:21+00:00' AIRFLOW_CTX_TRY_NUMBER='1' AIRFLOW_CTX_DAG_RUN_ID='manual__2024-09-01T15:59:21+00:00'
[2024-09-01T15:59:29.751+0000] {logging_mixin.py:190} INFO - Task instance is in running state
[2024-09-01T15:59:29.752+0000] {logging_mixin.py:190} INFO -  Previous state of the Task instance: queued
[2024-09-01T15:59:29.753+0000] {logging_mixin.py:190} INFO - Current task name:log_error_task state:running start_date:2024-09-01 15:59:29.067760+00:00
[2024-09-01T15:59:29.754+0000] {logging_mixin.py:190} INFO - Dag name:nyc_airbnb_etl and current dag run status:running
[2024-09-01T15:59:29.755+0000] {taskinstance.py:731} INFO - ::endgroup::
[2024-09-01T15:59:29.757+0000] {logging_mixin.py:190} INFO - oh nooo
[2024-09-01T15:59:29.758+0000] {python.py:240} INFO - Done. Returned value was: None
[2024-09-01T15:59:29.798+0000] {taskinstance.py:340} INFO - ::group::Post task execution logs
[2024-09-01T15:59:29.799+0000] {taskinstance.py:352} INFO - Marking task as SUCCESS. dag_id=nyc_airbnb_etl, task_id=log_error_task, run_id=manual__2024-09-01T15:59:21+00:00, execution_date=20240901T155921, start_date=20240901T155929, end_date=20240901T155929
[2024-09-01T15:59:29.835+0000] {logging_mixin.py:190} INFO - Task instance in success state
[2024-09-01T15:59:29.837+0000] {logging_mixin.py:190} INFO -  Previous state of the Task instance: running
[2024-09-01T15:59:29.838+0000] {logging_mixin.py:190} INFO - Dag name:nyc_airbnb_etl queued_at:2024-09-01 15:59:23.404672+00:00
[2024-09-01T15:59:29.839+0000] {logging_mixin.py:190} INFO - Task hostname:b74353bc56c3 operator:PythonOperator
[2024-09-01T15:59:29.898+0000] {local_task_job_runner.py:261} INFO - Task exited with return code 0
[2024-09-01T15:59:29.967+0000] {taskinstance.py:3891} INFO - 0 downstream tasks scheduled from follow-on schedule check
[2024-09-01T15:59:29.973+0000] {local_task_job_runner.py:240} INFO - ::endgroup::
