[2024-08-31T14:42:01.318+0000] {local_task_job_runner.py:123} INFO - ::group::Pre task execution logs
[2024-08-31T14:42:01.375+0000] {taskinstance.py:2603} INFO - Dependencies all met for dep_context=non-requeueable deps ti=<TaskInstance: nyc_airbnb_etl.read_raw_data manual__2024-08-31T14:41:44+00:00 [queued]>
[2024-08-31T14:42:01.393+0000] {taskinstance.py:2603} INFO - Dependencies all met for dep_context=requeueable deps ti=<TaskInstance: nyc_airbnb_etl.read_raw_data manual__2024-08-31T14:41:44+00:00 [queued]>
[2024-08-31T14:42:01.394+0000] {taskinstance.py:2856} INFO - Starting attempt 1 of 1
[2024-08-31T14:42:01.449+0000] {taskinstance.py:2879} INFO - Executing <Task(PythonOperator): read_raw_data> on 2024-08-31 14:41:44+00:00
[2024-08-31T14:42:01.463+0000] {warnings.py:112} WARNING - /home/***/.local/lib/python3.12/site-packages/***/task/task_runner/standard_task_runner.py:70: DeprecationWarning: This process (pid=93) is multi-threaded, use of fork() may lead to deadlocks in the child.
  pid = os.fork()

[2024-08-31T14:42:01.466+0000] {standard_task_runner.py:72} INFO - Started process 95 to run task
[2024-08-31T14:42:01.467+0000] {standard_task_runner.py:104} INFO - Running: ['***', 'tasks', 'run', 'nyc_airbnb_etl', 'read_raw_data', 'manual__2024-08-31T14:41:44+00:00', '--job-id', '64', '--raw', '--subdir', 'DAGS_FOLDER/nyc_airbnb_etl.py', '--cfg-path', '/tmp/tmpq6edksaa']
[2024-08-31T14:42:01.469+0000] {standard_task_runner.py:105} INFO - Job 64: Subtask read_raw_data
[2024-08-31T14:42:01.556+0000] {task_command.py:467} INFO - Running <TaskInstance: nyc_airbnb_etl.read_raw_data manual__2024-08-31T14:41:44+00:00 [running]> on host 7177bd28bca8
[2024-08-31T14:42:01.744+0000] {taskinstance.py:3122} INFO - Exporting env vars: AIRFLOW_CTX_DAG_OWNER='***' AIRFLOW_CTX_DAG_ID='nyc_airbnb_etl' AIRFLOW_CTX_TASK_ID='read_raw_data' AIRFLOW_CTX_EXECUTION_DATE='2024-08-31T14:41:44+00:00' AIRFLOW_CTX_TRY_NUMBER='1' AIRFLOW_CTX_DAG_RUN_ID='manual__2024-08-31T14:41:44+00:00'
[2024-08-31T14:42:01.747+0000] {logging_mixin.py:190} INFO - Task instance is in running state
[2024-08-31T14:42:01.748+0000] {logging_mixin.py:190} INFO -  Previous state of the Task instance: queued
[2024-08-31T14:42:01.749+0000] {logging_mixin.py:190} INFO - Current task name:read_raw_data state:running start_date:2024-08-31 14:42:01.377144+00:00
[2024-08-31T14:42:01.750+0000] {logging_mixin.py:190} INFO - Dag name:nyc_airbnb_etl and current dag run status:running
[2024-08-31T14:42:01.752+0000] {taskinstance.py:731} INFO - ::endgroup::
[2024-08-31T14:42:02.162+0000] {python.py:240} INFO - Done. Returned value was:              id  ... availability_365
0          2539  ...              365
1          2595  ...              355
2          3647  ...              365
3          3831  ...              194
4          5022  ...                0
...         ...  ...              ...
48890  36484665  ...                9
48891  36485057  ...               36
48892  36485431  ...               27
48893  36485609  ...                2
48894  36487245  ...               23

[48895 rows x 16 columns]
[2024-08-31T14:42:03.458+0000] {taskinstance.py:340} INFO - ::group::Post task execution logs
[2024-08-31T14:42:03.460+0000] {taskinstance.py:352} INFO - Marking task as SUCCESS. dag_id=nyc_airbnb_etl, task_id=read_raw_data, run_id=manual__2024-08-31T14:41:44+00:00, execution_date=20240831T144144, start_date=20240831T144201, end_date=20240831T144203
[2024-08-31T14:42:03.482+0000] {logging_mixin.py:190} INFO - Task instance in success state
[2024-08-31T14:42:03.483+0000] {logging_mixin.py:190} INFO -  Previous state of the Task instance: running
[2024-08-31T14:42:03.484+0000] {logging_mixin.py:190} INFO - Dag name:nyc_airbnb_etl queued_at:2024-08-31 14:41:53.114811+00:00
[2024-08-31T14:42:03.485+0000] {logging_mixin.py:190} INFO - Task hostname:7177bd28bca8 operator:PythonOperator
[2024-08-31T14:42:03.534+0000] {local_task_job_runner.py:261} INFO - Task exited with return code 0
[2024-08-31T14:42:03.565+0000] {taskinstance.py:3891} INFO - 0 downstream tasks scheduled from follow-on schedule check
[2024-08-31T14:42:03.569+0000] {local_task_job_runner.py:240} INFO - ::endgroup::
