[2024-09-01T17:24:42.346+0000] {local_task_job_runner.py:123} INFO - ::group::Pre task execution logs
[2024-09-01T17:24:42.390+0000] {taskinstance.py:2603} INFO - Dependencies all met for dep_context=non-requeueable deps ti=<TaskInstance: nyc_airbnb_etl.log_success_task manual__2024-09-01T17:24:12+00:00 [queued]>
[2024-09-01T17:24:42.414+0000] {taskinstance.py:2603} INFO - Dependencies all met for dep_context=requeueable deps ti=<TaskInstance: nyc_airbnb_etl.log_success_task manual__2024-09-01T17:24:12+00:00 [queued]>
[2024-09-01T17:24:42.453+0000] {taskinstance.py:2856} INFO - Starting attempt 1 of 1
[2024-09-01T17:24:42.480+0000] {taskinstance.py:2879} INFO - Executing <Task(PythonOperator): log_success_task> on 2024-09-01 17:24:12+00:00
[2024-09-01T17:24:42.493+0000] {warnings.py:112} WARNING - /home/***/.local/lib/python3.12/site-packages/***/task/task_runner/standard_task_runner.py:70: DeprecationWarning: This process (pid=1355) is multi-threaded, use of fork() may lead to deadlocks in the child.
  pid = os.fork()

[2024-09-01T17:24:42.496+0000] {standard_task_runner.py:72} INFO - Started process 1357 to run task
[2024-09-01T17:24:42.497+0000] {standard_task_runner.py:104} INFO - Running: ['***', 'tasks', 'run', 'nyc_airbnb_etl', 'log_success_task', 'manual__2024-09-01T17:24:12+00:00', '--job-id', '255', '--raw', '--subdir', 'DAGS_FOLDER/nyc_airbnb_etl.py', '--cfg-path', '/tmp/tmpmpwxa909']
[2024-09-01T17:24:42.499+0000] {standard_task_runner.py:105} INFO - Job 255: Subtask log_success_task
[2024-09-01T17:24:42.587+0000] {task_command.py:467} INFO - Running <TaskInstance: nyc_airbnb_etl.log_success_task manual__2024-09-01T17:24:12+00:00 [running]> on host b74353bc56c3
[2024-09-01T17:24:42.806+0000] {taskinstance.py:3122} INFO - Exporting env vars: AIRFLOW_CTX_DAG_OWNER='***' AIRFLOW_CTX_DAG_ID='nyc_airbnb_etl' AIRFLOW_CTX_TASK_ID='log_success_task' AIRFLOW_CTX_EXECUTION_DATE='2024-09-01T17:24:12+00:00' AIRFLOW_CTX_TRY_NUMBER='1' AIRFLOW_CTX_DAG_RUN_ID='manual__2024-09-01T17:24:12+00:00'
[2024-09-01T17:24:42.809+0000] {logging_mixin.py:190} INFO - Task instance is in running state
[2024-09-01T17:24:42.810+0000] {logging_mixin.py:190} INFO -  Previous state of the Task instance: queued
[2024-09-01T17:24:42.811+0000] {logging_mixin.py:190} INFO - Current task name:log_success_task state:running start_date:2024-09-01 17:24:42.391455+00:00
[2024-09-01T17:24:42.812+0000] {logging_mixin.py:190} INFO - Dag name:nyc_airbnb_etl and current dag run status:running
[2024-09-01T17:24:42.813+0000] {taskinstance.py:731} INFO - ::endgroup::
[2024-09-01T17:24:42.815+0000] {nyc_airbnb_etl.py:71} INFO - all good
[2024-09-01T17:24:42.816+0000] {python.py:240} INFO - Done. Returned value was: None
[2024-09-01T17:24:42.837+0000] {taskinstance.py:340} INFO - ::group::Post task execution logs
[2024-09-01T17:24:42.838+0000] {taskinstance.py:352} INFO - Marking task as SUCCESS. dag_id=nyc_airbnb_etl, task_id=log_success_task, run_id=manual__2024-09-01T17:24:12+00:00, execution_date=20240901T172412, start_date=20240901T172442, end_date=20240901T172442
[2024-09-01T17:24:42.861+0000] {logging_mixin.py:190} INFO - Task instance in success state
[2024-09-01T17:24:42.863+0000] {logging_mixin.py:190} INFO -  Previous state of the Task instance: running
[2024-09-01T17:24:42.864+0000] {logging_mixin.py:190} INFO - Dag name:nyc_airbnb_etl queued_at:2024-09-01 17:24:15.166957+00:00
[2024-09-01T17:24:42.864+0000] {logging_mixin.py:190} INFO - Task hostname:b74353bc56c3 operator:PythonOperator
[2024-09-01T17:24:42.916+0000] {local_task_job_runner.py:261} INFO - Task exited with return code 0
[2024-09-01T17:24:42.948+0000] {taskinstance.py:3891} INFO - 0 downstream tasks scheduled from follow-on schedule check
[2024-09-01T17:24:42.953+0000] {local_task_job_runner.py:240} INFO - ::endgroup::
