[2024-09-01T08:34:11.492+0000] {local_task_job_runner.py:123} INFO - ::group::Pre task execution logs
[2024-09-01T08:34:11.512+0000] {taskinstance.py:2603} INFO - Dependencies all met for dep_context=non-requeueable deps ti=<TaskInstance: nyc_airbnb_etl.log_results manual__2024-09-01T08:33:50+00:00 [queued]>
[2024-09-01T08:34:11.520+0000] {taskinstance.py:2603} INFO - Dependencies all met for dep_context=requeueable deps ti=<TaskInstance: nyc_airbnb_etl.log_results manual__2024-09-01T08:33:50+00:00 [queued]>
[2024-09-01T08:34:11.521+0000] {taskinstance.py:2856} INFO - Starting attempt 1 of 1
[2024-09-01T08:34:11.533+0000] {taskinstance.py:2879} INFO - Executing <Task(PythonOperator): log_results> on 2024-09-01 08:33:50+00:00
[2024-09-01T08:34:11.545+0000] {warnings.py:112} WARNING - /home/***/.local/lib/python3.12/site-packages/***/task/task_runner/standard_task_runner.py:70: DeprecationWarning: This process (pid=174) is multi-threaded, use of fork() may lead to deadlocks in the child.
  pid = os.fork()

[2024-09-01T08:34:11.547+0000] {standard_task_runner.py:72} INFO - Started process 183 to run task
[2024-09-01T08:34:11.546+0000] {standard_task_runner.py:104} INFO - Running: ['***', 'tasks', 'run', 'nyc_airbnb_etl', 'log_results', 'manual__2024-09-01T08:33:50+00:00', '--job-id', '206', '--raw', '--subdir', 'DAGS_FOLDER/nyc_airbnb_etl.py', '--cfg-path', '/tmp/tmpt0o5pv11']
[2024-09-01T08:34:11.548+0000] {standard_task_runner.py:105} INFO - Job 206: Subtask log_results
[2024-09-01T08:34:11.600+0000] {task_command.py:467} INFO - Running <TaskInstance: nyc_airbnb_etl.log_results manual__2024-09-01T08:33:50+00:00 [running]> on host b74353bc56c3
[2024-09-01T08:34:11.721+0000] {taskinstance.py:3122} INFO - Exporting env vars: AIRFLOW_CTX_DAG_OWNER='***' AIRFLOW_CTX_DAG_ID='nyc_airbnb_etl' AIRFLOW_CTX_TASK_ID='log_results' AIRFLOW_CTX_EXECUTION_DATE='2024-09-01T08:33:50+00:00' AIRFLOW_CTX_TRY_NUMBER='1' AIRFLOW_CTX_DAG_RUN_ID='manual__2024-09-01T08:33:50+00:00'
[2024-09-01T08:34:11.723+0000] {logging_mixin.py:190} INFO - Task instance is in running state
[2024-09-01T08:34:11.724+0000] {logging_mixin.py:190} INFO -  Previous state of the Task instance: queued
[2024-09-01T08:34:11.725+0000] {logging_mixin.py:190} INFO - Current task name:log_results state:running start_date:2024-09-01 08:34:11.512747+00:00
[2024-09-01T08:34:11.726+0000] {logging_mixin.py:190} INFO - Dag name:nyc_airbnb_etl and current dag run status:running
[2024-09-01T08:34:11.727+0000] {taskinstance.py:731} INFO - ::endgroup::
[2024-09-01T08:34:11.747+0000] {base.py:84} INFO - Retrieving connection 'test-connection'
[2024-09-01T08:34:11.755+0000] {sql.py:509} INFO - Running statement: SELECT * FROM information_schema.tables, parameters: None
[2024-09-01T08:34:11.793+0000] {sql.py:518} INFO - Rows affected: 243
[2024-09-01T08:34:11.796+0000] {logging_mixin.py:190} INFO - ('***_etl', 'public', 'airbnb_listings', 'BASE TABLE', None, None, None, None, None, 'YES', 'NO', None)
[2024-09-01T08:34:11.797+0000] {logging_mixin.py:190} INFO - ('***_etl', 'public', 'log', 'BASE TABLE', None, None, None, None, None, 'YES', 'NO', None)
[2024-09-01T08:34:11.798+0000] {logging_mixin.py:190} INFO - ('***_etl', 'public', 'dag_priority_parsing_request', 'BASE TABLE', None, None, None, None, None, 'YES', 'NO', None)
[2024-09-01T08:34:11.799+0000] {logging_mixin.py:190} INFO - ('***_etl', 'pg_catalog', 'pg_statistic', 'BASE TABLE', None, None, None, None, None, 'YES', 'NO', None)
[2024-09-01T08:34:11.799+0000] {logging_mixin.py:190} INFO - ('***_etl', 'pg_catalog', 'pg_type', 'BASE TABLE', None, None, None, None, None, 'YES', 'NO', None)
[2024-09-01T08:34:11.800+0000] {logging_mixin.py:190} INFO - ('***_etl', 'public', 'job', 'BASE TABLE', None, None, None, None, None, 'YES', 'NO', None)
[2024-09-01T08:34:11.801+0000] {logging_mixin.py:190} INFO - ('***_etl', 'public', 'slot_pool', 'BASE TABLE', None, None, None, None, None, 'YES', 'NO', None)
[2024-09-01T08:34:11.802+0000] {logging_mixin.py:190} INFO - ('***_etl', 'pg_catalog', 'pg_foreign_table', 'BASE TABLE', None, None, None, None, None, 'YES', 'NO', None)
[2024-09-01T08:34:11.803+0000] {logging_mixin.py:190} INFO - ('***_etl', 'pg_catalog', 'pg_authid', 'BASE TABLE', None, None, None, None, None, 'YES', 'NO', None)
[2024-09-01T08:34:11.804+0000] {logging_mixin.py:190} INFO - ('***_etl', 'pg_catalog', 'pg_shadow', 'VIEW', None, None, None, None, None, 'NO', 'NO', None)
[2024-09-01T08:34:11.805+0000] {logging_mixin.py:190} INFO - ('***_etl', 'public', 'callback_request', 'BASE TABLE', None, None, None, None, None, 'YES', 'NO', None)
[2024-09-01T08:34:11.806+0000] {logging_mixin.py:190} INFO - ('***_etl', 'public', 'dag_code', 'BASE TABLE', None, None, None, None, None, 'YES', 'NO', None)
[2024-09-01T08:34:11.807+0000] {logging_mixin.py:190} INFO - ('***_etl', 'pg_catalog', 'pg_statistic_ext_data', 'BASE TABLE', None, None, None, None, None, 'YES', 'NO', None)
[2024-09-01T08:34:11.808+0000] {logging_mixin.py:190} INFO - ('***_etl', 'pg_catalog', 'pg_roles', 'VIEW', None, None, None, None, None, 'NO', 'NO', None)
[2024-09-01T08:34:11.809+0000] {logging_mixin.py:190} INFO - ('***_etl', 'public', 'dag_pickle', 'BASE TABLE', None, None, None, None, None, 'YES', 'NO', None)
[2024-09-01T08:34:11.810+0000] {logging_mixin.py:190} INFO - ('***_etl', 'pg_catalog', 'pg_settings', 'VIEW', None, None, None, None, None, 'NO', 'NO', None)
[2024-09-01T08:34:11.810+0000] {logging_mixin.py:190} INFO - ('***_etl', 'pg_catalog', 'pg_file_settings', 'VIEW', None, None, None, None, None, 'NO', 'NO', None)
[2024-09-01T08:34:11.811+0000] {logging_mixin.py:190} INFO - ('***_etl', 'pg_catalog', 'pg_hba_file_rules', 'VIEW', None, None, None, None, None, 'NO', 'NO', None)
[2024-09-01T08:34:11.812+0000] {logging_mixin.py:190} INFO - ('***_etl', 'pg_catalog', 'pg_config', 'VIEW', None, None, None, None, None, 'NO', 'NO', None)
[2024-09-01T08:34:11.812+0000] {logging_mixin.py:190} INFO - ('***_etl', 'pg_catalog', 'pg_shmem_allocations', 'VIEW', None, None, None, None, None, 'NO', 'NO', None)
[2024-09-01T08:34:11.813+0000] {logging_mixin.py:190} INFO - ('***_etl', 'public', 'ab_user', 'BASE TABLE', None, None, None, None, None, 'YES', 'NO', None)
[2024-09-01T08:34:11.814+0000] {logging_mixin.py:190} INFO - ('***_etl', 'public', 'ab_register_user', 'BASE TABLE', None, None, None, None, None, 'YES', 'NO', None)
[2024-09-01T08:34:11.814+0000] {logging_mixin.py:190} INFO - ('***_etl', 'pg_catalog', 'pg_prepared_statements', 'VIEW', None, None, None, None, None, 'NO', 'NO', None)
[2024-09-01T08:34:11.815+0000] {logging_mixin.py:190} INFO - ('***_etl', 'pg_catalog', 'pg_largeobject', 'BASE TABLE', None, None, None, None, None, 'YES', 'NO', None)
[2024-09-01T08:34:11.816+0000] {logging_mixin.py:190} INFO - ('***_etl', 'pg_catalog', 'pg_user_mapping', 'BASE TABLE', None, None, None, None, None, 'YES', 'NO', None)
[2024-09-01T08:34:11.816+0000] {logging_mixin.py:190} INFO - ('***_etl', 'pg_catalog', 'pg_stat_progress_vacuum', 'VIEW', None, None, None, None, None, 'NO', 'NO', None)
[2024-09-01T08:34:11.817+0000] {logging_mixin.py:190} INFO - ('***_etl', 'pg_catalog', 'pg_replication_origin_status', 'VIEW', None, None, None, None, None, 'NO', 'NO', None)
[2024-09-01T08:34:11.818+0000] {logging_mixin.py:190} INFO - ('***_etl', 'pg_catalog', 'pg_subscription', 'BASE TABLE', None, None, None, None, None, 'YES', 'NO', None)
[2024-09-01T08:34:11.819+0000] {logging_mixin.py:190} INFO - ('***_etl', 'pg_catalog', 'pg_attribute', 'BASE TABLE', None, None, None, None, None, 'YES', 'NO', None)
[2024-09-01T08:34:11.820+0000] {logging_mixin.py:190} INFO - ('***_etl', 'pg_catalog', 'pg_proc', 'BASE TABLE', None, None, None, None, None, 'YES', 'NO', None)
[2024-09-01T08:34:11.820+0000] {logging_mixin.py:190} INFO - ('***_etl', 'pg_catalog', 'pg_class', 'BASE TABLE', None, None, None, None, None, 'YES', 'NO', None)
[2024-09-01T08:34:11.821+0000] {logging_mixin.py:190} INFO - ('***_etl', 'pg_catalog', 'pg_attrdef', 'BASE TABLE', None, None, None, None, None, 'YES', 'NO', None)
[2024-09-01T08:34:11.822+0000] {logging_mixin.py:190} INFO - ('***_etl', 'pg_catalog', 'pg_constraint', 'BASE TABLE', None, None, None, None, None, 'YES', 'NO', None)
[2024-09-01T08:34:11.823+0000] {logging_mixin.py:190} INFO - ('***_etl', 'pg_catalog', 'pg_inherits', 'BASE TABLE', None, None, None, None, None, 'YES', 'NO', None)
[2024-09-01T08:34:11.823+0000] {logging_mixin.py:190} INFO - ('***_etl', 'pg_catalog', 'pg_index', 'BASE TABLE', None, None, None, None, None, 'YES', 'NO', None)
[2024-09-01T08:34:11.824+0000] {logging_mixin.py:190} INFO - ('***_etl', 'pg_catalog', 'pg_operator', 'BASE TABLE', None, None, None, None, None, 'YES', 'NO', None)
[2024-09-01T08:34:11.825+0000] {logging_mixin.py:190} INFO - ('***_etl', 'pg_catalog', 'pg_opfamily', 'BASE TABLE', None, None, None, None, None, 'YES', 'NO', None)
[2024-09-01T08:34:11.826+0000] {logging_mixin.py:190} INFO - ('***_etl', 'pg_catalog', 'pg_opclass', 'BASE TABLE', None, None, None, None, None, 'YES', 'NO', None)
[2024-09-01T08:34:11.827+0000] {logging_mixin.py:190} INFO - ('***_etl', 'pg_catalog', 'pg_am', 'BASE TABLE', None, None, None, None, None, 'YES', 'NO', None)
[2024-09-01T08:34:11.828+0000] {logging_mixin.py:190} INFO - ('***_etl', 'pg_catalog', 'pg_amop', 'BASE TABLE', None, None, None, None, None, 'YES', 'NO', None)
[2024-09-01T08:34:11.828+0000] {logging_mixin.py:190} INFO - ('***_etl', 'pg_catalog', 'pg_amproc', 'BASE TABLE', None, None, None, None, None, 'YES', 'NO', None)
[2024-09-01T08:34:11.829+0000] {logging_mixin.py:190} INFO - ('***_etl', 'pg_catalog', 'pg_language', 'BASE TABLE', None, None, None, None, None, 'YES', 'NO', None)
[2024-09-01T08:34:11.830+0000] {logging_mixin.py:190} INFO - ('***_etl', 'pg_catalog', 'pg_largeobject_metadata', 'BASE TABLE', None, None, None, None, None, 'YES', 'NO', None)
[2024-09-01T08:34:11.830+0000] {logging_mixin.py:190} INFO - ('***_etl', 'pg_catalog', 'pg_aggregate', 'BASE TABLE', None, None, None, None, None, 'YES', 'NO', None)
[2024-09-01T08:34:11.831+0000] {logging_mixin.py:190} INFO - ('***_etl', 'pg_catalog', 'pg_statistic_ext', 'BASE TABLE', None, None, None, None, None, 'YES', 'NO', None)
[2024-09-01T08:34:11.832+0000] {logging_mixin.py:190} INFO - ('***_etl', 'pg_catalog', 'pg_rewrite', 'BASE TABLE', None, None, None, None, None, 'YES', 'NO', None)
[2024-09-01T08:34:11.833+0000] {logging_mixin.py:190} INFO - ('***_etl', 'pg_catalog', 'pg_trigger', 'BASE TABLE', None, None, None, None, None, 'YES', 'NO', None)
[2024-09-01T08:34:11.834+0000] {logging_mixin.py:190} INFO - ('***_etl', 'pg_catalog', 'pg_event_trigger', 'BASE TABLE', None, None, None, None, None, 'YES', 'NO', None)
[2024-09-01T08:34:11.835+0000] {logging_mixin.py:190} INFO - ('***_etl', 'pg_catalog', 'pg_description', 'BASE TABLE', None, None, None, None, None, 'YES', 'NO', None)
[2024-09-01T08:34:11.835+0000] {logging_mixin.py:190} INFO - ('***_etl', 'pg_catalog', 'pg_cast', 'BASE TABLE', None, None, None, None, None, 'YES', 'NO', None)
[2024-09-01T08:34:11.836+0000] {logging_mixin.py:190} INFO - ('***_etl', 'pg_catalog', 'pg_stat_progress_cluster', 'VIEW', None, None, None, None, None, 'NO', 'NO', None)
[2024-09-01T08:34:11.837+0000] {logging_mixin.py:190} INFO - ('***_etl', 'pg_catalog', 'pg_stat_progress_create_index', 'VIEW', None, None, None, None, None, 'NO', 'NO', None)
[2024-09-01T08:34:11.838+0000] {logging_mixin.py:190} INFO - ('***_etl', 'pg_catalog', 'pg_stat_progress_basebackup', 'VIEW', None, None, None, None, None, 'NO', 'NO', None)
[2024-09-01T08:34:11.839+0000] {logging_mixin.py:190} INFO - ('***_etl', 'pg_catalog', 'pg_user_mappings', 'VIEW', None, None, None, None, None, 'NO', 'NO', None)
[2024-09-01T08:34:11.840+0000] {logging_mixin.py:190} INFO - ('***_etl', 'pg_catalog', 'pg_enum', 'BASE TABLE', None, None, None, None, None, 'YES', 'NO', None)
[2024-09-01T08:34:11.841+0000] {logging_mixin.py:190} INFO - ('***_etl', 'pg_catalog', 'pg_namespace', 'BASE TABLE', None, None, None, None, None, 'YES', 'NO', None)
[2024-09-01T08:34:11.841+0000] {logging_mixin.py:190} INFO - ('***_etl', 'pg_catalog', 'pg_conversion', 'BASE TABLE', None, None, None, None, None, 'YES', 'NO', None)
[2024-09-01T08:34:11.842+0000] {logging_mixin.py:190} INFO - ('***_etl', 'pg_catalog', 'pg_depend', 'BASE TABLE', None, None, None, None, None, 'YES', 'NO', None)
[2024-09-01T08:34:11.843+0000] {logging_mixin.py:190} INFO - ('***_etl', 'pg_catalog', 'pg_database', 'BASE TABLE', None, None, None, None, None, 'YES', 'NO', None)
[2024-09-01T08:34:11.844+0000] {logging_mixin.py:190} INFO - ('***_etl', 'pg_catalog', 'pg_db_role_setting', 'BASE TABLE', None, None, None, None, None, 'YES', 'NO', None)
[2024-09-01T08:34:11.845+0000] {logging_mixin.py:190} INFO - ('***_etl', 'pg_catalog', 'pg_tablespace', 'BASE TABLE', None, None, None, None, None, 'YES', 'NO', None)
[2024-09-01T08:34:11.846+0000] {logging_mixin.py:190} INFO - ('***_etl', 'pg_catalog', 'pg_auth_members', 'BASE TABLE', None, None, None, None, None, 'YES', 'NO', None)
[2024-09-01T08:34:11.847+0000] {logging_mixin.py:190} INFO - ('***_etl', 'pg_catalog', 'pg_shdepend', 'BASE TABLE', None, None, None, None, None, 'YES', 'NO', None)
[2024-09-01T08:34:11.848+0000] {logging_mixin.py:190} INFO - ('***_etl', 'pg_catalog', 'pg_shdescription', 'BASE TABLE', None, None, None, None, None, 'YES', 'NO', None)
[2024-09-01T08:34:11.849+0000] {logging_mixin.py:190} INFO - ('***_etl', 'pg_catalog', 'pg_ts_config', 'BASE TABLE', None, None, None, None, None, 'YES', 'NO', None)
[2024-09-01T08:34:11.850+0000] {logging_mixin.py:190} INFO - ('***_etl', 'pg_catalog', 'pg_ts_config_map', 'BASE TABLE', None, None, None, None, None, 'YES', 'NO', None)
[2024-09-01T08:34:11.851+0000] {logging_mixin.py:190} INFO - ('***_etl', 'pg_catalog', 'pg_ts_dict', 'BASE TABLE', None, None, None, None, None, 'YES', 'NO', None)
[2024-09-01T08:34:11.852+0000] {logging_mixin.py:190} INFO - ('***_etl', 'pg_catalog', 'pg_ts_parser', 'BASE TABLE', None, None, None, None, None, 'YES', 'NO', None)
[2024-09-01T08:34:11.854+0000] {logging_mixin.py:190} INFO - ('***_etl', 'pg_catalog', 'pg_ts_template', 'BASE TABLE', None, None, None, None, None, 'YES', 'NO', None)
[2024-09-01T08:34:11.855+0000] {logging_mixin.py:190} INFO - ('***_etl', 'pg_catalog', 'pg_extension', 'BASE TABLE', None, None, None, None, None, 'YES', 'NO', None)
[2024-09-01T08:34:11.856+0000] {logging_mixin.py:190} INFO - ('***_etl', 'pg_catalog', 'pg_foreign_data_wrapper', 'BASE TABLE', None, None, None, None, None, 'YES', 'NO', None)
[2024-09-01T08:34:11.857+0000] {logging_mixin.py:190} INFO - ('***_etl', 'pg_catalog', 'pg_foreign_server', 'BASE TABLE', None, None, None, None, None, 'YES', 'NO', None)
[2024-09-01T08:34:11.858+0000] {logging_mixin.py:190} INFO - ('***_etl', 'pg_catalog', 'pg_policy', 'BASE TABLE', None, None, None, None, None, 'YES', 'NO', None)
[2024-09-01T08:34:11.859+0000] {logging_mixin.py:190} INFO - ('***_etl', 'pg_catalog', 'pg_replication_origin', 'BASE TABLE', None, None, None, None, None, 'YES', 'NO', None)
[2024-09-01T08:34:11.860+0000] {logging_mixin.py:190} INFO - ('***_etl', 'pg_catalog', 'pg_default_acl', 'BASE TABLE', None, None, None, None, None, 'YES', 'NO', None)
[2024-09-01T08:34:11.861+0000] {logging_mixin.py:190} INFO - ('***_etl', 'pg_catalog', 'pg_init_privs', 'BASE TABLE', None, None, None, None, None, 'YES', 'NO', None)
[2024-09-01T08:34:11.862+0000] {logging_mixin.py:190} INFO - ('***_etl', 'pg_catalog', 'pg_seclabel', 'BASE TABLE', None, None, None, None, None, 'YES', 'NO', None)
[2024-09-01T08:34:11.863+0000] {logging_mixin.py:190} INFO - ('***_etl', 'pg_catalog', 'pg_shseclabel', 'BASE TABLE', None, None, None, None, None, 'YES', 'NO', None)
[2024-09-01T08:34:11.865+0000] {logging_mixin.py:190} INFO - ('***_etl', 'pg_catalog', 'pg_collation', 'BASE TABLE', None, None, None, None, None, 'YES', 'NO', None)
[2024-09-01T08:34:11.866+0000] {logging_mixin.py:190} INFO - ('***_etl', 'pg_catalog', 'pg_partitioned_table', 'BASE TABLE', None, None, None, None, None, 'YES', 'NO', None)
[2024-09-01T08:34:11.867+0000] {logging_mixin.py:190} INFO - ('***_etl', 'pg_catalog', 'pg_range', 'BASE TABLE', None, None, None, None, None, 'YES', 'NO', None)
[2024-09-01T08:34:11.868+0000] {logging_mixin.py:190} INFO - ('***_etl', 'pg_catalog', 'pg_transform', 'BASE TABLE', None, None, None, None, None, 'YES', 'NO', None)
[2024-09-01T08:34:11.869+0000] {logging_mixin.py:190} INFO - ('***_etl', 'pg_catalog', 'pg_sequence', 'BASE TABLE', None, None, None, None, None, 'YES', 'NO', None)
[2024-09-01T08:34:11.870+0000] {logging_mixin.py:190} INFO - ('***_etl', 'pg_catalog', 'pg_publication', 'BASE TABLE', None, None, None, None, None, 'YES', 'NO', None)
[2024-09-01T08:34:11.871+0000] {logging_mixin.py:190} INFO - ('***_etl', 'pg_catalog', 'pg_publication_rel', 'BASE TABLE', None, None, None, None, None, 'YES', 'NO', None)
[2024-09-01T08:34:11.872+0000] {logging_mixin.py:190} INFO - ('***_etl', 'pg_catalog', 'pg_subscription_rel', 'BASE TABLE', None, None, None, None, None, 'YES', 'NO', None)
[2024-09-01T08:34:11.873+0000] {logging_mixin.py:190} INFO - ('***_etl', 'pg_catalog', 'pg_group', 'VIEW', None, None, None, None, None, 'YES', 'NO', None)
[2024-09-01T08:34:11.875+0000] {logging_mixin.py:190} INFO - ('***_etl', 'pg_catalog', 'pg_user', 'VIEW', None, None, None, None, None, 'NO', 'NO', None)
[2024-09-01T08:34:11.876+0000] {logging_mixin.py:190} INFO - ('***_etl', 'pg_catalog', 'pg_policies', 'VIEW', None, None, None, None, None, 'NO', 'NO', None)
[2024-09-01T08:34:11.878+0000] {logging_mixin.py:190} INFO - ('***_etl', 'pg_catalog', 'pg_rules', 'VIEW', None, None, None, None, None, 'NO', 'NO', None)
[2024-09-01T08:34:11.879+0000] {logging_mixin.py:190} INFO - ('***_etl', 'pg_catalog', 'pg_views', 'VIEW', None, None, None, None, None, 'NO', 'NO', None)
[2024-09-01T08:34:11.880+0000] {logging_mixin.py:190} INFO - ('***_etl', 'pg_catalog', 'pg_tables', 'VIEW', None, None, None, None, None, 'NO', 'NO', None)
[2024-09-01T08:34:11.881+0000] {logging_mixin.py:190} INFO - ('***_etl', 'pg_catalog', 'pg_matviews', 'VIEW', None, None, None, None, None, 'NO', 'NO', None)
[2024-09-01T08:34:11.882+0000] {logging_mixin.py:190} INFO - ('***_etl', 'pg_catalog', 'pg_indexes', 'VIEW', None, None, None, None, None, 'NO', 'NO', None)
[2024-09-01T08:34:11.883+0000] {logging_mixin.py:190} INFO - ('***_etl', 'pg_catalog', 'pg_sequences', 'VIEW', None, None, None, None, None, 'NO', 'NO', None)
[2024-09-01T08:34:11.884+0000] {logging_mixin.py:190} INFO - ('***_etl', 'pg_catalog', 'pg_stats', 'VIEW', None, None, None, None, None, 'NO', 'NO', None)
[2024-09-01T08:34:11.886+0000] {logging_mixin.py:190} INFO - ('***_etl', 'pg_catalog', 'pg_stats_ext', 'VIEW', None, None, None, None, None, 'NO', 'NO', None)
[2024-09-01T08:34:11.887+0000] {logging_mixin.py:190} INFO - ('***_etl', 'pg_catalog', 'pg_publication_tables', 'VIEW', None, None, None, None, None, 'NO', 'NO', None)
[2024-09-01T08:34:11.888+0000] {logging_mixin.py:190} INFO - ('***_etl', 'pg_catalog', 'pg_locks', 'VIEW', None, None, None, None, None, 'NO', 'NO', None)
[2024-09-01T08:34:11.889+0000] {logging_mixin.py:190} INFO - ('***_etl', 'pg_catalog', 'pg_cursors', 'VIEW', None, None, None, None, None, 'NO', 'NO', None)
[2024-09-01T08:34:11.890+0000] {logging_mixin.py:190} INFO - ('***_etl', 'pg_catalog', 'pg_available_extensions', 'VIEW', None, None, None, None, None, 'NO', 'NO', None)
[2024-09-01T08:34:11.891+0000] {logging_mixin.py:190} INFO - ('***_etl', 'pg_catalog', 'pg_available_extension_versions', 'VIEW', None, None, None, None, None, 'NO', 'NO', None)
[2024-09-01T08:34:11.892+0000] {logging_mixin.py:190} INFO - ('***_etl', 'pg_catalog', 'pg_prepared_xacts', 'VIEW', None, None, None, None, None, 'NO', 'NO', None)
[2024-09-01T08:34:11.893+0000] {logging_mixin.py:190} INFO - ('***_etl', 'pg_catalog', 'pg_seclabels', 'VIEW', None, None, None, None, None, 'NO', 'NO', None)
[2024-09-01T08:34:11.894+0000] {logging_mixin.py:190} INFO - ('***_etl', 'pg_catalog', 'pg_statio_user_tables', 'VIEW', None, None, None, None, None, 'NO', 'NO', None)
[2024-09-01T08:34:11.895+0000] {logging_mixin.py:190} INFO - ('***_etl', 'pg_catalog', 'pg_stat_all_indexes', 'VIEW', None, None, None, None, None, 'NO', 'NO', None)
[2024-09-01T08:34:11.896+0000] {logging_mixin.py:190} INFO - ('***_etl', 'pg_catalog', 'pg_timezone_abbrevs', 'VIEW', None, None, None, None, None, 'NO', 'NO', None)
[2024-09-01T08:34:11.898+0000] {logging_mixin.py:190} INFO - ('***_etl', 'pg_catalog', 'pg_timezone_names', 'VIEW', None, None, None, None, None, 'NO', 'NO', None)
[2024-09-01T08:34:11.899+0000] {logging_mixin.py:190} INFO - ('***_etl', 'pg_catalog', 'pg_stat_sys_indexes', 'VIEW', None, None, None, None, None, 'NO', 'NO', None)
[2024-09-01T08:34:11.900+0000] {logging_mixin.py:190} INFO - ('***_etl', 'pg_catalog', 'pg_stat_all_tables', 'VIEW', None, None, None, None, None, 'NO', 'NO', None)
[2024-09-01T08:34:11.901+0000] {logging_mixin.py:190} INFO - ('***_etl', 'pg_catalog', 'pg_stat_xact_all_tables', 'VIEW', None, None, None, None, None, 'NO', 'NO', None)
[2024-09-01T08:34:11.902+0000] {logging_mixin.py:190} INFO - ('***_etl', 'pg_catalog', 'pg_stat_sys_tables', 'VIEW', None, None, None, None, None, 'NO', 'NO', None)
[2024-09-01T08:34:11.903+0000] {logging_mixin.py:190} INFO - ('***_etl', 'pg_catalog', 'pg_stat_xact_sys_tables', 'VIEW', None, None, None, None, None, 'NO', 'NO', None)
[2024-09-01T08:34:11.904+0000] {logging_mixin.py:190} INFO - ('***_etl', 'pg_catalog', 'pg_stat_user_tables', 'VIEW', None, None, None, None, None, 'NO', 'NO', None)
[2024-09-01T08:34:11.905+0000] {logging_mixin.py:190} INFO - ('***_etl', 'pg_catalog', 'pg_stat_xact_user_tables', 'VIEW', None, None, None, None, None, 'NO', 'NO', None)
[2024-09-01T08:34:11.906+0000] {logging_mixin.py:190} INFO - ('***_etl', 'pg_catalog', 'pg_statio_all_tables', 'VIEW', None, None, None, None, None, 'NO', 'NO', None)
[2024-09-01T08:34:11.907+0000] {logging_mixin.py:190} INFO - ('***_etl', 'pg_catalog', 'pg_statio_sys_tables', 'VIEW', None, None, None, None, None, 'NO', 'NO', None)
[2024-09-01T08:34:11.908+0000] {logging_mixin.py:190} INFO - ('***_etl', 'pg_catalog', 'pg_stat_user_indexes', 'VIEW', None, None, None, None, None, 'NO', 'NO', None)
[2024-09-01T08:34:11.909+0000] {logging_mixin.py:190} INFO - ('***_etl', 'pg_catalog', 'pg_statio_all_indexes', 'VIEW', None, None, None, None, None, 'NO', 'NO', None)
[2024-09-01T08:34:11.910+0000] {logging_mixin.py:190} INFO - ('***_etl', 'pg_catalog', 'pg_statio_sys_indexes', 'VIEW', None, None, None, None, None, 'NO', 'NO', None)
[2024-09-01T08:34:11.911+0000] {logging_mixin.py:190} INFO - ('***_etl', 'pg_catalog', 'pg_statio_user_indexes', 'VIEW', None, None, None, None, None, 'NO', 'NO', None)
[2024-09-01T08:34:11.912+0000] {logging_mixin.py:190} INFO - ('***_etl', 'pg_catalog', 'pg_statio_all_sequences', 'VIEW', None, None, None, None, None, 'NO', 'NO', None)
[2024-09-01T08:34:11.912+0000] {logging_mixin.py:190} INFO - ('***_etl', 'pg_catalog', 'pg_statio_sys_sequences', 'VIEW', None, None, None, None, None, 'NO', 'NO', None)
[2024-09-01T08:34:11.914+0000] {logging_mixin.py:190} INFO - ('***_etl', 'pg_catalog', 'pg_statio_user_sequences', 'VIEW', None, None, None, None, None, 'NO', 'NO', None)
[2024-09-01T08:34:11.914+0000] {logging_mixin.py:190} INFO - ('***_etl', 'pg_catalog', 'pg_stat_activity', 'VIEW', None, None, None, None, None, 'NO', 'NO', None)
[2024-09-01T08:34:11.915+0000] {logging_mixin.py:190} INFO - ('***_etl', 'pg_catalog', 'pg_stat_replication', 'VIEW', None, None, None, None, None, 'NO', 'NO', None)
[2024-09-01T08:34:11.916+0000] {logging_mixin.py:190} INFO - ('***_etl', 'pg_catalog', 'pg_stat_slru', 'VIEW', None, None, None, None, None, 'NO', 'NO', None)
[2024-09-01T08:34:11.917+0000] {logging_mixin.py:190} INFO - ('***_etl', 'pg_catalog', 'pg_stat_wal_receiver', 'VIEW', None, None, None, None, None, 'NO', 'NO', None)
[2024-09-01T08:34:11.918+0000] {logging_mixin.py:190} INFO - ('***_etl', 'pg_catalog', 'pg_stat_subscription', 'VIEW', None, None, None, None, None, 'NO', 'NO', None)
[2024-09-01T08:34:11.919+0000] {logging_mixin.py:190} INFO - ('***_etl', 'pg_catalog', 'pg_stat_ssl', 'VIEW', None, None, None, None, None, 'NO', 'NO', None)
[2024-09-01T08:34:11.919+0000] {logging_mixin.py:190} INFO - ('***_etl', 'pg_catalog', 'pg_stat_gssapi', 'VIEW', None, None, None, None, None, 'NO', 'NO', None)
[2024-09-01T08:34:11.920+0000] {logging_mixin.py:190} INFO - ('***_etl', 'pg_catalog', 'pg_replication_slots', 'VIEW', None, None, None, None, None, 'NO', 'NO', None)
[2024-09-01T08:34:11.921+0000] {logging_mixin.py:190} INFO - ('***_etl', 'pg_catalog', 'pg_stat_database', 'VIEW', None, None, None, None, None, 'NO', 'NO', None)
[2024-09-01T08:34:11.922+0000] {logging_mixin.py:190} INFO - ('***_etl', 'pg_catalog', 'pg_stat_database_conflicts', 'VIEW', None, None, None, None, None, 'YES', 'NO', None)
[2024-09-01T08:34:11.923+0000] {logging_mixin.py:190} INFO - ('***_etl', 'pg_catalog', 'pg_stat_user_functions', 'VIEW', None, None, None, None, None, 'NO', 'NO', None)
[2024-09-01T08:34:11.923+0000] {logging_mixin.py:190} INFO - ('***_etl', 'pg_catalog', 'pg_stat_xact_user_functions', 'VIEW', None, None, None, None, None, 'NO', 'NO', None)
[2024-09-01T08:34:11.924+0000] {logging_mixin.py:190} INFO - ('***_etl', 'pg_catalog', 'pg_stat_archiver', 'VIEW', None, None, None, None, None, 'NO', 'NO', None)
[2024-09-01T08:34:11.925+0000] {logging_mixin.py:190} INFO - ('***_etl', 'pg_catalog', 'pg_stat_bgwriter', 'VIEW', None, None, None, None, None, 'NO', 'NO', None)
[2024-09-01T08:34:11.926+0000] {logging_mixin.py:190} INFO - ('***_etl', 'pg_catalog', 'pg_stat_progress_analyze', 'VIEW', None, None, None, None, None, 'NO', 'NO', None)
[2024-09-01T08:34:11.927+0000] {logging_mixin.py:190} INFO - ('***_etl', 'information_schema', 'columns', 'VIEW', None, None, None, None, None, 'NO', 'NO', None)
[2024-09-01T08:34:11.928+0000] {logging_mixin.py:190} INFO - ('***_etl', 'information_schema', 'information_schema_catalog_name', 'VIEW', None, None, None, None, None, 'NO', 'NO', None)
[2024-09-01T08:34:11.929+0000] {logging_mixin.py:190} INFO - ('***_etl', 'information_schema', 'collations', 'VIEW', None, None, None, None, None, 'NO', 'NO', None)
[2024-09-01T08:34:11.929+0000] {logging_mixin.py:190} INFO - ('***_etl', 'information_schema', 'applicable_roles', 'VIEW', None, None, None, None, None, 'NO', 'NO', None)
[2024-09-01T08:34:11.930+0000] {logging_mixin.py:190} INFO - ('***_etl', 'information_schema', 'administrable_role_authorizations', 'VIEW', None, None, None, None, None, 'NO', 'NO', None)
[2024-09-01T08:34:11.931+0000] {logging_mixin.py:190} INFO - ('***_etl', 'information_schema', 'column_privileges', 'VIEW', None, None, None, None, None, 'NO', 'NO', None)
[2024-09-01T08:34:11.932+0000] {logging_mixin.py:190} INFO - ('***_etl', 'information_schema', 'attributes', 'VIEW', None, None, None, None, None, 'NO', 'NO', None)
[2024-09-01T08:34:11.933+0000] {logging_mixin.py:190} INFO - ('***_etl', 'information_schema', 'collation_character_set_applicability', 'VIEW', None, None, None, None, None, 'NO', 'NO', None)
[2024-09-01T08:34:11.933+0000] {logging_mixin.py:190} INFO - ('***_etl', 'information_schema', 'character_sets', 'VIEW', None, None, None, None, None, 'NO', 'NO', None)
[2024-09-01T08:34:11.934+0000] {logging_mixin.py:190} INFO - ('***_etl', 'information_schema', 'check_constraint_routine_usage', 'VIEW', None, None, None, None, None, 'NO', 'NO', None)
[2024-09-01T08:34:11.935+0000] {logging_mixin.py:190} INFO - ('***_etl', 'information_schema', 'check_constraints', 'VIEW', None, None, None, None, None, 'NO', 'NO', None)
[2024-09-01T08:34:11.936+0000] {logging_mixin.py:190} INFO - ('***_etl', 'information_schema', 'column_column_usage', 'VIEW', None, None, None, None, None, 'NO', 'NO', None)
[2024-09-01T08:34:11.937+0000] {logging_mixin.py:190} INFO - ('***_etl', 'information_schema', 'column_domain_usage', 'VIEW', None, None, None, None, None, 'NO', 'NO', None)
[2024-09-01T08:34:11.938+0000] {logging_mixin.py:190} INFO - ('***_etl', 'information_schema', 'column_udt_usage', 'VIEW', None, None, None, None, None, 'NO', 'NO', None)
[2024-09-01T08:34:11.939+0000] {logging_mixin.py:190} INFO - ('***_etl', 'information_schema', 'constraint_column_usage', 'VIEW', None, None, None, None, None, 'NO', 'NO', None)
[2024-09-01T08:34:11.940+0000] {logging_mixin.py:190} INFO - ('***_etl', 'information_schema', 'constraint_table_usage', 'VIEW', None, None, None, None, None, 'NO', 'NO', None)
[2024-09-01T08:34:11.941+0000] {logging_mixin.py:190} INFO - ('***_etl', 'information_schema', 'domain_constraints', 'VIEW', None, None, None, None, None, 'NO', 'NO', None)
[2024-09-01T08:34:11.943+0000] {logging_mixin.py:190} INFO - ('***_etl', 'information_schema', 'domain_udt_usage', 'VIEW', None, None, None, None, None, 'NO', 'NO', None)
[2024-09-01T08:34:11.944+0000] {logging_mixin.py:190} INFO - ('***_etl', 'information_schema', 'domains', 'VIEW', None, None, None, None, None, 'NO', 'NO', None)
[2024-09-01T08:34:11.945+0000] {logging_mixin.py:190} INFO - ('***_etl', 'public', 'connection', 'BASE TABLE', None, None, None, None, None, 'YES', 'NO', None)
[2024-09-01T08:34:11.946+0000] {logging_mixin.py:190} INFO - ('***_etl', 'information_schema', 'enabled_roles', 'VIEW', None, None, None, None, None, 'NO', 'NO', None)
[2024-09-01T08:34:11.947+0000] {logging_mixin.py:190} INFO - ('***_etl', 'information_schema', 'sql_implementation_info', 'BASE TABLE', None, None, None, None, None, 'YES', 'NO', None)
[2024-09-01T08:34:11.949+0000] {logging_mixin.py:190} INFO - ('***_etl', 'information_schema', 'key_column_usage', 'VIEW', None, None, None, None, None, 'NO', 'NO', None)
[2024-09-01T08:34:11.950+0000] {logging_mixin.py:190} INFO - ('***_etl', 'information_schema', 'parameters', 'VIEW', None, None, None, None, None, 'NO', 'NO', None)
[2024-09-01T08:34:11.951+0000] {logging_mixin.py:190} INFO - ('***_etl', 'information_schema', 'referential_constraints', 'VIEW', None, None, None, None, None, 'NO', 'NO', None)
[2024-09-01T08:34:11.952+0000] {logging_mixin.py:190} INFO - ('***_etl', 'information_schema', 'role_column_grants', 'VIEW', None, None, None, None, None, 'NO', 'NO', None)
[2024-09-01T08:34:11.952+0000] {logging_mixin.py:190} INFO - ('***_etl', 'information_schema', 'sql_parts', 'BASE TABLE', None, None, None, None, None, 'YES', 'NO', None)
[2024-09-01T08:34:11.953+0000] {logging_mixin.py:190} INFO - ('***_etl', 'information_schema', 'routine_privileges', 'VIEW', None, None, None, None, None, 'NO', 'NO', None)
[2024-09-01T08:34:11.955+0000] {logging_mixin.py:190} INFO - ('***_etl', 'information_schema', 'role_routine_grants', 'VIEW', None, None, None, None, None, 'NO', 'NO', None)
[2024-09-01T08:34:11.956+0000] {logging_mixin.py:190} INFO - ('***_etl', 'information_schema', 'routines', 'VIEW', None, None, None, None, None, 'NO', 'NO', None)
[2024-09-01T08:34:11.956+0000] {logging_mixin.py:190} INFO - ('***_etl', 'information_schema', 'schemata', 'VIEW', None, None, None, None, None, 'NO', 'NO', None)
[2024-09-01T08:34:11.957+0000] {logging_mixin.py:190} INFO - ('***_etl', 'information_schema', 'tables', 'VIEW', None, None, None, None, None, 'NO', 'NO', None)
[2024-09-01T08:34:11.959+0000] {logging_mixin.py:190} INFO - ('***_etl', 'information_schema', 'sequences', 'VIEW', None, None, None, None, None, 'NO', 'NO', None)
[2024-09-01T08:34:11.960+0000] {logging_mixin.py:190} INFO - ('***_etl', 'information_schema', 'sql_sizing', 'BASE TABLE', None, None, None, None, None, 'YES', 'NO', None)
[2024-09-01T08:34:11.961+0000] {logging_mixin.py:190} INFO - ('***_etl', 'information_schema', 'sql_features', 'BASE TABLE', None, None, None, None, None, 'YES', 'NO', None)
[2024-09-01T08:34:11.961+0000] {logging_mixin.py:190} INFO - ('***_etl', 'information_schema', 'table_constraints', 'VIEW', None, None, None, None, None, 'NO', 'NO', None)
[2024-09-01T08:34:11.962+0000] {logging_mixin.py:190} INFO - ('***_etl', 'information_schema', 'transforms', 'VIEW', None, None, None, None, None, 'NO', 'NO', None)
[2024-09-01T08:34:11.963+0000] {logging_mixin.py:190} INFO - ('***_etl', 'information_schema', 'table_privileges', 'VIEW', None, None, None, None, None, 'NO', 'NO', None)
[2024-09-01T08:34:11.964+0000] {logging_mixin.py:190} INFO - ('***_etl', 'information_schema', 'role_table_grants', 'VIEW', None, None, None, None, None, 'NO', 'NO', None)
[2024-09-01T08:34:11.965+0000] {logging_mixin.py:190} INFO - ('***_etl', 'information_schema', 'udt_privileges', 'VIEW', None, None, None, None, None, 'NO', 'NO', None)
[2024-09-01T08:34:11.966+0000] {logging_mixin.py:190} INFO - ('***_etl', 'information_schema', 'triggered_update_columns', 'VIEW', None, None, None, None, None, 'NO', 'NO', None)
[2024-09-01T08:34:11.967+0000] {logging_mixin.py:190} INFO - ('***_etl', 'information_schema', 'triggers', 'VIEW', None, None, None, None, None, 'NO', 'NO', None)
[2024-09-01T08:34:11.968+0000] {logging_mixin.py:190} INFO - ('***_etl', 'information_schema', 'usage_privileges', 'VIEW', None, None, None, None, None, 'NO', 'NO', None)
[2024-09-01T08:34:11.969+0000] {logging_mixin.py:190} INFO - ('***_etl', 'information_schema', 'role_udt_grants', 'VIEW', None, None, None, None, None, 'NO', 'NO', None)
[2024-09-01T08:34:11.970+0000] {logging_mixin.py:190} INFO - ('***_etl', 'information_schema', 'role_usage_grants', 'VIEW', None, None, None, None, None, 'NO', 'NO', None)
[2024-09-01T08:34:11.970+0000] {logging_mixin.py:190} INFO - ('***_etl', 'information_schema', 'user_defined_types', 'VIEW', None, None, None, None, None, 'NO', 'NO', None)
[2024-09-01T08:34:11.971+0000] {logging_mixin.py:190} INFO - ('***_etl', 'information_schema', 'view_column_usage', 'VIEW', None, None, None, None, None, 'NO', 'NO', None)
[2024-09-01T08:34:11.972+0000] {logging_mixin.py:190} INFO - ('***_etl', 'information_schema', 'view_routine_usage', 'VIEW', None, None, None, None, None, 'NO', 'NO', None)
[2024-09-01T08:34:11.973+0000] {logging_mixin.py:190} INFO - ('***_etl', 'information_schema', 'view_table_usage', 'VIEW', None, None, None, None, None, 'NO', 'NO', None)
[2024-09-01T08:34:11.974+0000] {logging_mixin.py:190} INFO - ('***_etl', 'information_schema', 'foreign_tables', 'VIEW', None, None, None, None, None, 'NO', 'NO', None)
[2024-09-01T08:34:11.974+0000] {logging_mixin.py:190} INFO - ('***_etl', 'information_schema', 'views', 'VIEW', None, None, None, None, None, 'NO', 'NO', None)
[2024-09-01T08:34:11.976+0000] {logging_mixin.py:190} INFO - ('***_etl', 'information_schema', 'data_type_privileges', 'VIEW', None, None, None, None, None, 'NO', 'NO', None)
[2024-09-01T08:34:11.976+0000] {logging_mixin.py:190} INFO - ('***_etl', 'information_schema', '_pg_user_mappings', 'VIEW', None, None, None, None, None, 'NO', 'NO', None)
[2024-09-01T08:34:11.977+0000] {logging_mixin.py:190} INFO - ('***_etl', 'information_schema', 'element_types', 'VIEW', None, None, None, None, None, 'NO', 'NO', None)
[2024-09-01T08:34:11.978+0000] {logging_mixin.py:190} INFO - ('***_etl', 'information_schema', '_pg_foreign_table_columns', 'VIEW', None, None, None, None, None, 'NO', 'NO', None)
[2024-09-01T08:34:11.979+0000] {logging_mixin.py:190} INFO - ('***_etl', 'information_schema', 'column_options', 'VIEW', None, None, None, None, None, 'NO', 'NO', None)
[2024-09-01T08:34:11.980+0000] {logging_mixin.py:190} INFO - ('***_etl', 'information_schema', '_pg_foreign_data_wrappers', 'VIEW', None, None, None, None, None, 'NO', 'NO', None)
[2024-09-01T08:34:11.981+0000] {logging_mixin.py:190} INFO - ('***_etl', 'information_schema', 'foreign_data_wrapper_options', 'VIEW', None, None, None, None, None, 'NO', 'NO', None)
[2024-09-01T08:34:11.981+0000] {logging_mixin.py:190} INFO - ('***_etl', 'information_schema', 'user_mapping_options', 'VIEW', None, None, None, None, None, 'NO', 'NO', None)
[2024-09-01T08:34:11.982+0000] {logging_mixin.py:190} INFO - ('***_etl', 'information_schema', 'foreign_data_wrappers', 'VIEW', None, None, None, None, None, 'NO', 'NO', None)
[2024-09-01T08:34:11.983+0000] {logging_mixin.py:190} INFO - ('***_etl', 'information_schema', '_pg_foreign_servers', 'VIEW', None, None, None, None, None, 'NO', 'NO', None)
[2024-09-01T08:34:11.984+0000] {logging_mixin.py:190} INFO - ('***_etl', 'information_schema', 'foreign_server_options', 'VIEW', None, None, None, None, None, 'NO', 'NO', None)
[2024-09-01T08:34:11.984+0000] {logging_mixin.py:190} INFO - ('***_etl', 'information_schema', 'foreign_servers', 'VIEW', None, None, None, None, None, 'NO', 'NO', None)
[2024-09-01T08:34:11.986+0000] {logging_mixin.py:190} INFO - ('***_etl', 'information_schema', '_pg_foreign_tables', 'VIEW', None, None, None, None, None, 'NO', 'NO', None)
[2024-09-01T08:34:11.987+0000] {logging_mixin.py:190} INFO - ('***_etl', 'information_schema', 'user_mappings', 'VIEW', None, None, None, None, None, 'NO', 'NO', None)
[2024-09-01T08:34:11.988+0000] {logging_mixin.py:190} INFO - ('***_etl', 'information_schema', 'foreign_table_options', 'VIEW', None, None, None, None, None, 'NO', 'NO', None)
[2024-09-01T08:34:11.988+0000] {logging_mixin.py:190} INFO - ('***_etl', 'public', 'sla_miss', 'BASE TABLE', None, None, None, None, None, 'YES', 'NO', None)
[2024-09-01T08:34:11.989+0000] {logging_mixin.py:190} INFO - ('***_etl', 'public', 'variable', 'BASE TABLE', None, None, None, None, None, 'YES', 'NO', None)
[2024-09-01T08:34:11.990+0000] {logging_mixin.py:190} INFO - ('***_etl', 'public', 'import_error', 'BASE TABLE', None, None, None, None, None, 'YES', 'NO', None)
[2024-09-01T08:34:11.991+0000] {logging_mixin.py:190} INFO - ('***_etl', 'public', 'serialized_dag', 'BASE TABLE', None, None, None, None, None, 'YES', 'NO', None)
[2024-09-01T08:34:11.991+0000] {logging_mixin.py:190} INFO - ('***_etl', 'public', 'dataset_alias', 'BASE TABLE', None, None, None, None, None, 'YES', 'NO', None)
[2024-09-01T08:34:11.992+0000] {logging_mixin.py:190} INFO - ('***_etl', 'public', 'dataset_alias_dataset', 'BASE TABLE', None, None, None, None, None, 'YES', 'NO', None)
[2024-09-01T08:34:11.993+0000] {logging_mixin.py:190} INFO - ('***_etl', 'public', 'dataset', 'BASE TABLE', None, None, None, None, None, 'YES', 'NO', None)
[2024-09-01T08:34:11.994+0000] {logging_mixin.py:190} INFO - ('***_etl', 'public', 'dataset_alias_dataset_event', 'BASE TABLE', None, None, None, None, None, 'YES', 'NO', None)
[2024-09-01T08:34:11.994+0000] {logging_mixin.py:190} INFO - ('***_etl', 'public', 'dataset_event', 'BASE TABLE', None, None, None, None, None, 'YES', 'NO', None)
[2024-09-01T08:34:11.995+0000] {logging_mixin.py:190} INFO - ('***_etl', 'public', 'dag_schedule_dataset_alias_reference', 'BASE TABLE', None, None, None, None, None, 'YES', 'NO', None)
[2024-09-01T08:34:11.996+0000] {logging_mixin.py:190} INFO - ('***_etl', 'public', 'dag', 'BASE TABLE', None, None, None, None, None, 'YES', 'NO', None)
[2024-09-01T08:34:11.997+0000] {logging_mixin.py:190} INFO - ('***_etl', 'public', 'dag_schedule_dataset_reference', 'BASE TABLE', None, None, None, None, None, 'YES', 'NO', None)
[2024-09-01T08:34:11.997+0000] {logging_mixin.py:190} INFO - ('***_etl', 'public', 'task_outlet_dataset_reference', 'BASE TABLE', None, None, None, None, None, 'YES', 'NO', None)
[2024-09-01T08:34:11.998+0000] {logging_mixin.py:190} INFO - ('***_etl', 'public', 'dataset_dag_run_queue', 'BASE TABLE', None, None, None, None, None, 'YES', 'NO', None)
[2024-09-01T08:34:11.999+0000] {logging_mixin.py:190} INFO - ('***_etl', 'public', 'log_template', 'BASE TABLE', None, None, None, None, None, 'YES', 'NO', None)
[2024-09-01T08:34:12.000+0000] {logging_mixin.py:190} INFO - ('***_etl', 'public', 'dag_run', 'BASE TABLE', None, None, None, None, None, 'YES', 'NO', None)
[2024-09-01T08:34:12.000+0000] {logging_mixin.py:190} INFO - ('***_etl', 'public', 'dag_tag', 'BASE TABLE', None, None, None, None, None, 'YES', 'NO', None)
[2024-09-01T08:34:12.001+0000] {logging_mixin.py:190} INFO - ('***_etl', 'public', 'dag_owner_attributes', 'BASE TABLE', None, None, None, None, None, 'YES', 'NO', None)
[2024-09-01T08:34:12.002+0000] {logging_mixin.py:190} INFO - ('***_etl', 'public', 'ab_permission', 'BASE TABLE', None, None, None, None, None, 'YES', 'NO', None)
[2024-09-01T08:34:12.002+0000] {logging_mixin.py:190} INFO - ('***_etl', 'public', 'ab_permission_view', 'BASE TABLE', None, None, None, None, None, 'YES', 'NO', None)
[2024-09-01T08:34:12.003+0000] {logging_mixin.py:190} INFO - ('***_etl', 'public', 'ab_view_menu', 'BASE TABLE', None, None, None, None, None, 'YES', 'NO', None)
[2024-09-01T08:34:12.004+0000] {logging_mixin.py:190} INFO - ('***_etl', 'public', 'ab_user_role', 'BASE TABLE', None, None, None, None, None, 'YES', 'NO', None)
[2024-09-01T08:34:12.004+0000] {logging_mixin.py:190} INFO - ('***_etl', 'public', 'ab_role', 'BASE TABLE', None, None, None, None, None, 'YES', 'NO', None)
[2024-09-01T08:34:12.007+0000] {logging_mixin.py:190} INFO - ('***_etl', 'public', 'dag_warning', 'BASE TABLE', None, None, None, None, None, 'YES', 'NO', None)
[2024-09-01T08:34:12.008+0000] {logging_mixin.py:190} INFO - ('***_etl', 'public', 'dagrun_dataset_event', 'BASE TABLE', None, None, None, None, None, 'YES', 'NO', None)
[2024-09-01T08:34:12.009+0000] {logging_mixin.py:190} INFO - ('***_etl', 'public', 'trigger', 'BASE TABLE', None, None, None, None, None, 'YES', 'NO', None)
[2024-09-01T08:34:12.010+0000] {logging_mixin.py:190} INFO - ('***_etl', 'public', 'task_instance', 'BASE TABLE', None, None, None, None, None, 'YES', 'NO', None)
[2024-09-01T08:34:12.011+0000] {logging_mixin.py:190} INFO - ('***_etl', 'public', 'dag_run_note', 'BASE TABLE', None, None, None, None, None, 'YES', 'NO', None)
[2024-09-01T08:34:12.012+0000] {logging_mixin.py:190} INFO - ('***_etl', 'public', 'ab_permission_view_role', 'BASE TABLE', None, None, None, None, None, 'YES', 'NO', None)
[2024-09-01T08:34:12.012+0000] {logging_mixin.py:190} INFO - ('***_etl', 'public', 'rendered_task_instance_fields', 'BASE TABLE', None, None, None, None, None, 'YES', 'NO', None)
[2024-09-01T08:34:12.014+0000] {logging_mixin.py:190} INFO - ('***_etl', 'public', 'task_fail', 'BASE TABLE', None, None, None, None, None, 'YES', 'NO', None)
[2024-09-01T08:34:12.015+0000] {logging_mixin.py:190} INFO - ('***_etl', 'public', 'task_map', 'BASE TABLE', None, None, None, None, None, 'YES', 'NO', None)
[2024-09-01T08:34:12.016+0000] {logging_mixin.py:190} INFO - ('***_etl', 'public', 'alembic_version', 'BASE TABLE', None, None, None, None, None, 'YES', 'NO', None)
[2024-09-01T08:34:12.016+0000] {logging_mixin.py:190} INFO - ('***_etl', 'public', 'task_reschedule', 'BASE TABLE', None, None, None, None, None, 'YES', 'NO', None)
[2024-09-01T08:34:12.017+0000] {logging_mixin.py:190} INFO - ('***_etl', 'public', 'xcom', 'BASE TABLE', None, None, None, None, None, 'YES', 'NO', None)
[2024-09-01T08:34:12.018+0000] {logging_mixin.py:190} INFO - ('***_etl', 'public', 'task_instance_note', 'BASE TABLE', None, None, None, None, None, 'YES', 'NO', None)
[2024-09-01T08:34:12.018+0000] {logging_mixin.py:190} INFO - ('***_etl', 'public', 'task_instance_history', 'BASE TABLE', None, None, None, None, None, 'YES', 'NO', None)
[2024-09-01T08:34:12.019+0000] {logging_mixin.py:190} INFO - ('***_etl', 'public', 'session', 'BASE TABLE', None, None, None, None, None, 'YES', 'NO', None)
[2024-09-01T08:34:12.020+0000] {python.py:240} INFO - Done. Returned value was: None
[2024-09-01T08:34:12.040+0000] {taskinstance.py:340} INFO - ::group::Post task execution logs
[2024-09-01T08:34:12.042+0000] {taskinstance.py:352} INFO - Marking task as SUCCESS. dag_id=nyc_airbnb_etl, task_id=log_results, run_id=manual__2024-09-01T08:33:50+00:00, execution_date=20240901T083350, start_date=20240901T083411, end_date=20240901T083412
[2024-09-01T08:34:12.064+0000] {logging_mixin.py:190} INFO - Task instance in success state
[2024-09-01T08:34:12.065+0000] {logging_mixin.py:190} INFO -  Previous state of the Task instance: running
[2024-09-01T08:34:12.066+0000] {logging_mixin.py:190} INFO - Dag name:nyc_airbnb_etl queued_at:2024-09-01 08:33:51.629514+00:00
[2024-09-01T08:34:12.067+0000] {logging_mixin.py:190} INFO - Task hostname:b74353bc56c3 operator:PythonOperator
[2024-09-01T08:34:12.125+0000] {local_task_job_runner.py:261} INFO - Task exited with return code 0
[2024-09-01T08:34:12.157+0000] {warnings.py:112} WARNING - /home/***/.local/lib/python3.12/site-packages/***/models/baseoperator.py:1378: AirflowProviderDeprecationWarning: Call to deprecated class PostgresOperator. (Please use `***.providers.common.sql.operators.sql.SQLExecuteQueryOperator`.Also, you can provide `hook_params={'schema': <database>}`.)
  result = cls.__new__(cls)

[2024-09-01T08:34:12.197+0000] {taskinstance.py:3891} INFO - 1 downstream tasks scheduled from follow-on schedule check
[2024-09-01T08:34:12.204+0000] {local_task_job_runner.py:240} INFO - ::endgroup::
