[2024-09-01T17:24:18.401+0000] {local_task_job_runner.py:123} INFO - ::group::Pre task execution logs
[2024-09-01T17:24:18.442+0000] {taskinstance.py:2603} INFO - Dependencies all met for dep_context=non-requeueable deps ti=<TaskInstance: nyc_airbnb_etl.read_raw_data manual__2024-09-01T17:24:12+00:00 [queued]>
[2024-09-01T17:24:18.459+0000] {taskinstance.py:2603} INFO - Dependencies all met for dep_context=requeueable deps ti=<TaskInstance: nyc_airbnb_etl.read_raw_data manual__2024-09-01T17:24:12+00:00 [queued]>
[2024-09-01T17:24:18.461+0000] {taskinstance.py:2856} INFO - Starting attempt 1 of 1
[2024-09-01T17:24:18.494+0000] {taskinstance.py:2879} INFO - Executing <Task(PythonOperator): read_raw_data> on 2024-09-01 17:24:12+00:00
[2024-09-01T17:24:18.508+0000] {warnings.py:112} WARNING - /home/***/.local/lib/python3.12/site-packages/***/task/task_runner/standard_task_runner.py:70: DeprecationWarning: This process (pid=1331) is multi-threaded, use of fork() may lead to deadlocks in the child.
  pid = os.fork()

[2024-09-01T17:24:18.511+0000] {standard_task_runner.py:72} INFO - Started process 1333 to run task
[2024-09-01T17:24:18.511+0000] {standard_task_runner.py:104} INFO - Running: ['***', 'tasks', 'run', 'nyc_airbnb_etl', 'read_raw_data', 'manual__2024-09-01T17:24:12+00:00', '--job-id', '251', '--raw', '--subdir', 'DAGS_FOLDER/nyc_airbnb_etl.py', '--cfg-path', '/tmp/tmpjbmj_wha']
[2024-09-01T17:24:18.513+0000] {standard_task_runner.py:105} INFO - Job 251: Subtask read_raw_data
[2024-09-01T17:24:18.609+0000] {task_command.py:467} INFO - Running <TaskInstance: nyc_airbnb_etl.read_raw_data manual__2024-09-01T17:24:12+00:00 [running]> on host b74353bc56c3
[2024-09-01T17:24:18.769+0000] {taskinstance.py:3122} INFO - Exporting env vars: AIRFLOW_CTX_DAG_OWNER='***' AIRFLOW_CTX_DAG_ID='nyc_airbnb_etl' AIRFLOW_CTX_TASK_ID='read_raw_data' AIRFLOW_CTX_EXECUTION_DATE='2024-09-01T17:24:12+00:00' AIRFLOW_CTX_TRY_NUMBER='1' AIRFLOW_CTX_DAG_RUN_ID='manual__2024-09-01T17:24:12+00:00'
[2024-09-01T17:24:18.772+0000] {logging_mixin.py:190} INFO - Task instance is in running state
[2024-09-01T17:24:18.773+0000] {logging_mixin.py:190} INFO -  Previous state of the Task instance: queued
[2024-09-01T17:24:18.774+0000] {logging_mixin.py:190} INFO - Current task name:read_raw_data state:running start_date:2024-09-01 17:24:18.443513+00:00
[2024-09-01T17:24:18.775+0000] {logging_mixin.py:190} INFO - Dag name:nyc_airbnb_etl and current dag run status:running
[2024-09-01T17:24:18.776+0000] {taskinstance.py:731} INFO - ::endgroup::
[2024-09-01T17:24:22.579+0000] {python.py:240} INFO - Done. Returned value was: None
[2024-09-01T17:24:22.600+0000] {taskinstance.py:340} INFO - ::group::Post task execution logs
[2024-09-01T17:24:22.601+0000] {taskinstance.py:352} INFO - Marking task as SUCCESS. dag_id=nyc_airbnb_etl, task_id=read_raw_data, run_id=manual__2024-09-01T17:24:12+00:00, execution_date=20240901T172412, start_date=20240901T172418, end_date=20240901T172422
[2024-09-01T17:24:22.640+0000] {logging_mixin.py:190} INFO - Task instance in success state
[2024-09-01T17:24:22.641+0000] {logging_mixin.py:190} INFO -  Previous state of the Task instance: running
[2024-09-01T17:24:22.643+0000] {logging_mixin.py:190} INFO - Dag name:nyc_airbnb_etl queued_at:2024-09-01 17:24:15.166957+00:00
[2024-09-01T17:24:22.644+0000] {logging_mixin.py:190} INFO - Task hostname:b74353bc56c3 operator:PythonOperator
[2024-09-01T17:24:22.711+0000] {local_task_job_runner.py:261} INFO - Task exited with return code 0
[2024-09-01T17:24:22.735+0000] {warnings.py:112} WARNING - /home/***/.local/lib/python3.12/site-packages/***/models/baseoperator.py:1378: AirflowProviderDeprecationWarning: Call to deprecated class PostgresOperator. (Please use `***.providers.common.sql.operators.sql.SQLExecuteQueryOperator`.Also, you can provide `hook_params={'schema': <database>}`.)
  result = cls.__new__(cls)

[2024-09-01T17:24:22.783+0000] {taskinstance.py:3891} INFO - 1 downstream tasks scheduled from follow-on schedule check
[2024-09-01T17:24:22.822+0000] {local_task_job_runner.py:240} INFO - ::endgroup::
