[2024-09-01T15:59:29.366+0000] {local_task_job_runner.py:123} INFO - ::group::Pre task execution logs
[2024-09-01T15:59:29.437+0000] {taskinstance.py:2603} INFO - Dependencies all met for dep_context=non-requeueable deps ti=<TaskInstance: nyc_airbnb_etl.log_success_task manual__2024-09-01T15:59:21+00:00 [queued]>
[2024-09-01T15:59:29.464+0000] {taskinstance.py:2603} INFO - Dependencies all met for dep_context=requeueable deps ti=<TaskInstance: nyc_airbnb_etl.log_success_task manual__2024-09-01T15:59:21+00:00 [queued]>
[2024-09-01T15:59:29.466+0000] {taskinstance.py:2856} INFO - Starting attempt 1 of 1
[2024-09-01T15:59:29.516+0000] {taskinstance.py:2879} INFO - Executing <Task(PythonOperator): log_success_task> on 2024-09-01 15:59:21+00:00
[2024-09-01T15:59:29.537+0000] {warnings.py:112} WARNING - /home/***/.local/lib/python3.12/site-packages/***/task/task_runner/standard_task_runner.py:70: DeprecationWarning: This process (pid=724) is multi-threaded, use of fork() may lead to deadlocks in the child.
  pid = os.fork()

[2024-09-01T15:59:29.542+0000] {standard_task_runner.py:72} INFO - Started process 737 to run task
[2024-09-01T15:59:29.546+0000] {standard_task_runner.py:104} INFO - Running: ['***', 'tasks', 'run', 'nyc_airbnb_etl', 'log_success_task', 'manual__2024-09-01T15:59:21+00:00', '--job-id', '233', '--raw', '--subdir', 'DAGS_FOLDER/nyc_airbnb_etl.py', '--cfg-path', '/tmp/tmpkfmlpz0f']
[2024-09-01T15:59:29.551+0000] {standard_task_runner.py:105} INFO - Job 233: Subtask log_success_task
[2024-09-01T15:59:29.717+0000] {task_command.py:467} INFO - Running <TaskInstance: nyc_airbnb_etl.log_success_task manual__2024-09-01T15:59:21+00:00 [running]> on host b74353bc56c3
[2024-09-01T15:59:30.096+0000] {taskinstance.py:3122} INFO - Exporting env vars: AIRFLOW_CTX_DAG_OWNER='***' AIRFLOW_CTX_DAG_ID='nyc_airbnb_etl' AIRFLOW_CTX_TASK_ID='log_success_task' AIRFLOW_CTX_EXECUTION_DATE='2024-09-01T15:59:21+00:00' AIRFLOW_CTX_TRY_NUMBER='1' AIRFLOW_CTX_DAG_RUN_ID='manual__2024-09-01T15:59:21+00:00'
[2024-09-01T15:59:30.101+0000] {logging_mixin.py:190} INFO - Task instance is in running state
[2024-09-01T15:59:30.102+0000] {logging_mixin.py:190} INFO -  Previous state of the Task instance: queued
[2024-09-01T15:59:30.103+0000] {logging_mixin.py:190} INFO - Current task name:log_success_task state:running start_date:2024-09-01 15:59:29.438936+00:00
[2024-09-01T15:59:30.105+0000] {logging_mixin.py:190} INFO - Dag name:nyc_airbnb_etl and current dag run status:running
[2024-09-01T15:59:30.106+0000] {taskinstance.py:731} INFO - ::endgroup::
[2024-09-01T15:59:30.109+0000] {logging_mixin.py:190} INFO - yes yes yes
[2024-09-01T15:59:30.110+0000] {python.py:240} INFO - Done. Returned value was: None
[2024-09-01T15:59:30.138+0000] {taskinstance.py:340} INFO - ::group::Post task execution logs
[2024-09-01T15:59:30.140+0000] {taskinstance.py:352} INFO - Marking task as SUCCESS. dag_id=nyc_airbnb_etl, task_id=log_success_task, run_id=manual__2024-09-01T15:59:21+00:00, execution_date=20240901T155921, start_date=20240901T155929, end_date=20240901T155930
[2024-09-01T15:59:30.177+0000] {logging_mixin.py:190} INFO - Task instance in success state
[2024-09-01T15:59:30.179+0000] {logging_mixin.py:190} INFO -  Previous state of the Task instance: running
[2024-09-01T15:59:30.181+0000] {logging_mixin.py:190} INFO - Dag name:nyc_airbnb_etl queued_at:2024-09-01 15:59:23.404672+00:00
[2024-09-01T15:59:30.182+0000] {logging_mixin.py:190} INFO - Task hostname:b74353bc56c3 operator:PythonOperator
[2024-09-01T15:59:30.248+0000] {local_task_job_runner.py:261} INFO - Task exited with return code 0
[2024-09-01T15:59:30.322+0000] {taskinstance.py:3891} INFO - 0 downstream tasks scheduled from follow-on schedule check
[2024-09-01T15:59:30.326+0000] {local_task_job_runner.py:240} INFO - ::endgroup::
