[2024-08-31T15:17:32.460+0000] {local_task_job_runner.py:123} INFO - ::group::Pre task execution logs
[2024-08-31T15:17:32.512+0000] {taskinstance.py:2603} INFO - Dependencies all met for dep_context=non-requeueable deps ti=<TaskInstance: nyc_airbnb_etl.read_raw_data manual__2024-08-31T15:17:26+00:00 [queued]>
[2024-08-31T15:17:32.532+0000] {taskinstance.py:2603} INFO - Dependencies all met for dep_context=requeueable deps ti=<TaskInstance: nyc_airbnb_etl.read_raw_data manual__2024-08-31T15:17:26+00:00 [queued]>
[2024-08-31T15:17:32.533+0000] {taskinstance.py:2856} INFO - Starting attempt 1 of 1
[2024-08-31T15:17:32.569+0000] {taskinstance.py:2879} INFO - Executing <Task(PythonOperator): read_raw_data> on 2024-08-31 15:17:26+00:00
[2024-08-31T15:17:32.583+0000] {warnings.py:112} WARNING - /home/***/.local/lib/python3.12/site-packages/***/task/task_runner/standard_task_runner.py:70: DeprecationWarning: This process (pid=543) is multi-threaded, use of fork() may lead to deadlocks in the child.
  pid = os.fork()

[2024-08-31T15:17:32.586+0000] {standard_task_runner.py:72} INFO - Started process 545 to run task
[2024-08-31T15:17:32.586+0000] {standard_task_runner.py:104} INFO - Running: ['***', 'tasks', 'run', 'nyc_airbnb_etl', 'read_raw_data', 'manual__2024-08-31T15:17:26+00:00', '--job-id', '71', '--raw', '--subdir', 'DAGS_FOLDER/nyc_airbnb_etl.py', '--cfg-path', '/tmp/tmpypjemgt_']
[2024-08-31T15:17:32.588+0000] {standard_task_runner.py:105} INFO - Job 71: Subtask read_raw_data
[2024-08-31T15:17:32.676+0000] {task_command.py:467} INFO - Running <TaskInstance: nyc_airbnb_etl.read_raw_data manual__2024-08-31T15:17:26+00:00 [running]> on host 7177bd28bca8
[2024-08-31T15:17:32.848+0000] {taskinstance.py:3122} INFO - Exporting env vars: AIRFLOW_CTX_DAG_OWNER='***' AIRFLOW_CTX_DAG_ID='nyc_airbnb_etl' AIRFLOW_CTX_TASK_ID='read_raw_data' AIRFLOW_CTX_EXECUTION_DATE='2024-08-31T15:17:26+00:00' AIRFLOW_CTX_TRY_NUMBER='1' AIRFLOW_CTX_DAG_RUN_ID='manual__2024-08-31T15:17:26+00:00'
[2024-08-31T15:17:32.851+0000] {logging_mixin.py:190} INFO - Task instance is in running state
[2024-08-31T15:17:32.852+0000] {logging_mixin.py:190} INFO -  Previous state of the Task instance: queued
[2024-08-31T15:17:32.853+0000] {logging_mixin.py:190} INFO - Current task name:read_raw_data state:running start_date:2024-08-31 15:17:32.513127+00:00
[2024-08-31T15:17:32.854+0000] {logging_mixin.py:190} INFO - Dag name:nyc_airbnb_etl and current dag run status:running
[2024-08-31T15:17:32.855+0000] {taskinstance.py:731} INFO - ::endgroup::
[2024-08-31T15:17:36.652+0000] {python.py:240} INFO - Done. Returned value was: None
[2024-08-31T15:17:36.671+0000] {taskinstance.py:340} INFO - ::group::Post task execution logs
[2024-08-31T15:17:36.672+0000] {taskinstance.py:352} INFO - Marking task as SUCCESS. dag_id=nyc_airbnb_etl, task_id=read_raw_data, run_id=manual__2024-08-31T15:17:26+00:00, execution_date=20240831T151726, start_date=20240831T151732, end_date=20240831T151736
[2024-08-31T15:17:36.692+0000] {logging_mixin.py:190} INFO - Task instance in success state
[2024-08-31T15:17:36.694+0000] {logging_mixin.py:190} INFO -  Previous state of the Task instance: running
[2024-08-31T15:17:36.694+0000] {logging_mixin.py:190} INFO - Dag name:nyc_airbnb_etl queued_at:2024-08-31 15:17:28.470027+00:00
[2024-08-31T15:17:36.695+0000] {logging_mixin.py:190} INFO - Task hostname:7177bd28bca8 operator:PythonOperator
[2024-08-31T15:17:36.761+0000] {local_task_job_runner.py:261} INFO - Task exited with return code 0
[2024-08-31T15:17:36.814+0000] {taskinstance.py:3891} INFO - 1 downstream tasks scheduled from follow-on schedule check
[2024-08-31T15:17:36.841+0000] {local_task_job_runner.py:240} INFO - ::endgroup::
