[2024-09-01T08:31:20.170+0000] {local_task_job_runner.py:123} INFO - ::group::Pre task execution logs
[2024-09-01T08:31:20.210+0000] {taskinstance.py:2603} INFO - Dependencies all met for dep_context=non-requeueable deps ti=<TaskInstance: nyc_airbnb_etl.read_raw_data manual__2024-09-01T08:31:11+00:00 [queued]>
[2024-09-01T08:31:20.231+0000] {taskinstance.py:2603} INFO - Dependencies all met for dep_context=requeueable deps ti=<TaskInstance: nyc_airbnb_etl.read_raw_data manual__2024-09-01T08:31:11+00:00 [queued]>
[2024-09-01T08:31:20.233+0000] {taskinstance.py:2856} INFO - Starting attempt 1 of 1
[2024-09-01T08:31:20.277+0000] {taskinstance.py:2879} INFO - Executing <Task(PythonOperator): read_raw_data> on 2024-09-01 08:31:11+00:00
[2024-09-01T08:31:20.297+0000] {warnings.py:112} WARNING - /home/***/.local/lib/python3.12/site-packages/***/task/task_runner/standard_task_runner.py:70: DeprecationWarning: This process (pid=93) is multi-threaded, use of fork() may lead to deadlocks in the child.
  pid = os.fork()

[2024-09-01T08:31:20.300+0000] {standard_task_runner.py:104} INFO - Running: ['***', 'tasks', 'run', 'nyc_airbnb_etl', 'read_raw_data', 'manual__2024-09-01T08:31:11+00:00', '--job-id', '193', '--raw', '--subdir', 'DAGS_FOLDER/nyc_airbnb_etl.py', '--cfg-path', '/tmp/tmplrv3zsch']
[2024-09-01T08:31:20.301+0000] {standard_task_runner.py:72} INFO - Started process 95 to run task
[2024-09-01T08:31:20.302+0000] {standard_task_runner.py:105} INFO - Job 193: Subtask read_raw_data
[2024-09-01T08:31:20.408+0000] {task_command.py:467} INFO - Running <TaskInstance: nyc_airbnb_etl.read_raw_data manual__2024-09-01T08:31:11+00:00 [running]> on host b74353bc56c3
[2024-09-01T08:31:20.645+0000] {taskinstance.py:3122} INFO - Exporting env vars: AIRFLOW_CTX_DAG_OWNER='***' AIRFLOW_CTX_DAG_ID='nyc_airbnb_etl' AIRFLOW_CTX_TASK_ID='read_raw_data' AIRFLOW_CTX_EXECUTION_DATE='2024-09-01T08:31:11+00:00' AIRFLOW_CTX_TRY_NUMBER='1' AIRFLOW_CTX_DAG_RUN_ID='manual__2024-09-01T08:31:11+00:00'
[2024-09-01T08:31:20.648+0000] {logging_mixin.py:190} INFO - Task instance is in running state
[2024-09-01T08:31:20.649+0000] {logging_mixin.py:190} INFO -  Previous state of the Task instance: queued
[2024-09-01T08:31:20.651+0000] {logging_mixin.py:190} INFO - Current task name:read_raw_data state:running start_date:2024-09-01 08:31:20.212338+00:00
[2024-09-01T08:31:20.652+0000] {logging_mixin.py:190} INFO - Dag name:nyc_airbnb_etl and current dag run status:running
[2024-09-01T08:31:20.653+0000] {taskinstance.py:731} INFO - ::endgroup::
[2024-09-01T08:31:24.112+0000] {python.py:240} INFO - Done. Returned value was: None
[2024-09-01T08:31:24.138+0000] {taskinstance.py:340} INFO - ::group::Post task execution logs
[2024-09-01T08:31:24.139+0000] {taskinstance.py:352} INFO - Marking task as SUCCESS. dag_id=nyc_airbnb_etl, task_id=read_raw_data, run_id=manual__2024-09-01T08:31:11+00:00, execution_date=20240901T083111, start_date=20240901T083120, end_date=20240901T083124
[2024-09-01T08:31:24.171+0000] {logging_mixin.py:190} INFO - Task instance in success state
[2024-09-01T08:31:24.173+0000] {logging_mixin.py:190} INFO -  Previous state of the Task instance: running
[2024-09-01T08:31:24.174+0000] {logging_mixin.py:190} INFO - Dag name:nyc_airbnb_etl queued_at:2024-09-01 08:31:12.758952+00:00
[2024-09-01T08:31:24.175+0000] {logging_mixin.py:190} INFO - Task hostname:b74353bc56c3 operator:PythonOperator
[2024-09-01T08:31:24.220+0000] {local_task_job_runner.py:261} INFO - Task exited with return code 0
[2024-09-01T08:31:24.235+0000] {warnings.py:112} WARNING - /home/***/.local/lib/python3.12/site-packages/***/models/baseoperator.py:1378: AirflowProviderDeprecationWarning: Call to deprecated class PostgresOperator. (Please use `***.providers.common.sql.operators.sql.SQLExecuteQueryOperator`.Also, you can provide `hook_params={'schema': <database>}`.)
  result = cls.__new__(cls)

[2024-09-01T08:31:24.264+0000] {taskinstance.py:3891} INFO - 1 downstream tasks scheduled from follow-on schedule check
[2024-09-01T08:31:24.267+0000] {local_task_job_runner.py:240} INFO - ::endgroup::
