[2024-09-02T08:55:52.679+0000] {local_task_job_runner.py:123} INFO - ::group::Pre task execution logs
[2024-09-02T08:55:52.724+0000] {taskinstance.py:2603} INFO - Dependencies all met for dep_context=non-requeueable deps ti=<TaskInstance: nyc_airbnb_etl.write_data scheduled__2024-09-01T06:30:00+00:00 [queued]>
[2024-09-02T08:55:52.750+0000] {taskinstance.py:2603} INFO - Dependencies all met for dep_context=requeueable deps ti=<TaskInstance: nyc_airbnb_etl.write_data scheduled__2024-09-01T06:30:00+00:00 [queued]>
[2024-09-02T08:55:52.752+0000] {taskinstance.py:2856} INFO - Starting attempt 1 of 1
[2024-09-02T08:55:52.794+0000] {taskinstance.py:2879} INFO - Executing <Task(PostgresOperator): write_data> on 2024-09-01 06:30:00+00:00
[2024-09-02T08:55:52.810+0000] {warnings.py:112} WARNING - /home/***/.local/lib/python3.12/site-packages/***/task/task_runner/standard_task_runner.py:70: DeprecationWarning: This process (pid=236) is multi-threaded, use of fork() may lead to deadlocks in the child.
  pid = os.fork()

[2024-09-02T08:55:52.814+0000] {standard_task_runner.py:104} INFO - Running: ['***', 'tasks', 'run', 'nyc_airbnb_etl', 'write_data', 'scheduled__2024-09-01T06:30:00+00:00', '--job-id', '268', '--raw', '--subdir', 'DAGS_FOLDER/nyc_airbnb_etl.py', '--cfg-path', '/tmp/tmpg13wm1gi']
[2024-09-02T08:55:52.816+0000] {standard_task_runner.py:72} INFO - Started process 245 to run task
[2024-09-02T08:55:52.817+0000] {standard_task_runner.py:105} INFO - Job 268: Subtask write_data
[2024-09-02T08:55:52.947+0000] {task_command.py:467} INFO - Running <TaskInstance: nyc_airbnb_etl.write_data scheduled__2024-09-01T06:30:00+00:00 [running]> on host b74353bc56c3
[2024-09-02T08:55:53.197+0000] {taskinstance.py:3122} INFO - Exporting env vars: AIRFLOW_CTX_DAG_OWNER='***' AIRFLOW_CTX_DAG_ID='nyc_airbnb_etl' AIRFLOW_CTX_TASK_ID='write_data' AIRFLOW_CTX_EXECUTION_DATE='2024-09-01T06:30:00+00:00' AIRFLOW_CTX_TRY_NUMBER='1' AIRFLOW_CTX_DAG_RUN_ID='scheduled__2024-09-01T06:30:00+00:00'
[2024-09-02T08:55:53.200+0000] {logging_mixin.py:190} INFO - Task instance is in running state
[2024-09-02T08:55:53.201+0000] {logging_mixin.py:190} INFO -  Previous state of the Task instance: queued
[2024-09-02T08:55:53.202+0000] {logging_mixin.py:190} INFO - Current task name:write_data state:running start_date:2024-09-02 08:55:52.726485+00:00
[2024-09-02T08:55:53.203+0000] {logging_mixin.py:190} INFO - Dag name:nyc_airbnb_etl and current dag run status:running
[2024-09-02T08:55:53.204+0000] {taskinstance.py:731} INFO - ::endgroup::
[2024-09-02T08:55:53.205+0000] {sql.py:282} INFO - Executing: 
            TRUNCATE TABLE airbnb_listings;
            COPY airbnb_listings FROM '/transformed/transformed/ab_nyc.csv'
            DELIMITER ','
            CSV HEADER;
        
[2024-09-02T08:55:53.226+0000] {base.py:84} INFO - Retrieving connection 'test-connection'
[2024-09-02T08:55:53.245+0000] {base.py:84} INFO - Retrieving connection 'test-connection'
[2024-09-02T08:55:53.283+0000] {sql.py:509} INFO - Running statement: 
            TRUNCATE TABLE airbnb_listings;
            COPY airbnb_listings FROM '/transformed/transformed/ab_nyc.csv'
            DELIMITER ','
            CSV HEADER;
        , parameters: None
[2024-09-02T08:55:54.094+0000] {sql.py:518} INFO - Rows affected: 48884
[2024-09-02T08:55:54.132+0000] {taskinstance.py:340} INFO - ::group::Post task execution logs
[2024-09-02T08:55:54.134+0000] {taskinstance.py:352} INFO - Marking task as SUCCESS. dag_id=nyc_airbnb_etl, task_id=write_data, run_id=scheduled__2024-09-01T06:30:00+00:00, execution_date=20240901T063000, start_date=20240902T085552, end_date=20240902T085554
[2024-09-02T08:55:54.162+0000] {logging_mixin.py:190} INFO - Task instance in success state
[2024-09-02T08:55:54.163+0000] {logging_mixin.py:190} INFO -  Previous state of the Task instance: running
[2024-09-02T08:55:54.165+0000] {logging_mixin.py:190} INFO - Dag name:nyc_airbnb_etl queued_at:2024-09-02 08:55:25.320024+00:00
[2024-09-02T08:55:54.165+0000] {logging_mixin.py:190} INFO - Task hostname:b74353bc56c3 operator:PostgresOperator
[2024-09-02T08:55:54.203+0000] {local_task_job_runner.py:261} INFO - Task exited with return code 0
[2024-09-02T08:55:54.227+0000] {warnings.py:112} WARNING - /home/***/.local/lib/python3.12/site-packages/***/models/baseoperator.py:1378: AirflowProviderDeprecationWarning: Call to deprecated class PostgresOperator. (Please use `***.providers.common.sql.operators.sql.SQLExecuteQueryOperator`.Also, you can provide `hook_params={'schema': <database>}`.)
  result = cls.__new__(cls)

[2024-09-02T08:55:54.270+0000] {taskinstance.py:3891} INFO - 1 downstream tasks scheduled from follow-on schedule check
[2024-09-02T08:55:54.274+0000] {local_task_job_runner.py:240} INFO - ::endgroup::
