[2024-09-01T08:41:21.530+0000] {local_task_job_runner.py:123} INFO - ::group::Pre task execution logs
[2024-09-01T08:41:21.573+0000] {taskinstance.py:2603} INFO - Dependencies all met for dep_context=non-requeueable deps ti=<TaskInstance: nyc_airbnb_etl.read_raw_data manual__2024-09-01T08:41:16+00:00 [queued]>
[2024-09-01T08:41:21.592+0000] {taskinstance.py:2603} INFO - Dependencies all met for dep_context=requeueable deps ti=<TaskInstance: nyc_airbnb_etl.read_raw_data manual__2024-09-01T08:41:16+00:00 [queued]>
[2024-09-01T08:41:21.594+0000] {taskinstance.py:2856} INFO - Starting attempt 1 of 1
[2024-09-01T08:41:21.629+0000] {taskinstance.py:2879} INFO - Executing <Task(PythonOperator): read_raw_data> on 2024-09-01 08:41:16+00:00
[2024-09-01T08:41:21.650+0000] {warnings.py:112} WARNING - /home/***/.local/lib/python3.12/site-packages/***/task/task_runner/standard_task_runner.py:70: DeprecationWarning: This process (pid=274) is multi-threaded, use of fork() may lead to deadlocks in the child.
  pid = os.fork()

[2024-09-01T08:41:21.654+0000] {standard_task_runner.py:72} INFO - Started process 276 to run task
[2024-09-01T08:41:21.654+0000] {standard_task_runner.py:104} INFO - Running: ['***', 'tasks', 'run', 'nyc_airbnb_etl', 'read_raw_data', 'manual__2024-09-01T08:41:16+00:00', '--job-id', '208', '--raw', '--subdir', 'DAGS_FOLDER/nyc_airbnb_etl.py', '--cfg-path', '/tmp/tmpjs3w1nre']
[2024-09-01T08:41:21.657+0000] {standard_task_runner.py:105} INFO - Job 208: Subtask read_raw_data
[2024-09-01T08:41:21.781+0000] {task_command.py:467} INFO - Running <TaskInstance: nyc_airbnb_etl.read_raw_data manual__2024-09-01T08:41:16+00:00 [running]> on host b74353bc56c3
[2024-09-01T08:41:22.012+0000] {taskinstance.py:3122} INFO - Exporting env vars: AIRFLOW_CTX_DAG_OWNER='***' AIRFLOW_CTX_DAG_ID='nyc_airbnb_etl' AIRFLOW_CTX_TASK_ID='read_raw_data' AIRFLOW_CTX_EXECUTION_DATE='2024-09-01T08:41:16+00:00' AIRFLOW_CTX_TRY_NUMBER='1' AIRFLOW_CTX_DAG_RUN_ID='manual__2024-09-01T08:41:16+00:00'
[2024-09-01T08:41:22.017+0000] {logging_mixin.py:190} INFO - Task instance is in running state
[2024-09-01T08:41:22.018+0000] {logging_mixin.py:190} INFO -  Previous state of the Task instance: queued
[2024-09-01T08:41:22.019+0000] {logging_mixin.py:190} INFO - Current task name:read_raw_data state:running start_date:2024-09-01 08:41:21.575672+00:00
[2024-09-01T08:41:22.020+0000] {logging_mixin.py:190} INFO - Dag name:nyc_airbnb_etl and current dag run status:running
[2024-09-01T08:41:22.021+0000] {taskinstance.py:731} INFO - ::endgroup::
[2024-09-01T08:41:25.479+0000] {python.py:240} INFO - Done. Returned value was: None
[2024-09-01T08:41:25.492+0000] {taskinstance.py:340} INFO - ::group::Post task execution logs
[2024-09-01T08:41:25.493+0000] {taskinstance.py:352} INFO - Marking task as SUCCESS. dag_id=nyc_airbnb_etl, task_id=read_raw_data, run_id=manual__2024-09-01T08:41:16+00:00, execution_date=20240901T084116, start_date=20240901T084121, end_date=20240901T084125
[2024-09-01T08:41:25.504+0000] {logging_mixin.py:190} INFO - Task instance in success state
[2024-09-01T08:41:25.504+0000] {logging_mixin.py:190} INFO -  Previous state of the Task instance: running
[2024-09-01T08:41:25.505+0000] {logging_mixin.py:190} INFO - Dag name:nyc_airbnb_etl queued_at:2024-09-01 08:41:18.594695+00:00
[2024-09-01T08:41:25.505+0000] {logging_mixin.py:190} INFO - Task hostname:b74353bc56c3 operator:PythonOperator
[2024-09-01T08:41:25.533+0000] {local_task_job_runner.py:261} INFO - Task exited with return code 0
[2024-09-01T08:41:25.544+0000] {warnings.py:112} WARNING - /home/***/.local/lib/python3.12/site-packages/***/models/baseoperator.py:1378: AirflowProviderDeprecationWarning: Call to deprecated class PostgresOperator. (Please use `***.providers.common.sql.operators.sql.SQLExecuteQueryOperator`.Also, you can provide `hook_params={'schema': <database>}`.)
  result = cls.__new__(cls)

[2024-09-01T08:41:25.573+0000] {taskinstance.py:3891} INFO - 1 downstream tasks scheduled from follow-on schedule check
[2024-09-01T08:41:25.576+0000] {local_task_job_runner.py:240} INFO - ::endgroup::
