[2024-09-01T08:31:37.583+0000] {local_task_job_runner.py:123} INFO - ::group::Pre task execution logs
[2024-09-01T08:31:37.600+0000] {taskinstance.py:2603} INFO - Dependencies all met for dep_context=non-requeueable deps ti=<TaskInstance: nyc_airbnb_etl.log_results manual__2024-09-01T08:31:11+00:00 [queued]>
[2024-09-01T08:31:37.609+0000] {taskinstance.py:2603} INFO - Dependencies all met for dep_context=requeueable deps ti=<TaskInstance: nyc_airbnb_etl.log_results manual__2024-09-01T08:31:11+00:00 [queued]>
[2024-09-01T08:31:37.609+0000] {taskinstance.py:2856} INFO - Starting attempt 1 of 1
[2024-09-01T08:31:37.622+0000] {taskinstance.py:2879} INFO - Executing <Task(PythonOperator): log_results> on 2024-09-01 08:31:11+00:00
[2024-09-01T08:31:37.632+0000] {warnings.py:112} WARNING - /home/***/.local/lib/python3.12/site-packages/***/task/task_runner/standard_task_runner.py:70: DeprecationWarning: This process (pid=105) is multi-threaded, use of fork() may lead to deadlocks in the child.
  pid = os.fork()

[2024-09-01T08:31:37.634+0000] {standard_task_runner.py:72} INFO - Started process 107 to run task
[2024-09-01T08:31:37.634+0000] {standard_task_runner.py:104} INFO - Running: ['***', 'tasks', 'run', 'nyc_airbnb_etl', 'log_results', 'manual__2024-09-01T08:31:11+00:00', '--job-id', '196', '--raw', '--subdir', 'DAGS_FOLDER/nyc_airbnb_etl.py', '--cfg-path', '/tmp/tmpxf9vg6uk']
[2024-09-01T08:31:37.635+0000] {standard_task_runner.py:105} INFO - Job 196: Subtask log_results
[2024-09-01T08:31:37.691+0000] {task_command.py:467} INFO - Running <TaskInstance: nyc_airbnb_etl.log_results manual__2024-09-01T08:31:11+00:00 [running]> on host b74353bc56c3
[2024-09-01T08:31:37.784+0000] {taskinstance.py:3122} INFO - Exporting env vars: AIRFLOW_CTX_DAG_OWNER='***' AIRFLOW_CTX_DAG_ID='nyc_airbnb_etl' AIRFLOW_CTX_TASK_ID='log_results' AIRFLOW_CTX_EXECUTION_DATE='2024-09-01T08:31:11+00:00' AIRFLOW_CTX_TRY_NUMBER='1' AIRFLOW_CTX_DAG_RUN_ID='manual__2024-09-01T08:31:11+00:00'
[2024-09-01T08:31:37.786+0000] {logging_mixin.py:190} INFO - Task instance is in running state
[2024-09-01T08:31:37.787+0000] {logging_mixin.py:190} INFO -  Previous state of the Task instance: queued
[2024-09-01T08:31:37.787+0000] {logging_mixin.py:190} INFO - Current task name:log_results state:running start_date:2024-09-01 08:31:37.601354+00:00
[2024-09-01T08:31:37.787+0000] {logging_mixin.py:190} INFO - Dag name:nyc_airbnb_etl and current dag run status:running
[2024-09-01T08:31:37.788+0000] {taskinstance.py:731} INFO - ::endgroup::
[2024-09-01T08:31:37.803+0000] {base.py:84} INFO - Retrieving connection 'test-connection'
[2024-09-01T08:31:37.810+0000] {sql.py:509} INFO - Running statement: SELECT * FROM information_schema.tables, parameters: None
[2024-09-01T08:31:37.846+0000] {sql.py:518} INFO - Rows affected: 243
[2024-09-01T08:31:37.849+0000] {logging_mixin.py:190} INFO - ('***_etl', 'public', 'airbnb_listings', 'BASE TABLE', None, None, None, None, None, 'YES', 'NO', None)
[2024-09-01T08:31:37.851+0000] {logging_mixin.py:190} INFO - ('***_etl', 'public', 'log', 'BASE TABLE', None, None, None, None, None, 'YES', 'NO', None)
[2024-09-01T08:31:37.852+0000] {logging_mixin.py:190} INFO - ('***_etl', 'public', 'dag_priority_parsing_request', 'BASE TABLE', None, None, None, None, None, 'YES', 'NO', None)
[2024-09-01T08:31:37.853+0000] {logging_mixin.py:190} INFO - ('***_etl', 'pg_catalog', 'pg_statistic', 'BASE TABLE', None, None, None, None, None, 'YES', 'NO', None)
[2024-09-01T08:31:37.854+0000] {logging_mixin.py:190} INFO - ('***_etl', 'pg_catalog', 'pg_type', 'BASE TABLE', None, None, None, None, None, 'YES', 'NO', None)
[2024-09-01T08:31:37.855+0000] {logging_mixin.py:190} INFO - ('***_etl', 'public', 'job', 'BASE TABLE', None, None, None, None, None, 'YES', 'NO', None)
[2024-09-01T08:31:37.856+0000] {logging_mixin.py:190} INFO - ('***_etl', 'public', 'slot_pool', 'BASE TABLE', None, None, None, None, None, 'YES', 'NO', None)
[2024-09-01T08:31:37.856+0000] {logging_mixin.py:190} INFO - ('***_etl', 'pg_catalog', 'pg_foreign_table', 'BASE TABLE', None, None, None, None, None, 'YES', 'NO', None)
[2024-09-01T08:31:37.857+0000] {logging_mixin.py:190} INFO - ('***_etl', 'pg_catalog', 'pg_authid', 'BASE TABLE', None, None, None, None, None, 'YES', 'NO', None)
[2024-09-01T08:31:37.858+0000] {logging_mixin.py:190} INFO - ('***_etl', 'pg_catalog', 'pg_shadow', 'VIEW', None, None, None, None, None, 'NO', 'NO', None)
[2024-09-01T08:31:37.858+0000] {logging_mixin.py:190} INFO - ('***_etl', 'public', 'callback_request', 'BASE TABLE', None, None, None, None, None, 'YES', 'NO', None)
[2024-09-01T08:31:37.859+0000] {logging_mixin.py:190} INFO - ('***_etl', 'public', 'dag_code', 'BASE TABLE', None, None, None, None, None, 'YES', 'NO', None)
[2024-09-01T08:31:37.860+0000] {logging_mixin.py:190} INFO - ('***_etl', 'pg_catalog', 'pg_statistic_ext_data', 'BASE TABLE', None, None, None, None, None, 'YES', 'NO', None)
[2024-09-01T08:31:37.860+0000] {logging_mixin.py:190} INFO - ('***_etl', 'pg_catalog', 'pg_roles', 'VIEW', None, None, None, None, None, 'NO', 'NO', None)
[2024-09-01T08:31:37.861+0000] {logging_mixin.py:190} INFO - ('***_etl', 'public', 'dag_pickle', 'BASE TABLE', None, None, None, None, None, 'YES', 'NO', None)
[2024-09-01T08:31:37.862+0000] {logging_mixin.py:190} INFO - ('***_etl', 'pg_catalog', 'pg_settings', 'VIEW', None, None, None, None, None, 'NO', 'NO', None)
[2024-09-01T08:31:37.862+0000] {logging_mixin.py:190} INFO - ('***_etl', 'pg_catalog', 'pg_file_settings', 'VIEW', None, None, None, None, None, 'NO', 'NO', None)
[2024-09-01T08:31:37.863+0000] {logging_mixin.py:190} INFO - ('***_etl', 'pg_catalog', 'pg_hba_file_rules', 'VIEW', None, None, None, None, None, 'NO', 'NO', None)
[2024-09-01T08:31:37.863+0000] {logging_mixin.py:190} INFO - ('***_etl', 'pg_catalog', 'pg_config', 'VIEW', None, None, None, None, None, 'NO', 'NO', None)
[2024-09-01T08:31:37.864+0000] {logging_mixin.py:190} INFO - ('***_etl', 'pg_catalog', 'pg_shmem_allocations', 'VIEW', None, None, None, None, None, 'NO', 'NO', None)
[2024-09-01T08:31:37.864+0000] {logging_mixin.py:190} INFO - ('***_etl', 'public', 'ab_user', 'BASE TABLE', None, None, None, None, None, 'YES', 'NO', None)
[2024-09-01T08:31:37.865+0000] {logging_mixin.py:190} INFO - ('***_etl', 'public', 'ab_register_user', 'BASE TABLE', None, None, None, None, None, 'YES', 'NO', None)
[2024-09-01T08:31:37.866+0000] {logging_mixin.py:190} INFO - ('***_etl', 'pg_catalog', 'pg_prepared_statements', 'VIEW', None, None, None, None, None, 'NO', 'NO', None)
[2024-09-01T08:31:37.867+0000] {logging_mixin.py:190} INFO - ('***_etl', 'pg_catalog', 'pg_largeobject', 'BASE TABLE', None, None, None, None, None, 'YES', 'NO', None)
[2024-09-01T08:31:37.867+0000] {logging_mixin.py:190} INFO - ('***_etl', 'pg_catalog', 'pg_user_mapping', 'BASE TABLE', None, None, None, None, None, 'YES', 'NO', None)
[2024-09-01T08:31:37.868+0000] {logging_mixin.py:190} INFO - ('***_etl', 'pg_catalog', 'pg_stat_progress_vacuum', 'VIEW', None, None, None, None, None, 'NO', 'NO', None)
[2024-09-01T08:31:37.869+0000] {logging_mixin.py:190} INFO - ('***_etl', 'pg_catalog', 'pg_replication_origin_status', 'VIEW', None, None, None, None, None, 'NO', 'NO', None)
[2024-09-01T08:31:37.870+0000] {logging_mixin.py:190} INFO - ('***_etl', 'pg_catalog', 'pg_subscription', 'BASE TABLE', None, None, None, None, None, 'YES', 'NO', None)
[2024-09-01T08:31:37.870+0000] {logging_mixin.py:190} INFO - ('***_etl', 'pg_catalog', 'pg_attribute', 'BASE TABLE', None, None, None, None, None, 'YES', 'NO', None)
[2024-09-01T08:31:37.871+0000] {logging_mixin.py:190} INFO - ('***_etl', 'pg_catalog', 'pg_proc', 'BASE TABLE', None, None, None, None, None, 'YES', 'NO', None)
[2024-09-01T08:31:37.871+0000] {logging_mixin.py:190} INFO - ('***_etl', 'pg_catalog', 'pg_class', 'BASE TABLE', None, None, None, None, None, 'YES', 'NO', None)
[2024-09-01T08:31:37.872+0000] {logging_mixin.py:190} INFO - ('***_etl', 'pg_catalog', 'pg_attrdef', 'BASE TABLE', None, None, None, None, None, 'YES', 'NO', None)
[2024-09-01T08:31:37.873+0000] {logging_mixin.py:190} INFO - ('***_etl', 'pg_catalog', 'pg_constraint', 'BASE TABLE', None, None, None, None, None, 'YES', 'NO', None)
[2024-09-01T08:31:37.873+0000] {logging_mixin.py:190} INFO - ('***_etl', 'pg_catalog', 'pg_inherits', 'BASE TABLE', None, None, None, None, None, 'YES', 'NO', None)
[2024-09-01T08:31:37.874+0000] {logging_mixin.py:190} INFO - ('***_etl', 'pg_catalog', 'pg_index', 'BASE TABLE', None, None, None, None, None, 'YES', 'NO', None)
[2024-09-01T08:31:37.875+0000] {logging_mixin.py:190} INFO - ('***_etl', 'pg_catalog', 'pg_operator', 'BASE TABLE', None, None, None, None, None, 'YES', 'NO', None)
[2024-09-01T08:31:37.875+0000] {logging_mixin.py:190} INFO - ('***_etl', 'pg_catalog', 'pg_opfamily', 'BASE TABLE', None, None, None, None, None, 'YES', 'NO', None)
[2024-09-01T08:31:37.876+0000] {logging_mixin.py:190} INFO - ('***_etl', 'pg_catalog', 'pg_opclass', 'BASE TABLE', None, None, None, None, None, 'YES', 'NO', None)
[2024-09-01T08:31:37.877+0000] {logging_mixin.py:190} INFO - ('***_etl', 'pg_catalog', 'pg_am', 'BASE TABLE', None, None, None, None, None, 'YES', 'NO', None)
[2024-09-01T08:31:37.878+0000] {logging_mixin.py:190} INFO - ('***_etl', 'pg_catalog', 'pg_amop', 'BASE TABLE', None, None, None, None, None, 'YES', 'NO', None)
[2024-09-01T08:31:37.878+0000] {logging_mixin.py:190} INFO - ('***_etl', 'pg_catalog', 'pg_amproc', 'BASE TABLE', None, None, None, None, None, 'YES', 'NO', None)
[2024-09-01T08:31:37.879+0000] {logging_mixin.py:190} INFO - ('***_etl', 'pg_catalog', 'pg_language', 'BASE TABLE', None, None, None, None, None, 'YES', 'NO', None)
[2024-09-01T08:31:37.880+0000] {logging_mixin.py:190} INFO - ('***_etl', 'pg_catalog', 'pg_largeobject_metadata', 'BASE TABLE', None, None, None, None, None, 'YES', 'NO', None)
[2024-09-01T08:31:37.881+0000] {logging_mixin.py:190} INFO - ('***_etl', 'pg_catalog', 'pg_aggregate', 'BASE TABLE', None, None, None, None, None, 'YES', 'NO', None)
[2024-09-01T08:31:37.882+0000] {logging_mixin.py:190} INFO - ('***_etl', 'pg_catalog', 'pg_statistic_ext', 'BASE TABLE', None, None, None, None, None, 'YES', 'NO', None)
[2024-09-01T08:31:37.883+0000] {logging_mixin.py:190} INFO - ('***_etl', 'pg_catalog', 'pg_rewrite', 'BASE TABLE', None, None, None, None, None, 'YES', 'NO', None)
[2024-09-01T08:31:37.884+0000] {logging_mixin.py:190} INFO - ('***_etl', 'pg_catalog', 'pg_trigger', 'BASE TABLE', None, None, None, None, None, 'YES', 'NO', None)
[2024-09-01T08:31:37.886+0000] {logging_mixin.py:190} INFO - ('***_etl', 'pg_catalog', 'pg_event_trigger', 'BASE TABLE', None, None, None, None, None, 'YES', 'NO', None)
[2024-09-01T08:31:37.887+0000] {logging_mixin.py:190} INFO - ('***_etl', 'pg_catalog', 'pg_description', 'BASE TABLE', None, None, None, None, None, 'YES', 'NO', None)
[2024-09-01T08:31:37.888+0000] {logging_mixin.py:190} INFO - ('***_etl', 'pg_catalog', 'pg_cast', 'BASE TABLE', None, None, None, None, None, 'YES', 'NO', None)
[2024-09-01T08:31:37.889+0000] {logging_mixin.py:190} INFO - ('***_etl', 'pg_catalog', 'pg_stat_progress_cluster', 'VIEW', None, None, None, None, None, 'NO', 'NO', None)
[2024-09-01T08:31:37.890+0000] {logging_mixin.py:190} INFO - ('***_etl', 'pg_catalog', 'pg_stat_progress_create_index', 'VIEW', None, None, None, None, None, 'NO', 'NO', None)
[2024-09-01T08:31:37.891+0000] {logging_mixin.py:190} INFO - ('***_etl', 'pg_catalog', 'pg_stat_progress_basebackup', 'VIEW', None, None, None, None, None, 'NO', 'NO', None)
[2024-09-01T08:31:37.892+0000] {logging_mixin.py:190} INFO - ('***_etl', 'pg_catalog', 'pg_user_mappings', 'VIEW', None, None, None, None, None, 'NO', 'NO', None)
[2024-09-01T08:31:37.893+0000] {logging_mixin.py:190} INFO - ('***_etl', 'pg_catalog', 'pg_enum', 'BASE TABLE', None, None, None, None, None, 'YES', 'NO', None)
[2024-09-01T08:31:37.894+0000] {logging_mixin.py:190} INFO - ('***_etl', 'pg_catalog', 'pg_namespace', 'BASE TABLE', None, None, None, None, None, 'YES', 'NO', None)
[2024-09-01T08:31:37.895+0000] {logging_mixin.py:190} INFO - ('***_etl', 'pg_catalog', 'pg_conversion', 'BASE TABLE', None, None, None, None, None, 'YES', 'NO', None)
[2024-09-01T08:31:37.896+0000] {logging_mixin.py:190} INFO - ('***_etl', 'pg_catalog', 'pg_depend', 'BASE TABLE', None, None, None, None, None, 'YES', 'NO', None)
[2024-09-01T08:31:37.897+0000] {logging_mixin.py:190} INFO - ('***_etl', 'pg_catalog', 'pg_database', 'BASE TABLE', None, None, None, None, None, 'YES', 'NO', None)
[2024-09-01T08:31:37.898+0000] {logging_mixin.py:190} INFO - ('***_etl', 'pg_catalog', 'pg_db_role_setting', 'BASE TABLE', None, None, None, None, None, 'YES', 'NO', None)
[2024-09-01T08:31:37.899+0000] {logging_mixin.py:190} INFO - ('***_etl', 'pg_catalog', 'pg_tablespace', 'BASE TABLE', None, None, None, None, None, 'YES', 'NO', None)
[2024-09-01T08:31:37.901+0000] {logging_mixin.py:190} INFO - ('***_etl', 'pg_catalog', 'pg_auth_members', 'BASE TABLE', None, None, None, None, None, 'YES', 'NO', None)
[2024-09-01T08:31:37.902+0000] {logging_mixin.py:190} INFO - ('***_etl', 'pg_catalog', 'pg_shdepend', 'BASE TABLE', None, None, None, None, None, 'YES', 'NO', None)
[2024-09-01T08:31:37.903+0000] {logging_mixin.py:190} INFO - ('***_etl', 'pg_catalog', 'pg_shdescription', 'BASE TABLE', None, None, None, None, None, 'YES', 'NO', None)
[2024-09-01T08:31:37.904+0000] {logging_mixin.py:190} INFO - ('***_etl', 'pg_catalog', 'pg_ts_config', 'BASE TABLE', None, None, None, None, None, 'YES', 'NO', None)
[2024-09-01T08:31:37.905+0000] {logging_mixin.py:190} INFO - ('***_etl', 'pg_catalog', 'pg_ts_config_map', 'BASE TABLE', None, None, None, None, None, 'YES', 'NO', None)
[2024-09-01T08:31:37.906+0000] {logging_mixin.py:190} INFO - ('***_etl', 'pg_catalog', 'pg_ts_dict', 'BASE TABLE', None, None, None, None, None, 'YES', 'NO', None)
[2024-09-01T08:31:37.907+0000] {logging_mixin.py:190} INFO - ('***_etl', 'pg_catalog', 'pg_ts_parser', 'BASE TABLE', None, None, None, None, None, 'YES', 'NO', None)
[2024-09-01T08:31:37.908+0000] {logging_mixin.py:190} INFO - ('***_etl', 'pg_catalog', 'pg_ts_template', 'BASE TABLE', None, None, None, None, None, 'YES', 'NO', None)
[2024-09-01T08:31:37.909+0000] {logging_mixin.py:190} INFO - ('***_etl', 'pg_catalog', 'pg_extension', 'BASE TABLE', None, None, None, None, None, 'YES', 'NO', None)
[2024-09-01T08:31:37.910+0000] {logging_mixin.py:190} INFO - ('***_etl', 'pg_catalog', 'pg_foreign_data_wrapper', 'BASE TABLE', None, None, None, None, None, 'YES', 'NO', None)
[2024-09-01T08:31:37.911+0000] {logging_mixin.py:190} INFO - ('***_etl', 'pg_catalog', 'pg_foreign_server', 'BASE TABLE', None, None, None, None, None, 'YES', 'NO', None)
[2024-09-01T08:31:37.912+0000] {logging_mixin.py:190} INFO - ('***_etl', 'pg_catalog', 'pg_policy', 'BASE TABLE', None, None, None, None, None, 'YES', 'NO', None)
[2024-09-01T08:31:37.913+0000] {logging_mixin.py:190} INFO - ('***_etl', 'pg_catalog', 'pg_replication_origin', 'BASE TABLE', None, None, None, None, None, 'YES', 'NO', None)
[2024-09-01T08:31:37.914+0000] {logging_mixin.py:190} INFO - ('***_etl', 'pg_catalog', 'pg_default_acl', 'BASE TABLE', None, None, None, None, None, 'YES', 'NO', None)
[2024-09-01T08:31:37.916+0000] {logging_mixin.py:190} INFO - ('***_etl', 'pg_catalog', 'pg_init_privs', 'BASE TABLE', None, None, None, None, None, 'YES', 'NO', None)
[2024-09-01T08:31:37.917+0000] {logging_mixin.py:190} INFO - ('***_etl', 'pg_catalog', 'pg_seclabel', 'BASE TABLE', None, None, None, None, None, 'YES', 'NO', None)
[2024-09-01T08:31:37.918+0000] {logging_mixin.py:190} INFO - ('***_etl', 'pg_catalog', 'pg_shseclabel', 'BASE TABLE', None, None, None, None, None, 'YES', 'NO', None)
[2024-09-01T08:31:37.919+0000] {logging_mixin.py:190} INFO - ('***_etl', 'pg_catalog', 'pg_collation', 'BASE TABLE', None, None, None, None, None, 'YES', 'NO', None)
[2024-09-01T08:31:37.920+0000] {logging_mixin.py:190} INFO - ('***_etl', 'pg_catalog', 'pg_partitioned_table', 'BASE TABLE', None, None, None, None, None, 'YES', 'NO', None)
[2024-09-01T08:31:37.921+0000] {logging_mixin.py:190} INFO - ('***_etl', 'pg_catalog', 'pg_range', 'BASE TABLE', None, None, None, None, None, 'YES', 'NO', None)
[2024-09-01T08:31:37.922+0000] {logging_mixin.py:190} INFO - ('***_etl', 'pg_catalog', 'pg_transform', 'BASE TABLE', None, None, None, None, None, 'YES', 'NO', None)
[2024-09-01T08:31:37.923+0000] {logging_mixin.py:190} INFO - ('***_etl', 'pg_catalog', 'pg_sequence', 'BASE TABLE', None, None, None, None, None, 'YES', 'NO', None)
[2024-09-01T08:31:37.924+0000] {logging_mixin.py:190} INFO - ('***_etl', 'pg_catalog', 'pg_publication', 'BASE TABLE', None, None, None, None, None, 'YES', 'NO', None)
[2024-09-01T08:31:37.925+0000] {logging_mixin.py:190} INFO - ('***_etl', 'pg_catalog', 'pg_publication_rel', 'BASE TABLE', None, None, None, None, None, 'YES', 'NO', None)
[2024-09-01T08:31:37.927+0000] {logging_mixin.py:190} INFO - ('***_etl', 'pg_catalog', 'pg_subscription_rel', 'BASE TABLE', None, None, None, None, None, 'YES', 'NO', None)
[2024-09-01T08:31:37.928+0000] {logging_mixin.py:190} INFO - ('***_etl', 'pg_catalog', 'pg_group', 'VIEW', None, None, None, None, None, 'YES', 'NO', None)
[2024-09-01T08:31:37.929+0000] {logging_mixin.py:190} INFO - ('***_etl', 'pg_catalog', 'pg_user', 'VIEW', None, None, None, None, None, 'NO', 'NO', None)
[2024-09-01T08:31:37.930+0000] {logging_mixin.py:190} INFO - ('***_etl', 'pg_catalog', 'pg_policies', 'VIEW', None, None, None, None, None, 'NO', 'NO', None)
[2024-09-01T08:31:37.931+0000] {logging_mixin.py:190} INFO - ('***_etl', 'pg_catalog', 'pg_rules', 'VIEW', None, None, None, None, None, 'NO', 'NO', None)
[2024-09-01T08:31:37.932+0000] {logging_mixin.py:190} INFO - ('***_etl', 'pg_catalog', 'pg_views', 'VIEW', None, None, None, None, None, 'NO', 'NO', None)
[2024-09-01T08:31:37.933+0000] {logging_mixin.py:190} INFO - ('***_etl', 'pg_catalog', 'pg_tables', 'VIEW', None, None, None, None, None, 'NO', 'NO', None)
[2024-09-01T08:31:37.935+0000] {logging_mixin.py:190} INFO - ('***_etl', 'pg_catalog', 'pg_matviews', 'VIEW', None, None, None, None, None, 'NO', 'NO', None)
[2024-09-01T08:31:37.937+0000] {logging_mixin.py:190} INFO - ('***_etl', 'pg_catalog', 'pg_indexes', 'VIEW', None, None, None, None, None, 'NO', 'NO', None)
[2024-09-01T08:31:37.938+0000] {logging_mixin.py:190} INFO - ('***_etl', 'pg_catalog', 'pg_sequences', 'VIEW', None, None, None, None, None, 'NO', 'NO', None)
[2024-09-01T08:31:37.939+0000] {logging_mixin.py:190} INFO - ('***_etl', 'pg_catalog', 'pg_stats', 'VIEW', None, None, None, None, None, 'NO', 'NO', None)
[2024-09-01T08:31:37.940+0000] {logging_mixin.py:190} INFO - ('***_etl', 'pg_catalog', 'pg_stats_ext', 'VIEW', None, None, None, None, None, 'NO', 'NO', None)
[2024-09-01T08:31:37.941+0000] {logging_mixin.py:190} INFO - ('***_etl', 'pg_catalog', 'pg_publication_tables', 'VIEW', None, None, None, None, None, 'NO', 'NO', None)
[2024-09-01T08:31:37.942+0000] {logging_mixin.py:190} INFO - ('***_etl', 'pg_catalog', 'pg_locks', 'VIEW', None, None, None, None, None, 'NO', 'NO', None)
[2024-09-01T08:31:37.943+0000] {logging_mixin.py:190} INFO - ('***_etl', 'pg_catalog', 'pg_cursors', 'VIEW', None, None, None, None, None, 'NO', 'NO', None)
[2024-09-01T08:31:37.944+0000] {logging_mixin.py:190} INFO - ('***_etl', 'pg_catalog', 'pg_available_extensions', 'VIEW', None, None, None, None, None, 'NO', 'NO', None)
[2024-09-01T08:31:37.945+0000] {logging_mixin.py:190} INFO - ('***_etl', 'pg_catalog', 'pg_available_extension_versions', 'VIEW', None, None, None, None, None, 'NO', 'NO', None)
[2024-09-01T08:31:37.946+0000] {logging_mixin.py:190} INFO - ('***_etl', 'pg_catalog', 'pg_prepared_xacts', 'VIEW', None, None, None, None, None, 'NO', 'NO', None)
[2024-09-01T08:31:37.947+0000] {logging_mixin.py:190} INFO - ('***_etl', 'pg_catalog', 'pg_seclabels', 'VIEW', None, None, None, None, None, 'NO', 'NO', None)
[2024-09-01T08:31:37.949+0000] {logging_mixin.py:190} INFO - ('***_etl', 'pg_catalog', 'pg_statio_user_tables', 'VIEW', None, None, None, None, None, 'NO', 'NO', None)
[2024-09-01T08:31:37.950+0000] {logging_mixin.py:190} INFO - ('***_etl', 'pg_catalog', 'pg_stat_all_indexes', 'VIEW', None, None, None, None, None, 'NO', 'NO', None)
[2024-09-01T08:31:37.951+0000] {logging_mixin.py:190} INFO - ('***_etl', 'pg_catalog', 'pg_timezone_abbrevs', 'VIEW', None, None, None, None, None, 'NO', 'NO', None)
[2024-09-01T08:31:37.952+0000] {logging_mixin.py:190} INFO - ('***_etl', 'pg_catalog', 'pg_timezone_names', 'VIEW', None, None, None, None, None, 'NO', 'NO', None)
[2024-09-01T08:31:37.953+0000] {logging_mixin.py:190} INFO - ('***_etl', 'pg_catalog', 'pg_stat_sys_indexes', 'VIEW', None, None, None, None, None, 'NO', 'NO', None)
[2024-09-01T08:31:37.954+0000] {logging_mixin.py:190} INFO - ('***_etl', 'pg_catalog', 'pg_stat_all_tables', 'VIEW', None, None, None, None, None, 'NO', 'NO', None)
[2024-09-01T08:31:37.955+0000] {logging_mixin.py:190} INFO - ('***_etl', 'pg_catalog', 'pg_stat_xact_all_tables', 'VIEW', None, None, None, None, None, 'NO', 'NO', None)
[2024-09-01T08:31:37.956+0000] {logging_mixin.py:190} INFO - ('***_etl', 'pg_catalog', 'pg_stat_sys_tables', 'VIEW', None, None, None, None, None, 'NO', 'NO', None)
[2024-09-01T08:31:37.957+0000] {logging_mixin.py:190} INFO - ('***_etl', 'pg_catalog', 'pg_stat_xact_sys_tables', 'VIEW', None, None, None, None, None, 'NO', 'NO', None)
[2024-09-01T08:31:37.958+0000] {logging_mixin.py:190} INFO - ('***_etl', 'pg_catalog', 'pg_stat_user_tables', 'VIEW', None, None, None, None, None, 'NO', 'NO', None)
[2024-09-01T08:31:37.959+0000] {logging_mixin.py:190} INFO - ('***_etl', 'pg_catalog', 'pg_stat_xact_user_tables', 'VIEW', None, None, None, None, None, 'NO', 'NO', None)
[2024-09-01T08:31:37.960+0000] {logging_mixin.py:190} INFO - ('***_etl', 'pg_catalog', 'pg_statio_all_tables', 'VIEW', None, None, None, None, None, 'NO', 'NO', None)
[2024-09-01T08:31:37.962+0000] {logging_mixin.py:190} INFO - ('***_etl', 'pg_catalog', 'pg_statio_sys_tables', 'VIEW', None, None, None, None, None, 'NO', 'NO', None)
[2024-09-01T08:31:37.963+0000] {logging_mixin.py:190} INFO - ('***_etl', 'pg_catalog', 'pg_stat_user_indexes', 'VIEW', None, None, None, None, None, 'NO', 'NO', None)
[2024-09-01T08:31:37.964+0000] {logging_mixin.py:190} INFO - ('***_etl', 'pg_catalog', 'pg_statio_all_indexes', 'VIEW', None, None, None, None, None, 'NO', 'NO', None)
[2024-09-01T08:31:37.965+0000] {logging_mixin.py:190} INFO - ('***_etl', 'pg_catalog', 'pg_statio_sys_indexes', 'VIEW', None, None, None, None, None, 'NO', 'NO', None)
[2024-09-01T08:31:37.966+0000] {logging_mixin.py:190} INFO - ('***_etl', 'pg_catalog', 'pg_statio_user_indexes', 'VIEW', None, None, None, None, None, 'NO', 'NO', None)
[2024-09-01T08:31:37.967+0000] {logging_mixin.py:190} INFO - ('***_etl', 'pg_catalog', 'pg_statio_all_sequences', 'VIEW', None, None, None, None, None, 'NO', 'NO', None)
[2024-09-01T08:31:37.968+0000] {logging_mixin.py:190} INFO - ('***_etl', 'pg_catalog', 'pg_statio_sys_sequences', 'VIEW', None, None, None, None, None, 'NO', 'NO', None)
[2024-09-01T08:31:37.970+0000] {logging_mixin.py:190} INFO - ('***_etl', 'pg_catalog', 'pg_statio_user_sequences', 'VIEW', None, None, None, None, None, 'NO', 'NO', None)
[2024-09-01T08:31:37.971+0000] {logging_mixin.py:190} INFO - ('***_etl', 'pg_catalog', 'pg_stat_activity', 'VIEW', None, None, None, None, None, 'NO', 'NO', None)
[2024-09-01T08:31:37.972+0000] {logging_mixin.py:190} INFO - ('***_etl', 'pg_catalog', 'pg_stat_replication', 'VIEW', None, None, None, None, None, 'NO', 'NO', None)
[2024-09-01T08:31:37.973+0000] {logging_mixin.py:190} INFO - ('***_etl', 'pg_catalog', 'pg_stat_slru', 'VIEW', None, None, None, None, None, 'NO', 'NO', None)
[2024-09-01T08:31:37.974+0000] {logging_mixin.py:190} INFO - ('***_etl', 'pg_catalog', 'pg_stat_wal_receiver', 'VIEW', None, None, None, None, None, 'NO', 'NO', None)
[2024-09-01T08:31:37.975+0000] {logging_mixin.py:190} INFO - ('***_etl', 'pg_catalog', 'pg_stat_subscription', 'VIEW', None, None, None, None, None, 'NO', 'NO', None)
[2024-09-01T08:31:37.976+0000] {logging_mixin.py:190} INFO - ('***_etl', 'pg_catalog', 'pg_stat_ssl', 'VIEW', None, None, None, None, None, 'NO', 'NO', None)
[2024-09-01T08:31:37.977+0000] {logging_mixin.py:190} INFO - ('***_etl', 'pg_catalog', 'pg_stat_gssapi', 'VIEW', None, None, None, None, None, 'NO', 'NO', None)
[2024-09-01T08:31:37.979+0000] {logging_mixin.py:190} INFO - ('***_etl', 'pg_catalog', 'pg_replication_slots', 'VIEW', None, None, None, None, None, 'NO', 'NO', None)
[2024-09-01T08:31:37.980+0000] {logging_mixin.py:190} INFO - ('***_etl', 'pg_catalog', 'pg_stat_database', 'VIEW', None, None, None, None, None, 'NO', 'NO', None)
[2024-09-01T08:31:37.981+0000] {logging_mixin.py:190} INFO - ('***_etl', 'pg_catalog', 'pg_stat_database_conflicts', 'VIEW', None, None, None, None, None, 'YES', 'NO', None)
[2024-09-01T08:31:37.982+0000] {logging_mixin.py:190} INFO - ('***_etl', 'pg_catalog', 'pg_stat_user_functions', 'VIEW', None, None, None, None, None, 'NO', 'NO', None)
[2024-09-01T08:31:37.983+0000] {logging_mixin.py:190} INFO - ('***_etl', 'pg_catalog', 'pg_stat_xact_user_functions', 'VIEW', None, None, None, None, None, 'NO', 'NO', None)
[2024-09-01T08:31:37.984+0000] {logging_mixin.py:190} INFO - ('***_etl', 'pg_catalog', 'pg_stat_archiver', 'VIEW', None, None, None, None, None, 'NO', 'NO', None)
[2024-09-01T08:31:37.985+0000] {logging_mixin.py:190} INFO - ('***_etl', 'pg_catalog', 'pg_stat_bgwriter', 'VIEW', None, None, None, None, None, 'NO', 'NO', None)
[2024-09-01T08:31:37.987+0000] {logging_mixin.py:190} INFO - ('***_etl', 'pg_catalog', 'pg_stat_progress_analyze', 'VIEW', None, None, None, None, None, 'NO', 'NO', None)
[2024-09-01T08:31:37.988+0000] {logging_mixin.py:190} INFO - ('***_etl', 'information_schema', 'columns', 'VIEW', None, None, None, None, None, 'NO', 'NO', None)
[2024-09-01T08:31:37.989+0000] {logging_mixin.py:190} INFO - ('***_etl', 'information_schema', 'information_schema_catalog_name', 'VIEW', None, None, None, None, None, 'NO', 'NO', None)
[2024-09-01T08:31:37.990+0000] {logging_mixin.py:190} INFO - ('***_etl', 'information_schema', 'collations', 'VIEW', None, None, None, None, None, 'NO', 'NO', None)
[2024-09-01T08:31:37.991+0000] {logging_mixin.py:190} INFO - ('***_etl', 'information_schema', 'applicable_roles', 'VIEW', None, None, None, None, None, 'NO', 'NO', None)
[2024-09-01T08:31:37.991+0000] {logging_mixin.py:190} INFO - ('***_etl', 'information_schema', 'administrable_role_authorizations', 'VIEW', None, None, None, None, None, 'NO', 'NO', None)
[2024-09-01T08:31:37.992+0000] {logging_mixin.py:190} INFO - ('***_etl', 'information_schema', 'column_privileges', 'VIEW', None, None, None, None, None, 'NO', 'NO', None)
[2024-09-01T08:31:37.993+0000] {logging_mixin.py:190} INFO - ('***_etl', 'information_schema', 'attributes', 'VIEW', None, None, None, None, None, 'NO', 'NO', None)
[2024-09-01T08:31:37.994+0000] {logging_mixin.py:190} INFO - ('***_etl', 'information_schema', 'collation_character_set_applicability', 'VIEW', None, None, None, None, None, 'NO', 'NO', None)
[2024-09-01T08:31:37.995+0000] {logging_mixin.py:190} INFO - ('***_etl', 'information_schema', 'character_sets', 'VIEW', None, None, None, None, None, 'NO', 'NO', None)
[2024-09-01T08:31:37.996+0000] {logging_mixin.py:190} INFO - ('***_etl', 'information_schema', 'check_constraint_routine_usage', 'VIEW', None, None, None, None, None, 'NO', 'NO', None)
[2024-09-01T08:31:37.997+0000] {logging_mixin.py:190} INFO - ('***_etl', 'information_schema', 'check_constraints', 'VIEW', None, None, None, None, None, 'NO', 'NO', None)
[2024-09-01T08:31:37.998+0000] {logging_mixin.py:190} INFO - ('***_etl', 'information_schema', 'column_column_usage', 'VIEW', None, None, None, None, None, 'NO', 'NO', None)
[2024-09-01T08:31:37.999+0000] {logging_mixin.py:190} INFO - ('***_etl', 'information_schema', 'column_domain_usage', 'VIEW', None, None, None, None, None, 'NO', 'NO', None)
[2024-09-01T08:31:38.000+0000] {logging_mixin.py:190} INFO - ('***_etl', 'information_schema', 'column_udt_usage', 'VIEW', None, None, None, None, None, 'NO', 'NO', None)
[2024-09-01T08:31:38.001+0000] {logging_mixin.py:190} INFO - ('***_etl', 'information_schema', 'constraint_column_usage', 'VIEW', None, None, None, None, None, 'NO', 'NO', None)
[2024-09-01T08:31:38.002+0000] {logging_mixin.py:190} INFO - ('***_etl', 'information_schema', 'constraint_table_usage', 'VIEW', None, None, None, None, None, 'NO', 'NO', None)
[2024-09-01T08:31:38.003+0000] {logging_mixin.py:190} INFO - ('***_etl', 'information_schema', 'domain_constraints', 'VIEW', None, None, None, None, None, 'NO', 'NO', None)
[2024-09-01T08:31:38.004+0000] {logging_mixin.py:190} INFO - ('***_etl', 'information_schema', 'domain_udt_usage', 'VIEW', None, None, None, None, None, 'NO', 'NO', None)
[2024-09-01T08:31:38.005+0000] {logging_mixin.py:190} INFO - ('***_etl', 'information_schema', 'domains', 'VIEW', None, None, None, None, None, 'NO', 'NO', None)
[2024-09-01T08:31:38.006+0000] {logging_mixin.py:190} INFO - ('***_etl', 'public', 'connection', 'BASE TABLE', None, None, None, None, None, 'YES', 'NO', None)
[2024-09-01T08:31:38.006+0000] {logging_mixin.py:190} INFO - ('***_etl', 'information_schema', 'enabled_roles', 'VIEW', None, None, None, None, None, 'NO', 'NO', None)
[2024-09-01T08:31:38.007+0000] {logging_mixin.py:190} INFO - ('***_etl', 'information_schema', 'sql_implementation_info', 'BASE TABLE', None, None, None, None, None, 'YES', 'NO', None)
[2024-09-01T08:31:38.008+0000] {logging_mixin.py:190} INFO - ('***_etl', 'information_schema', 'key_column_usage', 'VIEW', None, None, None, None, None, 'NO', 'NO', None)
[2024-09-01T08:31:38.009+0000] {logging_mixin.py:190} INFO - ('***_etl', 'information_schema', 'parameters', 'VIEW', None, None, None, None, None, 'NO', 'NO', None)
[2024-09-01T08:31:38.010+0000] {logging_mixin.py:190} INFO - ('***_etl', 'information_schema', 'referential_constraints', 'VIEW', None, None, None, None, None, 'NO', 'NO', None)
[2024-09-01T08:31:38.010+0000] {logging_mixin.py:190} INFO - ('***_etl', 'information_schema', 'role_column_grants', 'VIEW', None, None, None, None, None, 'NO', 'NO', None)
[2024-09-01T08:31:38.011+0000] {logging_mixin.py:190} INFO - ('***_etl', 'information_schema', 'sql_parts', 'BASE TABLE', None, None, None, None, None, 'YES', 'NO', None)
[2024-09-01T08:31:38.012+0000] {logging_mixin.py:190} INFO - ('***_etl', 'information_schema', 'routine_privileges', 'VIEW', None, None, None, None, None, 'NO', 'NO', None)
[2024-09-01T08:31:38.013+0000] {logging_mixin.py:190} INFO - ('***_etl', 'information_schema', 'role_routine_grants', 'VIEW', None, None, None, None, None, 'NO', 'NO', None)
[2024-09-01T08:31:38.014+0000] {logging_mixin.py:190} INFO - ('***_etl', 'information_schema', 'routines', 'VIEW', None, None, None, None, None, 'NO', 'NO', None)
[2024-09-01T08:31:38.015+0000] {logging_mixin.py:190} INFO - ('***_etl', 'information_schema', 'schemata', 'VIEW', None, None, None, None, None, 'NO', 'NO', None)
[2024-09-01T08:31:38.016+0000] {logging_mixin.py:190} INFO - ('***_etl', 'information_schema', 'tables', 'VIEW', None, None, None, None, None, 'NO', 'NO', None)
[2024-09-01T08:31:38.018+0000] {logging_mixin.py:190} INFO - ('***_etl', 'information_schema', 'sequences', 'VIEW', None, None, None, None, None, 'NO', 'NO', None)
[2024-09-01T08:31:38.019+0000] {logging_mixin.py:190} INFO - ('***_etl', 'information_schema', 'sql_sizing', 'BASE TABLE', None, None, None, None, None, 'YES', 'NO', None)
[2024-09-01T08:31:38.020+0000] {logging_mixin.py:190} INFO - ('***_etl', 'information_schema', 'sql_features', 'BASE TABLE', None, None, None, None, None, 'YES', 'NO', None)
[2024-09-01T08:31:38.021+0000] {logging_mixin.py:190} INFO - ('***_etl', 'information_schema', 'table_constraints', 'VIEW', None, None, None, None, None, 'NO', 'NO', None)
[2024-09-01T08:31:38.022+0000] {logging_mixin.py:190} INFO - ('***_etl', 'information_schema', 'transforms', 'VIEW', None, None, None, None, None, 'NO', 'NO', None)
[2024-09-01T08:31:38.023+0000] {logging_mixin.py:190} INFO - ('***_etl', 'information_schema', 'table_privileges', 'VIEW', None, None, None, None, None, 'NO', 'NO', None)
[2024-09-01T08:31:38.024+0000] {logging_mixin.py:190} INFO - ('***_etl', 'information_schema', 'role_table_grants', 'VIEW', None, None, None, None, None, 'NO', 'NO', None)
[2024-09-01T08:31:38.026+0000] {logging_mixin.py:190} INFO - ('***_etl', 'information_schema', 'udt_privileges', 'VIEW', None, None, None, None, None, 'NO', 'NO', None)
[2024-09-01T08:31:38.027+0000] {logging_mixin.py:190} INFO - ('***_etl', 'information_schema', 'triggered_update_columns', 'VIEW', None, None, None, None, None, 'NO', 'NO', None)
[2024-09-01T08:31:38.028+0000] {logging_mixin.py:190} INFO - ('***_etl', 'information_schema', 'triggers', 'VIEW', None, None, None, None, None, 'NO', 'NO', None)
[2024-09-01T08:31:38.029+0000] {logging_mixin.py:190} INFO - ('***_etl', 'information_schema', 'usage_privileges', 'VIEW', None, None, None, None, None, 'NO', 'NO', None)
[2024-09-01T08:31:38.030+0000] {logging_mixin.py:190} INFO - ('***_etl', 'information_schema', 'role_udt_grants', 'VIEW', None, None, None, None, None, 'NO', 'NO', None)
[2024-09-01T08:31:38.031+0000] {logging_mixin.py:190} INFO - ('***_etl', 'information_schema', 'role_usage_grants', 'VIEW', None, None, None, None, None, 'NO', 'NO', None)
[2024-09-01T08:31:38.032+0000] {logging_mixin.py:190} INFO - ('***_etl', 'information_schema', 'user_defined_types', 'VIEW', None, None, None, None, None, 'NO', 'NO', None)
[2024-09-01T08:31:38.033+0000] {logging_mixin.py:190} INFO - ('***_etl', 'information_schema', 'view_column_usage', 'VIEW', None, None, None, None, None, 'NO', 'NO', None)
[2024-09-01T08:31:38.034+0000] {logging_mixin.py:190} INFO - ('***_etl', 'information_schema', 'view_routine_usage', 'VIEW', None, None, None, None, None, 'NO', 'NO', None)
[2024-09-01T08:31:38.035+0000] {logging_mixin.py:190} INFO - ('***_etl', 'information_schema', 'view_table_usage', 'VIEW', None, None, None, None, None, 'NO', 'NO', None)
[2024-09-01T08:31:38.037+0000] {logging_mixin.py:190} INFO - ('***_etl', 'information_schema', 'foreign_tables', 'VIEW', None, None, None, None, None, 'NO', 'NO', None)
[2024-09-01T08:31:38.038+0000] {logging_mixin.py:190} INFO - ('***_etl', 'information_schema', 'views', 'VIEW', None, None, None, None, None, 'NO', 'NO', None)
[2024-09-01T08:31:38.039+0000] {logging_mixin.py:190} INFO - ('***_etl', 'information_schema', 'data_type_privileges', 'VIEW', None, None, None, None, None, 'NO', 'NO', None)
[2024-09-01T08:31:38.040+0000] {logging_mixin.py:190} INFO - ('***_etl', 'information_schema', '_pg_user_mappings', 'VIEW', None, None, None, None, None, 'NO', 'NO', None)
[2024-09-01T08:31:38.041+0000] {logging_mixin.py:190} INFO - ('***_etl', 'information_schema', 'element_types', 'VIEW', None, None, None, None, None, 'NO', 'NO', None)
[2024-09-01T08:31:38.043+0000] {logging_mixin.py:190} INFO - ('***_etl', 'information_schema', '_pg_foreign_table_columns', 'VIEW', None, None, None, None, None, 'NO', 'NO', None)
[2024-09-01T08:31:38.044+0000] {logging_mixin.py:190} INFO - ('***_etl', 'information_schema', 'column_options', 'VIEW', None, None, None, None, None, 'NO', 'NO', None)
[2024-09-01T08:31:38.045+0000] {logging_mixin.py:190} INFO - ('***_etl', 'information_schema', '_pg_foreign_data_wrappers', 'VIEW', None, None, None, None, None, 'NO', 'NO', None)
[2024-09-01T08:31:38.046+0000] {logging_mixin.py:190} INFO - ('***_etl', 'information_schema', 'foreign_data_wrapper_options', 'VIEW', None, None, None, None, None, 'NO', 'NO', None)
[2024-09-01T08:31:38.047+0000] {logging_mixin.py:190} INFO - ('***_etl', 'information_schema', 'user_mapping_options', 'VIEW', None, None, None, None, None, 'NO', 'NO', None)
[2024-09-01T08:31:38.048+0000] {logging_mixin.py:190} INFO - ('***_etl', 'information_schema', 'foreign_data_wrappers', 'VIEW', None, None, None, None, None, 'NO', 'NO', None)
[2024-09-01T08:31:38.050+0000] {logging_mixin.py:190} INFO - ('***_etl', 'information_schema', '_pg_foreign_servers', 'VIEW', None, None, None, None, None, 'NO', 'NO', None)
[2024-09-01T08:31:38.051+0000] {logging_mixin.py:190} INFO - ('***_etl', 'information_schema', 'foreign_server_options', 'VIEW', None, None, None, None, None, 'NO', 'NO', None)
[2024-09-01T08:31:38.052+0000] {logging_mixin.py:190} INFO - ('***_etl', 'information_schema', 'foreign_servers', 'VIEW', None, None, None, None, None, 'NO', 'NO', None)
[2024-09-01T08:31:38.053+0000] {logging_mixin.py:190} INFO - ('***_etl', 'information_schema', '_pg_foreign_tables', 'VIEW', None, None, None, None, None, 'NO', 'NO', None)
[2024-09-01T08:31:38.054+0000] {logging_mixin.py:190} INFO - ('***_etl', 'information_schema', 'user_mappings', 'VIEW', None, None, None, None, None, 'NO', 'NO', None)
[2024-09-01T08:31:38.055+0000] {logging_mixin.py:190} INFO - ('***_etl', 'information_schema', 'foreign_table_options', 'VIEW', None, None, None, None, None, 'NO', 'NO', None)
[2024-09-01T08:31:38.056+0000] {logging_mixin.py:190} INFO - ('***_etl', 'public', 'sla_miss', 'BASE TABLE', None, None, None, None, None, 'YES', 'NO', None)
[2024-09-01T08:31:38.057+0000] {logging_mixin.py:190} INFO - ('***_etl', 'public', 'variable', 'BASE TABLE', None, None, None, None, None, 'YES', 'NO', None)
[2024-09-01T08:31:38.058+0000] {logging_mixin.py:190} INFO - ('***_etl', 'public', 'import_error', 'BASE TABLE', None, None, None, None, None, 'YES', 'NO', None)
[2024-09-01T08:31:38.059+0000] {logging_mixin.py:190} INFO - ('***_etl', 'public', 'serialized_dag', 'BASE TABLE', None, None, None, None, None, 'YES', 'NO', None)
[2024-09-01T08:31:38.060+0000] {logging_mixin.py:190} INFO - ('***_etl', 'public', 'dataset_alias', 'BASE TABLE', None, None, None, None, None, 'YES', 'NO', None)
[2024-09-01T08:31:38.062+0000] {logging_mixin.py:190} INFO - ('***_etl', 'public', 'dataset_alias_dataset', 'BASE TABLE', None, None, None, None, None, 'YES', 'NO', None)
[2024-09-01T08:31:38.062+0000] {logging_mixin.py:190} INFO - ('***_etl', 'public', 'dataset', 'BASE TABLE', None, None, None, None, None, 'YES', 'NO', None)
[2024-09-01T08:31:38.063+0000] {logging_mixin.py:190} INFO - ('***_etl', 'public', 'dataset_alias_dataset_event', 'BASE TABLE', None, None, None, None, None, 'YES', 'NO', None)
[2024-09-01T08:31:38.065+0000] {logging_mixin.py:190} INFO - ('***_etl', 'public', 'dataset_event', 'BASE TABLE', None, None, None, None, None, 'YES', 'NO', None)
[2024-09-01T08:31:38.066+0000] {logging_mixin.py:190} INFO - ('***_etl', 'public', 'dag_schedule_dataset_alias_reference', 'BASE TABLE', None, None, None, None, None, 'YES', 'NO', None)
[2024-09-01T08:31:38.067+0000] {logging_mixin.py:190} INFO - ('***_etl', 'public', 'dag', 'BASE TABLE', None, None, None, None, None, 'YES', 'NO', None)
[2024-09-01T08:31:38.069+0000] {logging_mixin.py:190} INFO - ('***_etl', 'public', 'dag_schedule_dataset_reference', 'BASE TABLE', None, None, None, None, None, 'YES', 'NO', None)
[2024-09-01T08:31:38.070+0000] {logging_mixin.py:190} INFO - ('***_etl', 'public', 'task_outlet_dataset_reference', 'BASE TABLE', None, None, None, None, None, 'YES', 'NO', None)
[2024-09-01T08:31:38.071+0000] {logging_mixin.py:190} INFO - ('***_etl', 'public', 'dataset_dag_run_queue', 'BASE TABLE', None, None, None, None, None, 'YES', 'NO', None)
[2024-09-01T08:31:38.072+0000] {logging_mixin.py:190} INFO - ('***_etl', 'public', 'log_template', 'BASE TABLE', None, None, None, None, None, 'YES', 'NO', None)
[2024-09-01T08:31:38.073+0000] {logging_mixin.py:190} INFO - ('***_etl', 'public', 'dag_run', 'BASE TABLE', None, None, None, None, None, 'YES', 'NO', None)
[2024-09-01T08:31:38.074+0000] {logging_mixin.py:190} INFO - ('***_etl', 'public', 'dag_tag', 'BASE TABLE', None, None, None, None, None, 'YES', 'NO', None)
[2024-09-01T08:31:38.078+0000] {logging_mixin.py:190} INFO - ('***_etl', 'public', 'dag_owner_attributes', 'BASE TABLE', None, None, None, None, None, 'YES', 'NO', None)
[2024-09-01T08:31:38.080+0000] {logging_mixin.py:190} INFO - ('***_etl', 'public', 'ab_permission', 'BASE TABLE', None, None, None, None, None, 'YES', 'NO', None)
[2024-09-01T08:31:38.081+0000] {logging_mixin.py:190} INFO - ('***_etl', 'public', 'ab_permission_view', 'BASE TABLE', None, None, None, None, None, 'YES', 'NO', None)
[2024-09-01T08:31:38.083+0000] {logging_mixin.py:190} INFO - ('***_etl', 'public', 'ab_view_menu', 'BASE TABLE', None, None, None, None, None, 'YES', 'NO', None)
[2024-09-01T08:31:38.084+0000] {logging_mixin.py:190} INFO - ('***_etl', 'public', 'ab_user_role', 'BASE TABLE', None, None, None, None, None, 'YES', 'NO', None)
[2024-09-01T08:31:38.086+0000] {logging_mixin.py:190} INFO - ('***_etl', 'public', 'ab_role', 'BASE TABLE', None, None, None, None, None, 'YES', 'NO', None)
[2024-09-01T08:31:38.087+0000] {logging_mixin.py:190} INFO - ('***_etl', 'public', 'dag_warning', 'BASE TABLE', None, None, None, None, None, 'YES', 'NO', None)
[2024-09-01T08:31:38.088+0000] {logging_mixin.py:190} INFO - ('***_etl', 'public', 'dagrun_dataset_event', 'BASE TABLE', None, None, None, None, None, 'YES', 'NO', None)
[2024-09-01T08:31:38.089+0000] {logging_mixin.py:190} INFO - ('***_etl', 'public', 'trigger', 'BASE TABLE', None, None, None, None, None, 'YES', 'NO', None)
[2024-09-01T08:31:38.091+0000] {logging_mixin.py:190} INFO - ('***_etl', 'public', 'task_instance', 'BASE TABLE', None, None, None, None, None, 'YES', 'NO', None)
[2024-09-01T08:31:38.092+0000] {logging_mixin.py:190} INFO - ('***_etl', 'public', 'dag_run_note', 'BASE TABLE', None, None, None, None, None, 'YES', 'NO', None)
[2024-09-01T08:31:38.094+0000] {logging_mixin.py:190} INFO - ('***_etl', 'public', 'ab_permission_view_role', 'BASE TABLE', None, None, None, None, None, 'YES', 'NO', None)
[2024-09-01T08:31:38.097+0000] {logging_mixin.py:190} INFO - ('***_etl', 'public', 'rendered_task_instance_fields', 'BASE TABLE', None, None, None, None, None, 'YES', 'NO', None)
[2024-09-01T08:31:38.099+0000] {logging_mixin.py:190} INFO - ('***_etl', 'public', 'task_fail', 'BASE TABLE', None, None, None, None, None, 'YES', 'NO', None)
[2024-09-01T08:31:38.100+0000] {logging_mixin.py:190} INFO - ('***_etl', 'public', 'task_map', 'BASE TABLE', None, None, None, None, None, 'YES', 'NO', None)
[2024-09-01T08:31:38.102+0000] {logging_mixin.py:190} INFO - ('***_etl', 'public', 'alembic_version', 'BASE TABLE', None, None, None, None, None, 'YES', 'NO', None)
[2024-09-01T08:31:38.103+0000] {logging_mixin.py:190} INFO - ('***_etl', 'public', 'task_reschedule', 'BASE TABLE', None, None, None, None, None, 'YES', 'NO', None)
[2024-09-01T08:31:38.105+0000] {logging_mixin.py:190} INFO - ('***_etl', 'public', 'xcom', 'BASE TABLE', None, None, None, None, None, 'YES', 'NO', None)
[2024-09-01T08:31:38.106+0000] {logging_mixin.py:190} INFO - ('***_etl', 'public', 'task_instance_note', 'BASE TABLE', None, None, None, None, None, 'YES', 'NO', None)
[2024-09-01T08:31:38.107+0000] {logging_mixin.py:190} INFO - ('***_etl', 'public', 'task_instance_history', 'BASE TABLE', None, None, None, None, None, 'YES', 'NO', None)
[2024-09-01T08:31:38.108+0000] {logging_mixin.py:190} INFO - ('***_etl', 'public', 'session', 'BASE TABLE', None, None, None, None, None, 'YES', 'NO', None)
[2024-09-01T08:31:38.109+0000] {python.py:240} INFO - Done. Returned value was: None
[2024-09-01T08:31:38.133+0000] {taskinstance.py:340} INFO - ::group::Post task execution logs
[2024-09-01T08:31:38.134+0000] {taskinstance.py:352} INFO - Marking task as SUCCESS. dag_id=nyc_airbnb_etl, task_id=log_results, run_id=manual__2024-09-01T08:31:11+00:00, execution_date=20240901T083111, start_date=20240901T083137, end_date=20240901T083138
[2024-09-01T08:31:38.159+0000] {logging_mixin.py:190} INFO - Task instance in success state
[2024-09-01T08:31:38.161+0000] {logging_mixin.py:190} INFO -  Previous state of the Task instance: running
[2024-09-01T08:31:38.162+0000] {logging_mixin.py:190} INFO - Dag name:nyc_airbnb_etl queued_at:2024-09-01 08:31:12.758952+00:00
[2024-09-01T08:31:38.163+0000] {logging_mixin.py:190} INFO - Task hostname:b74353bc56c3 operator:PythonOperator
[2024-09-01T08:31:38.211+0000] {local_task_job_runner.py:261} INFO - Task exited with return code 0
[2024-09-01T08:31:38.238+0000] {warnings.py:112} WARNING - /home/***/.local/lib/python3.12/site-packages/***/models/baseoperator.py:1378: AirflowProviderDeprecationWarning: Call to deprecated class PostgresOperator. (Please use `***.providers.common.sql.operators.sql.SQLExecuteQueryOperator`.Also, you can provide `hook_params={'schema': <database>}`.)
  result = cls.__new__(cls)

[2024-09-01T08:31:38.274+0000] {taskinstance.py:3891} INFO - 1 downstream tasks scheduled from follow-on schedule check
[2024-09-01T08:31:38.278+0000] {local_task_job_runner.py:240} INFO - ::endgroup::
