[2024-09-01T16:31:29.534+0000] {local_task_job_runner.py:123} INFO - ::group::Pre task execution logs
[2024-09-01T16:31:29.577+0000] {taskinstance.py:2603} INFO - Dependencies all met for dep_context=non-requeueable deps ti=<TaskInstance: nyc_airbnb_etl.log_success_task manual__2024-09-01T16:30:58+00:00 [queued]>
[2024-09-01T16:31:29.603+0000] {taskinstance.py:2603} INFO - Dependencies all met for dep_context=requeueable deps ti=<TaskInstance: nyc_airbnb_etl.log_success_task manual__2024-09-01T16:30:58+00:00 [queued]>
[2024-09-01T16:31:29.629+0000] {taskinstance.py:2856} INFO - Starting attempt 1 of 1
[2024-09-01T16:31:29.658+0000] {taskinstance.py:2879} INFO - Executing <Task(PythonOperator): log_success_task> on 2024-09-01 16:30:58+00:00
[2024-09-01T16:31:29.672+0000] {warnings.py:112} WARNING - /home/***/.local/lib/python3.12/site-packages/***/task/task_runner/standard_task_runner.py:70: DeprecationWarning: This process (pid=1167) is multi-threaded, use of fork() may lead to deadlocks in the child.
  pid = os.fork()

[2024-09-01T16:31:29.675+0000] {standard_task_runner.py:72} INFO - Started process 1169 to run task
[2024-09-01T16:31:29.676+0000] {standard_task_runner.py:104} INFO - Running: ['***', 'tasks', 'run', 'nyc_airbnb_etl', 'log_success_task', 'manual__2024-09-01T16:30:58+00:00', '--job-id', '247', '--raw', '--subdir', 'DAGS_FOLDER/nyc_airbnb_etl.py', '--cfg-path', '/tmp/tmp7bb7sf7o']
[2024-09-01T16:31:29.678+0000] {standard_task_runner.py:105} INFO - Job 247: Subtask log_success_task
[2024-09-01T16:31:29.766+0000] {task_command.py:467} INFO - Running <TaskInstance: nyc_airbnb_etl.log_success_task manual__2024-09-01T16:30:58+00:00 [running]> on host b74353bc56c3
[2024-09-01T16:31:29.920+0000] {taskinstance.py:3122} INFO - Exporting env vars: AIRFLOW_CTX_DAG_OWNER='***' AIRFLOW_CTX_DAG_ID='nyc_airbnb_etl' AIRFLOW_CTX_TASK_ID='log_success_task' AIRFLOW_CTX_EXECUTION_DATE='2024-09-01T16:30:58+00:00' AIRFLOW_CTX_TRY_NUMBER='1' AIRFLOW_CTX_DAG_RUN_ID='manual__2024-09-01T16:30:58+00:00'
[2024-09-01T16:31:29.922+0000] {logging_mixin.py:190} INFO - Task instance is in running state
[2024-09-01T16:31:29.923+0000] {logging_mixin.py:190} INFO -  Previous state of the Task instance: queued
[2024-09-01T16:31:29.924+0000] {logging_mixin.py:190} INFO - Current task name:log_success_task state:running start_date:2024-09-01 16:31:29.579000+00:00
[2024-09-01T16:31:29.925+0000] {logging_mixin.py:190} INFO - Dag name:nyc_airbnb_etl and current dag run status:running
[2024-09-01T16:31:29.926+0000] {taskinstance.py:731} INFO - ::endgroup::
[2024-09-01T16:31:29.928+0000] {logging_mixin.py:190} INFO - yes yes yes
[2024-09-01T16:31:29.929+0000] {python.py:240} INFO - Done. Returned value was: None
[2024-09-01T16:31:29.949+0000] {taskinstance.py:340} INFO - ::group::Post task execution logs
[2024-09-01T16:31:29.950+0000] {taskinstance.py:352} INFO - Marking task as SUCCESS. dag_id=nyc_airbnb_etl, task_id=log_success_task, run_id=manual__2024-09-01T16:30:58+00:00, execution_date=20240901T163058, start_date=20240901T163129, end_date=20240901T163129
[2024-09-01T16:31:29.973+0000] {logging_mixin.py:190} INFO - Task instance in success state
[2024-09-01T16:31:29.974+0000] {logging_mixin.py:190} INFO -  Previous state of the Task instance: running
[2024-09-01T16:31:29.975+0000] {logging_mixin.py:190} INFO - Dag name:nyc_airbnb_etl queued_at:2024-09-01 16:31:00.350292+00:00
[2024-09-01T16:31:29.976+0000] {logging_mixin.py:190} INFO - Task hostname:b74353bc56c3 operator:PythonOperator
[2024-09-01T16:31:30.014+0000] {local_task_job_runner.py:261} INFO - Task exited with return code 0
[2024-09-01T16:31:30.044+0000] {taskinstance.py:3891} INFO - 0 downstream tasks scheduled from follow-on schedule check
[2024-09-01T16:31:30.047+0000] {local_task_job_runner.py:240} INFO - ::endgroup::
