[2024-08-31T18:49:19.428+0000] {local_task_job_runner.py:123} INFO - ::group::Pre task execution logs
[2024-08-31T18:49:19.477+0000] {taskinstance.py:2603} INFO - Dependencies all met for dep_context=non-requeueable deps ti=<TaskInstance: nyc_airbnb_etl.read_raw_data manual__2024-08-31T18:49:14+00:00 [queued]>
[2024-08-31T18:49:19.501+0000] {taskinstance.py:2603} INFO - Dependencies all met for dep_context=requeueable deps ti=<TaskInstance: nyc_airbnb_etl.read_raw_data manual__2024-08-31T18:49:14+00:00 [queued]>
[2024-08-31T18:49:19.503+0000] {taskinstance.py:2856} INFO - Starting attempt 1 of 1
[2024-08-31T18:49:19.537+0000] {taskinstance.py:2879} INFO - Executing <Task(PythonOperator): read_raw_data> on 2024-08-31 18:49:14+00:00
[2024-08-31T18:49:19.562+0000] {warnings.py:112} WARNING - /home/***/.local/lib/python3.12/site-packages/***/task/task_runner/standard_task_runner.py:70: DeprecationWarning: This process (pid=120) is multi-threaded, use of fork() may lead to deadlocks in the child.
  pid = os.fork()

[2024-08-31T18:49:19.566+0000] {standard_task_runner.py:72} INFO - Started process 122 to run task
[2024-08-31T18:49:19.566+0000] {standard_task_runner.py:104} INFO - Running: ['***', 'tasks', 'run', 'nyc_airbnb_etl', 'read_raw_data', 'manual__2024-08-31T18:49:14+00:00', '--job-id', '108', '--raw', '--subdir', 'DAGS_FOLDER/nyc_airbnb_etl.py', '--cfg-path', '/tmp/tmpbg0o6mwn']
[2024-08-31T18:49:19.568+0000] {standard_task_runner.py:105} INFO - Job 108: Subtask read_raw_data
[2024-08-31T18:49:19.691+0000] {task_command.py:467} INFO - Running <TaskInstance: nyc_airbnb_etl.read_raw_data manual__2024-08-31T18:49:14+00:00 [running]> on host 9a3c7deb0512
[2024-08-31T18:49:19.897+0000] {taskinstance.py:3122} INFO - Exporting env vars: AIRFLOW_CTX_DAG_OWNER='***' AIRFLOW_CTX_DAG_ID='nyc_airbnb_etl' AIRFLOW_CTX_TASK_ID='read_raw_data' AIRFLOW_CTX_EXECUTION_DATE='2024-08-31T18:49:14+00:00' AIRFLOW_CTX_TRY_NUMBER='1' AIRFLOW_CTX_DAG_RUN_ID='manual__2024-08-31T18:49:14+00:00'
[2024-08-31T18:49:19.901+0000] {logging_mixin.py:190} INFO - Task instance is in running state
[2024-08-31T18:49:19.903+0000] {logging_mixin.py:190} INFO -  Previous state of the Task instance: queued
[2024-08-31T18:49:19.904+0000] {logging_mixin.py:190} INFO - Current task name:read_raw_data state:running start_date:2024-08-31 18:49:19.479535+00:00
[2024-08-31T18:49:19.905+0000] {logging_mixin.py:190} INFO - Dag name:nyc_airbnb_etl and current dag run status:running
[2024-08-31T18:49:19.906+0000] {taskinstance.py:731} INFO - ::endgroup::
[2024-08-31T18:49:23.091+0000] {python.py:240} INFO - Done. Returned value was: None
[2024-08-31T18:49:23.124+0000] {taskinstance.py:340} INFO - ::group::Post task execution logs
[2024-08-31T18:49:23.131+0000] {taskinstance.py:352} INFO - Marking task as SUCCESS. dag_id=nyc_airbnb_etl, task_id=read_raw_data, run_id=manual__2024-08-31T18:49:14+00:00, execution_date=20240831T184914, start_date=20240831T184919, end_date=20240831T184923
[2024-08-31T18:49:23.179+0000] {logging_mixin.py:190} INFO - Task instance in success state
[2024-08-31T18:49:23.190+0000] {logging_mixin.py:190} INFO -  Previous state of the Task instance: running
[2024-08-31T18:49:23.205+0000] {logging_mixin.py:190} INFO - Dag name:nyc_airbnb_etl queued_at:2024-08-31 18:49:16.478701+00:00
[2024-08-31T18:49:23.220+0000] {logging_mixin.py:190} INFO - Task hostname:9a3c7deb0512 operator:PythonOperator
[2024-08-31T18:49:23.368+0000] {local_task_job_runner.py:261} INFO - Task exited with return code 0
[2024-08-31T18:49:23.423+0000] {warnings.py:112} WARNING - /home/***/.local/lib/python3.12/site-packages/***/models/baseoperator.py:1378: AirflowProviderDeprecationWarning: Call to deprecated class PostgresOperator. (Please use `***.providers.common.sql.operators.sql.SQLExecuteQueryOperator`.Also, you can provide `hook_params={'schema': <database>}`.)
  result = cls.__new__(cls)

[2024-08-31T18:49:23.523+0000] {taskinstance.py:3891} INFO - 1 downstream tasks scheduled from follow-on schedule check
[2024-08-31T18:49:23.535+0000] {local_task_job_runner.py:240} INFO - ::endgroup::
